21/07/2009 0:13:52 Se conecto con ip:190.174.149.98
21/07/2009 0:13:58 Transporto a AcTion hacia Mapa1 X:56 Y:44
21/07/2009 0:13:58 Transporto a AcTion hacia Mapa1 X:56 Y:43
21/07/2009 0:13:58 Transporto a AcTion hacia Mapa1 X:54 Y:41
21/07/2009 0:13:58 Transporto a AcTion hacia Mapa1 X:54 Y:40
21/07/2009 0:13:58 Transporto a AcTion hacia Mapa1 X:52 Y:38
21/07/2009 0:13:58 Transporto a AcTion hacia Mapa1 X:51 Y:37
21/07/2009 0:13:59 Transporto a AcTion hacia Mapa1 X:49 Y:35
21/07/2009 0:13:59 Transporto a AcTion hacia Mapa1 X:46 Y:32
21/07/2009 0:13:59 Transporto a AcTion hacia Mapa1 X:46 Y:32
21/07/2009 0:13:59 Transporto a AcTion hacia Mapa1 X:43 Y:29
21/07/2009 0:14:00 Transporto a AcTion hacia Mapa1 X:40 Y:26
21/07/2009 0:14:00 Transporto a AcTion hacia Mapa1 X:39 Y:27
21/07/2009 0:14:00 Transporto a AcTion hacia Mapa1 X:35 Y:26
21/07/2009 0:14:00 Transporto a AcTion hacia Mapa1 X:35 Y:26
21/07/2009 0:14:00 Transporto a AcTion hacia Mapa1 X:31 Y:25
21/07/2009 0:14:01 Transporto a AcTion hacia Mapa1 X:27 Y:24
21/07/2009 0:14:01 Transporto a AcTion hacia Mapa1 X:29 Y:24
21/07/2009 0:14:01 Transporto a AcTion hacia Mapa1 X:27 Y:21
21/07/2009 0:14:01 Transporto a AcTion hacia Mapa1 X:31 Y:20
21/07/2009 0:14:02 Transporto a AcTion hacia Mapa1 X:30 Y:17
21/07/2009 0:14:02 Transporto a AcTion hacia Mapa1 X:32 Y:16
21/07/2009 0:14:02 Transporto a AcTion hacia Mapa1 X:31 Y:14
21/07/2009 0:14:02 Transporto a AcTion hacia Mapa1 X:33 Y:14
21/07/2009 0:14:09 /INVISIBLE
21/07/2009 0:14:15 Transporto a AcTion hacia Mapa1 X:31 Y:16
21/07/2009 0:14:15 Transporto a AcTion hacia Mapa1 X:31 Y:15
21/07/2009 0:14:15 Transporto a AcTion hacia Mapa1 X:32 Y:19
21/07/2009 0:14:15 Transporto a AcTion hacia Mapa1 X:33 Y:23
21/07/2009 0:14:16 Transporto a AcTion hacia Mapa1 X:34 Y:27
21/07/2009 0:14:16 Transporto a AcTion hacia Mapa1 X:35 Y:31
21/07/2009 0:14:17 Transporto a AcTion hacia Mapa1 X:36 Y:35
21/07/2009 0:14:17 Transporto a AcTion hacia Mapa1 X:37 Y:35
21/07/2009 0:14:17 Transporto a AcTion hacia Mapa1 X:38 Y:39
21/07/2009 0:14:17 Transporto a AcTion hacia Mapa1 X:40 Y:38
21/07/2009 0:14:17 Transporto a AcTion hacia Mapa1 X:41 Y:42
21/07/2009 0:14:18 Transporto a AcTion hacia Mapa1 X:44 Y:45
21/07/2009 0:14:18 Transporto a AcTion hacia Mapa1 X:48 Y:48
21/07/2009 0:14:18 Transporto a AcTion hacia Mapa1 X:48 Y:48
21/07/2009 0:14:19 Transporto a AcTion hacia Mapa1 X:52 Y:51
21/07/2009 0:14:19 Transporto a AcTion hacia Mapa1 X:56 Y:54
21/07/2009 0:14:20 Transporto a AcTion hacia Mapa1 X:59 Y:53
21/07/2009 0:14:20 Transporto a AcTion hacia Mapa1 X:58 Y:51
21/07/2009 0:14:21 Transporto a AcTion hacia Mapa1 X:57 Y:49
21/07/2009 0:14:22 Transporto a AcTion hacia Mapa1 X:58 Y:46
21/07/2009 0:14:23 Transporto a AcTion hacia Mapa1 X:59 Y:45
21/07/2009 0:14:29 /IRA chitom Mapa:34 X:18 Y:56
21/07/2009 0:14:52 Transporto a AcTion hacia Mapa34 X:12 Y:61
21/07/2009 0:14:52 Transporto a AcTion hacia Mapa34 X:12 Y:61
21/07/2009 0:14:52 Transporto a AcTion hacia Mapa34 X:12 Y:65
21/07/2009 0:14:52 Transporto a AcTion hacia Mapa34 X:12 Y:69
21/07/2009 0:14:52 Transporto a AcTion hacia Mapa34 X:12 Y:69
21/07/2009 0:14:52 Transporto a AcTion hacia Mapa34 X:12 Y:73
21/07/2009 0:14:53 Transporto a AcTion hacia Mapa34 X:12 Y:73
21/07/2009 0:14:53 Transporto a AcTion hacia Mapa34 X:16 Y:74
21/07/2009 0:14:53 Transporto a AcTion hacia Mapa34 X:17 Y:71
21/07/2009 0:14:53 Transporto a AcTion hacia Mapa34 X:21 Y:72
21/07/2009 0:14:54 Transporto a AcTion hacia Mapa34 X:26 Y:70
21/07/2009 0:15:19 /INVISIBLE
21/07/2009 0:18:53 /inv chitom
21/07/2009 0:19:44 Transporto a AcTion hacia Mapa34 X:25 Y:61
21/07/2009 0:19:44 Transporto a AcTion hacia Mapa34 X:26 Y:61
21/07/2009 0:19:44 Transporto a AcTion hacia Mapa34 X:30 Y:57
21/07/2009 0:19:44 Transporto a AcTion hacia Mapa34 X:30 Y:57
21/07/2009 0:19:44 Transporto a AcTion hacia Mapa34 X:34 Y:53
21/07/2009 0:19:45 Transporto a AcTion hacia Mapa34 X:38 Y:49
21/07/2009 0:19:45 Transporto a AcTion hacia Mapa34 X:39 Y:49
21/07/2009 0:19:45 Transporto a AcTion hacia Mapa34 X:43 Y:46
21/07/2009 0:19:45 Transporto a AcTion hacia Mapa34 X:44 Y:46
21/07/2009 0:19:46 Transporto a AcTion hacia Mapa34 X:48 Y:43
21/07/2009 0:19:46 Transporto a AcTion hacia Mapa34 X:48 Y:43
21/07/2009 0:19:46 Transporto a AcTion hacia Mapa34 X:52 Y:40
21/07/2009 0:19:47 Transporto a AcTion hacia Mapa34 X:58 Y:38
21/07/2009 0:19:47 Transporto a AcTion hacia Mapa34 X:58 Y:38
21/07/2009 0:19:47 Transporto a AcTion hacia Mapa34 X:64 Y:36
21/07/2009 0:19:47 Transporto a AcTion hacia Mapa34 X:64 Y:37
21/07/2009 0:19:48 Transporto a AcTion hacia Mapa34 X:70 Y:36
21/07/2009 0:19:48 Transporto a AcTion hacia Mapa34 X:76 Y:35
21/07/2009 0:19:48 Transporto a AcTion hacia Mapa34 X:82 Y:34
21/07/2009 0:19:49 Transporto a AcTion hacia Mapa34 X:88 Y:33
21/07/2009 0:19:49 Transporto a AcTion hacia Mapa34 X:88 Y:33
21/07/2009 0:19:52 Transporto a AcTion hacia Mapa32 X:17 Y:32
21/07/2009 0:19:53 Transporto a AcTion hacia Mapa32 X:22 Y:31
21/07/2009 0:19:53 Transporto a AcTion hacia Mapa32 X:27 Y:30
21/07/2009 0:19:53 Transporto a AcTion hacia Mapa32 X:32 Y:29
21/07/2009 0:19:54 Transporto a AcTion hacia Mapa32 X:37 Y:28
21/07/2009 0:19:54 Transporto a AcTion hacia Mapa32 X:42 Y:27
21/07/2009 0:19:55 Transporto a AcTion hacia Mapa32 X:46 Y:25
21/07/2009 0:19:55 Transporto a AcTion hacia Mapa32 X:46 Y:25
21/07/2009 0:19:55 Transporto a AcTion hacia Mapa32 X:49 Y:22
21/07/2009 0:19:55 Transporto a AcTion hacia Mapa32 X:49 Y:22
21/07/2009 0:19:56 Transporto a AcTion hacia Mapa32 X:49 Y:23
21/07/2009 0:20:01 /INVISIBLE
21/07/2009 0:20:13 /SUM MatII Map:32 X:49 Y:24
21/07/2009 0:20:19 Transporto a AcTion hacia Mapa32 X:45 Y:22
21/07/2009 0:20:19 Transporto a AcTion hacia Mapa32 X:41 Y:20
21/07/2009 0:20:20 Transporto a AcTion hacia Mapa32 X:42 Y:21
21/07/2009 0:20:20 Transporto a AcTion hacia Mapa32 X:42 Y:21
21/07/2009 0:20:20 Transporto a AcTion hacia Mapa32 X:43 Y:22
21/07/2009 0:20:20 Transporto a AcTion hacia Mapa32 X:43 Y:22
21/07/2009 0:20:21 Transporto a AcTion hacia Mapa32 X:41 Y:24
21/07/2009 0:20:21 Transporto a AcTion hacia Mapa32 X:41 Y:24
21/07/2009 0:20:21 Transporto a AcTion hacia Mapa32 X:38 Y:25
21/07/2009 0:20:21 Transporto a AcTion hacia Mapa32 X:37 Y:24
21/07/2009 0:20:21 Transporto a AcTion hacia Mapa32 X:33 Y:24
21/07/2009 0:20:22 Transporto a AcTion hacia Mapa32 X:29 Y:24
21/07/2009 0:20:22 Transporto a AcTion hacia Mapa32 X:25 Y:24
21/07/2009 0:20:23 Transporto a AcTion hacia Mapa32 X:21 Y:24
21/07/2009 0:20:23 Transporto a AcTion hacia Mapa32 X:17 Y:24
21/07/2009 0:20:23 Transporto a AcTion hacia Mapa32 X:13 Y:24
21/07/2009 0:20:24 Transporto a AcTion hacia Mapa32 X:9 Y:24
21/07/2009 0:20:24 Transporto a AcTion hacia Mapa34 X:87 Y:24
21/07/2009 0:20:24 Transporto a AcTion hacia Mapa34 X:87 Y:24
21/07/2009 0:20:30 /INVISIBLE
21/07/2009 0:20:39 Transporto a AcTion hacia Mapa34 X:76 Y:21
21/07/2009 0:20:44 Transporto a AcTion hacia Mapa34 X:73 Y:17
21/07/2009 0:20:46 /INVISIBLE
21/07/2009 0:20:51 Transporto a AcTion hacia Mapa34 X:73 Y:17
21/07/2009 0:20:57 Transporto a AcTion hacia Mapa34 X:75 Y:19
21/07/2009 0:21:08 /SUM chitom Map:34 X:75 Y:19
21/07/2009 0:21:19 Transporto a AcTion hacia Mapa34 X:70 Y:16
21/07/2009 0:21:19 Transporto a AcTion hacia Mapa34 X:65 Y:13
21/07/2009 0:21:19 Transporto a AcTion hacia Mapa34 X:60 Y:11
21/07/2009 0:21:20 Transporto a AcTion hacia Mapa34 X:61 Y:15
21/07/2009 0:21:20 Transporto a AcTion hacia Mapa34 X:56 Y:13
21/07/2009 0:21:20 Transporto a AcTion hacia Mapa34 X:56 Y:17
21/07/2009 0:21:20 Transporto a AcTion hacia Mapa34 X:51 Y:19
21/07/2009 0:21:20 Transporto a AcTion hacia Mapa34 X:46 Y:21
21/07/2009 0:21:21 Transporto a AcTion hacia Mapa34 X:41 Y:23
21/07/2009 0:21:21 Transporto a AcTion hacia Mapa34 X:36 Y:25
21/07/2009 0:21:22 Transporto a AcTion hacia Mapa34 X:31 Y:27
21/07/2009 0:21:22 Transporto a AcTion hacia Mapa34 X:26 Y:29
21/07/2009 0:21:23 Transporto a AcTion hacia Mapa34 X:21 Y:31
21/07/2009 0:21:23 Transporto a AcTion hacia Mapa34 X:16 Y:32
21/07/2009 0:21:23 Transporto a AcTion hacia Mapa34 X:16 Y:32
21/07/2009 0:21:23 Transporto a AcTion hacia Mapa34 X:11 Y:33
21/07/2009 0:21:24 Transporto a AcTion hacia Mapa34 X:9 Y:32
21/07/2009 0:21:24 Transporto a AcTion hacia Mapa34 X:9 Y:31
21/07/2009 0:21:33 Transporto a AcTion hacia Mapa78 X:91 Y:29
21/07/2009 0:21:33 Transporto a AcTion hacia Mapa78 X:90 Y:28
21/07/2009 0:21:33 Transporto a AcTion hacia Mapa78 X:89 Y:26
21/07/2009 0:21:40 /IRA MatII Mapa:34 X:74 Y:19
21/07/2009 0:21:49 Transporto a AcTion hacia Mapa34 X:72 Y:17
21/07/2009 0:21:49 Transporto a AcTion hacia Mapa34 X:71 Y:17
21/07/2009 0:21:49 Transporto a AcTion hacia Mapa34 X:69 Y:13
21/07/2009 0:21:50 Transporto a AcTion hacia Mapa34 X:68 Y:13
21/07/2009 0:21:50 Transporto a AcTion hacia Mapa34 X:67 Y:9
21/07/2009 0:21:50 Transporto a AcTion hacia Mapa34 X:65 Y:8
21/07/2009 0:21:52 Transporto a AcTion hacia Mapa35 X:59 Y:87
21/07/2009 0:21:53 Transporto a AcTion hacia Mapa35 X:59 Y:87
21/07/2009 0:21:53 Transporto a AcTion hacia Mapa35 X:53 Y:83
21/07/2009 0:21:53 Transporto a AcTion hacia Mapa35 X:54 Y:83
21/07/2009 0:21:53 Transporto a AcTion hacia Mapa35 X:48 Y:80
21/07/2009 0:21:59 /SUM chitom Map:35 X:49 Y:81
21/07/2009 0:22:06 Transporto a AcTion hacia Mapa35 X:48 Y:79
21/07/2009 0:22:07 Transporto a AcTion hacia Mapa35 X:48 Y:75
21/07/2009 0:22:07 Transporto a AcTion hacia Mapa35 X:49 Y:75
21/07/2009 0:22:07 Transporto a AcTion hacia Mapa35 X:50 Y:71
21/07/2009 0:22:08 Transporto a AcTion hacia Mapa35 X:51 Y:67
21/07/2009 0:22:09 Transporto a AcTion hacia Mapa35 X:51 Y:62
21/07/2009 0:22:09 Transporto a AcTion hacia Mapa35 X:51 Y:62
21/07/2009 0:22:09 Transporto a AcTion hacia Mapa35 X:50 Y:57
21/07/2009 0:22:10 Transporto a AcTion hacia Mapa35 X:47 Y:54
21/07/2009 0:22:10 Transporto a AcTion hacia Mapa35 X:47 Y:54
21/07/2009 0:22:10 Transporto a AcTion hacia Mapa35 X:44 Y:51
21/07/2009 0:22:10 Transporto a AcTion hacia Mapa35 X:44 Y:51
21/07/2009 0:22:13 /SUM chitom Map:35 X:44 Y:51
21/07/2009 0:22:17 /SUM chitom Map:35 X:44 Y:51
21/07/2009 0:22:20 /SUM chitom Map:35 X:44 Y:51
21/07/2009 0:22:23 /SUM chitom Map:35 X:44 Y:51
21/07/2009 0:22:27 /SUM chitom Map:35 X:44 Y:51
21/07/2009 0:22:29 Transporto a AcTion hacia Mapa35 X:41 Y:48
21/07/2009 0:22:29 Transporto a AcTion hacia Mapa35 X:41 Y:48
21/07/2009 0:22:29 Transporto a AcTion hacia Mapa35 X:38 Y:46
21/07/2009 0:22:30 Transporto a AcTion hacia Mapa35 X:39 Y:48
21/07/2009 0:22:30 Transporto a AcTion hacia Mapa35 X:37 Y:47
21/07/2009 0:22:30 Transporto a AcTion hacia Mapa35 X:39 Y:50
21/07/2009 0:22:30 Transporto a AcTion hacia Mapa35 X:37 Y:49
21/07/2009 0:22:31 Transporto a AcTion hacia Mapa35 X:37 Y:51
21/07/2009 0:22:31 Transporto a AcTion hacia Mapa35 X:36 Y:51
21/07/2009 0:22:31 Transporto a AcTion hacia Mapa35 X:36 Y:54
21/07/2009 0:22:31 Transporto a AcTion hacia Mapa35 X:36 Y:54
21/07/2009 0:22:31 Transporto a AcTion hacia Mapa35 X:36 Y:57
21/07/2009 0:22:32 Transporto a AcTion hacia Mapa35 X:35 Y:57
21/07/2009 0:22:32 Transporto a AcTion hacia Mapa35 X:35 Y:60
21/07/2009 0:22:32 Transporto a AcTion hacia Mapa35 X:34 Y:63
21/07/2009 0:22:33 Transporto a AcTion hacia Mapa35 X:33 Y:66
21/07/2009 0:22:33 Transporto a AcTion hacia Mapa35 X:32 Y:69
21/07/2009 0:22:33 Transporto a AcTion hacia Mapa35 X:31 Y:72
21/07/2009 0:22:34 Transporto a AcTion hacia Mapa35 X:31 Y:72
21/07/2009 0:22:34 Transporto a AcTion hacia Mapa35 X:32 Y:75
21/07/2009 0:22:34 Transporto a AcTion hacia Mapa35 X:32 Y:75
21/07/2009 0:22:35 Transporto a AcTion hacia Mapa35 X:29 Y:77
21/07/2009 0:22:35 Transporto a AcTion hacia Mapa35 X:28 Y:77
21/07/2009 0:22:36 Transporto a AcTion hacia Mapa35 X:26 Y:78
21/07/2009 0:22:37 Transporto a AcTion hacia Mapa35 X:22 Y:77
21/07/2009 0:22:38 Transporto a AcTion hacia Mapa35 X:20 Y:75
21/07/2009 0:22:40 Transporto a AcTion hacia Mapa35 X:19 Y:70
21/07/2009 0:22:40 Transporto a AcTion hacia Mapa35 X:19 Y:70
21/07/2009 0:22:40 Transporto a AcTion hacia Mapa35 X:18 Y:65
21/07/2009 0:22:40 Transporto a AcTion hacia Mapa35 X:18 Y:65
21/07/2009 0:22:41 Transporto a AcTion hacia Mapa35 X:17 Y:60
21/07/2009 0:22:41 Transporto a AcTion hacia Mapa35 X:18 Y:60
21/07/2009 0:22:41 Transporto a AcTion hacia Mapa35 X:17 Y:55
21/07/2009 0:22:41 Transporto a AcTion hacia Mapa35 X:17 Y:50
21/07/2009 0:22:42 Transporto a AcTion hacia Mapa35 X:17 Y:50
21/07/2009 0:22:42 Transporto a AcTion hacia Mapa35 X:18 Y:45
21/07/2009 0:22:42 Transporto a AcTion hacia Mapa35 X:21 Y:46
21/07/2009 0:22:42 Transporto a AcTion hacia Mapa35 X:22 Y:41
21/07/2009 0:22:42 Transporto a AcTion hacia Mapa35 X:25 Y:42
21/07/2009 0:22:42 Transporto a AcTion hacia Mapa35 X:26 Y:37
21/07/2009 0:22:43 Transporto a AcTion hacia Mapa35 X:28 Y:38
21/07/2009 0:22:43 Transporto a AcTion hacia Mapa35 X:29 Y:33
21/07/2009 0:22:48 /SUM esfri Map:35 X:29 Y:34
21/07/2009 0:23:01 /SUM esfri Map:35 X:29 Y:34
21/07/2009 0:23:04 /SUM esfri Map:35 X:29 Y:34
21/07/2009 0:23:15 /SUM esfri Map:35 X:29 Y:34
21/07/2009 0:23:18 /SUM esfri Map:35 X:29 Y:34
21/07/2009 0:23:30 /SUM esfri Map:35 X:34 Y:21
21/07/2009 0:23:35 Transporto a AcTion hacia Mapa35 X:30 Y:20
21/07/2009 0:23:43 /SUM esfri Map:35 X:30 Y:20
21/07/2009 0:23:48 Transporto a AcTion hacia Mapa35 X:25 Y:20
21/07/2009 0:23:48 Transporto a AcTion hacia Mapa35 X:25 Y:20
21/07/2009 0:23:48 Transporto a AcTion hacia Mapa35 X:20 Y:20
21/07/2009 0:23:53 Transporto a AcTion hacia Mapa35 X:16 Y:23
21/07/2009 0:23:53 Transporto a AcTion hacia Mapa35 X:16 Y:23
21/07/2009 0:23:54 Transporto a AcTion hacia Mapa35 X:12 Y:23
21/07/2009 0:23:54 Transporto a AcTion hacia Mapa35 X:12 Y:23
21/07/2009 0:23:54 Transporto a AcTion hacia Mapa35 X:11 Y:24
21/07/2009 0:23:54 Transporto a AcTion hacia Mapa35 X:13 Y:25
21/07/2009 0:23:54 Transporto a AcTion hacia Mapa35 X:12 Y:26
21/07/2009 0:23:54 Transporto a AcTion hacia Mapa35 X:15 Y:27
21/07/2009 0:23:55 Transporto a AcTion hacia Mapa35 X:14 Y:28
21/07/2009 0:23:55 Transporto a AcTion hacia Mapa35 X:17 Y:29
21/07/2009 0:23:55 Transporto a AcTion hacia Mapa35 X:16 Y:30
21/07/2009 0:23:55 Transporto a AcTion hacia Mapa35 X:17 Y:31
21/07/2009 0:23:56 Transporto a AcTion hacia Mapa35 X:16 Y:30
21/07/2009 0:23:56 Transporto a AcTion hacia Mapa35 X:17 Y:27
21/07/2009 0:23:56 Transporto a AcTion hacia Mapa35 X:16 Y:27
21/07/2009 0:24:42 Transporto a AcTion hacia Mapa36 X:41 Y:64
21/07/2009 0:26:56 /MOD Action 1000000
21/07/2009 0:27:13 /mod action level 50
21/07/2009 0:28:32 Mensaje de sistema:Tenemos qe avisar qe en el servidor ai un violador de culos serial
21/07/2009 0:30:30 /INVISIBLE
21/07/2009 0:33:16 /IRA MatII Mapa:36 X:39 Y:69
21/07/2009 0:33:19 Transporto a AcTion hacia Mapa36 X:40 Y:68
21/07/2009 0:37:20 Se conecto con ip:190.174.149.98
21/07/2009 0:39:29 /IRA MatII Mapa:66 X:75 Y:65
21/07/2009 0:42:19 Se conecto con ip:190.174.149.98
21/07/2009 0:42:29 Transporto a AcTion hacia Mapa66 X:83 Y:65
21/07/2009 0:42:29 Transporto a AcTion hacia Mapa66 X:82 Y:65
21/07/2009 0:42:29 Transporto a AcTion hacia Mapa66 X:88 Y:64
21/07/2009 0:42:31 Transporto a AcTion hacia Mapa66 X:90 Y:63
21/07/2009 0:42:31 Transporto a AcTion hacia Mapa66 X:92 Y:63
21/07/2009 0:42:47 Transporto a AcTion hacia Mapa66 X:80 Y:93
21/07/2009 0:42:48 Transporto a AcTion hacia Mapa66 X:80 Y:93
21/07/2009 0:42:48 Transporto a AcTion hacia Mapa66 X:76 Y:92
21/07/2009 0:42:48 Transporto a AcTion hacia Mapa66 X:76 Y:92
21/07/2009 0:42:49 Transporto a AcTion hacia Mapa66 X:74 Y:90
21/07/2009 0:42:49 Transporto a AcTion hacia Mapa66 X:75 Y:89
21/07/2009 0:42:49 Transporto a AcTion hacia Mapa66 X:74 Y:86
21/07/2009 0:42:49 Transporto a AcTion hacia Mapa66 X:75 Y:85
21/07/2009 0:42:49 Transporto a AcTion hacia Mapa66 X:74 Y:82
21/07/2009 0:42:50 Transporto a AcTion hacia Mapa66 X:75 Y:81
21/07/2009 0:42:50 Transporto a AcTion hacia Mapa66 X:74 Y:78
21/07/2009 0:42:50 Transporto a AcTion hacia Mapa66 X:75 Y:77
21/07/2009 0:42:50 Transporto a AcTion hacia Mapa66 X:74 Y:74
21/07/2009 0:42:50 Transporto a AcTion hacia Mapa66 X:74 Y:70
21/07/2009 0:42:51 Transporto a AcTion hacia Mapa66 X:74 Y:70
21/07/2009 0:42:51 Transporto a AcTion hacia Mapa66 X:74 Y:66
21/07/2009 0:42:57 /IRA MatII Mapa:66 X:65 Y:66
21/07/2009 0:43:24 Transporto a AcTion hacia Mapa66 X:66 Y:61
21/07/2009 0:43:24 Transporto a AcTion hacia Mapa66 X:66 Y:61
21/07/2009 0:43:24 Transporto a AcTion hacia Mapa66 X:67 Y:57
21/07/2009 0:43:25 Transporto a AcTion hacia Mapa66 X:68 Y:53
21/07/2009 0:43:25 Transporto a AcTion hacia Mapa66 X:69 Y:49
21/07/2009 0:43:25 Transporto a AcTion hacia Mapa66 X:70 Y:45
21/07/2009 0:43:25 Transporto a AcTion hacia Mapa66 X:70 Y:46
21/07/2009 0:43:27 Transporto a AcTion hacia Mapa66 X:74 Y:42
21/07/2009 0:43:27 Transporto a AcTion hacia Mapa66 X:74 Y:42
21/07/2009 0:43:28 Transporto a AcTion hacia Mapa66 X:77 Y:41
21/07/2009 0:43:28 Transporto a AcTion hacia Mapa66 X:77 Y:42
21/07/2009 0:43:28 Transporto a AcTion hacia Mapa66 X:79 Y:42
21/07/2009 0:43:28 Transporto a AcTion hacia Mapa66 X:79 Y:43
21/07/2009 0:43:28 Transporto a AcTion hacia Mapa66 X:81 Y:44
21/07/2009 0:43:29 Transporto a AcTion hacia Mapa66 X:82 Y:46
21/07/2009 0:43:29 Transporto a AcTion hacia Mapa66 X:83 Y:46
21/07/2009 0:43:29 Transporto a AcTion hacia Mapa66 X:85 Y:48
21/07/2009 0:43:29 Transporto a AcTion hacia Mapa66 X:86 Y:48
21/07/2009 0:43:29 Transporto a AcTion hacia Mapa66 X:89 Y:49
21/07/2009 0:43:30 Transporto a AcTion hacia Mapa66 X:90 Y:49
21/07/2009 0:43:32 Transporto a AcTion hacia Mapa66 X:87 Y:49
21/07/2009 0:43:32 Transporto a AcTion hacia Mapa66 X:85 Y:50
21/07/2009 0:43:33 Transporto a AcTion hacia Mapa66 X:85 Y:50
21/07/2009 0:43:33 Transporto a AcTion hacia Mapa66 X:83 Y:51
21/07/2009 0:43:33 Transporto a AcTion hacia Mapa66 X:80 Y:50
21/07/2009 0:43:34 Transporto a AcTion hacia Mapa66 X:78 Y:48
21/07/2009 0:43:34 Transporto a AcTion hacia Mapa66 X:75 Y:47
21/07/2009 0:43:34 Transporto a AcTion hacia Mapa66 X:70 Y:44
21/07/2009 0:43:34 Transporto a AcTion hacia Mapa66 X:66 Y:42
21/07/2009 0:43:35 Transporto a AcTion hacia Mapa66 X:67 Y:44
21/07/2009 0:43:35 Transporto a AcTion hacia Mapa66 X:63 Y:42
21/07/2009 0:43:35 Transporto a AcTion hacia Mapa66 X:64 Y:44
21/07/2009 0:43:35 Transporto a AcTion hacia Mapa66 X:61 Y:43
21/07/2009 0:43:36 Transporto a AcTion hacia Mapa66 X:61 Y:45
21/07/2009 0:43:36 Transporto a AcTion hacia Mapa66 X:58 Y:44
21/07/2009 0:43:36 Transporto a AcTion hacia Mapa66 X:58 Y:46
21/07/2009 0:43:36 Transporto a AcTion hacia Mapa66 X:55 Y:45
21/07/2009 0:43:36 Transporto a AcTion hacia Mapa66 X:57 Y:48
21/07/2009 0:43:37 Transporto a AcTion hacia Mapa66 X:57 Y:47
21/07/2009 0:43:37 Transporto a AcTion hacia Mapa66 X:59 Y:50
21/07/2009 0:43:37 Transporto a AcTion hacia Mapa66 X:60 Y:49
21/07/2009 0:43:37 Transporto a AcTion hacia Mapa66 X:62 Y:52
21/07/2009 0:43:38 Transporto a AcTion hacia Mapa66 X:65 Y:54
21/07/2009 0:43:38 Transporto a AcTion hacia Mapa66 X:65 Y:54
21/07/2009 0:43:38 Transporto a AcTion hacia Mapa66 X:68 Y:56
21/07/2009 0:43:38 Transporto a AcTion hacia Mapa66 X:68 Y:56
21/07/2009 0:43:38 Transporto a AcTion hacia Mapa66 X:71 Y:58
21/07/2009 0:43:39 Transporto a AcTion hacia Mapa66 X:71 Y:59
21/07/2009 0:43:39 Transporto a AcTion hacia Mapa66 X:73 Y:61
21/07/2009 0:43:39 Transporto a AcTion hacia Mapa66 X:73 Y:62
21/07/2009 0:43:39 Transporto a AcTion hacia Mapa66 X:75 Y:64
21/07/2009 0:43:39 Transporto a AcTion hacia Mapa66 X:74 Y:65
21/07/2009 0:43:40 Transporto a AcTion hacia Mapa66 X:77 Y:66
21/07/2009 0:43:40 Transporto a AcTion hacia Mapa66 X:76 Y:67
21/07/2009 0:43:40 Transporto a AcTion hacia Mapa66 X:75 Y:69
21/07/2009 0:43:40 Transporto a AcTion hacia Mapa66 X:76 Y:69
21/07/2009 0:43:59 Transporto a AcTion hacia Mapa58 X:21 Y:18
21/07/2009 0:44:00 Transporto a AcTion hacia Mapa58 X:21 Y:18
21/07/2009 0:44:00 Transporto a AcTion hacia Mapa58 X:26 Y:17
21/07/2009 0:44:01 Transporto a AcTion hacia Mapa58 X:31 Y:16
21/07/2009 0:44:01 Transporto a AcTion hacia Mapa58 X:36 Y:15
21/07/2009 0:44:01 Transporto a AcTion hacia Mapa58 X:36 Y:15
21/07/2009 0:44:02 Transporto a AcTion hacia Mapa58 X:42 Y:14
21/07/2009 0:44:02 Transporto a AcTion hacia Mapa58 X:42 Y:14
21/07/2009 0:44:02 Transporto a AcTion hacia Mapa58 X:47 Y:13
21/07/2009 0:44:02 Transporto a AcTion hacia Mapa58 X:46 Y:11
21/07/2009 0:44:02 Transporto a AcTion hacia Mapa58 X:47 Y:7
21/07/2009 0:44:03 Transporto a AcTion hacia Mapa58 X:47 Y:7
21/07/2009 0:44:05 Transporto a AcTion hacia Mapa58 X:43 Y:9
21/07/2009 0:44:08 Transporto a AcTion hacia Mapa59 X:44 Y:89
21/07/2009 0:44:08 Transporto a AcTion hacia Mapa59 X:44 Y:89
21/07/2009 0:44:08 Transporto a AcTion hacia Mapa59 X:47 Y:87
21/07/2009 0:44:08 Transporto a AcTion hacia Mapa59 X:47 Y:87
21/07/2009 0:44:09 Transporto a AcTion hacia Mapa59 X:51 Y:85
21/07/2009 0:44:09 Transporto a AcTion hacia Mapa59 X:51 Y:85
21/07/2009 0:44:09 Transporto a AcTion hacia Mapa59 X:55 Y:83
21/07/2009 0:44:09 Transporto a AcTion hacia Mapa59 X:56 Y:83
21/07/2009 0:44:10 Transporto a AcTion hacia Mapa59 X:61 Y:81
21/07/2009 0:44:10 Transporto a AcTion hacia Mapa59 X:59 Y:80
21/07/2009 0:44:10 Transporto a AcTion hacia Mapa59 X:64 Y:78
21/07/2009 0:44:10 Transporto a AcTion hacia Mapa59 X:67 Y:75
21/07/2009 0:44:10 Transporto a AcTion hacia Mapa59 X:68 Y:76
21/07/2009 0:44:11 Transporto a AcTion hacia Mapa59 X:71 Y:73
21/07/2009 0:44:11 Transporto a AcTion hacia Mapa59 X:75 Y:71
21/07/2009 0:44:11 Transporto a AcTion hacia Mapa59 X:76 Y:71
21/07/2009 0:44:11 Transporto a AcTion hacia Mapa59 X:80 Y:69
21/07/2009 0:44:12 Transporto a AcTion hacia Mapa59 X:85 Y:67
21/07/2009 0:44:12 Transporto a AcTion hacia Mapa59 X:90 Y:66
21/07/2009 0:44:13 Transporto a AcTion hacia Mapa59 X:90 Y:66
21/07/2009 0:44:13 Transporto a AcTion hacia Mapa59 X:86 Y:64
21/07/2009 0:44:13 Transporto a AcTion hacia Mapa59 X:86 Y:64
21/07/2009 0:44:14 Transporto a AcTion hacia Mapa59 X:82 Y:62
21/07/2009 0:44:15 Transporto a AcTion hacia Mapa59 X:86 Y:60
21/07/2009 0:44:15 Transporto a AcTion hacia Mapa59 X:87 Y:60
21/07/2009 0:44:20 /SUM MatII Map:59 X:87 Y:62
21/07/2009 0:44:52 /IRA MatII Mapa:59 X:76 Y:77
21/07/2009 0:46:29 Transporto a AcTion hacia Mapa59 X:65 Y:78
21/07/2009 0:46:29 Transporto a AcTion hacia Mapa59 X:66 Y:80
21/07/2009 0:46:29 Transporto a AcTion hacia Mapa59 X:61 Y:78
21/07/2009 0:46:30 Transporto a AcTion hacia Mapa59 X:57 Y:77
21/07/2009 0:46:30 Transporto a AcTion hacia Mapa59 X:62 Y:79
21/07/2009 0:46:30 Transporto a AcTion hacia Mapa59 X:58 Y:78
21/07/2009 0:46:30 Transporto a AcTion hacia Mapa59 X:62 Y:80
21/07/2009 0:46:30 Transporto a AcTion hacia Mapa59 X:65 Y:81
21/07/2009 0:46:31 Transporto a AcTion hacia Mapa59 X:65 Y:80
21/07/2009 0:46:31 Transporto a AcTion hacia Mapa59 X:68 Y:81
21/07/2009 0:46:31 Transporto a AcTion hacia Mapa59 X:68 Y:80
21/07/2009 0:46:31 Transporto a AcTion hacia Mapa59 X:71 Y:80
21/07/2009 0:46:32 Transporto a AcTion hacia Mapa59 X:72 Y:80
21/07/2009 0:46:33 Transporto a AcTion hacia Mapa59 X:71 Y:81
21/07/2009 0:46:34 Transporto a AcTion hacia Mapa59 X:71 Y:82
21/07/2009 0:47:10 Comentario: 
21/07/2009 0:48:09 /IRA MatII Mapa:35 X:14 Y:76
21/07/2009 0:48:14 Transporto a AcTion hacia Mapa35 X:13 Y:76
21/07/2009 0:48:28 Transporto a AcTion hacia Mapa35 X:16 Y:78
21/07/2009 0:48:29 Agarro:1 Objeto:Espada TinieblasAO
21/07/2009 0:49:47 Comentario: El violador serial a violado a Matii y a Frostkje
21/07/2009 0:50:14 Transporto a AcTion hacia Mapa35 X:13 Y:76
21/07/2009 0:50:17 /DEST
21/07/2009 0:50:19 Transporto a AcTion hacia Mapa35 X:18 Y:78
21/07/2009 0:50:21 /DEST
21/07/2009 0:50:24 /DEST
21/07/2009 0:50:26 /DEST
21/07/2009 0:50:27 /DEST
21/07/2009 0:50:30 /DEST
21/07/2009 0:50:32 /DEST
21/07/2009 0:50:33 Transporto a AcTion hacia Mapa35 X:13 Y:79
21/07/2009 0:50:36 /DEST
21/07/2009 0:50:37 Transporto a AcTion hacia Mapa35 X:17 Y:78
21/07/2009 0:50:39 Transporto a AcTion hacia Mapa35 X:19 Y:75
21/07/2009 0:50:41 /DEST
21/07/2009 0:50:42 Transporto a AcTion hacia Mapa35 X:20 Y:76
21/07/2009 0:50:43 /DEST
21/07/2009 0:52:28 ¡Intento apagar el server!
21/07/2009 0:54:05 Transporto a AcTion hacia Mapa35 X:22 Y:89
21/07/2009 0:54:06 Transporto a AcTion hacia Mapa35 X:22 Y:89
21/07/2009 0:54:06 Transporto a AcTion hacia Mapa35 X:22 Y:93
21/07/2009 0:54:06 Transporto a AcTion hacia Mapa35 X:22 Y:93
21/07/2009 0:54:17 Transporto a AcTion hacia Mapa34 X:29 Y:15
21/07/2009 0:54:17 Transporto a AcTion hacia Mapa34 X:34 Y:17
21/07/2009 0:54:18 Transporto a AcTion hacia Mapa34 X:39 Y:19
21/07/2009 0:54:18 Transporto a AcTion hacia Mapa34 X:40 Y:22
21/07/2009 0:54:18 Transporto a AcTion hacia Mapa34 X:35 Y:24
21/07/2009 0:54:19 Transporto a AcTion hacia Mapa34 X:36 Y:26
21/07/2009 0:54:19 Transporto a AcTion hacia Mapa34 X:32 Y:27
21/07/2009 0:54:19 Transporto a AcTion hacia Mapa34 X:33 Y:29
21/07/2009 0:54:19 Transporto a AcTion hacia Mapa34 X:30 Y:30
21/07/2009 0:54:19 Transporto a AcTion hacia Mapa34 X:33 Y:31
21/07/2009 0:54:20 Transporto a AcTion hacia Mapa34 X:30 Y:32
21/07/2009 0:54:20 Transporto a AcTion hacia Mapa34 X:32 Y:33
21/07/2009 0:54:20 Transporto a AcTion hacia Mapa34 X:29 Y:34
21/07/2009 0:54:20 Transporto a AcTion hacia Mapa34 X:28 Y:36
21/07/2009 0:54:21 Transporto a AcTion hacia Mapa34 X:29 Y:38
21/07/2009 0:54:21 Transporto a AcTion hacia Mapa34 X:29 Y:38
21/07/2009 0:54:21 Transporto a AcTion hacia Mapa34 X:30 Y:40
21/07/2009 0:54:22 Transporto a AcTion hacia Mapa34 X:31 Y:41
21/07/2009 0:54:22 Transporto a AcTion hacia Mapa34 X:31 Y:42
21/07/2009 0:54:22 Transporto a AcTion hacia Mapa34 X:30 Y:43
21/07/2009 0:54:22 Transporto a AcTion hacia Mapa34 X:29 Y:45
21/07/2009 0:54:23 Transporto a AcTion hacia Mapa34 X:27 Y:46
21/07/2009 0:54:23 Transporto a AcTion hacia Mapa34 X:25 Y:49
21/07/2009 0:54:23 Transporto a AcTion hacia Mapa34 X:25 Y:49
21/07/2009 0:54:24 Transporto a AcTion hacia Mapa34 X:23 Y:52
21/07/2009 0:54:24 Transporto a AcTion hacia Mapa34 X:23 Y:50
21/07/2009 0:54:24 Transporto a AcTion hacia Mapa34 X:19 Y:53
21/07/2009 0:54:24 Transporto a AcTion hacia Mapa34 X:20 Y:51
21/07/2009 0:54:24 Transporto a AcTion hacia Mapa34 X:15 Y:54
21/07/2009 0:54:25 Transporto a AcTion hacia Mapa34 X:16 Y:52
21/07/2009 0:54:25 Transporto a AcTion hacia Mapa34 X:11 Y:55
21/07/2009 0:54:25 Transporto a AcTion hacia Mapa34 X:12 Y:53
21/07/2009 0:54:25 Transporto a AcTion hacia Mapa34 X:10 Y:56
21/07/2009 0:54:26 Transporto a AcTion hacia Mapa34 X:11 Y:56
21/07/2009 0:54:26 Transporto a AcTion hacia Mapa34 X:10 Y:59
21/07/2009 0:54:26 Transporto a AcTion hacia Mapa34 X:11 Y:59
21/07/2009 0:54:26 Transporto a AcTion hacia Mapa34 X:11 Y:62
21/07/2009 0:54:27 Transporto a AcTion hacia Mapa34 X:11 Y:65
21/07/2009 0:54:27 Transporto a AcTion hacia Mapa34 X:11 Y:68
21/07/2009 0:54:27 Transporto a AcTion hacia Mapa34 X:10 Y:71
21/07/2009 0:54:28 Transporto a AcTion hacia Mapa34 X:10 Y:71
21/07/2009 0:54:28 Transporto a AcTion hacia Mapa34 X:9 Y:74
21/07/2009 0:54:48 Se conecto con ip:190.174.149.98
21/07/2009 0:55:09 Se conecto con ip:190.174.149.98
21/07/2009 0:55:18 /IRA Matii Mapa:35 X:17 Y:84
21/07/2009 0:55:21 Transporto a Action hacia Mapa35 X:18 Y:82
21/07/2009 0:55:22 Transporto a Action hacia Mapa35 X:16 Y:80
21/07/2009 0:55:22 Transporto a Action hacia Mapa35 X:16 Y:80
21/07/2009 0:55:23 Transporto a Action hacia Mapa35 X:13 Y:78
21/07/2009 0:55:25 Transporto a Action hacia Mapa35 X:18 Y:80
21/07/2009 0:55:25 Transporto a Action hacia Mapa35 X:18 Y:79
21/07/2009 0:55:25 Transporto a Action hacia Mapa35 X:23 Y:81
21/07/2009 0:55:25 Transporto a Action hacia Mapa35 X:22 Y:80
21/07/2009 0:55:27 Transporto a Action hacia Mapa35 X:22 Y:78
21/07/2009 0:55:29 Transporto a Action hacia Mapa35 X:23 Y:78
21/07/2009 0:55:29 Transporto a Action hacia Mapa35 X:23 Y:79
21/07/2009 0:55:29 Transporto a Action hacia Mapa35 X:24 Y:80
21/07/2009 0:55:30 Transporto a Action hacia Mapa35 X:23 Y:82
21/07/2009 0:55:30 Transporto a Action hacia Mapa35 X:23 Y:82
21/07/2009 0:55:30 Transporto a Action hacia Mapa35 X:22 Y:84
21/07/2009 0:55:31 Transporto a Action hacia Mapa35 X:21 Y:86
21/07/2009 0:55:31 Transporto a Action hacia Mapa35 X:21 Y:86
21/07/2009 0:55:31 Transporto a Action hacia Mapa35 X:21 Y:88
21/07/2009 0:55:31 Transporto a Action hacia Mapa35 X:21 Y:88
21/07/2009 0:55:35 Transporto a Action hacia Mapa35 X:23 Y:87
21/07/2009 0:55:35 Transporto a Action hacia Mapa35 X:23 Y:84
21/07/2009 0:55:35 Transporto a Action hacia Mapa35 X:23 Y:81
21/07/2009 0:55:49 Transporto a Action hacia Mapa35 X:23 Y:78
21/07/2009 0:55:49 Transporto a Action hacia Mapa35 X:23 Y:78
21/07/2009 0:55:49 Transporto a Action hacia Mapa35 X:22 Y:75
21/07/2009 0:56:09 Transporto a Action hacia Mapa35 X:30 Y:75
21/07/2009 0:56:11 Transporto a Action hacia Mapa35 X:32 Y:74
21/07/2009 0:56:11 Transporto a Action hacia Mapa35 X:34 Y:73
21/07/2009 0:56:11 Transporto a Action hacia Mapa35 X:36 Y:72
21/07/2009 0:56:12 Transporto a Action hacia Mapa35 X:38 Y:73
21/07/2009 0:56:12 Transporto a Action hacia Mapa35 X:38 Y:73
21/07/2009 0:56:12 Transporto a Action hacia Mapa35 X:39 Y:74
21/07/2009 0:56:13 Transporto a Action hacia Mapa35 X:40 Y:75
21/07/2009 0:56:13 Transporto a Action hacia Mapa35 X:41 Y:76
21/07/2009 0:56:13 Transporto a Action hacia Mapa35 X:41 Y:76
21/07/2009 0:56:13 Transporto a Action hacia Mapa35 X:42 Y:77
21/07/2009 0:56:14 Transporto a Action hacia Mapa35 X:42 Y:78
21/07/2009 0:56:14 Transporto a Action hacia Mapa35 X:42 Y:78
21/07/2009 0:56:14 Transporto a Action hacia Mapa35 X:42 Y:79
21/07/2009 0:56:15 Transporto a Action hacia Mapa35 X:42 Y:80
21/07/2009 0:56:15 Transporto a Action hacia Mapa35 X:42 Y:82
21/07/2009 0:56:16 Transporto a Action hacia Mapa35 X:43 Y:83
21/07/2009 0:56:16 Transporto a Action hacia Mapa35 X:44 Y:83
21/07/2009 0:56:16 Transporto a Action hacia Mapa35 X:41 Y:85
21/07/2009 0:56:16 Transporto a Action hacia Mapa35 X:41 Y:85
21/07/2009 0:56:16 Transporto a Action hacia Mapa35 X:38 Y:87
21/07/2009 0:56:17 Transporto a Action hacia Mapa35 X:38 Y:87
21/07/2009 0:56:17 Transporto a Action hacia Mapa35 X:35 Y:90
21/07/2009 0:56:17 Transporto a Action hacia Mapa35 X:35 Y:90
21/07/2009 0:56:17 Transporto a Action hacia Mapa35 X:32 Y:93
21/07/2009 0:56:17 Transporto a Action hacia Mapa35 X:33 Y:93
21/07/2009 0:56:21 Transporto a Action hacia Mapa35 X:34 Y:90
21/07/2009 0:56:25 Transporto a Action hacia Mapa34 X:34 Y:12
21/07/2009 0:56:25 Transporto a Action hacia Mapa34 X:34 Y:12
21/07/2009 0:56:25 Transporto a Action hacia Mapa34 X:34 Y:14
21/07/2009 0:56:25 Transporto a Action hacia Mapa34 X:34 Y:14
21/07/2009 0:56:25 Transporto a Action hacia Mapa34 X:33 Y:16
21/07/2009 0:56:26 Transporto a Action hacia Mapa34 X:33 Y:17
21/07/2009 0:56:26 Transporto a Action hacia Mapa34 X:31 Y:19
21/07/2009 0:56:26 Transporto a Action hacia Mapa34 X:29 Y:22
21/07/2009 0:56:26 Transporto a Action hacia Mapa34 X:27 Y:25
21/07/2009 0:56:27 Transporto a Action hacia Mapa34 X:25 Y:28
21/07/2009 0:56:27 Transporto a Action hacia Mapa34 X:25 Y:28
21/07/2009 0:56:27 Transporto a Action hacia Mapa34 X:24 Y:31
21/07/2009 0:56:27 Transporto a Action hacia Mapa34 X:24 Y:31
21/07/2009 0:56:28 Transporto a Action hacia Mapa34 X:23 Y:34
21/07/2009 0:56:28 Transporto a Action hacia Mapa34 X:22 Y:37
21/07/2009 0:56:28 Transporto a Action hacia Mapa34 X:22 Y:37
21/07/2009 0:56:28 Transporto a Action hacia Mapa34 X:21 Y:40
21/07/2009 0:56:28 Transporto a Action hacia Mapa34 X:22 Y:39
21/07/2009 0:56:29 Transporto a Action hacia Mapa34 X:21 Y:41
21/07/2009 0:56:29 Transporto a Action hacia Mapa34 X:21 Y:43
21/07/2009 0:56:29 Transporto a Action hacia Mapa34 X:19 Y:43
21/07/2009 0:56:29 Transporto a Action hacia Mapa34 X:19 Y:45
21/07/2009 0:56:29 Transporto a Action hacia Mapa34 X:17 Y:47
21/07/2009 0:56:30 Transporto a Action hacia Mapa34 X:17 Y:47
21/07/2009 0:56:30 Transporto a Action hacia Mapa34 X:15 Y:49
21/07/2009 0:56:30 Transporto a Action hacia Mapa34 X:15 Y:49
21/07/2009 0:56:30 Transporto a Action hacia Mapa34 X:13 Y:51
21/07/2009 0:56:30 Transporto a Action hacia Mapa34 X:14 Y:52
21/07/2009 0:56:31 Transporto a Action hacia Mapa34 X:12 Y:54
21/07/2009 0:56:31 Transporto a Action hacia Mapa34 X:14 Y:55
21/07/2009 0:56:31 Transporto a Action hacia Mapa34 X:12 Y:57
21/07/2009 0:56:31 Transporto a Action hacia Mapa34 X:11 Y:60
21/07/2009 0:56:31 Transporto a Action hacia Mapa34 X:11 Y:60
21/07/2009 0:56:32 Transporto a Action hacia Mapa34 X:11 Y:63
21/07/2009 0:56:32 Transporto a Action hacia Mapa34 X:11 Y:63
21/07/2009 0:56:32 Transporto a Action hacia Mapa34 X:11 Y:66
21/07/2009 0:56:32 Transporto a Action hacia Mapa34 X:12 Y:66
21/07/2009 0:56:33 Transporto a Action hacia Mapa34 X:12 Y:69
21/07/2009 0:56:33 Transporto a Action hacia Mapa34 X:12 Y:70
21/07/2009 0:56:33 Transporto a Action hacia Mapa34 X:12 Y:73
21/07/2009 0:56:33 Transporto a Action hacia Mapa34 X:12 Y:77
21/07/2009 0:56:34 Transporto a Action hacia Mapa34 X:12 Y:76
21/07/2009 0:56:42 Transporto a Action hacia Mapa34 X:12 Y:71
21/07/2009 0:56:49 Transporto a Action hacia Mapa34 X:11 Y:72
21/07/2009 0:56:49 Transporto a Action hacia Mapa34 X:11 Y:72
21/07/2009 0:56:50 Transporto a Action hacia Mapa34 X:14 Y:72
21/07/2009 0:56:50 Transporto a Action hacia Mapa34 X:14 Y:72
21/07/2009 0:56:50 Transporto a Action hacia Mapa34 X:17 Y:72
21/07/2009 0:56:50 Transporto a Action hacia Mapa34 X:20 Y:72
21/07/2009 0:56:51 Transporto a Action hacia Mapa34 X:20 Y:72
21/07/2009 0:56:51 Transporto a Action hacia Mapa34 X:23 Y:72
21/07/2009 0:56:51 Transporto a Action hacia Mapa34 X:25 Y:73
21/07/2009 0:56:51 Transporto a Action hacia Mapa34 X:25 Y:73
21/07/2009 0:56:52 Transporto a Action hacia Mapa34 X:27 Y:74
21/07/2009 0:56:52 Transporto a Action hacia Mapa34 X:28 Y:74
21/07/2009 0:56:52 Transporto a Action hacia Mapa34 X:30 Y:74
21/07/2009 0:56:52 Transporto a Action hacia Mapa34 X:31 Y:74
21/07/2009 0:56:52 Transporto a Action hacia Mapa34 X:33 Y:74
21/07/2009 0:56:53 Transporto a Action hacia Mapa34 X:33 Y:76
21/07/2009 0:56:53 Transporto a Action hacia Mapa34 X:33 Y:78
21/07/2009 0:56:54 Transporto a Action hacia Mapa34 X:33 Y:80
21/07/2009 0:56:54 Transporto a Action hacia Mapa34 X:33 Y:82
21/07/2009 0:56:54 Transporto a Action hacia Mapa34 X:32 Y:82
21/07/2009 0:56:54 Transporto a Action hacia Mapa34 X:32 Y:84
21/07/2009 0:56:55 Transporto a Action hacia Mapa34 X:31 Y:86
21/07/2009 0:56:55 Transporto a Action hacia Mapa34 X:31 Y:86
21/07/2009 0:57:04 Transporto a Action hacia Mapa34 X:37 Y:84
21/07/2009 0:57:04 Transporto a Action hacia Mapa34 X:37 Y:84
21/07/2009 0:57:04 Transporto a Action hacia Mapa34 X:36 Y:80
21/07/2009 0:57:05 Transporto a Action hacia Mapa34 X:34 Y:76
21/07/2009 0:57:05 Transporto a Action hacia Mapa34 X:34 Y:76
21/07/2009 0:57:05 Transporto a Action hacia Mapa34 X:33 Y:72
21/07/2009 0:57:05 Transporto a Action hacia Mapa34 X:33 Y:72
21/07/2009 0:57:06 Transporto a Action hacia Mapa34 X:33 Y:68
21/07/2009 0:57:06 Transporto a Action hacia Mapa34 X:33 Y:64
21/07/2009 0:57:07 Transporto a Action hacia Mapa34 X:33 Y:60
21/07/2009 0:57:07 Transporto a Action hacia Mapa34 X:33 Y:60
21/07/2009 0:57:07 Transporto a Action hacia Mapa34 X:32 Y:56
21/07/2009 0:57:07 Transporto a Action hacia Mapa34 X:33 Y:56
21/07/2009 0:57:07 Transporto a Action hacia Mapa34 X:33 Y:52
21/07/2009 0:57:08 Transporto a Action hacia Mapa34 X:34 Y:52
21/07/2009 0:57:08 Transporto a Action hacia Mapa34 X:34 Y:48
21/07/2009 0:57:08 Transporto a Action hacia Mapa34 X:34 Y:43
21/07/2009 0:57:08 Transporto a Action hacia Mapa34 X:34 Y:43
21/07/2009 0:57:09 Transporto a Action hacia Mapa34 X:34 Y:38
21/07/2009 0:57:09 Transporto a Action hacia Mapa34 X:34 Y:33
21/07/2009 0:57:09 Transporto a Action hacia Mapa34 X:34 Y:33
21/07/2009 0:57:09 Transporto a Action hacia Mapa34 X:34 Y:28
21/07/2009 0:57:10 Transporto a Action hacia Mapa34 X:34 Y:28
21/07/2009 0:57:10 Transporto a Action hacia Mapa34 X:34 Y:23
21/07/2009 0:57:10 Transporto a Action hacia Mapa34 X:34 Y:18
21/07/2009 0:57:10 Transporto a Action hacia Mapa34 X:34 Y:18
21/07/2009 0:57:11 Transporto a Action hacia Mapa34 X:34 Y:13
21/07/2009 0:57:11 Transporto a Action hacia Mapa34 X:34 Y:8
21/07/2009 0:57:13 Transporto a Action hacia Mapa35 X:34 Y:87
21/07/2009 0:57:13 Transporto a Action hacia Mapa35 X:34 Y:83
21/07/2009 0:57:14 Transporto a Action hacia Mapa35 X:35 Y:79
21/07/2009 0:57:14 Transporto a Action hacia Mapa35 X:35 Y:79
21/07/2009 0:57:14 Transporto a Action hacia Mapa35 X:37 Y:75
21/07/2009 0:57:14 Transporto a Action hacia Mapa35 X:38 Y:75
21/07/2009 0:57:15 Transporto a Action hacia Mapa35 X:40 Y:72
21/07/2009 0:57:15 Transporto a Action hacia Mapa35 X:41 Y:72
21/07/2009 0:57:15 Transporto a Action hacia Mapa35 X:45 Y:70
21/07/2009 0:57:15 Transporto a Action hacia Mapa35 X:46 Y:70
21/07/2009 0:57:15 Transporto a Action hacia Mapa35 X:50 Y:67
21/07/2009 0:57:16 Transporto a Action hacia Mapa35 X:51 Y:67
21/07/2009 0:57:16 Transporto a Action hacia Mapa35 X:56 Y:64
21/07/2009 0:57:16 Transporto a Action hacia Mapa35 X:61 Y:61
21/07/2009 0:57:17 Transporto a Action hacia Mapa35 X:65 Y:58
21/07/2009 0:57:17 Transporto a Action hacia Mapa35 X:65 Y:58
21/07/2009 0:57:18 Transporto a Action hacia Mapa35 X:69 Y:55
21/07/2009 0:57:18 Transporto a Action hacia Mapa35 X:70 Y:55
21/07/2009 0:57:18 Transporto a Action hacia Mapa35 X:75 Y:53
21/07/2009 0:57:18 Transporto a Action hacia Mapa35 X:76 Y:53
21/07/2009 0:57:19 Transporto a Action hacia Mapa35 X:79 Y:49
21/07/2009 0:57:19 Transporto a Action hacia Mapa35 X:80 Y:49
21/07/2009 0:57:19 Transporto a Action hacia Mapa35 X:81 Y:50
21/07/2009 0:57:19 Transporto a Action hacia Mapa35 X:85 Y:46
21/07/2009 0:57:20 Transporto a Action hacia Mapa35 X:90 Y:43
21/07/2009 0:57:20 Transporto a Action hacia Mapa35 X:90 Y:43
21/07/2009 0:57:25 Transporto a Action hacia Mapa4 X:18 Y:35
21/07/2009 0:57:25 Transporto a Action hacia Mapa4 X:18 Y:34
21/07/2009 0:57:26 Transporto a Action hacia Mapa4 X:23 Y:31
21/07/2009 0:57:26 Transporto a Action hacia Mapa4 X:23 Y:30
21/07/2009 0:57:26 Transporto a Action hacia Mapa4 X:28 Y:27
21/07/2009 0:57:27 Transporto a Action hacia Mapa4 X:33 Y:23
21/07/2009 0:57:27 Transporto a Action hacia Mapa4 X:38 Y:19
21/07/2009 0:57:27 Transporto a Action hacia Mapa4 X:37 Y:19
21/07/2009 0:57:28 Transporto a Action hacia Mapa4 X:42 Y:15
21/07/2009 0:57:28 Transporto a Action hacia Mapa4 X:42 Y:11
21/07/2009 0:57:28 Transporto a Action hacia Mapa4 X:42 Y:11
21/07/2009 0:57:29 Transporto a Action hacia Mapa4 X:41 Y:11
21/07/2009 0:57:29 Transporto a Action hacia Mapa4 X:41 Y:7
21/07/2009 0:57:29 Transporto a Action hacia Mapa4 X:41 Y:7
21/07/2009 0:57:29 Transporto a Action hacia Mapa4 X:41 Y:7
21/07/2009 0:57:31 Transporto a Action hacia Mapa3 X:41 Y:89
21/07/2009 0:57:32 Transporto a Action hacia Mapa3 X:42 Y:84
21/07/2009 0:57:32 Transporto a Action hacia Mapa3 X:42 Y:84
21/07/2009 0:57:33 Transporto a Action hacia Mapa3 X:42 Y:79
21/07/2009 0:57:33 Transporto a Action hacia Mapa3 X:42 Y:79
21/07/2009 0:57:33 Transporto a Action hacia Mapa3 X:39 Y:74
21/07/2009 0:57:34 Transporto a Action hacia Mapa3 X:39 Y:74
21/07/2009 0:57:34 Transporto a Action hacia Mapa3 X:37 Y:69
21/07/2009 0:57:34 Transporto a Action hacia Mapa3 X:37 Y:69
21/07/2009 0:57:34 Transporto a Action hacia Mapa3 X:38 Y:69
21/07/2009 0:57:35 Transporto a Action hacia Mapa3 X:37 Y:64
21/07/2009 0:57:35 Transporto a Action hacia Mapa3 X:39 Y:64
21/07/2009 0:57:35 Transporto a Action hacia Mapa3 X:38 Y:64
21/07/2009 0:57:35 Transporto a Action hacia Mapa3 X:37 Y:59
21/07/2009 0:57:36 Transporto a Action hacia Mapa3 X:39 Y:59
21/07/2009 0:57:36 Transporto a Action hacia Mapa3 X:37 Y:54
21/07/2009 0:57:36 Transporto a Action hacia Mapa3 X:39 Y:54
21/07/2009 0:57:36 Transporto a Action hacia Mapa3 X:40 Y:54
21/07/2009 0:57:36 Transporto a Action hacia Mapa3 X:38 Y:49
21/07/2009 0:57:37 Transporto a Action hacia Mapa3 X:39 Y:49
21/07/2009 0:57:37 Transporto a Action hacia Mapa3 X:40 Y:49
21/07/2009 0:57:37 Transporto a Action hacia Mapa3 X:38 Y:44
21/07/2009 0:57:37 Transporto a Action hacia Mapa3 X:39 Y:44
21/07/2009 0:57:37 Transporto a Action hacia Mapa3 X:40 Y:44
21/07/2009 0:57:38 Transporto a Action hacia Mapa3 X:38 Y:39
21/07/2009 0:57:38 Transporto a Action hacia Mapa3 X:39 Y:39
21/07/2009 0:57:38 Transporto a Action hacia Mapa3 X:39 Y:34
21/07/2009 0:57:38 Transporto a Action hacia Mapa3 X:39 Y:29
21/07/2009 0:57:39 Transporto a Action hacia Mapa3 X:39 Y:29
21/07/2009 0:57:39 Transporto a Action hacia Mapa3 X:39 Y:24
21/07/2009 0:57:39 Transporto a Action hacia Mapa3 X:39 Y:24
21/07/2009 0:57:39 Transporto a Action hacia Mapa3 X:39 Y:19
21/07/2009 0:57:40 Transporto a Action hacia Mapa3 X:39 Y:19
21/07/2009 0:57:40 Transporto a Action hacia Mapa3 X:39 Y:14
21/07/2009 0:57:40 Transporto a Action hacia Mapa3 X:39 Y:9
21/07/2009 0:57:41 Transporto a Action hacia Mapa3 X:40 Y:9
21/07/2009 0:57:43 Transporto a Action hacia Mapa2 X:41 Y:86
21/07/2009 0:57:43 Transporto a Action hacia Mapa2 X:42 Y:81
21/07/2009 0:57:44 Transporto a Action hacia Mapa2 X:43 Y:76
21/07/2009 0:57:44 Transporto a Action hacia Mapa2 X:44 Y:71
21/07/2009 0:57:45 Transporto a Action hacia Mapa2 X:45 Y:66
21/07/2009 0:57:45 Transporto a Action hacia Mapa2 X:46 Y:61
21/07/2009 0:57:45 Transporto a Action hacia Mapa2 X:47 Y:56
21/07/2009 0:57:45 Transporto a Action hacia Mapa2 X:47 Y:56
21/07/2009 0:57:46 Transporto a Action hacia Mapa2 X:46 Y:51
21/07/2009 0:57:46 Transporto a Action hacia Mapa2 X:46 Y:51
21/07/2009 0:57:46 Transporto a Action hacia Mapa2 X:45 Y:46
21/07/2009 0:57:47 Transporto a Action hacia Mapa2 X:45 Y:46
21/07/2009 0:57:47 Transporto a Action hacia Mapa2 X:44 Y:41
21/07/2009 0:57:47 Transporto a Action hacia Mapa2 X:44 Y:41
21/07/2009 0:57:47 Transporto a Action hacia Mapa2 X:43 Y:36
21/07/2009 0:57:47 Transporto a Action hacia Mapa2 X:42 Y:31
21/07/2009 0:57:48 Transporto a Action hacia Mapa2 X:44 Y:31
21/07/2009 0:57:48 Transporto a Action hacia Mapa2 X:43 Y:26
21/07/2009 0:57:48 Transporto a Action hacia Mapa2 X:46 Y:26
21/07/2009 0:57:48 Transporto a Action hacia Mapa2 X:45 Y:21
21/07/2009 0:57:48 Transporto a Action hacia Mapa2 X:47 Y:16
21/07/2009 0:57:49 Transporto a Action hacia Mapa2 X:45 Y:17
21/07/2009 0:57:49 Transporto a Action hacia Mapa2 X:49 Y:11
21/07/2009 0:57:49 Transporto a Action hacia Mapa2 X:47 Y:12
21/07/2009 0:57:49 Transporto a Action hacia Mapa2 X:50 Y:7
21/07/2009 0:57:51 Transporto a Action hacia Mapa1 X:54 Y:86
21/07/2009 0:57:52 Transporto a Action hacia Mapa1 X:57 Y:81
21/07/2009 0:57:52 Transporto a Action hacia Mapa1 X:56 Y:81
21/07/2009 0:57:52 Transporto a Action hacia Mapa1 X:59 Y:76
21/07/2009 0:57:52 Transporto a Action hacia Mapa1 X:56 Y:76
21/07/2009 0:57:52 Transporto a Action hacia Mapa1 X:59 Y:71
21/07/2009 0:57:53 Transporto a Action hacia Mapa1 X:57 Y:71
21/07/2009 0:57:53 Transporto a Action hacia Mapa1 X:58 Y:66
21/07/2009 0:57:53 Transporto a Action hacia Mapa1 X:58 Y:66
21/07/2009 0:57:53 Transporto a Action hacia Mapa1 X:59 Y:61
21/07/2009 0:57:54 Transporto a Action hacia Mapa1 X:60 Y:56
21/07/2009 0:57:54 Transporto a Action hacia Mapa1 X:61 Y:51
21/07/2009 0:57:54 Transporto a Action hacia Mapa1 X:61 Y:51
21/07/2009 0:58:02 Agarro:1 Objeto:Armadura de Dragón Blanco (Hombre)
21/07/2009 0:58:05 Tiro cantidad:1 Objeto:Vestimentas comunes
21/07/2009 1:00:13 /IRA matii Mapa:66 X:76 Y:65
21/07/2009 1:01:05 Transporto a Action hacia Mapa66 X:74 Y:72
21/07/2009 1:01:05 Transporto a Action hacia Mapa66 X:74 Y:76
21/07/2009 1:01:05 Transporto a Action hacia Mapa66 X:74 Y:76
21/07/2009 1:01:06 Transporto a Action hacia Mapa66 X:74 Y:80
21/07/2009 1:01:06 Transporto a Action hacia Mapa66 X:74 Y:80
21/07/2009 1:01:06 Transporto a Action hacia Mapa66 X:74 Y:84
21/07/2009 1:01:06 Transporto a Action hacia Mapa66 X:74 Y:88
21/07/2009 1:01:43 Tiro cantidad:1 Objeto:Raíz
21/07/2009 1:01:44 Agarro:1 Objeto:Raíz
21/07/2009 1:02:30 Transporto a Action hacia Mapa66 X:76 Y:83
21/07/2009 1:02:34 /DEST
21/07/2009 1:03:03 Transporto a Action hacia Mapa66 X:84 Y:81
21/07/2009 1:03:03 Transporto a Action hacia Mapa66 X:84 Y:81
21/07/2009 1:03:03 Transporto a Action hacia Mapa66 X:88 Y:78
21/07/2009 1:03:04 Transporto a Action hacia Mapa66 X:92 Y:75
21/07/2009 1:03:35 Transporto a Action hacia Mapa65 X:87 Y:19
21/07/2009 1:03:36 Transporto a Action hacia Mapa65 X:91 Y:19
21/07/2009 1:03:39 Transporto a Action hacia Mapa58 X:9 Y:21
21/07/2009 1:03:39 Transporto a Action hacia Mapa58 X:13 Y:21
21/07/2009 1:03:39 Transporto a Action hacia Mapa58 X:14 Y:24
21/07/2009 1:03:39 Transporto a Action hacia Mapa58 X:15 Y:24
21/07/2009 1:03:40 Transporto a Action hacia Mapa58 X:15 Y:27
21/07/2009 1:03:40 Transporto a Action hacia Mapa58 X:16 Y:27
21/07/2009 1:03:40 Transporto a Action hacia Mapa58 X:16 Y:30
21/07/2009 1:03:40 Transporto a Action hacia Mapa58 X:17 Y:30
21/07/2009 1:03:40 Transporto a Action hacia Mapa58 X:17 Y:33
21/07/2009 1:03:41 Transporto a Action hacia Mapa58 X:17 Y:33
21/07/2009 1:03:41 Transporto a Action hacia Mapa58 X:17 Y:36
21/07/2009 1:03:41 Transporto a Action hacia Mapa58 X:17 Y:39
21/07/2009 1:03:41 Transporto a Action hacia Mapa58 X:17 Y:42
21/07/2009 1:03:42 Transporto a Action hacia Mapa58 X:17 Y:45
21/07/2009 1:03:42 Transporto a Action hacia Mapa58 X:18 Y:48
21/07/2009 1:03:42 Transporto a Action hacia Mapa58 X:18 Y:48
21/07/2009 1:03:42 Transporto a Action hacia Mapa58 X:19 Y:51
21/07/2009 1:03:43 Transporto a Action hacia Mapa58 X:22 Y:43
21/07/2009 1:03:43 Transporto a Action hacia Mapa58 X:22 Y:46
21/07/2009 1:03:43 Transporto a Action hacia Mapa58 X:26 Y:38
21/07/2009 1:03:43 Transporto a Action hacia Mapa58 X:26 Y:41
21/07/2009 1:03:44 Transporto a Action hacia Mapa58 X:29 Y:36
21/07/2009 1:03:44 Transporto a Action hacia Mapa58 X:29 Y:36
21/07/2009 1:03:44 Transporto a Action hacia Mapa58 X:32 Y:31
21/07/2009 1:03:44 Transporto a Action hacia Mapa58 X:32 Y:31
21/07/2009 1:03:45 Transporto a Action hacia Mapa58 X:35 Y:26
21/07/2009 1:03:45 Transporto a Action hacia Mapa58 X:35 Y:26
21/07/2009 1:03:45 Transporto a Action hacia Mapa58 X:38 Y:21
21/07/2009 1:03:45 Transporto a Action hacia Mapa58 X:41 Y:16
21/07/2009 1:03:45 Transporto a Action hacia Mapa58 X:40 Y:17
21/07/2009 1:03:46 Transporto a Action hacia Mapa58 X:42 Y:12
21/07/2009 1:03:49 Transporto a Action hacia Mapa59 X:44 Y:85
21/07/2009 1:03:49 Transporto a Action hacia Mapa59 X:44 Y:80
21/07/2009 1:03:49 Transporto a Action hacia Mapa59 X:44 Y:80
21/07/2009 1:03:49 Transporto a Action hacia Mapa59 X:44 Y:75
21/07/2009 1:03:50 Transporto a Action hacia Mapa59 X:44 Y:70
21/07/2009 1:03:50 Transporto a Action hacia Mapa59 X:44 Y:65
21/07/2009 1:03:50 Transporto a Action hacia Mapa59 X:44 Y:60
21/07/2009 1:03:51 Transporto a Action hacia Mapa59 X:44 Y:60
21/07/2009 1:03:51 Transporto a Action hacia Mapa59 X:45 Y:55
21/07/2009 1:03:51 Transporto a Action hacia Mapa59 X:46 Y:50
21/07/2009 1:03:51 Transporto a Action hacia Mapa59 X:47 Y:45
21/07/2009 1:03:52 Transporto a Action hacia Mapa59 X:48 Y:40
21/07/2009 1:03:52 Transporto a Action hacia Mapa59 X:48 Y:41
21/07/2009 1:03:52 Transporto a Action hacia Mapa59 X:50 Y:36
21/07/2009 1:03:52 Transporto a Action hacia Mapa59 X:50 Y:37
21/07/2009 1:03:53 Transporto a Action hacia Mapa59 X:50 Y:39
21/07/2009 1:03:53 Transporto a Action hacia Mapa59 X:51 Y:42
21/07/2009 1:03:54 Transporto a Action hacia Mapa59 X:53 Y:45
21/07/2009 1:03:54 Transporto a Action hacia Mapa59 X:52 Y:45
21/07/2009 1:04:13 Transporto a Action hacia Mapa59 X:53 Y:40
21/07/2009 1:04:13 Transporto a Action hacia Mapa59 X:53 Y:40
21/07/2009 1:04:13 Transporto a Action hacia Mapa59 X:55 Y:35
21/07/2009 1:04:14 Transporto a Action hacia Mapa59 X:55 Y:35
21/07/2009 1:04:14 Transporto a Action hacia Mapa59 X:56 Y:30
21/07/2009 1:04:14 Transporto a Action hacia Mapa59 X:56 Y:30
21/07/2009 1:04:14 Transporto a Action hacia Mapa59 X:56 Y:26
21/07/2009 1:04:14 Transporto a Action hacia Mapa59 X:56 Y:26
21/07/2009 1:04:15 Transporto a Action hacia Mapa59 X:56 Y:22
21/07/2009 1:04:15 Transporto a Action hacia Mapa59 X:55 Y:22
21/07/2009 1:04:15 Transporto a Action hacia Mapa59 X:55 Y:22
21/07/2009 1:04:15 Transporto a Action hacia Mapa59 X:54 Y:18
21/07/2009 1:04:15 Transporto a Action hacia Mapa59 X:53 Y:14
21/07/2009 1:04:16 Transporto a Action hacia Mapa59 X:53 Y:9
21/07/2009 1:04:17 Transporto a Action hacia Mapa60 X:53 Y:86
21/07/2009 1:04:18 Transporto a Action hacia Mapa60 X:53 Y:81
21/07/2009 1:04:18 Transporto a Action hacia Mapa60 X:52 Y:78
21/07/2009 1:04:18 Transporto a Action hacia Mapa60 X:52 Y:77
21/07/2009 1:04:19 Transporto a Action hacia Mapa60 X:52 Y:74
21/07/2009 1:04:19 Transporto a Action hacia Mapa60 X:53 Y:70
21/07/2009 1:04:19 Transporto a Action hacia Mapa60 X:54 Y:66
21/07/2009 1:04:20 Transporto a Action hacia Mapa60 X:56 Y:62
21/07/2009 1:04:20 Transporto a Action hacia Mapa60 X:57 Y:58
21/07/2009 1:04:20 Transporto a Action hacia Mapa60 X:57 Y:58
21/07/2009 1:04:20 Transporto a Action hacia Mapa60 X:59 Y:54
21/07/2009 1:04:21 Transporto a Action hacia Mapa60 X:59 Y:54
21/07/2009 1:04:21 Transporto a Action hacia Mapa60 X:60 Y:50
21/07/2009 1:04:21 Transporto a Action hacia Mapa60 X:60 Y:50
21/07/2009 1:04:21 Transporto a Action hacia Mapa60 X:62 Y:46
21/07/2009 1:04:22 Transporto a Action hacia Mapa60 X:64 Y:42
21/07/2009 1:04:22 Transporto a Action hacia Mapa60 X:64 Y:42
21/07/2009 1:04:22 Transporto a Action hacia Mapa60 X:63 Y:38
21/07/2009 1:04:22 Transporto a Action hacia Mapa60 X:63 Y:37
21/07/2009 1:04:22 Transporto a Action hacia Mapa60 X:63 Y:33
21/07/2009 1:04:23 Transporto a Action hacia Mapa60 X:63 Y:28
21/07/2009 1:04:23 Transporto a Action hacia Mapa60 X:61 Y:29
21/07/2009 1:04:23 Transporto a Action hacia Mapa60 X:60 Y:24
21/07/2009 1:04:23 Transporto a Action hacia Mapa60 X:58 Y:25
21/07/2009 1:04:23 Transporto a Action hacia Mapa60 X:58 Y:20
21/07/2009 1:04:24 Transporto a Action hacia Mapa60 X:56 Y:21
21/07/2009 1:04:24 Transporto a Action hacia Mapa60 X:54 Y:17
21/07/2009 1:04:24 Transporto a Action hacia Mapa60 X:54 Y:17
21/07/2009 1:04:25 Transporto a Action hacia Mapa60 X:52 Y:13
21/07/2009 1:04:29 Transporto a Action hacia Mapa61 X:51 Y:86
21/07/2009 1:04:29 Transporto a Action hacia Mapa61 X:51 Y:86
21/07/2009 1:04:29 Transporto a Action hacia Mapa61 X:52 Y:82
21/07/2009 1:04:29 Transporto a Action hacia Mapa61 X:52 Y:82
21/07/2009 1:04:30 Transporto a Action hacia Mapa61 X:53 Y:78
21/07/2009 1:04:30 Transporto a Action hacia Mapa61 X:54 Y:74
21/07/2009 1:04:31 Transporto a Action hacia Mapa61 X:55 Y:70
21/07/2009 1:04:31 Transporto a Action hacia Mapa61 X:56 Y:70
21/07/2009 1:04:31 Transporto a Action hacia Mapa61 X:60 Y:68
21/07/2009 1:04:31 Transporto a Action hacia Mapa61 X:60 Y:69
21/07/2009 1:04:32 Transporto a Action hacia Mapa61 X:64 Y:67
21/07/2009 1:04:32 Transporto a Action hacia Mapa61 X:68 Y:66
21/07/2009 1:04:32 Transporto a Action hacia Mapa61 X:67 Y:65
21/07/2009 1:04:32 Transporto a Action hacia Mapa61 X:71 Y:64
21/07/2009 1:04:42 Transporto a Action hacia Mapa61 X:67 Y:66
21/07/2009 1:05:05 Transporto a Action hacia Mapa34 X:22 Y:84
21/07/2009 1:05:05 Transporto a Action hacia Mapa34 X:18 Y:83
21/07/2009 1:05:06 Transporto a Action hacia Mapa34 X:13 Y:83
21/07/2009 1:05:06 Transporto a Action hacia Mapa34 X:14 Y:83
21/07/2009 1:05:06 Transporto a Action hacia Mapa34 X:9 Y:83
21/07/2009 1:05:06 Transporto a Action hacia Mapa34 X:13 Y:82
21/07/2009 1:05:12 Transporto a Action hacia Mapa78 X:85 Y:82
21/07/2009 1:05:12 Transporto a Action hacia Mapa78 X:82 Y:83
21/07/2009 1:05:12 Transporto a Action hacia Mapa78 X:79 Y:84
21/07/2009 1:05:13 Transporto a Action hacia Mapa78 X:76 Y:85
21/07/2009 1:05:13 Transporto a Action hacia Mapa78 X:75 Y:84
21/07/2009 1:05:13 Transporto a Action hacia Mapa78 X:72 Y:85
21/07/2009 1:05:13 Transporto a Action hacia Mapa78 X:71 Y:84
21/07/2009 1:05:13 Transporto a Action hacia Mapa78 X:68 Y:85
21/07/2009 1:05:14 Transporto a Action hacia Mapa78 X:67 Y:84
21/07/2009 1:05:14 Transporto a Action hacia Mapa78 X:62 Y:84
21/07/2009 1:05:14 Transporto a Action hacia Mapa78 X:62 Y:84
21/07/2009 1:05:14 Transporto a Action hacia Mapa78 X:57 Y:84
21/07/2009 1:05:15 Transporto a Action hacia Mapa78 X:52 Y:84
21/07/2009 1:05:15 Transporto a Action hacia Mapa78 X:52 Y:84
21/07/2009 1:05:15 Transporto a Action hacia Mapa78 X:47 Y:84
21/07/2009 1:05:16 Transporto a Action hacia Mapa78 X:42 Y:84
21/07/2009 1:05:16 Transporto a Action hacia Mapa78 X:37 Y:84
21/07/2009 1:05:16 Transporto a Action hacia Mapa78 X:32 Y:84
21/07/2009 1:05:17 Transporto a Action hacia Mapa78 X:27 Y:84
21/07/2009 1:05:17 Transporto a Action hacia Mapa78 X:22 Y:84
21/07/2009 1:05:17 Transporto a Action hacia Mapa78 X:17 Y:84
21/07/2009 1:05:18 Transporto a Action hacia Mapa78 X:12 Y:84
21/07/2009 1:05:34 Transporto a Action hacia Mapa79 X:11 Y:18
21/07/2009 1:05:34 Transporto a Action hacia Mapa79 X:12 Y:18
21/07/2009 1:05:34 Transporto a Action hacia Mapa79 X:12 Y:22
21/07/2009 1:05:35 Transporto a Action hacia Mapa79 X:13 Y:22
21/07/2009 1:05:35 Transporto a Action hacia Mapa79 X:14 Y:26
21/07/2009 1:05:35 Transporto a Action hacia Mapa79 X:14 Y:26
21/07/2009 1:05:35 Transporto a Action hacia Mapa79 X:14 Y:30
21/07/2009 1:05:36 Transporto a Action hacia Mapa79 X:14 Y:30
21/07/2009 1:05:36 Transporto a Action hacia Mapa79 X:14 Y:34
21/07/2009 1:05:36 Transporto a Action hacia Mapa79 X:14 Y:38
21/07/2009 1:05:37 Transporto a Action hacia Mapa79 X:14 Y:42
21/07/2009 1:05:37 Transporto a Action hacia Mapa79 X:14 Y:46
21/07/2009 1:05:38 Transporto a Action hacia Mapa79 X:14 Y:50
21/07/2009 1:05:39 Transporto a Action hacia Mapa79 X:14 Y:59
21/07/2009 1:05:40 Transporto a Action hacia Mapa79 X:14 Y:63
21/07/2009 1:05:40 Transporto a Action hacia Mapa79 X:14 Y:67
21/07/2009 1:05:40 Transporto a Action hacia Mapa79 X:14 Y:67
21/07/2009 1:05:40 Transporto a Action hacia Mapa79 X:14 Y:71
21/07/2009 1:05:50 Transporto a Action hacia Mapa79 X:21 Y:91
21/07/2009 1:05:51 Transporto a Action hacia Mapa79 X:24 Y:88
21/07/2009 1:05:51 Transporto a Action hacia Mapa79 X:25 Y:84
21/07/2009 1:05:51 Transporto a Action hacia Mapa79 X:25 Y:84
21/07/2009 1:05:51 Transporto a Action hacia Mapa79 X:26 Y:80
21/07/2009 1:05:52 Transporto a Action hacia Mapa79 X:28 Y:76
21/07/2009 1:05:52 Transporto a Action hacia Mapa79 X:29 Y:76
21/07/2009 1:05:52 Transporto a Action hacia Mapa79 X:32 Y:73
21/07/2009 1:05:52 Transporto a Action hacia Mapa79 X:34 Y:74
21/07/2009 1:05:53 Transporto a Action hacia Mapa79 X:36 Y:69
21/07/2009 1:05:53 Transporto a Action hacia Mapa79 X:36 Y:69
21/07/2009 1:05:53 Transporto a Action hacia Mapa79 X:38 Y:64
21/07/2009 1:05:54 Transporto a Action hacia Mapa79 X:40 Y:59
21/07/2009 1:05:54 Transporto a Action hacia Mapa79 X:42 Y:54
21/07/2009 1:05:54 Transporto a Action hacia Mapa79 X:44 Y:49
21/07/2009 1:05:55 Transporto a Action hacia Mapa79 X:44 Y:49
21/07/2009 1:05:55 Transporto a Action hacia Mapa79 X:45 Y:44
21/07/2009 1:05:55 Transporto a Action hacia Mapa79 X:43 Y:48
21/07/2009 1:05:55 Transporto a Action hacia Mapa79 X:45 Y:42
21/07/2009 1:05:56 Transporto a Action hacia Mapa79 X:43 Y:46
21/07/2009 1:05:56 Transporto a Action hacia Mapa79 X:43 Y:44
21/07/2009 1:05:56 Transporto a Action hacia Mapa79 X:43 Y:42
21/07/2009 1:05:57 Transporto a Action hacia Mapa79 X:43 Y:40
21/07/2009 1:05:57 Transporto a Action hacia Mapa79 X:43 Y:38
21/07/2009 1:06:02 Transporto a Action hacia Mapa79 X:43 Y:18
21/07/2009 1:06:03 Transporto a Action hacia Mapa79 X:43 Y:16
21/07/2009 1:06:03 Transporto a Action hacia Mapa79 X:43 Y:13
21/07/2009 1:06:04 Transporto a Action hacia Mapa79 X:43 Y:10
21/07/2009 1:06:04 Transporto a Action hacia Mapa79 X:43 Y:7
21/07/2009 1:06:04 Transporto a Action hacia Mapa78 X:43 Y:90
21/07/2009 1:06:10 Transporto a Action hacia Mapa78 X:46 Y:73
21/07/2009 1:06:10 Transporto a Action hacia Mapa78 X:46 Y:73
21/07/2009 1:06:11 Transporto a Action hacia Mapa78 X:48 Y:73
21/07/2009 1:06:11 Transporto a Action hacia Mapa78 X:48 Y:73
21/07/2009 1:06:11 Transporto a Action hacia Mapa78 X:50 Y:73
21/07/2009 1:06:11 Transporto a Action hacia Mapa78 X:50 Y:73
21/07/2009 1:06:11 Transporto a Action hacia Mapa78 X:52 Y:73
21/07/2009 1:06:12 Transporto a Action hacia Mapa78 X:55 Y:73
21/07/2009 1:06:12 Transporto a Action hacia Mapa78 X:58 Y:73
21/07/2009 1:06:12 Transporto a Action hacia Mapa78 X:61 Y:73
21/07/2009 1:06:13 Transporto a Action hacia Mapa78 X:64 Y:73
21/07/2009 1:06:13 Transporto a Action hacia Mapa78 X:64 Y:73
21/07/2009 1:06:13 Transporto a Action hacia Mapa78 X:67 Y:73
21/07/2009 1:06:13 Transporto a Action hacia Mapa78 X:70 Y:73
21/07/2009 1:06:14 Transporto a Action hacia Mapa78 X:70 Y:73
21/07/2009 1:06:14 Transporto a Action hacia Mapa78 X:73 Y:73
21/07/2009 1:06:14 Transporto a Action hacia Mapa78 X:76 Y:73
21/07/2009 1:06:15 Transporto a Action hacia Mapa78 X:79 Y:73
21/07/2009 1:06:15 Transporto a Action hacia Mapa78 X:82 Y:73
21/07/2009 1:06:15 Transporto a Action hacia Mapa78 X:85 Y:73
21/07/2009 1:06:16 Transporto a Action hacia Mapa78 X:88 Y:73
21/07/2009 1:06:16 Transporto a Action hacia Mapa78 X:88 Y:73
21/07/2009 1:06:16 Transporto a Action hacia Mapa78 X:91 Y:73
21/07/2009 1:06:19 Transporto a Action hacia Mapa34 X:14 Y:74
21/07/2009 1:06:19 Transporto a Action hacia Mapa34 X:14 Y:73
21/07/2009 1:06:19 Transporto a Action hacia Mapa34 X:17 Y:72
21/07/2009 1:06:20 Transporto a Action hacia Mapa34 X:20 Y:70
21/07/2009 1:06:20 Transporto a Action hacia Mapa34 X:20 Y:70
21/07/2009 1:06:20 Transporto a Action hacia Mapa34 X:24 Y:68
21/07/2009 1:06:20 Transporto a Action hacia Mapa34 X:22 Y:66
21/07/2009 1:06:20 Transporto a Action hacia Mapa34 X:26 Y:64
21/07/2009 1:06:20 Transporto a Action hacia Mapa34 X:24 Y:62
21/07/2009 1:06:21 Transporto a Action hacia Mapa34 X:25 Y:58
21/07/2009 1:06:21 Transporto a Action hacia Mapa34 X:26 Y:58
21/07/2009 1:06:21 Transporto a Action hacia Mapa34 X:27 Y:54
21/07/2009 1:06:21 Transporto a Action hacia Mapa34 X:28 Y:54
21/07/2009 1:06:22 Transporto a Action hacia Mapa34 X:30 Y:49
21/07/2009 1:06:22 Transporto a Action hacia Mapa34 X:32 Y:44
21/07/2009 1:06:22 Transporto a Action hacia Mapa34 X:32 Y:44
21/07/2009 1:06:23 Transporto a Action hacia Mapa34 X:34 Y:39
21/07/2009 1:06:23 Transporto a Action hacia Mapa34 X:35 Y:35
21/07/2009 1:06:23 Transporto a Action hacia Mapa34 X:34 Y:35
21/07/2009 1:06:23 Transporto a Action hacia Mapa34 X:35 Y:31
21/07/2009 1:06:23 Transporto a Action hacia Mapa34 X:33 Y:31
21/07/2009 1:06:24 Transporto a Action hacia Mapa34 X:34 Y:27
21/07/2009 1:06:24 Transporto a Action hacia Mapa34 X:33 Y:26
21/07/2009 1:06:24 Transporto a Action hacia Mapa34 X:34 Y:22
21/07/2009 1:06:24 Transporto a Action hacia Mapa34 X:34 Y:17
21/07/2009 1:06:24 Transporto a Action hacia Mapa34 X:34 Y:17
21/07/2009 1:06:25 Transporto a Action hacia Mapa34 X:34 Y:12
21/07/2009 1:06:25 Transporto a Action hacia Mapa34 X:34 Y:12
21/07/2009 1:06:25 Transporto a Action hacia Mapa34 X:34 Y:7
21/07/2009 1:06:26 Transporto a Action hacia Mapa35 X:34 Y:88
21/07/2009 1:06:26 Transporto a Action hacia Mapa35 X:34 Y:88
21/07/2009 1:06:26 Transporto a Action hacia Mapa35 X:34 Y:83
21/07/2009 1:06:27 Transporto a Action hacia Mapa35 X:35 Y:84
21/07/2009 1:06:27 Transporto a Action hacia Mapa35 X:38 Y:80
21/07/2009 1:06:27 Transporto a Action hacia Mapa35 X:39 Y:81
21/07/2009 1:06:27 Transporto a Action hacia Mapa35 X:42 Y:77
21/07/2009 1:06:28 Transporto a Action hacia Mapa35 X:44 Y:78
21/07/2009 1:06:28 Transporto a Action hacia Mapa35 X:47 Y:74
21/07/2009 1:06:28 Transporto a Action hacia Mapa35 X:52 Y:71
21/07/2009 1:06:28 Transporto a Action hacia Mapa35 X:52 Y:71
21/07/2009 1:06:30 Transporto a Action hacia Mapa35 X:57 Y:68
21/07/2009 1:06:31 Transporto a Action hacia Mapa35 X:65 Y:65
21/07/2009 1:06:31 Transporto a Action hacia Mapa35 X:64 Y:65
21/07/2009 1:06:31 Transporto a Action hacia Mapa35 X:72 Y:62
21/07/2009 1:06:31 Transporto a Action hacia Mapa35 X:71 Y:63
21/07/2009 1:06:31 Transporto a Action hacia Mapa35 X:77 Y:62
21/07/2009 1:06:32 Transporto a Action hacia Mapa35 X:77 Y:62
21/07/2009 1:06:32 Transporto a Action hacia Mapa35 X:83 Y:61
21/07/2009 1:06:32 Transporto a Action hacia Mapa35 X:89 Y:60
21/07/2009 1:06:32 Transporto a Action hacia Mapa35 X:89 Y:60
21/07/2009 1:06:34 Transporto a Action hacia Mapa35 X:92 Y:61
21/07/2009 1:06:34 Transporto a Action hacia Mapa35 X:91 Y:61
21/07/2009 1:06:37 Transporto a Action hacia Mapa35 X:92 Y:61
21/07/2009 1:06:37 Transporto a Action hacia Mapa35 X:90 Y:62
21/07/2009 1:06:38 Transporto a Action hacia Mapa35 X:90 Y:62
21/07/2009 1:06:40 Transporto a Action hacia Mapa35 X:92 Y:65
21/07/2009 1:06:40 Transporto a Action hacia Mapa35 X:92 Y:65
21/07/2009 1:06:41 Transporto a Action hacia Mapa4 X:12 Y:68
21/07/2009 1:06:41 Transporto a Action hacia Mapa4 X:12 Y:68
21/07/2009 1:06:42 Transporto a Action hacia Mapa4 X:16 Y:67
21/07/2009 1:06:43 Transporto a Action hacia Mapa4 X:20 Y:65
21/07/2009 1:06:43 Transporto a Action hacia Mapa4 X:24 Y:63
21/07/2009 1:06:43 Transporto a Action hacia Mapa4 X:24 Y:64
21/07/2009 1:06:43 Transporto a Action hacia Mapa4 X:28 Y:62
21/07/2009 1:06:44 Transporto a Action hacia Mapa4 X:28 Y:63
21/07/2009 1:06:44 Transporto a Action hacia Mapa4 X:33 Y:62
21/07/2009 1:06:44 Transporto a Action hacia Mapa4 X:33 Y:63
21/07/2009 1:06:44 Transporto a Action hacia Mapa4 X:38 Y:62
21/07/2009 1:06:44 Transporto a Action hacia Mapa4 X:38 Y:63
21/07/2009 1:06:45 Transporto a Action hacia Mapa4 X:43 Y:63
21/07/2009 1:06:45 Transporto a Action hacia Mapa4 X:44 Y:63
21/07/2009 1:06:45 Transporto a Action hacia Mapa4 X:50 Y:63
21/07/2009 1:06:46 Transporto a Action hacia Mapa4 X:56 Y:62
21/07/2009 1:06:46 Transporto a Action hacia Mapa4 X:56 Y:62
21/07/2009 1:06:46 Transporto a Action hacia Mapa4 X:62 Y:61
21/07/2009 1:06:47 Transporto a Action hacia Mapa4 X:61 Y:61
21/07/2009 1:06:47 Transporto a Action hacia Mapa4 X:66 Y:60
21/07/2009 1:06:47 Transporto a Action hacia Mapa4 X:64 Y:59
21/07/2009 1:06:47 Transporto a Action hacia Mapa4 X:70 Y:58
21/07/2009 1:06:47 Transporto a Action hacia Mapa4 X:67 Y:57
21/07/2009 1:06:48 Transporto a Action hacia Mapa4 X:70 Y:54
21/07/2009 1:06:48 Transporto a Action hacia Mapa4 X:70 Y:53
21/07/2009 1:06:48 Transporto a Action hacia Mapa4 X:72 Y:50
21/07/2009 1:06:48 Transporto a Action hacia Mapa4 X:73 Y:50
21/07/2009 1:06:48 Transporto a Action hacia Mapa4 X:76 Y:49
21/07/2009 1:06:49 Transporto a Action hacia Mapa4 X:77 Y:49
21/07/2009 1:06:49 Transporto a Action hacia Mapa4 X:80 Y:48
21/07/2009 1:06:49 Transporto a Action hacia Mapa4 X:82 Y:48
21/07/2009 1:06:49 Transporto a Action hacia Mapa4 X:85 Y:47
21/07/2009 1:06:50 Transporto a Action hacia Mapa4 X:90 Y:46
21/07/2009 1:06:53 Transporto a Action hacia Mapa4 X:92 Y:43
21/07/2009 1:06:53 Transporto a Action hacia Mapa4 X:92 Y:43
21/07/2009 1:06:54 Transporto a Action hacia Mapa22 X:12 Y:43
21/07/2009 1:06:55 Transporto a Action hacia Mapa22 X:15 Y:44
21/07/2009 1:06:56 Transporto a Action hacia Mapa22 X:14 Y:45
21/07/2009 1:06:56 Transporto a Action hacia Mapa22 X:15 Y:47
21/07/2009 1:06:56 Transporto a Action hacia Mapa22 X:15 Y:47
21/07/2009 1:06:56 Transporto a Action hacia Mapa22 X:16 Y:49
21/07/2009 1:06:56 Transporto a Action hacia Mapa22 X:17 Y:49
21/07/2009 1:06:57 Transporto a Action hacia Mapa22 X:17 Y:51
21/07/2009 1:06:57 Transporto a Action hacia Mapa22 X:19 Y:51
21/07/2009 1:06:57 Transporto a Action hacia Mapa22 X:19 Y:53
21/07/2009 1:06:57 Transporto a Action hacia Mapa22 X:24 Y:54
21/07/2009 1:06:57 Transporto a Action hacia Mapa22 X:24 Y:54
21/07/2009 1:06:58 Transporto a Action hacia Mapa22 X:30 Y:54
21/07/2009 1:06:58 Transporto a Action hacia Mapa22 X:29 Y:55
21/07/2009 1:06:58 Transporto a Action hacia Mapa22 X:35 Y:55
21/07/2009 1:06:58 Transporto a Action hacia Mapa22 X:32 Y:58
21/07/2009 1:06:59 Transporto a Action hacia Mapa22 X:37 Y:59
21/07/2009 1:06:59 Transporto a Action hacia Mapa22 X:35 Y:61
21/07/2009 1:06:59 Transporto a Action hacia Mapa22 X:38 Y:63
21/07/2009 1:06:59 Transporto a Action hacia Mapa22 X:37 Y:65
21/07/2009 1:06:59 Transporto a Action hacia Mapa22 X:40 Y:66
21/07/2009 1:07:00 Transporto a Action hacia Mapa22 X:39 Y:68
21/07/2009 1:07:00 Transporto a Action hacia Mapa22 X:44 Y:69
21/07/2009 1:07:00 Transporto a Action hacia Mapa22 X:44 Y:68
21/07/2009 1:07:00 Transporto a Action hacia Mapa22 X:49 Y:69
21/07/2009 1:07:00 Transporto a Action hacia Mapa22 X:49 Y:67
21/07/2009 1:07:00 Transporto a Action hacia Mapa22 X:53 Y:68
21/07/2009 1:07:01 Transporto a Action hacia Mapa22 X:52 Y:65
21/07/2009 1:07:01 Transporto a Action hacia Mapa22 X:57 Y:67
21/07/2009 1:07:01 Transporto a Action hacia Mapa22 X:57 Y:66
21/07/2009 1:07:01 Transporto a Action hacia Mapa22 X:61 Y:69
21/07/2009 1:07:01 Transporto a Action hacia Mapa22 X:60 Y:68
21/07/2009 1:07:02 Transporto a Action hacia Mapa22 X:65 Y:70
21/07/2009 1:07:02 Transporto a Action hacia Mapa22 X:68 Y:72
21/07/2009 1:07:02 Transporto a Action hacia Mapa22 X:67 Y:73
21/07/2009 1:07:03 Transporto a Action hacia Mapa22 X:69 Y:76
21/07/2009 1:07:03 Transporto a Action hacia Mapa22 X:72 Y:73
21/07/2009 1:07:03 Transporto a Action hacia Mapa22 X:74 Y:76
21/07/2009 1:07:03 Transporto a Action hacia Mapa22 X:77 Y:72
21/07/2009 1:07:03 Transporto a Action hacia Mapa22 X:79 Y:75
21/07/2009 1:07:04 Transporto a Action hacia Mapa22 X:84 Y:75
21/07/2009 1:07:04 Transporto a Action hacia Mapa22 X:89 Y:75
21/07/2009 1:07:06 Transporto a Action hacia Mapa22 X:91 Y:75
21/07/2009 1:07:06 Transporto a Action hacia Mapa22 X:91 Y:75
21/07/2009 1:07:09 Transporto a Action hacia Mapa22 X:92 Y:75
21/07/2009 1:07:09 Transporto a Action hacia Mapa22 X:92 Y:75
21/07/2009 1:07:10 Transporto a Action hacia Mapa23 X:11 Y:75
21/07/2009 1:07:10 Transporto a Action hacia Mapa23 X:12 Y:75
21/07/2009 1:07:10 Transporto a Action hacia Mapa23 X:12 Y:75
21/07/2009 1:07:10 Transporto a Action hacia Mapa23 X:14 Y:75
21/07/2009 1:07:10 Transporto a Action hacia Mapa23 X:14 Y:75
21/07/2009 1:07:11 Transporto a Action hacia Mapa23 X:16 Y:75
21/07/2009 1:07:11 Transporto a Action hacia Mapa23 X:18 Y:75
21/07/2009 1:07:11 Transporto a Action hacia Mapa23 X:18 Y:75
21/07/2009 1:07:11 Transporto a Action hacia Mapa23 X:20 Y:75
21/07/2009 1:07:11 Transporto a Action hacia Mapa23 X:20 Y:75
21/07/2009 1:07:12 Transporto a Action hacia Mapa23 X:23 Y:75
21/07/2009 1:07:12 Transporto a Action hacia Mapa23 X:23 Y:75
21/07/2009 1:07:12 Transporto a Action hacia Mapa23 X:26 Y:75
21/07/2009 1:07:13 Transporto a Action hacia Mapa23 X:29 Y:75
21/07/2009 1:07:13 Transporto a Action hacia Mapa23 X:32 Y:75
21/07/2009 1:07:13 Transporto a Action hacia Mapa23 X:35 Y:75
21/07/2009 1:07:14 Transporto a Action hacia Mapa23 X:38 Y:75
21/07/2009 1:07:14 Transporto a Action hacia Mapa23 X:41 Y:75
21/07/2009 1:07:15 Transporto a Action hacia Mapa23 X:44 Y:75
21/07/2009 1:07:15 Transporto a Action hacia Mapa23 X:47 Y:75
21/07/2009 1:07:15 Transporto a Action hacia Mapa23 X:50 Y:75
21/07/2009 1:07:16 Transporto a Action hacia Mapa23 X:49 Y:75
21/07/2009 1:07:16 Transporto a Action hacia Mapa23 X:51 Y:75
21/07/2009 1:07:16 Transporto a Action hacia Mapa23 X:51 Y:75
21/07/2009 1:07:17 Transporto a Action hacia Mapa23 X:54 Y:75
21/07/2009 1:07:17 Transporto a Action hacia Mapa23 X:57 Y:75
21/07/2009 1:07:17 Transporto a Action hacia Mapa23 X:57 Y:75
21/07/2009 1:07:17 Transporto a Action hacia Mapa23 X:60 Y:75
21/07/2009 1:07:18 Transporto a Action hacia Mapa23 X:60 Y:75
21/07/2009 1:07:18 Transporto a Action hacia Mapa23 X:63 Y:75
21/07/2009 1:07:18 Transporto a Action hacia Mapa23 X:63 Y:75
21/07/2009 1:07:18 Transporto a Action hacia Mapa23 X:67 Y:75
21/07/2009 1:07:18 Transporto a Action hacia Mapa23 X:67 Y:75
21/07/2009 1:07:19 Transporto a Action hacia Mapa23 X:71 Y:75
21/07/2009 1:07:19 Transporto a Action hacia Mapa23 X:75 Y:74
21/07/2009 1:07:19 Transporto a Action hacia Mapa23 X:75 Y:74
21/07/2009 1:07:19 Transporto a Action hacia Mapa23 X:79 Y:74
21/07/2009 1:07:20 Transporto a Action hacia Mapa23 X:79 Y:74
21/07/2009 1:07:20 Transporto a Action hacia Mapa23 X:83 Y:74
21/07/2009 1:07:20 Transporto a Action hacia Mapa23 X:84 Y:74
21/07/2009 1:07:21 Transporto a Action hacia Mapa23 X:88 Y:73
21/07/2009 1:07:21 Transporto a Action hacia Mapa23 X:92 Y:72
21/07/2009 1:07:22 Transporto a Action hacia Mapa24 X:15 Y:72
21/07/2009 1:07:22 Transporto a Action hacia Mapa24 X:20 Y:71
21/07/2009 1:07:23 Transporto a Action hacia Mapa24 X:25 Y:70
21/07/2009 1:07:23 Transporto a Action hacia Mapa24 X:30 Y:69
21/07/2009 1:07:23 Transporto a Action hacia Mapa24 X:30 Y:69
21/07/2009 1:07:24 Transporto a Action hacia Mapa24 X:35 Y:68
21/07/2009 1:07:24 Transporto a Action hacia Mapa24 X:35 Y:68
21/07/2009 1:07:24 Transporto a Action hacia Mapa24 X:40 Y:68
21/07/2009 1:07:25 Transporto a Action hacia Mapa24 X:45 Y:68
21/07/2009 1:07:25 Transporto a Action hacia Mapa24 X:45 Y:68
21/07/2009 1:07:25 Transporto a Action hacia Mapa24 X:50 Y:68
21/07/2009 1:07:26 Transporto a Action hacia Mapa24 X:55 Y:68
21/07/2009 1:07:26 Transporto a Action hacia Mapa24 X:60 Y:68
21/07/2009 1:07:26 Transporto a Action hacia Mapa24 X:65 Y:68
21/07/2009 1:07:27 Transporto a Action hacia Mapa24 X:70 Y:68
21/07/2009 1:07:27 Transporto a Action hacia Mapa24 X:75 Y:68
21/07/2009 1:07:28 Transporto a Action hacia Mapa24 X:77 Y:68
21/07/2009 1:07:28 Transporto a Action hacia Mapa24 X:75 Y:71
21/07/2009 1:07:28 Transporto a Action hacia Mapa24 X:77 Y:71
21/07/2009 1:07:28 Transporto a Action hacia Mapa24 X:72 Y:73
21/07/2009 1:07:28 Transporto a Action hacia Mapa24 X:74 Y:73
21/07/2009 1:07:29 Transporto a Action hacia Mapa24 X:70 Y:75
21/07/2009 1:07:29 Transporto a Action hacia Mapa24 X:70 Y:75
21/07/2009 1:07:29 Transporto a Action hacia Mapa24 X:67 Y:77
21/07/2009 1:07:29 Transporto a Action hacia Mapa24 X:71 Y:77
21/07/2009 1:07:30 Transporto a Action hacia Mapa24 X:69 Y:79
21/07/2009 1:07:30 Transporto a Action hacia Mapa24 X:73 Y:79
21/07/2009 1:07:30 Transporto a Action hacia Mapa24 X:75 Y:82
21/07/2009 1:07:31 Transporto a Action hacia Mapa24 X:74 Y:82
21/07/2009 1:07:31 Transporto a Action hacia Mapa24 X:77 Y:82
21/07/2009 1:07:31 Transporto a Action hacia Mapa24 X:81 Y:81
21/07/2009 1:07:31 Transporto a Action hacia Mapa24 X:82 Y:81
21/07/2009 1:07:32 Transporto a Action hacia Mapa24 X:86 Y:80
21/07/2009 1:07:32 Transporto a Action hacia Mapa24 X:91 Y:79
21/07/2009 1:07:32 Transporto a Action hacia Mapa24 X:91 Y:79
21/07/2009 1:07:35 Transporto a Action hacia Mapa24 X:90 Y:82
21/07/2009 1:07:35 Transporto a Action hacia Mapa24 X:87 Y:82
21/07/2009 1:07:35 Transporto a Action hacia Mapa24 X:83 Y:85
21/07/2009 1:07:36 Transporto a Action hacia Mapa24 X:79 Y:88
21/07/2009 1:07:36 Transporto a Action hacia Mapa24 X:75 Y:91
21/07/2009 1:07:37 Transporto a Action hacia Mapa24 X:71 Y:94
21/07/2009 1:07:37 Transporto a Action hacia Mapa24 X:66 Y:94
21/07/2009 1:07:37 Transporto a Action hacia Mapa24 X:65 Y:94
21/07/2009 1:07:38 Transporto a Action hacia Mapa24 X:60 Y:94
21/07/2009 1:07:38 Transporto a Action hacia Mapa24 X:59 Y:94
21/07/2009 1:07:38 Transporto a Action hacia Mapa24 X:55 Y:94
21/07/2009 1:07:38 Transporto a Action hacia Mapa24 X:54 Y:92
21/07/2009 1:07:38 Transporto a Action hacia Mapa24 X:50 Y:91
21/07/2009 1:07:39 Transporto a Action hacia Mapa24 X:50 Y:88
21/07/2009 1:07:39 Transporto a Action hacia Mapa24 X:46 Y:87
21/07/2009 1:07:39 Transporto a Action hacia Mapa24 X:46 Y:84
21/07/2009 1:07:39 Transporto a Action hacia Mapa24 X:43 Y:80
21/07/2009 1:07:40 Transporto a Action hacia Mapa24 X:44 Y:79
21/07/2009 1:07:40 Transporto a Action hacia Mapa24 X:42 Y:75
21/07/2009 1:07:40 Transporto a Action hacia Mapa24 X:43 Y:74
21/07/2009 1:07:40 Transporto a Action hacia Mapa24 X:42 Y:68
21/07/2009 1:07:41 Transporto a Action hacia Mapa24 X:41 Y:62
21/07/2009 1:07:41 Transporto a Action hacia Mapa24 X:40 Y:56
21/07/2009 1:07:41 Transporto a Action hacia Mapa24 X:39 Y:50
21/07/2009 1:07:42 Transporto a Action hacia Mapa24 X:40 Y:50
21/07/2009 1:07:42 Transporto a Action hacia Mapa24 X:39 Y:45
21/07/2009 1:07:42 Transporto a Action hacia Mapa24 X:40 Y:45
21/07/2009 1:07:42 Transporto a Action hacia Mapa24 X:39 Y:40
21/07/2009 1:07:42 Transporto a Action hacia Mapa24 X:38 Y:35
21/07/2009 1:07:43 Transporto a Action hacia Mapa24 X:37 Y:37
21/07/2009 1:07:43 Transporto a Action hacia Mapa24 X:35 Y:35
21/07/2009 1:07:43 Transporto a Action hacia Mapa24 X:34 Y:38
21/07/2009 1:07:43 Transporto a Action hacia Mapa24 X:32 Y:38
21/07/2009 1:07:43 Transporto a Action hacia Mapa24 X:29 Y:41
21/07/2009 1:07:44 Transporto a Action hacia Mapa24 X:29 Y:41
21/07/2009 1:07:44 Transporto a Action hacia Mapa24 X:28 Y:43
21/07/2009 1:07:44 Transporto a Action hacia Mapa24 X:31 Y:42
21/07/2009 1:07:44 Transporto a Action hacia Mapa24 X:30 Y:44
21/07/2009 1:07:45 Transporto a Action hacia Mapa24 X:34 Y:43
21/07/2009 1:07:45 Transporto a Action hacia Mapa24 X:33 Y:44
21/07/2009 1:07:52 Transporto a Action hacia Mapa24 X:30 Y:43
21/07/2009 1:07:54 /DEST
21/07/2009 1:07:57 Transporto a Action hacia Mapa24 X:30 Y:43
21/07/2009 1:07:59 /DEST
21/07/2009 1:08:00 Transporto a Action hacia Mapa24 X:27 Y:43
21/07/2009 1:08:00 Transporto a Action hacia Mapa24 X:24 Y:42
21/07/2009 1:09:16 Transporto a Action hacia Mapa22 X:82 Y:50
21/07/2009 1:09:16 Transporto a Action hacia Mapa22 X:82 Y:50
21/07/2009 1:09:16 Transporto a Action hacia Mapa22 X:78 Y:48
21/07/2009 1:09:17 Transporto a Action hacia Mapa22 X:74 Y:46
21/07/2009 1:09:17 Transporto a Action hacia Mapa22 X:70 Y:44
21/07/2009 1:09:17 Transporto a Action hacia Mapa22 X:69 Y:45
21/07/2009 1:09:17 Transporto a Action hacia Mapa22 X:65 Y:43
21/07/2009 1:09:17 Transporto a Action hacia Mapa22 X:64 Y:44
21/07/2009 1:09:18 Transporto a Action hacia Mapa22 X:60 Y:42
21/07/2009 1:09:18 Transporto a Action hacia Mapa22 X:60 Y:43
21/07/2009 1:09:18 Transporto a Action hacia Mapa22 X:55 Y:41
21/07/2009 1:09:18 Transporto a Action hacia Mapa22 X:50 Y:40
21/07/2009 1:09:19 Transporto a Action hacia Mapa22 X:45 Y:39
21/07/2009 1:09:19 Transporto a Action hacia Mapa22 X:45 Y:39
21/07/2009 1:09:19 Transporto a Action hacia Mapa22 X:41 Y:39
21/07/2009 1:09:19 Transporto a Action hacia Mapa22 X:42 Y:40
21/07/2009 1:09:19 Transporto a Action hacia Mapa22 X:38 Y:39
21/07/2009 1:09:20 Transporto a Action hacia Mapa22 X:39 Y:41
21/07/2009 1:09:20 Transporto a Action hacia Mapa22 X:35 Y:39
21/07/2009 1:09:20 Transporto a Action hacia Mapa22 X:36 Y:41
21/07/2009 1:09:20 Transporto a Action hacia Mapa22 X:33 Y:41
21/07/2009 1:09:20 Transporto a Action hacia Mapa22 X:32 Y:41
21/07/2009 1:09:21 Transporto a Action hacia Mapa22 X:28 Y:41
21/07/2009 1:09:21 Transporto a Action hacia Mapa22 X:24 Y:41
21/07/2009 1:09:22 Transporto a Action hacia Mapa22 X:20 Y:41
21/07/2009 1:09:22 Transporto a Action hacia Mapa22 X:20 Y:41
