20/07/2009 4:34:00 Se conecto con ip:201.250.86.116
20/07/2009 4:34:03 Transporto a ASD hacia Mapa46 X:30 Y:43
20/07/2009 4:34:03 Transporto a ASD hacia Mapa46 X:28 Y:43
20/07/2009 4:34:03 Transporto a ASD hacia Mapa46 X:25 Y:43
20/07/2009 4:34:05 Transporto a ASD hacia Mapa46 X:22 Y:44
20/07/2009 4:34:05 Transporto a ASD hacia Mapa46 X:19 Y:44
20/07/2009 4:34:08 Transporto a ASD hacia Mapa46 X:12 Y:40
20/07/2009 4:34:18 Transporto a ASD hacia Mapa34 X:50 Y:50
20/07/2009 4:34:20 Transporto a ASD hacia Mapa34 X:48 Y:50
20/07/2009 4:34:20 Transporto a ASD hacia Mapa34 X:45 Y:49
20/07/2009 4:34:21 Transporto a ASD hacia Mapa34 X:42 Y:49
20/07/2009 4:34:22 Agarro:10000 Objeto:Poción Violeta
20/07/2009 4:34:24 Transporto a ASD hacia Mapa34 X:39 Y:47
20/07/2009 4:34:24 Transporto a ASD hacia Mapa34 X:39 Y:47
20/07/2009 4:34:24 Transporto a ASD hacia Mapa34 X:36 Y:50
20/07/2009 4:34:25 Transporto a ASD hacia Mapa34 X:32 Y:53
20/07/2009 4:34:25 Transporto a ASD hacia Mapa34 X:28 Y:56
20/07/2009 4:34:25 Transporto a ASD hacia Mapa34 X:24 Y:59
20/07/2009 4:34:26 Transporto a ASD hacia Mapa34 X:22 Y:56
20/07/2009 4:34:26 Transporto a ASD hacia Mapa34 X:22 Y:53
20/07/2009 4:34:27 Transporto a ASD hacia Mapa34 X:22 Y:50
20/07/2009 4:34:28 Transporto a ASD hacia Mapa34 X:22 Y:46
20/07/2009 4:34:29 Transporto a ASD hacia Mapa34 X:21 Y:48
20/07/2009 4:34:40 Transporto a ASD hacia Mapa34 X:13 Y:60
20/07/2009 4:34:40 Transporto a ASD hacia Mapa34 X:14 Y:66
20/07/2009 4:34:40 Transporto a ASD hacia Mapa34 X:14 Y:65
20/07/2009 4:34:40 Transporto a ASD hacia Mapa34 X:15 Y:70
20/07/2009 4:34:40 Transporto a ASD hacia Mapa34 X:16 Y:75
20/07/2009 4:34:41 Transporto a ASD hacia Mapa34 X:18 Y:80
20/07/2009 4:34:41 Transporto a ASD hacia Mapa34 X:23 Y:79
20/07/2009 4:34:42 Transporto a ASD hacia Mapa34 X:25 Y:75
20/07/2009 4:34:43 Transporto a ASD hacia Mapa34 X:23 Y:71
20/07/2009 4:34:47 Transporto a ASD hacia Mapa34 X:27 Y:77
20/07/2009 4:35:09 /MOD ASD HEAD 4
20/07/2009 4:35:15 /MOD ASD BODY 83
20/07/2009 4:35:33 Agarro:1 Objeto:Espada de plata +1
20/07/2009 4:35:34 Transporto a ASD hacia Mapa63 X:50 Y:40
20/07/2009 4:35:35 Transporto a ASD hacia Mapa63 X:55 Y:39
20/07/2009 4:35:36 Transporto a ASD hacia Mapa63 X:59 Y:38
20/07/2009 4:35:45 Transporto a ASD hacia Mapa2 X:58 Y:33
20/07/2009 4:35:45 Transporto a ASD hacia Mapa2 X:57 Y:29
20/07/2009 4:35:47 Transporto a ASD hacia Mapa2 X:60 Y:28
20/07/2009 4:35:48 Agarro:1 Objeto:Escudo de reflección (Resistencia mágica +30)
20/07/2009 4:35:48 Agarro:1 Objeto:Escudo de reflección (Resistencia mágica +30)
20/07/2009 4:35:48 Agarro:1 Objeto:Escudo de reflección (Resistencia mágica +30)
20/07/2009 4:35:49 Agarro:1 Objeto:Trono
20/07/2009 4:35:50 Agarro:1 Objeto:Escudo de reflección (Resistencia mágica +30)
20/07/2009 4:35:50 Agarro:1 Objeto:Escudo de reflección (Resistencia mágica +30)
20/07/2009 4:35:50 Agarro:1 Objeto:Pendiente del sacrificio
20/07/2009 4:35:51 Agarro:1 Objeto:Trono
20/07/2009 4:35:51 Agarro:1 Objeto:Chuleta
20/07/2009 4:35:52 Agarro:1 Objeto:Chuleta
20/07/2009 4:35:52 Agarro:1 Objeto:Pendiente del sacrificio
20/07/2009 4:35:52 Agarro:1 Objeto:Pendiente del sacrificio
20/07/2009 4:35:53 Agarro:1 Objeto:Pendiente del sacrificio
20/07/2009 4:35:53 Agarro:1 Objeto:Chuleta
20/07/2009 4:35:55 Agarro:1 Objeto:Pendiente del sacrificio
20/07/2009 4:35:56 Agarro:1 Objeto:Pendiente del sacrificio
20/07/2009 4:35:56 Agarro:5998 Objeto:Poción Roja
20/07/2009 4:35:57 Agarro:6000 Objeto:Poción Azul
20/07/2009 4:35:57 Agarro:1 Objeto:Pendiente del sacrificio
20/07/2009 4:35:58 Agarro:1 Objeto:Pendiente del sacrificio
20/07/2009 4:36:00 Transporto a ASD hacia Mapa2 X:60 Y:36
20/07/2009 4:36:00 Agarro:10000 Objeto:Monedas de oro
20/07/2009 4:36:02 Transporto a ASD hacia Mapa2 X:55 Y:32
20/07/2009 4:36:02 Transporto a ASD hacia Mapa2 X:47 Y:28
20/07/2009 4:36:03 Transporto a ASD hacia Mapa2 X:42 Y:30
20/07/2009 4:36:04 Transporto a ASD hacia Mapa2 X:40 Y:32
20/07/2009 4:36:04 Transporto a ASD hacia Mapa2 X:40 Y:33
20/07/2009 4:36:05 Transporto a ASD hacia Mapa2 X:41 Y:32
20/07/2009 4:36:07 Transporto a ASD hacia Mapa2 X:42 Y:33
20/07/2009 4:36:07 Transporto a ASD hacia Mapa2 X:43 Y:35
20/07/2009 4:36:07 Transporto a ASD hacia Mapa2 X:45 Y:39
20/07/2009 4:36:09 Agarro:10000 Objeto:Monedas de oro
20/07/2009 4:36:09 Agarro:10000 Objeto:Monedas de oro
20/07/2009 4:36:09 Agarro:10000 Objeto:Monedas de oro
20/07/2009 4:36:10 Agarro:10000 Objeto:Monedas de oro
20/07/2009 4:36:11 Agarro:10000 Objeto:Monedas de oro
20/07/2009 4:36:18 Agarro:10000 Objeto:Monedas de oro
20/07/2009 4:36:18 Agarro:10000 Objeto:Monedas de oro
20/07/2009 5:10:08 Se conecto con ip:201.250.86.116
20/07/2009 5:10:12 Transporto a asd hacia Mapa2 X:45 Y:42
20/07/2009 5:10:12 Transporto a asd hacia Mapa2 X:48 Y:41
20/07/2009 5:10:12 Transporto a asd hacia Mapa2 X:51 Y:40
20/07/2009 5:10:13 Transporto a asd hacia Mapa2 X:53 Y:38
20/07/2009 5:10:13 Transporto a asd hacia Mapa2 X:54 Y:33
20/07/2009 5:10:13 Transporto a asd hacia Mapa2 X:56 Y:28
20/07/2009 5:10:14 Transporto a asd hacia Mapa2 X:58 Y:23
20/07/2009 5:10:14 Transporto a asd hacia Mapa2 X:59 Y:19
20/07/2009 5:10:14 Transporto a asd hacia Mapa2 X:57 Y:15
20/07/2009 5:10:14 Transporto a asd hacia Mapa2 X:55 Y:11
20/07/2009 5:10:15 Transporto a asd hacia Mapa2 X:55 Y:11
20/07/2009 5:10:19 Transporto a asd hacia Mapa1 X:62 Y:82
20/07/2009 5:10:20 Transporto a asd hacia Mapa1 X:66 Y:78
20/07/2009 5:10:33 Transporto a asd hacia Mapa1 X:76 Y:62
20/07/2009 5:10:33 Transporto a asd hacia Mapa1 X:75 Y:58
20/07/2009 5:10:33 Transporto a asd hacia Mapa1 X:74 Y:54
20/07/2009 5:10:33 Transporto a asd hacia Mapa1 X:72 Y:51
20/07/2009 5:10:34 Transporto a asd hacia Mapa1 X:69 Y:49
20/07/2009 5:10:34 Transporto a asd hacia Mapa1 X:65 Y:48
20/07/2009 5:10:34 Transporto a asd hacia Mapa1 X:64 Y:48
20/07/2009 5:10:35 Transporto a asd hacia Mapa1 X:61 Y:46
20/07/2009 5:10:35 Transporto a asd hacia Mapa1 X:59 Y:45
20/07/2009 5:10:48 Se conecto con ip:201.250.86.116
20/07/2009 5:10:53 Se conecto con ip:201.250.86.116
20/07/2009 5:10:57 Se conecto con ip:201.250.86.116
20/07/2009 5:11:02 Sumoneo Mago Malvado respawn: 0
20/07/2009 5:11:51 /MATAMago malvado
20/07/2009 5:12:09 Sumoneo Gran Dragón Verde respawn: 0
20/07/2009 5:12:33 /MATAGran Dragón Verde
20/07/2009 5:12:35 Transporto a asd hacia Mapa1 X:56 Y:47
20/07/2009 5:12:35 Transporto a asd hacia Mapa1 X:60 Y:45
20/07/2009 5:12:36 Transporto a asd hacia Mapa1 X:59 Y:46
20/07/2009 5:12:41 Transporto a asd hacia Mapa1 X:59 Y:43
20/07/2009 5:12:51 Creo item: -
20/07/2009 5:12:53 Agarro:1 Objeto:Rodela
20/07/2009 5:13:00 Creo item: -
20/07/2009 5:13:03 /DEST
20/07/2009 5:13:07 Creo item: -
20/07/2009 5:13:07 Agarro:1 Objeto:Espada mata dragones 
20/07/2009 5:13:19 /MOD ASD EXP 9999999999
20/07/2009 5:13:28 /MOD ASD LEVEL 50
20/07/2009 5:13:55 Creo item: -
20/07/2009 5:13:56 Agarro:1 Objeto:Armadura Caos (Mujer)
20/07/2009 5:17:07 Creo item: -
20/07/2009 5:17:08 Agarro:1 Objeto:Armadura Legendaria
20/07/2009 5:19:16 Creo item: -
20/07/2009 5:19:18 Agarro:1 Objeto:Vestimentas Reforzadas
20/07/2009 5:19:30 Transporto a asd hacia Mapa1 X:42 Y:35
20/07/2009 5:19:31 Transporto a asd hacia Mapa1 X:38 Y:37
20/07/2009 5:19:32 Transporto a asd hacia Mapa1 X:34 Y:40
20/07/2009 5:19:32 Transporto a asd hacia Mapa1 X:33 Y:40
20/07/2009 5:19:32 Transporto a asd hacia Mapa1 X:27 Y:42
20/07/2009 5:19:32 Transporto a asd hacia Mapa1 X:23 Y:40
20/07/2009 5:19:33 Transporto a asd hacia Mapa1 X:23 Y:37
20/07/2009 5:19:33 Transporto a asd hacia Mapa1 X:25 Y:36
20/07/2009 5:19:35 Transporto a asd hacia Mapa1 X:28 Y:38
20/07/2009 5:19:36 Transporto a asd hacia Mapa1 X:30 Y:40
20/07/2009 5:19:36 Transporto a asd hacia Mapa1 X:34 Y:44
20/07/2009 5:19:36 Transporto a asd hacia Mapa1 X:37 Y:48
20/07/2009 5:19:36 Transporto a asd hacia Mapa1 X:40 Y:52
20/07/2009 5:19:37 Transporto a asd hacia Mapa1 X:40 Y:56
20/07/2009 5:19:37 Transporto a asd hacia Mapa1 X:39 Y:59
20/07/2009 5:19:38 Transporto a asd hacia Mapa1 X:46 Y:62
20/07/2009 5:19:42 Transporto a asd hacia Mapa1 X:53 Y:63
20/07/2009 5:19:42 Transporto a asd hacia Mapa1 X:59 Y:63
20/07/2009 5:19:42 Transporto a asd hacia Mapa1 X:65 Y:63
20/07/2009 5:19:43 Transporto a asd hacia Mapa1 X:63 Y:64
20/07/2009 5:19:44 Transporto a asd hacia Mapa1 X:59 Y:65
20/07/2009 5:19:44 Transporto a asd hacia Mapa1 X:54 Y:64
20/07/2009 5:19:44 Transporto a asd hacia Mapa1 X:49 Y:63
20/07/2009 5:19:44 Transporto a asd hacia Mapa1 X:49 Y:63
20/07/2009 5:19:45 Transporto a asd hacia Mapa1 X:44 Y:62
20/07/2009 5:19:45 Transporto a asd hacia Mapa1 X:39 Y:62
20/07/2009 5:19:45 Transporto a asd hacia Mapa1 X:35 Y:62
20/07/2009 5:19:46 Transporto a asd hacia Mapa1 X:30 Y:63
20/07/2009 5:19:46 Transporto a asd hacia Mapa1 X:28 Y:65
20/07/2009 5:19:47 Transporto a asd hacia Mapa1 X:28 Y:65
20/07/2009 5:19:47 Transporto a asd hacia Mapa1 X:28 Y:65
20/07/2009 7:15:02 Se conecto con ip:201.250.86.116
20/07/2009 7:15:08 Transporto a asd hacia Mapa1 X:28 Y:66
20/07/2009 7:15:08 Transporto a asd hacia Mapa1 X:28 Y:62
20/07/2009 7:15:09 Transporto a asd hacia Mapa1 X:28 Y:61
20/07/2009 7:15:09 Transporto a asd hacia Mapa1 X:29 Y:56
20/07/2009 7:15:09 Transporto a asd hacia Mapa1 X:30 Y:51
20/07/2009 7:15:09 Transporto a asd hacia Mapa1 X:32 Y:46
20/07/2009 7:15:22 /mod asd level 1
20/07/2009 7:16:00 Transporto a asd hacia Mapa37 X:79 Y:66
20/07/2009 7:16:00 Transporto a asd hacia Mapa37 X:79 Y:70
20/07/2009 7:16:00 Transporto a asd hacia Mapa37 X:77 Y:74
20/07/2009 7:16:01 Transporto a asd hacia Mapa37 X:77 Y:76
20/07/2009 7:16:01 Transporto a asd hacia Mapa37 X:77 Y:80
20/07/2009 7:16:06 /IRA asd Mapa:37 X:77 Y:81
20/07/2009 7:16:10 /IRA asd Mapa:37 X:77 Y:82
20/07/2009 7:16:22 Transporto a asd hacia Mapa1 X:52 Y:21
20/07/2009 7:16:24 Transporto a asd hacia Mapa1 X:54 Y:25
20/07/2009 7:16:25 Transporto a asd hacia Mapa1 X:55 Y:28
20/07/2009 7:16:25 Transporto a asd hacia Mapa1 X:56 Y:31
20/07/2009 7:16:25 Transporto a asd hacia Mapa1 X:56 Y:34
20/07/2009 7:16:37 Transporto a asd hacia Mapa142 X:50 Y:50
20/07/2009 7:16:40 Transporto a asd hacia Mapa142 X:51 Y:54
20/07/2009 7:16:40 Transporto a asd hacia Mapa142 X:52 Y:58
20/07/2009 7:16:40 Transporto a asd hacia Mapa142 X:53 Y:62
20/07/2009 7:16:40 Transporto a asd hacia Mapa142 X:55 Y:66
20/07/2009 7:16:41 Transporto a asd hacia Mapa142 X:57 Y:70
20/07/2009 7:16:41 Transporto a asd hacia Mapa142 X:60 Y:73
20/07/2009 7:16:41 Transporto a asd hacia Mapa142 X:61 Y:73
20/07/2009 7:16:41 Transporto a asd hacia Mapa142 X:65 Y:76
20/07/2009 7:16:41 Transporto a asd hacia Mapa142 X:66 Y:76
20/07/2009 7:16:43 Transporto a asd hacia Mapa142 X:69 Y:73
20/07/2009 7:16:43 Transporto a asd hacia Mapa142 X:66 Y:72
20/07/2009 7:16:43 Transporto a asd hacia Mapa142 X:67 Y:68
20/07/2009 7:16:47 Transporto a asd hacia Mapa142 X:68 Y:66
20/07/2009 7:17:11 Transporto a asd hacia Mapa231 X:50 Y:50
20/07/2009 7:17:14 Transporto a asd hacia Mapa231 X:52 Y:53
20/07/2009 7:17:22 Transporto a asd hacia Mapa231 X:65 Y:31
20/07/2009 7:17:22 Transporto a asd hacia Mapa231 X:69 Y:30
20/07/2009 7:17:22 Transporto a asd hacia Mapa231 X:70 Y:30
20/07/2009 7:17:23 Transporto a asd hacia Mapa231 X:72 Y:27
20/07/2009 7:17:23 Transporto a asd hacia Mapa231 X:73 Y:24
20/07/2009 7:17:23 Transporto a asd hacia Mapa231 X:74 Y:20
20/07/2009 7:17:23 Transporto a asd hacia Mapa231 X:74 Y:20
20/07/2009 7:17:24 Transporto a asd hacia Mapa231 X:75 Y:22
20/07/2009 7:17:25 Transporto a asd hacia Mapa231 X:75 Y:24
20/07/2009 7:17:25 Transporto a asd hacia Mapa231 X:74 Y:26
20/07/2009 7:17:25 Transporto a asd hacia Mapa231 X:72 Y:28
20/07/2009 7:17:25 Transporto a asd hacia Mapa231 X:71 Y:31
20/07/2009 7:17:25 Transporto a asd hacia Mapa231 X:71 Y:31
20/07/2009 7:17:26 Transporto a asd hacia Mapa231 X:72 Y:34
20/07/2009 7:17:26 Transporto a asd hacia Mapa231 X:74 Y:37
20/07/2009 7:17:26 Transporto a asd hacia Mapa231 X:73 Y:41
20/07/2009 7:17:26 Transporto a asd hacia Mapa231 X:74 Y:45
20/07/2009 7:17:27 Transporto a asd hacia Mapa231 X:75 Y:49
20/07/2009 7:17:27 Transporto a asd hacia Mapa231 X:78 Y:53
20/07/2009 7:17:27 Transporto a asd hacia Mapa231 X:79 Y:52
20/07/2009 7:17:27 Transporto a asd hacia Mapa231 X:85 Y:53
20/07/2009 7:17:28 Transporto a asd hacia Mapa231 X:91 Y:50
20/07/2009 7:17:28 Transporto a asd hacia Mapa231 X:90 Y:47
20/07/2009 7:17:29 Transporto a asd hacia Mapa231 X:87 Y:48
20/07/2009 7:17:29 Transporto a asd hacia Mapa231 X:86 Y:48
20/07/2009 7:17:30 Transporto a asd hacia Mapa231 X:82 Y:51
20/07/2009 7:17:30 Transporto a asd hacia Mapa231 X:82 Y:55
20/07/2009 7:17:30 Transporto a asd hacia Mapa231 X:82 Y:55
20/07/2009 7:17:31 Transporto a asd hacia Mapa231 X:82 Y:59
20/07/2009 7:17:31 Transporto a asd hacia Mapa231 X:82 Y:63
20/07/2009 7:17:31 Transporto a asd hacia Mapa231 X:82 Y:67
20/07/2009 7:17:31 Transporto a asd hacia Mapa231 X:81 Y:66
20/07/2009 7:17:32 Transporto a asd hacia Mapa231 X:78 Y:68
20/07/2009 7:17:32 Transporto a asd hacia Mapa231 X:74 Y:69
20/07/2009 7:17:32 Transporto a asd hacia Mapa231 X:70 Y:69
20/07/2009 7:17:32 Transporto a asd hacia Mapa231 X:66 Y:69
20/07/2009 7:17:33 Transporto a asd hacia Mapa231 X:66 Y:69
20/07/2009 7:17:33 Transporto a asd hacia Mapa231 X:67 Y:69
20/07/2009 7:17:33 Transporto a asd hacia Mapa231 X:68 Y:69
20/07/2009 7:17:34 Transporto a asd hacia Mapa231 X:69 Y:69
20/07/2009 7:17:34 Transporto a asd hacia Mapa231 X:70 Y:69
20/07/2009 7:17:35 Transporto a asd hacia Mapa231 X:70 Y:69
20/07/2009 7:17:35 Transporto a asd hacia Mapa231 X:70 Y:69
20/07/2009 7:17:35 Transporto a asd hacia Mapa231 X:70 Y:69
20/07/2009 7:17:35 Transporto a asd hacia Mapa231 X:70 Y:69
20/07/2009 7:17:36 Transporto a asd hacia Mapa231 X:70 Y:69
20/07/2009 7:17:47 Transporto a asd hacia Mapa76 X:50 Y:50
20/07/2009 7:17:58 Transporto a asd hacia Mapa76 X:58 Y:53
20/07/2009 7:17:58 Transporto a asd hacia Mapa76 X:59 Y:53
20/07/2009 7:17:59 Transporto a asd hacia Mapa76 X:64 Y:54
20/07/2009 7:17:59 Transporto a asd hacia Mapa76 X:69 Y:55
20/07/2009 7:17:59 Transporto a asd hacia Mapa76 X:70 Y:55
20/07/2009 7:17:59 Transporto a asd hacia Mapa76 X:75 Y:56
20/07/2009 7:17:59 Transporto a asd hacia Mapa76 X:81 Y:57
20/07/2009 7:18:00 Transporto a asd hacia Mapa76 X:87 Y:58
20/07/2009 7:18:00 Transporto a asd hacia Mapa76 X:91 Y:59
20/07/2009 7:18:03 Transporto a asd hacia Mapa70 X:13 Y:58
20/07/2009 7:18:04 Transporto a asd hacia Mapa70 X:16 Y:57
20/07/2009 7:18:04 Transporto a asd hacia Mapa70 X:19 Y:56
20/07/2009 7:18:05 Transporto a asd hacia Mapa70 X:22 Y:55
20/07/2009 7:18:05 Transporto a asd hacia Mapa70 X:25 Y:53
20/07/2009 7:18:05 Transporto a asd hacia Mapa70 X:25 Y:53
20/07/2009 7:18:05 Transporto a asd hacia Mapa70 X:28 Y:51
20/07/2009 7:18:05 Transporto a asd hacia Mapa70 X:31 Y:49
20/07/2009 7:18:05 Transporto a asd hacia Mapa70 X:34 Y:47
20/07/2009 7:18:06 Transporto a asd hacia Mapa70 X:37 Y:45
20/07/2009 7:18:06 Transporto a asd hacia Mapa70 X:41 Y:43
20/07/2009 7:18:06 Transporto a asd hacia Mapa70 X:45 Y:40
20/07/2009 7:18:07 Transporto a asd hacia Mapa70 X:49 Y:37
20/07/2009 7:18:07 Transporto a asd hacia Mapa70 X:53 Y:34
20/07/2009 7:18:07 Transporto a asd hacia Mapa70 X:57 Y:31
20/07/2009 7:18:07 Transporto a asd hacia Mapa70 X:61 Y:28
20/07/2009 7:18:08 Transporto a asd hacia Mapa70 X:65 Y:25
20/07/2009 7:18:08 Transporto a asd hacia Mapa70 X:69 Y:22
20/07/2009 7:18:08 Transporto a asd hacia Mapa70 X:73 Y:19
20/07/2009 7:18:09 Transporto a asd hacia Mapa70 X:77 Y:16
20/07/2009 7:18:09 Transporto a asd hacia Mapa70 X:77 Y:17
20/07/2009 7:18:09 Transporto a asd hacia Mapa70 X:80 Y:16
20/07/2009 7:18:09 Transporto a asd hacia Mapa70 X:81 Y:16
20/07/2009 7:18:09 Transporto a asd hacia Mapa70 X:82 Y:16
20/07/2009 7:18:10 Transporto a asd hacia Mapa70 X:84 Y:16
20/07/2009 7:18:10 Transporto a asd hacia Mapa70 X:84 Y:16
20/07/2009 7:18:10 Transporto a asd hacia Mapa70 X:85 Y:16
20/07/2009 7:18:10 Transporto a asd hacia Mapa70 X:86 Y:16
20/07/2009 7:18:11 Transporto a asd hacia Mapa70 X:89 Y:14
20/07/2009 7:18:12 Transporto a asd hacia Mapa70 X:92 Y:10
20/07/2009 7:18:13 Transporto a asd hacia Mapa54 X:11 Y:8
20/07/2009 7:18:13 Transporto a asd hacia Mapa54 X:11 Y:10
20/07/2009 7:18:13 Transporto a asd hacia Mapa54 X:12 Y:7
20/07/2009 7:18:13 Transporto a asd hacia Mapa55 X:15 Y:89
20/07/2009 7:18:14 Transporto a asd hacia Mapa55 X:18 Y:85
20/07/2009 7:18:14 Transporto a asd hacia Mapa55 X:22 Y:81
20/07/2009 7:18:14 Transporto a asd hacia Mapa55 X:27 Y:79
20/07/2009 7:18:14 Transporto a asd hacia Mapa55 X:33 Y:78
20/07/2009 7:18:15 Transporto a asd hacia Mapa55 X:39 Y:77
20/07/2009 7:18:15 Transporto a asd hacia Mapa55 X:44 Y:75
20/07/2009 7:18:15 Transporto a asd hacia Mapa55 X:44 Y:74
20/07/2009 7:18:15 Transporto a asd hacia Mapa55 X:49 Y:71
20/07/2009 7:18:15 Transporto a asd hacia Mapa55 X:54 Y:68
20/07/2009 7:18:16 Transporto a asd hacia Mapa55 X:58 Y:65
20/07/2009 7:18:16 Transporto a asd hacia Mapa55 X:57 Y:61
20/07/2009 7:18:16 Transporto a asd hacia Mapa55 X:56 Y:57
20/07/2009 7:18:16 Transporto a asd hacia Mapa55 X:55 Y:57
20/07/2009 7:18:17 Transporto a asd hacia Mapa55 X:53 Y:53
20/07/2009 7:18:17 Transporto a asd hacia Mapa55 X:51 Y:49
20/07/2009 7:18:17 Transporto a asd hacia Mapa55 X:50 Y:45
20/07/2009 7:18:17 Transporto a asd hacia Mapa55 X:50 Y:41
20/07/2009 7:18:18 Transporto a asd hacia Mapa55 X:51 Y:37
20/07/2009 7:18:18 Transporto a asd hacia Mapa55 X:53 Y:32
20/07/2009 7:18:18 Transporto a asd hacia Mapa55 X:55 Y:27
20/07/2009 7:18:19 Transporto a asd hacia Mapa55 X:55 Y:22
20/07/2009 7:18:19 Transporto a asd hacia Mapa55 X:55 Y:22
20/07/2009 7:18:19 Transporto a asd hacia Mapa55 X:55 Y:17
20/07/2009 7:18:19 Transporto a asd hacia Mapa55 X:55 Y:13
20/07/2009 7:18:19 Transporto a asd hacia Mapa55 X:55 Y:9
20/07/2009 7:18:20 Transporto a asd hacia Mapa55 X:54 Y:7
20/07/2009 7:18:21 Transporto a asd hacia Mapa55 X:54 Y:7
20/07/2009 7:18:21 Transporto a asd hacia Mapa56 X:53 Y:91
20/07/2009 7:18:21 Transporto a asd hacia Mapa56 X:53 Y:92
20/07/2009 7:18:21 Transporto a asd hacia Mapa56 X:52 Y:91
20/07/2009 7:18:22 Transporto a asd hacia Mapa56 X:54 Y:88
20/07/2009 7:18:22 Transporto a asd hacia Mapa56 X:56 Y:84
20/07/2009 7:18:22 Transporto a asd hacia Mapa56 X:58 Y:80
20/07/2009 7:18:22 Transporto a asd hacia Mapa56 X:58 Y:76
20/07/2009 7:18:22 Transporto a asd hacia Mapa56 X:57 Y:72
20/07/2009 7:18:23 Transporto a asd hacia Mapa56 X:56 Y:68
20/07/2009 7:18:23 Transporto a asd hacia Mapa56 X:57 Y:64
20/07/2009 7:18:23 Transporto a asd hacia Mapa56 X:59 Y:60
20/07/2009 7:18:24 Transporto a asd hacia Mapa56 X:59 Y:56
20/07/2009 7:18:24 Transporto a asd hacia Mapa56 X:58 Y:56
20/07/2009 7:18:24 Transporto a asd hacia Mapa56 X:57 Y:52
20/07/2009 7:18:24 Transporto a asd hacia Mapa56 X:57 Y:47
20/07/2009 7:18:25 Transporto a asd hacia Mapa56 X:57 Y:42
20/07/2009 7:18:25 Transporto a asd hacia Mapa56 X:56 Y:37
20/07/2009 7:18:25 Transporto a asd hacia Mapa56 X:54 Y:32
20/07/2009 7:18:26 Transporto a asd hacia Mapa56 X:52 Y:27
20/07/2009 7:18:26 Transporto a asd hacia Mapa56 X:51 Y:22
20/07/2009 7:18:26 Transporto a asd hacia Mapa56 X:51 Y:16
20/07/2009 7:18:26 Transporto a asd hacia Mapa56 X:51 Y:16
20/07/2009 7:18:26 Transporto a asd hacia Mapa56 X:52 Y:10
20/07/2009 7:18:28 Transporto a asd hacia Mapa56 X:53 Y:10
20/07/2009 7:18:28 Transporto a asd hacia Mapa56 X:54 Y:9
20/07/2009 7:18:29 Transporto a asd hacia Mapa56 X:56 Y:8
20/07/2009 7:18:29 Transporto a asd hacia Mapa56 X:56 Y:7
20/07/2009 7:18:29 Transporto a asd hacia Mapa57 X:56 Y:91
20/07/2009 7:18:29 Transporto a asd hacia Mapa57 X:56 Y:91
20/07/2009 7:18:30 Transporto a asd hacia Mapa57 X:56 Y:88
20/07/2009 7:18:30 Transporto a asd hacia Mapa57 X:56 Y:84
20/07/2009 7:18:30 Transporto a asd hacia Mapa57 X:56 Y:80
20/07/2009 7:18:31 Transporto a asd hacia Mapa57 X:56 Y:76
20/07/2009 7:18:31 Transporto a asd hacia Mapa57 X:56 Y:72
20/07/2009 7:18:31 Transporto a asd hacia Mapa57 X:56 Y:68
20/07/2009 7:18:32 Transporto a asd hacia Mapa57 X:56 Y:64
20/07/2009 7:18:32 Transporto a asd hacia Mapa57 X:55 Y:60
20/07/2009 7:18:32 Transporto a asd hacia Mapa57 X:55 Y:56
20/07/2009 7:18:32 Transporto a asd hacia Mapa57 X:55 Y:52
20/07/2009 7:18:33 Transporto a asd hacia Mapa57 X:55 Y:48
20/07/2009 7:18:33 Transporto a asd hacia Mapa57 X:55 Y:43
20/07/2009 7:18:33 Transporto a asd hacia Mapa57 X:55 Y:38
20/07/2009 7:18:34 Transporto a asd hacia Mapa57 X:55 Y:33
20/07/2009 7:18:34 Transporto a asd hacia Mapa57 X:55 Y:28
20/07/2009 7:18:34 Transporto a asd hacia Mapa57 X:55 Y:23
20/07/2009 7:18:35 Transporto a asd hacia Mapa57 X:55 Y:18
20/07/2009 7:18:35 Transporto a asd hacia Mapa57 X:55 Y:13
20/07/2009 7:18:35 Transporto a asd hacia Mapa57 X:55 Y:8
20/07/2009 7:18:37 Transporto a asd hacia Mapa57 X:55 Y:7
20/07/2009 7:18:37 Transporto a asd hacia Mapa57 X:55 Y:7
20/07/2009 7:18:41 Transporto a asd hacia Mapa58 X:51 Y:82
20/07/2009 7:18:41 Transporto a asd hacia Mapa58 X:47 Y:78
20/07/2009 7:18:42 Transporto a asd hacia Mapa58 X:44 Y:73
20/07/2009 7:18:42 Transporto a asd hacia Mapa58 X:44 Y:69
20/07/2009 7:18:42 Transporto a asd hacia Mapa58 X:45 Y:65
20/07/2009 7:18:43 Transporto a asd hacia Mapa58 X:47 Y:61
20/07/2009 7:18:43 Transporto a asd hacia Mapa58 X:47 Y:57
20/07/2009 7:18:43 Transporto a asd hacia Mapa58 X:46 Y:57
20/07/2009 7:18:43 Transporto a asd hacia Mapa58 X:46 Y:53
20/07/2009 7:18:43 Transporto a asd hacia Mapa58 X:47 Y:49
20/07/2009 7:18:44 Transporto a asd hacia Mapa58 X:48 Y:45
20/07/2009 7:18:44 Transporto a asd hacia Mapa58 X:49 Y:41
20/07/2009 7:18:44 Transporto a asd hacia Mapa58 X:49 Y:38
20/07/2009 7:18:44 Transporto a asd hacia Mapa58 X:48 Y:35
20/07/2009 7:18:45 Transporto a asd hacia Mapa58 X:48 Y:35
20/07/2009 7:18:45 Transporto a asd hacia Mapa58 X:48 Y:31
20/07/2009 7:18:45 Transporto a asd hacia Mapa58 X:48 Y:27
20/07/2009 7:18:45 Transporto a asd hacia Mapa58 X:48 Y:23
20/07/2009 7:18:46 Transporto a asd hacia Mapa58 X:47 Y:19
20/07/2009 7:18:46 Transporto a asd hacia Mapa58 X:46 Y:15
20/07/2009 7:18:46 Transporto a asd hacia Mapa58 X:43 Y:12
20/07/2009 7:18:46 Transporto a asd hacia Mapa58 X:40 Y:9
20/07/2009 7:18:47 Transporto a asd hacia Mapa58 X:41 Y:7
20/07/2009 7:18:48 Transporto a asd hacia Mapa59 X:43 Y:92
20/07/2009 7:18:51 Transporto a asd hacia Mapa59 X:47 Y:82
20/07/2009 7:18:54 Transporto a asd hacia Mapa59 X:47 Y:76
20/07/2009 7:18:54 Transporto a asd hacia Mapa59 X:47 Y:71
20/07/2009 7:18:55 Transporto a asd hacia Mapa59 X:49 Y:66
20/07/2009 7:18:55 Transporto a asd hacia Mapa59 X:51 Y:61
20/07/2009 7:18:55 Transporto a asd hacia Mapa59 X:54 Y:56
20/07/2009 7:18:55 Transporto a asd hacia Mapa59 X:57 Y:54
20/07/2009 7:18:56 Transporto a asd hacia Mapa59 X:58 Y:51
20/07/2009 7:18:56 Transporto a asd hacia Mapa59 X:56 Y:51
20/07/2009 7:18:56 Transporto a asd hacia Mapa59 X:55 Y:48
20/07/2009 7:18:56 Transporto a asd hacia Mapa59 X:52 Y:45
20/07/2009 7:18:57 Transporto a asd hacia Mapa59 X:49 Y:42
20/07/2009 7:18:58 Transporto a asd hacia Mapa59 X:47 Y:39
20/07/2009 7:18:59 Transporto a asd hacia Mapa59 X:45 Y:35
20/07/2009 7:18:59 Transporto a asd hacia Mapa59 X:44 Y:30
20/07/2009 7:18:59 Transporto a asd hacia Mapa59 X:43 Y:25
20/07/2009 7:18:59 Transporto a asd hacia Mapa59 X:39 Y:21
20/07/2009 7:19:00 Transporto a asd hacia Mapa59 X:38 Y:17
20/07/2009 7:19:01 Transporto a asd hacia Mapa59 X:37 Y:13
20/07/2009 7:19:02 Transporto a asd hacia Mapa59 X:32 Y:11
20/07/2009 7:19:02 Transporto a asd hacia Mapa59 X:26 Y:10
20/07/2009 7:19:03 Transporto a asd hacia Mapa59 X:22 Y:11
20/07/2009 7:19:03 Transporto a asd hacia Mapa59 X:26 Y:11
20/07/2009 7:19:04 Transporto a asd hacia Mapa59 X:28 Y:10
20/07/2009 7:19:04 Transporto a asd hacia Mapa59 X:34 Y:9
20/07/2009 7:19:04 Transporto a asd hacia Mapa59 X:41 Y:7
20/07/2009 7:19:04 Transporto a asd hacia Mapa59 X:41 Y:7
20/07/2009 7:19:05 Transporto a asd hacia Mapa59 X:45 Y:9
20/07/2009 7:19:06 Transporto a asd hacia Mapa59 X:49 Y:11
20/07/2009 7:19:06 Transporto a asd hacia Mapa59 X:51 Y:14
20/07/2009 7:19:06 Transporto a asd hacia Mapa59 X:56 Y:13
20/07/2009 7:19:07 Transporto a asd hacia Mapa59 X:54 Y:8
20/07/2009 7:19:12 Transporto a asd hacia Mapa60 X:46 Y:80
20/07/2009 7:19:13 Transporto a asd hacia Mapa60 X:39 Y:77
20/07/2009 7:19:19 Transporto a asd hacia Mapa60 X:29 Y:60
20/07/2009 7:19:26 Transporto a asd hacia Mapa60 X:33 Y:64
20/07/2009 7:19:37 Transporto a asd hacia Mapa60 X:39 Y:82
20/07/2009 7:19:51 Transporto a asd hacia Mapa60 X:30 Y:74
20/07/2009 7:19:52 Agarro:10000 Objeto:Monedas de oro
20/07/2009 7:19:54 Tiro cantidad:10000 Objeto:Monedas de oro
20/07/2009 7:19:56 Transporto a asd hacia Mapa60 X:35 Y:79
20/07/2009 7:19:57 Transporto a asd hacia Mapa60 X:36 Y:80
20/07/2009 7:20:16 Transporto a asd hacia Mapa60 X:53 Y:66
20/07/2009 7:20:17 Transporto a asd hacia Mapa60 X:58 Y:65
20/07/2009 7:20:17 Transporto a asd hacia Mapa60 X:63 Y:64
20/07/2009 7:20:17 Transporto a asd hacia Mapa60 X:67 Y:62
20/07/2009 7:20:18 Transporto a asd hacia Mapa60 X:71 Y:60
20/07/2009 7:20:18 Transporto a asd hacia Mapa60 X:69 Y:59
20/07/2009 7:20:18 Transporto a asd hacia Mapa60 X:71 Y:56
20/07/2009 7:20:18 Transporto a asd hacia Mapa60 X:73 Y:54
20/07/2009 7:20:20 Transporto a asd hacia Mapa60 X:70 Y:46
20/07/2009 7:20:20 Transporto a asd hacia Mapa60 X:68 Y:43
20/07/2009 7:20:21 Transporto a asd hacia Mapa60 X:67 Y:40
20/07/2009 7:20:21 Transporto a asd hacia Mapa60 X:68 Y:38
20/07/2009 7:20:22 Transporto a asd hacia Mapa60 X:69 Y:36
20/07/2009 7:20:22 Transporto a asd hacia Mapa60 X:69 Y:32
20/07/2009 7:20:22 Transporto a asd hacia Mapa60 X:69 Y:30
20/07/2009 7:20:23 Transporto a asd hacia Mapa60 X:70 Y:30
20/07/2009 7:20:23 Transporto a asd hacia Mapa60 X:72 Y:27
20/07/2009 7:20:23 Transporto a asd hacia Mapa60 X:72 Y:27
20/07/2009 7:20:23 Transporto a asd hacia Mapa60 X:74 Y:24
20/07/2009 7:20:23 Transporto a asd hacia Mapa60 X:74 Y:23
20/07/2009 7:20:23 Transporto a asd hacia Mapa60 X:76 Y:20
20/07/2009 7:20:24 Transporto a asd hacia Mapa60 X:79 Y:18
20/07/2009 7:20:48 Transporto a asd hacia Mapa60 X:66 Y:33
20/07/2009 7:20:49 Transporto a asd hacia Mapa60 X:60 Y:33
20/07/2009 7:20:50 Transporto a asd hacia Mapa60 X:55 Y:32
20/07/2009 7:20:51 Transporto a asd hacia Mapa60 X:55 Y:27
20/07/2009 7:20:52 Transporto a asd hacia Mapa60 X:53 Y:23
20/07/2009 7:20:53 Transporto a asd hacia Mapa60 X:50 Y:22
20/07/2009 7:20:53 Transporto a asd hacia Mapa60 X:46 Y:20
20/07/2009 7:20:54 Transporto a asd hacia Mapa60 X:42 Y:18
20/07/2009 7:20:54 Transporto a asd hacia Mapa60 X:39 Y:16
20/07/2009 7:21:11 Tiro cantidad:1 Objeto:Trono
20/07/2009 7:21:13 Tiro cantidad:1 Objeto:Trono
20/07/2009 7:21:18 Transporto a asd hacia Mapa60 X:45 Y:12
20/07/2009 7:21:21 Tiro cantidad:1 Objeto:Escudo de reflección (Resistencia mágica +30)
20/07/2009 7:21:23 Transporto a asd hacia Mapa60 X:42 Y:12
20/07/2009 7:21:26 Tiro cantidad:1 Objeto:Escudo de reflección (Resistencia mágica +30)
20/07/2009 7:21:28 Transporto a asd hacia Mapa60 X:41 Y:12
20/07/2009 7:21:30 Tiro cantidad:1 Objeto:Espada de plata +1
20/07/2009 7:21:32 Transporto a asd hacia Mapa60 X:46 Y:12
20/07/2009 7:21:52 /mod asd level 50
20/07/2009 7:21:54 Tiro cantidad:1 Objeto:Espada mata dragones 
20/07/2009 7:21:56 Transporto a asd hacia Mapa60 X:43 Y:14
20/07/2009 7:21:59 Transporto a asd hacia Mapa60 X:43 Y:12
20/07/2009 7:22:01 Tiro cantidad:1 Objeto:Armadura Legendaria
20/07/2009 7:22:02 Transporto a asd hacia Mapa60 X:44 Y:12
20/07/2009 7:22:05 Tiro cantidad:1 Objeto:Vestimentas Reforzadas
20/07/2009 7:22:06 Transporto a asd hacia Mapa60 X:45 Y:14
20/07/2009 7:22:19 Tiro cantidad:1 Objeto:Poción Violeta
20/07/2009 7:22:21 Tiro cantidad:1 Objeto:Poción Violeta
20/07/2009 7:22:24 Tiro cantidad:1 Objeto:Poción Violeta
20/07/2009 7:22:26 Tiro cantidad:1 Objeto:Poción Violeta
20/07/2009 7:22:27 Tiro cantidad:1 Objeto:Poción Violeta
20/07/2009 7:22:30 Tiro cantidad:1 Objeto:Poción Violeta
20/07/2009 7:22:31 Tiro cantidad:1 Objeto:Poción Violeta
20/07/2009 7:22:32 Tiro cantidad:1 Objeto:Poción Violeta
20/07/2009 7:22:34 Tiro cantidad:1 Objeto:Poción Violeta
20/07/2009 7:22:35 Tiro cantidad:1 Objeto:Poción Violeta
20/07/2009 7:22:36 Agarro:1 Objeto:Trono
20/07/2009 7:22:36 Agarro:1 Objeto:Trono
20/07/2009 7:22:40 Tiro cantidad:1 Objeto:Trono
20/07/2009 7:22:41 Tiro cantidad:1 Objeto:Trono
20/07/2009 7:22:47 Tiro cantidad:1 Objeto:Poción Violeta
20/07/2009 7:22:48 Tiro cantidad:1 Objeto:Poción Violeta
20/07/2009 7:22:50 Tiro cantidad:1 Objeto:Poción Violeta
20/07/2009 7:22:51 Tiro cantidad:1 Objeto:Poción Violeta
20/07/2009 7:22:56 Tiro cantidad:1 Objeto:Pendiente del sacrificio
20/07/2009 7:22:57 Tiro cantidad:1 Objeto:Pendiente del sacrificio
20/07/2009 7:23:43 Transporto a asd hacia Mapa60 X:43 Y:14
20/07/2009 7:23:54 /BLOQ
20/07/2009 7:24:01 /BLOQ
20/07/2009 7:24:04 /BLOQ
20/07/2009 7:24:08 /BLOQ
20/07/2009 7:24:16 /BLOQ
20/07/2009 7:24:21 /BLOQ
20/07/2009 7:24:25 /BLOQ
20/07/2009 7:24:30 /BLOQ
20/07/2009 7:24:34 /BLOQ
20/07/2009 7:24:37 /BLOQ
20/07/2009 7:24:41 /BLOQ
20/07/2009 7:24:54 /BLOQ
20/07/2009 7:24:58 /BLOQ
20/07/2009 7:25:01 /BLOQ
20/07/2009 7:25:07 /BLOQ
20/07/2009 7:25:11 /BLOQ
20/07/2009 7:25:22 Transporto a asd hacia Mapa60 X:46 Y:20
20/07/2009 7:25:26 Transporto a asd hacia Mapa60 X:46 Y:12
20/07/2009 7:25:28 /BLOQ
20/07/2009 7:25:30 Transporto a asd hacia Mapa60 X:45 Y:12
20/07/2009 7:25:33 Transporto a asd hacia Mapa60 X:44 Y:12
20/07/2009 7:25:35 Transporto a asd hacia Mapa60 X:44 Y:13
20/07/2009 7:25:35 Transporto a asd hacia Mapa60 X:46 Y:16
20/07/2009 7:25:36 Transporto a asd hacia Mapa60 X:46 Y:17
20/07/2009 7:25:40 Transporto a asd hacia Mapa60 X:45 Y:12
20/07/2009 7:25:42 /BLOQ
20/07/2009 7:25:44 Transporto a asd hacia Mapa60 X:44 Y:12
20/07/2009 7:25:47 /BLOQ
20/07/2009 7:25:48 Transporto a asd hacia Mapa60 X:43 Y:12
20/07/2009 7:25:51 /BLOQ
20/07/2009 7:25:51 Transporto a asd hacia Mapa60 X:42 Y:12
20/07/2009 7:25:53 /BLOQ
20/07/2009 7:25:54 Transporto a asd hacia Mapa60 X:41 Y:12
20/07/2009 7:25:57 /BLOQ
20/07/2009 7:26:00 Agarro:1 Objeto:Espada de plata +1
20/07/2009 7:26:02 Tiro cantidad:1 Objeto:Espada de plata +1
20/07/2009 7:26:05 /BLOQ
20/07/2009 7:26:06 Agarro:1 Objeto:Espada de plata +1
20/07/2009 7:26:07 Tiro cantidad:1 Objeto:Espada de plata +1
20/07/2009 7:26:10 Transporto a asd hacia Mapa60 X:41 Y:15
20/07/2009 7:26:11 Transporto a asd hacia Mapa60 X:42 Y:16
20/07/2009 7:26:12 Agarro:1 Objeto:Poción Violeta
20/07/2009 7:26:15 Tiro cantidad:1 Objeto:Poción Violeta
20/07/2009 7:26:28 Transporto a asd hacia Mapa60 X:44 Y:15
20/07/2009 7:26:29 Agarro:1 Objeto:Pendiente del sacrificio
20/07/2009 7:26:30 Tiro cantidad:1 Objeto:Escudo de reflección (Resistencia mágica +30)
20/07/2009 7:26:32 Transporto a asd hacia Mapa60 X:43 Y:15
20/07/2009 7:26:33 Agarro:1 Objeto:Pendiente del sacrificio
20/07/2009 7:26:35 Tiro cantidad:1 Objeto:Escudo de reflección (Resistencia mágica +30)
20/07/2009 7:27:31 Creo item: -
20/07/2009 7:27:32 Agarro:400 Objeto:Escudo de reflección (Resistencia mágica +30)
20/07/2009 7:27:36 Transporto a asd hacia Mapa60 X:45 Y:14
20/07/2009 7:27:37 Agarro:1 Objeto:Poción Violeta
20/07/2009 7:27:39 Tiro cantidad:1 Objeto:Escudo de reflección (Resistencia mágica +30)
20/07/2009 7:27:40 Transporto a asd hacia Mapa60 X:45 Y:15
20/07/2009 7:27:41 Agarro:1 Objeto:Poción Violeta
20/07/2009 7:27:43 Tiro cantidad:1 Objeto:Escudo de reflección (Resistencia mágica +30)
20/07/2009 7:27:45 Transporto a asd hacia Mapa60 X:45 Y:16
20/07/2009 7:27:48 Agarro:1 Objeto:Poción Violeta
20/07/2009 7:27:49 Tiro cantidad:1 Objeto:Escudo de reflección (Resistencia mágica +30)
20/07/2009 7:27:51 Transporto a asd hacia Mapa60 X:45 Y:17
20/07/2009 7:27:51 Agarro:1 Objeto:Poción Violeta
20/07/2009 7:27:54 Tiro cantidad:1 Objeto:Escudo de reflección (Resistencia mágica +30)
20/07/2009 7:27:55 Transporto a asd hacia Mapa60 X:45 Y:18
20/07/2009 7:27:58 Agarro:1 Objeto:Poción Violeta
20/07/2009 7:27:59 Tiro cantidad:1 Objeto:Escudo de reflección (Resistencia mágica +30)
20/07/2009 7:28:01 Transporto a asd hacia Mapa60 X:45 Y:19
20/07/2009 7:28:01 Agarro:1 Objeto:Poción Violeta
20/07/2009 7:28:02 Tiro cantidad:1 Objeto:Escudo de reflección (Resistencia mágica +30)
20/07/2009 7:28:04 Transporto a asd hacia Mapa60 X:45 Y:20
20/07/2009 7:28:04 Agarro:1 Objeto:Poción Violeta
20/07/2009 7:28:06 Tiro cantidad:1 Objeto:Escudo de reflección (Resistencia mágica +30)
20/07/2009 7:28:10 Transporto a asd hacia Mapa60 X:42 Y:14
20/07/2009 7:28:11 Agarro:1 Objeto:Poción Violeta
20/07/2009 7:28:12 Tiro cantidad:1 Objeto:Escudo de reflección (Resistencia mágica +30)
20/07/2009 7:28:14 Transporto a asd hacia Mapa60 X:42 Y:15
20/07/2009 7:28:14 Agarro:1 Objeto:Poción Violeta
20/07/2009 7:28:15 Tiro cantidad:1 Objeto:Escudo de reflección (Resistencia mágica +30)
20/07/2009 7:28:16 Agarro:1 Objeto:Escudo de reflección (Resistencia mágica +30)
20/07/2009 7:28:16 Transporto a asd hacia Mapa60 X:42 Y:16
20/07/2009 7:28:18 Transporto a asd hacia Mapa60 X:42 Y:15
20/07/2009 7:28:20 Tiro cantidad:1 Objeto:Escudo de reflección (Resistencia mágica +30)
20/07/2009 7:28:21 Transporto a asd hacia Mapa60 X:42 Y:16
20/07/2009 7:28:21 Agarro:1 Objeto:Poción Violeta
20/07/2009 7:28:22 Tiro cantidad:1 Objeto:Escudo de reflección (Resistencia mágica +30)
20/07/2009 7:28:24 Transporto a asd hacia Mapa60 X:42 Y:17
20/07/2009 7:28:26 Agarro:1 Objeto:Poción Violeta
20/07/2009 7:28:28 Tiro cantidad:1 Objeto:Escudo de reflección (Resistencia mágica +30)
20/07/2009 7:28:30 Transporto a asd hacia Mapa60 X:42 Y:18
20/07/2009 7:28:32 Agarro:1 Objeto:Poción Violeta
20/07/2009 7:28:33 Tiro cantidad:1 Objeto:Escudo de reflección (Resistencia mágica +30)
20/07/2009 7:28:35 Transporto a asd hacia Mapa60 X:42 Y:19
20/07/2009 7:28:36 Agarro:1 Objeto:Poción Violeta
20/07/2009 7:28:36 Tiro cantidad:1 Objeto:Escudo de reflección (Resistencia mágica +30)
20/07/2009 7:28:38 Transporto a asd hacia Mapa60 X:42 Y:20
20/07/2009 7:28:38 Agarro:1 Objeto:Poción Violeta
20/07/2009 7:28:40 Tiro cantidad:1 Objeto:Escudo de reflección (Resistencia mágica +30)
20/07/2009 7:28:52 Transporto a asd hacia Mapa60 X:44 Y:14
20/07/2009 7:28:58 /BLOQ
20/07/2009 7:29:01 /BLOQ
20/07/2009 7:29:04 Transporto a asd hacia Mapa60 X:43 Y:16
20/07/2009 7:29:08 Transporto a asd hacia Mapa60 X:46 Y:19
20/07/2009 7:29:16 Sumoneo Gladiador respawn: 0
20/07/2009 7:29:18 Sumoneo Gladiador respawn: 0
20/07/2009 7:29:24 Se conecto con ip:201.250.86.116
20/07/2009 7:29:27 Sumoneo Liche respawn: 0
20/07/2009 7:29:28 Sumoneo Liche respawn: 0
20/07/2009 7:29:43 /MATALiche
20/07/2009 7:29:49 /MATALiche
20/07/2009 7:29:55 Transporto a asd hacia Mapa60 X:46 Y:19
20/07/2009 7:29:56 Transporto a asd hacia Mapa60 X:47 Y:19
20/07/2009 7:30:02 /MATAGladiador
20/07/2009 7:30:07 /MATAGladiador
20/07/2009 7:32:18 Transporto a asd hacia Mapa60 X:44 Y:14
20/07/2009 7:32:19 Agarro:1 Objeto:Trono
20/07/2009 7:32:22 Tiro cantidad:1 Objeto:Trono
20/07/2009 7:32:29 Transporto a asd hacia Mapa60 X:43 Y:18
20/07/2009 7:32:30 Transporto a asd hacia Mapa60 X:43 Y:21
20/07/2009 7:33:44 /BANIPLIST
20/07/2009 7:33:53 /INFO 
20/07/2009 7:34:45 /INV 
20/07/2009 7:34:50 /INV ASD
20/07/2009 7:34:55 /SKILLS ASD
20/07/2009 7:36:08 Transporto a asd hacia Mapa1 X:40 Y:40
20/07/2009 7:36:09 Transporto a asd hacia Mapa1 X:45 Y:44
20/07/2009 7:36:10 Transporto a asd hacia Mapa1 X:51 Y:48
20/07/2009 7:36:11 Transporto a asd hacia Mapa1 X:55 Y:46
20/07/2009 7:36:12 Transporto a asd hacia Mapa1 X:57 Y:44
20/07/2009 7:36:13 Transporto a asd hacia Mapa1 X:58 Y:42
20/07/2009 7:36:29 /CT: 60 44 21
20/07/2009 7:36:43 Transporto a asd hacia Mapa1 X:50 Y:50
20/07/2009 7:37:25 /CT: 1 64 51
20/07/2009 7:37:54 Transporto a asd hacia Mapa60 X:41 Y:41
20/07/2009 7:37:55 Transporto a asd hacia Mapa60 X:39 Y:37
20/07/2009 7:37:59 Transporto a asd hacia Mapa60 X:44 Y:45
20/07/2009 7:37:59 Transporto a asd hacia Mapa60 X:45 Y:42
20/07/2009 7:37:59 Transporto a asd hacia Mapa60 X:46 Y:38
20/07/2009 7:38:00 Transporto a asd hacia Mapa60 X:46 Y:38
20/07/2009 7:38:00 Transporto a asd hacia Mapa60 X:46 Y:34
20/07/2009 7:38:00 Transporto a asd hacia Mapa60 X:46 Y:34
20/07/2009 7:38:00 Transporto a asd hacia Mapa60 X:45 Y:30
20/07/2009 7:38:00 Transporto a asd hacia Mapa60 X:44 Y:26
20/07/2009 7:38:00 Transporto a asd hacia Mapa60 X:43 Y:26
20/07/2009 7:38:01 Transporto a asd hacia Mapa60 X:43 Y:22
20/07/2009 7:38:01 Transporto a asd hacia Mapa60 X:43 Y:17
20/07/2009 7:38:03 Transporto a asd hacia Mapa60 X:44 Y:19
20/07/2009 7:38:09 /DT
20/07/2009 7:38:18 /CT: 1 64 51
20/07/2009 7:38:29 Transporto a asd hacia Mapa60 X:46 Y:18
20/07/2009 7:38:31 Tiro cantidad:1 Objeto:Pendiente del sacrificio
20/07/2009 7:38:32 Tiro cantidad:1 Objeto:Pendiente del sacrificio
20/07/2009 7:38:33 Tiro cantidad:1 Objeto:Pendiente del sacrificio
20/07/2009 7:38:35 Tiro cantidad:1 Objeto:Pendiente del sacrificio
20/07/2009 7:38:36 Tiro cantidad:1 Objeto:Pendiente del sacrificio
20/07/2009 7:38:37 Tiro cantidad:1 Objeto:Pendiente del sacrificio
20/07/2009 7:38:40 Tiro cantidad:1 Objeto:Pendiente del sacrificio
20/07/2009 7:38:40 Tiro cantidad:1 Objeto:Pendiente del sacrificio
20/07/2009 7:39:18 Creo item: -
20/07/2009 7:39:22 Se conecto con ip:201.250.86.116
20/07/2009 7:39:31 Creo item: -
20/07/2009 7:39:32 Agarro:100 Objeto:Pendiente del sacrificio
20/07/2009 7:39:34 Tiro cantidad:1 Objeto:Pendiente del sacrificio
20/07/2009 7:39:35 Tiro cantidad:1 Objeto:Pendiente del sacrificio
20/07/2009 7:39:37 Tiro cantidad:1 Objeto:Pendiente del sacrificio
20/07/2009 7:39:38 Tiro cantidad:1 Objeto:Pendiente del sacrificio
20/07/2009 7:39:39 Tiro cantidad:1 Objeto:Pendiente del sacrificio
20/07/2009 7:39:41 Tiro cantidad:1 Objeto:Pendiente del sacrificio
20/07/2009 7:39:42 Transporto a asd hacia Mapa60 X:41 Y:14
20/07/2009 7:39:44 Tiro cantidad:1 Objeto:Pendiente del sacrificio
20/07/2009 7:39:46 Tiro cantidad:1 Objeto:Pendiente del sacrificio
20/07/2009 7:39:47 Tiro cantidad:1 Objeto:Pendiente del sacrificio
20/07/2009 7:39:48 Tiro cantidad:1 Objeto:Pendiente del sacrificio
20/07/2009 7:39:49 Tiro cantidad:1 Objeto:Pendiente del sacrificio
20/07/2009 7:39:50 Tiro cantidad:1 Objeto:Pendiente del sacrificio
20/07/2009 7:39:51 Tiro cantidad:1 Objeto:Pendiente del sacrificio
20/07/2009 7:39:53 Tiro cantidad:1 Objeto:Pendiente del sacrificio
20/07/2009 7:39:54 Tiro cantidad:1 Objeto:Pendiente del sacrificio
20/07/2009 7:39:55 Tiro cantidad:1 Objeto:Pendiente del sacrificio
20/07/2009 7:39:56 Tiro cantidad:1 Objeto:Pendiente del sacrificio
20/07/2009 7:39:58 Tiro cantidad:1 Objeto:Pendiente del sacrificio
20/07/2009 7:39:59 Tiro cantidad:1 Objeto:Pendiente del sacrificio
20/07/2009 7:40:00 Tiro cantidad:1 Objeto:Pendiente del sacrificio
20/07/2009 7:40:01 Transporto a asd hacia Mapa60 X:44 Y:16
20/07/2009 7:41:18 Transporto a asd hacia Mapa60 X:52 Y:20
20/07/2009 7:41:18 Transporto a asd hacia Mapa60 X:60 Y:21
20/07/2009 7:41:19 Transporto a asd hacia Mapa60 X:63 Y:18
20/07/2009 7:41:20 Transporto a asd hacia Mapa60 X:67 Y:18
20/07/2009 7:41:20 Transporto a asd hacia Mapa60 X:69 Y:20
20/07/2009 7:41:20 Transporto a asd hacia Mapa60 X:71 Y:24
20/07/2009 7:41:21 Transporto a asd hacia Mapa60 X:73 Y:28
20/07/2009 7:41:21 Transporto a asd hacia Mapa60 X:73 Y:28
20/07/2009 7:41:21 Transporto a asd hacia Mapa60 X:75 Y:32
20/07/2009 7:41:21 Transporto a asd hacia Mapa60 X:77 Y:36
20/07/2009 7:41:22 Transporto a asd hacia Mapa60 X:79 Y:40
20/07/2009 7:41:22 Transporto a asd hacia Mapa60 X:80 Y:44
20/07/2009 7:41:22 Transporto a asd hacia Mapa60 X:78 Y:47
20/07/2009 7:41:22 Transporto a asd hacia Mapa60 X:75 Y:49
20/07/2009 7:41:23 Transporto a asd hacia Mapa60 X:72 Y:51
20/07/2009 7:41:23 Transporto a asd hacia Mapa60 X:69 Y:53
20/07/2009 7:41:24 Transporto a asd hacia Mapa60 X:67 Y:55
20/07/2009 7:41:24 Transporto a asd hacia Mapa60 X:65 Y:57
20/07/2009 7:41:24 Transporto a asd hacia Mapa60 X:63 Y:59
20/07/2009 7:41:24 Transporto a asd hacia Mapa60 X:61 Y:61
20/07/2009 7:41:25 Transporto a asd hacia Mapa60 X:59 Y:63
20/07/2009 7:41:25 Transporto a asd hacia Mapa60 X:57 Y:65
20/07/2009 7:41:25 Transporto a asd hacia Mapa60 X:54 Y:67
20/07/2009 7:41:26 Transporto a asd hacia Mapa60 X:51 Y:69
20/07/2009 7:41:26 Transporto a asd hacia Mapa60 X:48 Y:71
20/07/2009 7:41:26 Transporto a asd hacia Mapa60 X:49 Y:74
20/07/2009 7:41:27 Transporto a asd hacia Mapa60 X:52 Y:77
20/07/2009 7:41:27 Transporto a asd hacia Mapa60 X:53 Y:77
20/07/2009 7:41:27 Transporto a asd hacia Mapa60 X:58 Y:80
20/07/2009 7:41:27 Transporto a asd hacia Mapa60 X:63 Y:83
20/07/2009 7:41:28 Transporto a asd hacia Mapa60 X:66 Y:83
20/07/2009 7:41:28 Transporto a asd hacia Mapa60 X:67 Y:81
20/07/2009 7:41:29 Transporto a asd hacia Mapa60 X:67 Y:79
20/07/2009 7:41:30 Transporto a asd hacia Mapa60 X:67 Y:77
20/07/2009 7:41:30 Transporto a asd hacia Mapa60 X:66 Y:74
20/07/2009 7:41:32 Transporto a asd hacia Mapa60 X:66 Y:75
20/07/2009 7:41:32 Transporto a asd hacia Mapa60 X:65 Y:77
20/07/2009 7:41:32 Transporto a asd hacia Mapa60 X:64 Y:79
20/07/2009 7:41:32 Transporto a asd hacia Mapa60 X:62 Y:81
20/07/2009 7:41:32 Transporto a asd hacia Mapa60 X:59 Y:83
20/07/2009 7:41:33 Transporto a asd hacia Mapa60 X:56 Y:85
20/07/2009 7:41:33 Transporto a asd hacia Mapa60 X:56 Y:87
20/07/2009 7:41:34 Transporto a asd hacia Mapa60 X:61 Y:86
20/07/2009 7:41:34 Transporto a asd hacia Mapa60 X:60 Y:87
20/07/2009 7:41:35 Transporto a asd hacia Mapa60 X:61 Y:87
20/07/2009 7:41:35 Transporto a asd hacia Mapa60 X:62 Y:87
20/07/2009 7:41:36 Transporto a asd hacia Mapa60 X:65 Y:86
20/07/2009 7:41:36 Transporto a asd hacia Mapa60 X:68 Y:84
20/07/2009 7:41:36 Transporto a asd hacia Mapa60 X:68 Y:84
20/07/2009 7:41:37 Transporto a asd hacia Mapa60 X:71 Y:82
20/07/2009 7:41:37 Transporto a asd hacia Mapa60 X:72 Y:80
20/07/2009 7:41:38 Transporto a asd hacia Mapa60 X:70 Y:77
20/07/2009 7:41:38 Transporto a asd hacia Mapa60 X:71 Y:75
20/07/2009 7:41:41 /DEST
20/07/2009 7:41:45 Transporto a asd hacia Mapa60 X:71 Y:73
20/07/2009 7:41:46 /DEST
20/07/2009 7:41:48 Transporto a asd hacia Mapa60 X:73 Y:74
20/07/2009 7:41:53 Transporto a asd hacia Mapa60 X:76 Y:81
20/07/2009 7:41:54 Transporto a asd hacia Mapa60 X:73 Y:84
20/07/2009 7:41:54 Transporto a asd hacia Mapa60 X:65 Y:86
20/07/2009 7:41:54 Transporto a asd hacia Mapa60 X:57 Y:88
20/07/2009 7:41:55 Transporto a asd hacia Mapa60 X:49 Y:90
20/07/2009 7:41:55 Transporto a asd hacia Mapa60 X:41 Y:92
20/07/2009 7:41:56 Transporto a asd hacia Mapa60 X:36 Y:90
20/07/2009 7:41:56 Transporto a asd hacia Mapa60 X:31 Y:88
20/07/2009 7:41:56 Transporto a asd hacia Mapa60 X:26 Y:85
20/07/2009 7:41:57 Transporto a asd hacia Mapa60 X:25 Y:83
20/07/2009 7:41:58 Transporto a asd hacia Mapa60 X:21 Y:81
20/07/2009 7:41:58 Transporto a asd hacia Mapa60 X:17 Y:79
20/07/2009 7:42:01 Transporto a asd hacia Mapa60 X:16 Y:80
20/07/2009 7:42:11 Transporto a asd hacia Mapa60 X:16 Y:75
20/07/2009 7:42:13 Tiro cantidad:1 Objeto:Escudo de reflección (Resistencia mágica +30)
20/07/2009 7:42:14 Transporto a asd hacia Mapa60 X:19 Y:75
20/07/2009 7:42:32 Creo item: -
20/07/2009 7:42:35 Agarro:2 Objeto:Espada Argentum
20/07/2009 7:42:37 Tiro cantidad:1 Objeto:Espada Argentum
20/07/2009 7:42:38 Transporto a asd hacia Mapa60 X:13 Y:75
20/07/2009 7:42:40 Tiro cantidad:1 Objeto:Espada Argentum
20/07/2009 7:42:42 Transporto a asd hacia Mapa60 X:16 Y:78
20/07/2009 7:42:44 Transporto a asd hacia Mapa60 X:13 Y:75
20/07/2009 7:42:47 /BLOQ
20/07/2009 7:42:49 Transporto a asd hacia Mapa60 X:16 Y:75
20/07/2009 7:42:51 /BLOQ
20/07/2009 7:42:52 Transporto a asd hacia Mapa60 X:19 Y:75
20/07/2009 7:42:54 /BLOQ
20/07/2009 7:42:56 Transporto a asd hacia Mapa60 X:17 Y:79
20/07/2009 7:42:57 Transporto a asd hacia Mapa60 X:16 Y:82
20/07/2009 7:42:59 Transporto a asd hacia Mapa60 X:16 Y:86
20/07/2009 7:43:01 Transporto a asd hacia Mapa60 X:16 Y:87
20/07/2009 7:43:01 Transporto a asd hacia Mapa60 X:15 Y:88
20/07/2009 7:43:03 Transporto a asd hacia Mapa60 X:16 Y:87
20/07/2009 7:43:16 Sumoneo Pociones respawn: 0
20/07/2009 7:43:25 /MATAHechizera
20/07/2009 7:43:30 Sumoneo Pociones respawn: 0
20/07/2009 7:43:33 Sumoneo Herrero respawn: 0
20/07/2009 7:43:35 Sumoneo Tabernero respawn: 0
20/07/2009 7:43:37 Sumoneo Provisiones respawn: 0
20/07/2009 7:43:39 Sumoneo Banquero respawn: 0
20/07/2009 7:43:42 Sumoneo Demonio del Caos respawn: 0
20/07/2009 7:43:44 Sumoneo Eluret respawn: 0
20/07/2009 7:43:54 Sumoneo Enfermera respawn: 0
20/07/2009 7:44:18 Sumoneo Sastre respawn: 0
20/07/2009 7:44:21 Sumoneo Vende Todo respawn: 0
20/07/2009 7:46:50 /mod asd head 4
20/07/2009 7:46:57 /mod asd body 76
20/07/2009 7:47:06 /mod asd body 12
20/07/2009 7:47:16 /mod asd body 63
20/07/2009 7:47:36 /mod asd body 63
20/07/2009 7:51:37 Tiro cantidad:1 Objeto:Daga (Newbies)
20/07/2009 7:51:40 Agarro:1 Objeto:Daga (Newbies)
20/07/2009 7:52:54 Creo item: -
20/07/2009 7:52:56 Agarro:1 Objeto:Montura
20/07/2009 7:52:58 Transporto a asd hacia Mapa60 X:23 Y:78
20/07/2009 7:53:13 /MOD ASD LEVEL 1
20/07/2009 7:53:22 /MOD ASD EXP 10000
20/07/2009 7:53:28 /MOD ASD EXP 100000
20/07/2009 7:53:39 /MOD ASD EXP 100000
20/07/2009 7:53:41 /MOD ASD EXP 100000
20/07/2009 7:53:43 /MOD ASD EXP 100000
20/07/2009 7:53:44 /MOD ASD EXP 100000
20/07/2009 7:53:46 /MOD ASD EXP 100000
20/07/2009 7:53:47 /MOD ASD EXP 100000
20/07/2009 7:53:49 /MOD ASD EXP 100000
20/07/2009 7:53:52 /MOD ASD EXP 100000
20/07/2009 7:54:26 /MOD ASD LEVEL 50
20/07/2009 7:54:35 Transporto a asd hacia Mapa60 X:19 Y:83
20/07/2009 7:54:36 Transporto a asd hacia Mapa60 X:16 Y:79
20/07/2009 7:58:27 Sumoneo con respawn Lobo en mapa 60
20/07/2009 7:58:37 Transporto a asd hacia Mapa60 X:18 Y:78
20/07/2009 7:58:41 /DEST
20/07/2009 7:58:55 /MATAEquitador
20/07/2009 7:59:03 Sumoneo con respawn Lobo en mapa 60
20/07/2009 8:00:47 Sumoneo con respawn Goblin en mapa 60
20/07/2009 8:00:54 /MATAMagoLindos
20/07/2009 8:01:05 Sumoneo con respawn Goblin en mapa 60
20/07/2009 8:01:13 /MATAMagoLindos
20/07/2009 8:01:15 Transporto a asd hacia Mapa60 X:22 Y:82
20/07/2009 8:01:21 Sumoneo con respawn Goblin en mapa 60
20/07/2009 8:01:38 Transporto a asd hacia Mapa60 X:22 Y:80
20/07/2009 8:01:45 Sumoneo con respawn Serpiente en mapa 60
20/07/2009 8:01:48 Transporto a asd hacia Mapa60 X:22 Y:81
20/07/2009 8:01:56 /MATAMagoBanderBille
20/07/2009 8:02:02 Sumoneo con respawn Serpiente en mapa 60
20/07/2009 8:02:04 Transporto a asd hacia Mapa60 X:22 Y:80
20/07/2009 8:02:19 Sumoneo con respawn Serpiente en mapa 60
20/07/2009 8:02:21 Transporto a asd hacia Mapa60 X:22 Y:78
20/07/2009 8:02:22 Transporto a asd hacia Mapa60 X:22 Y:79
20/07/2009 8:02:38 Transporto a asd hacia Mapa60 X:22 Y:81
20/07/2009 8:02:41 Transporto a asd hacia Mapa60 X:22 Y:82
20/07/2009 8:02:44 Transporto a asd hacia Mapa60 X:22 Y:83
20/07/2009 8:02:55 Sumoneo con respawn Lobo en mapa 60
20/07/2009 8:02:58 Transporto a asd hacia Mapa60 X:22 Y:84
20/07/2009 8:03:16 Sumoneo con respawn Serpiente en mapa 60
20/07/2009 8:03:18 Transporto a asd hacia Mapa60 X:20 Y:83
20/07/2009 8:04:06 Transporto a asd hacia Mapa60 X:16 Y:87
20/07/2009 8:04:06 Transporto a asd hacia Mapa60 X:13 Y:91
20/07/2009 8:04:07 Transporto a asd hacia Mapa60 X:19 Y:87
20/07/2009 8:04:08 Transporto a asd hacia Mapa60 X:20 Y:84
20/07/2009 8:04:20 Transporto a asd hacia Mapa60 X:19 Y:84
20/07/2009 8:04:20 Sumoneo con respawn Lobo en mapa 60
20/07/2009 8:04:23 Transporto a asd hacia Mapa60 X:20 Y:84
20/07/2009 8:04:59 Sumoneo con respawn Serpiente en mapa 60
20/07/2009 8:05:01 Transporto a asd hacia Mapa60 X:21 Y:84
20/07/2009 8:05:44 Transporto a asd hacia Mapa60 X:16 Y:80
20/07/2009 8:06:13 Transporto a asd hacia Mapa1 X:50 Y:50
20/07/2009 8:06:32 /CT: 60 16 83
20/07/2009 8:06:43 Transporto a asd hacia Mapa1 X:50 Y:50
20/07/2009 8:07:10 /CT: 1 58 45
20/07/2009 8:08:53 Transporto a asd hacia Mapa1 X:52 Y:40
20/07/2009 8:08:55 Transporto a asd hacia Mapa1 X:46 Y:37
20/07/2009 8:09:00 Transporto a asd hacia Mapa1 X:48 Y:36
20/07/2009 8:09:01 Transporto a asd hacia Mapa1 X:55 Y:36
20/07/2009 8:09:01 Transporto a asd hacia Mapa1 X:55 Y:36
20/07/2009 8:09:02 Transporto a asd hacia Mapa1 X:61 Y:36
20/07/2009 8:09:06 Transporto a asd hacia Mapa1 X:60 Y:37
20/07/2009 8:09:19 Transporto a asd hacia Mapa34 X:52 Y:42
20/07/2009 8:09:25 Transporto a asd hacia Mapa34 X:47 Y:39
20/07/2009 8:09:43 Transporto a asd hacia Mapa34 X:42 Y:33
20/07/2009 8:09:47 Transporto a asd hacia Mapa34 X:43 Y:34
20/07/2009 8:09:47 Transporto a asd hacia Mapa34 X:44 Y:35
20/07/2009 8:09:57 Transporto a asd hacia Mapa34 X:32 Y:35
20/07/2009 8:10:41 Creo item: -
20/07/2009 8:10:42 Agarro:1 Objeto:Llave Mansion Nix
20/07/2009 8:10:45 Transporto a asd hacia Mapa34 X:32 Y:31
20/07/2009 8:10:45 Transporto a asd hacia Mapa34 X:32 Y:26
20/07/2009 8:10:46 Transporto a asd hacia Mapa34 X:32 Y:21
20/07/2009 8:10:46 Transporto a asd hacia Mapa34 X:32 Y:21
20/07/2009 8:10:46 Transporto a asd hacia Mapa34 X:32 Y:16
20/07/2009 8:10:46 Transporto a asd hacia Mapa34 X:32 Y:16
20/07/2009 8:10:46 Transporto a asd hacia Mapa34 X:33 Y:11
20/07/2009 8:11:39 Transporto a asd hacia Mapa34 X:31 Y:10
20/07/2009 8:11:39 Transporto a asd hacia Mapa34 X:34 Y:13
20/07/2009 8:11:40 Transporto a asd hacia Mapa34 X:34 Y:17
20/07/2009 8:11:40 Transporto a asd hacia Mapa34 X:34 Y:21
20/07/2009 8:11:41 Transporto a asd hacia Mapa34 X:34 Y:25
20/07/2009 8:11:41 Transporto a asd hacia Mapa34 X:34 Y:29
20/07/2009 8:11:41 Transporto a asd hacia Mapa34 X:34 Y:29
20/07/2009 8:11:44 Transporto a asd hacia Mapa34 X:30 Y:39
20/07/2009 8:11:44 Transporto a asd hacia Mapa34 X:26 Y:42
20/07/2009 8:11:54 Transporto a asd hacia Mapa34 X:19 Y:63
20/07/2009 8:12:36 /mod asd exp 1000000
20/07/2009 8:12:56 /mod asd exp 100000
20/07/2009 8:13:03 /mod asd level 3
20/07/2009 8:13:06 /mod asd exp 100000
20/07/2009 8:13:08 /mod asd exp 100000
20/07/2009 8:13:09 /mod asd exp 100000
20/07/2009 8:13:12 /mod asd exp 100000
20/07/2009 8:13:14 /mod asd exp 100000
20/07/2009 8:13:15 /mod asd exp 100000
20/07/2009 8:13:17 /mod asd exp 100000
20/07/2009 8:13:19 /mod asd exp 100000
20/07/2009 8:13:20 /mod asd exp 100000
20/07/2009 8:13:22 /mod asd exp 100000
20/07/2009 8:13:24 /mod asd exp 100000
20/07/2009 8:13:26 /mod asd exp 100000
20/07/2009 8:13:28 /mod asd exp 100000
20/07/2009 8:13:30 /mod asd exp 100000
20/07/2009 8:13:32 /mod asd exp 100000
20/07/2009 8:13:34 /mod asd exp 100000
20/07/2009 8:13:50 Transporto a asd hacia Mapa34 X:36 Y:82
20/07/2009 8:13:50 Transporto a asd hacia Mapa34 X:42 Y:87
20/07/2009 8:13:51 Transporto a asd hacia Mapa34 X:39 Y:85
20/07/2009 8:14:11 Sumoneo con respawn Lobo en mapa 34
20/07/2009 8:14:21 Tiro cantidad:1 Objeto:Rodela
20/07/2009 8:14:29 Transporto a asd hacia Mapa34 X:38 Y:78
20/07/2009 8:14:29 Transporto a asd hacia Mapa34 X:38 Y:73
20/07/2009 8:14:45 /mod asd exp 100000
20/07/2009 8:14:46 /mod asd exp 100000
20/07/2009 8:14:48 /mod asd exp 100000
20/07/2009 8:14:50 /mod asd exp 100000
20/07/2009 8:14:51 /mod asd exp 100000
20/07/2009 8:14:53 /mod asd exp 100000
20/07/2009 8:14:54 /mod asd exp 100000
20/07/2009 8:14:56 /mod asd exp 100000
20/07/2009 8:15:03 Transporto a asd hacia Mapa34 X:39 Y:79
20/07/2009 8:15:04 Transporto a asd hacia Mapa34 X:39 Y:82
20/07/2009 8:15:05 Transporto a asd hacia Mapa34 X:37 Y:86
20/07/2009 8:15:36 Transporto a asd hacia Mapa183 X:69 Y:50
20/07/2009 8:15:38 Transporto a asd hacia Mapa183 X:76 Y:49
20/07/2009 8:15:38 Transporto a asd hacia Mapa183 X:79 Y:48
20/07/2009 8:15:39 Transporto a asd hacia Mapa183 X:82 Y:49
20/07/2009 8:15:39 Transporto a asd hacia Mapa183 X:86 Y:49
20/07/2009 8:15:39 Transporto a asd hacia Mapa183 X:90 Y:48
20/07/2009 8:15:43 Transporto a asd hacia Mapa184 X:15 Y:49
20/07/2009 8:15:43 Transporto a asd hacia Mapa184 X:17 Y:49
20/07/2009 8:15:44 Transporto a asd hacia Mapa184 X:19 Y:49
20/07/2009 8:15:45 Transporto a asd hacia Mapa184 X:28 Y:50
20/07/2009 8:15:47 Transporto a asd hacia Mapa184 X:27 Y:55
20/07/2009 8:15:48 Transporto a asd hacia Mapa184 X:26 Y:57
20/07/2009 8:15:50 Transporto a asd hacia Mapa184 X:22 Y:62
20/07/2009 8:15:50 Transporto a asd hacia Mapa184 X:21 Y:65
20/07/2009 8:15:50 Transporto a asd hacia Mapa184 X:20 Y:68
20/07/2009 8:15:51 Transporto a asd hacia Mapa184 X:20 Y:71
20/07/2009 8:15:51 Transporto a asd hacia Mapa184 X:22 Y:75
20/07/2009 8:15:51 Transporto a asd hacia Mapa184 X:24 Y:77
20/07/2009 8:15:52 Transporto a asd hacia Mapa184 X:27 Y:78
20/07/2009 8:15:52 Transporto a asd hacia Mapa184 X:29 Y:76
20/07/2009 8:15:52 Transporto a asd hacia Mapa184 X:30 Y:74
20/07/2009 8:15:53 Transporto a asd hacia Mapa184 X:32 Y:71
20/07/2009 8:15:53 Transporto a asd hacia Mapa184 X:33 Y:67
20/07/2009 8:15:53 Transporto a asd hacia Mapa184 X:33 Y:64
20/07/2009 8:15:54 Transporto a asd hacia Mapa184 X:32 Y:61
20/07/2009 8:15:54 Transporto a asd hacia Mapa184 X:32 Y:61
20/07/2009 8:15:54 Transporto a asd hacia Mapa184 X:31 Y:56
20/07/2009 8:15:54 Transporto a asd hacia Mapa184 X:30 Y:52
20/07/2009 8:15:55 Transporto a asd hacia Mapa184 X:29 Y:48
20/07/2009 8:15:55 Transporto a asd hacia Mapa184 X:30 Y:47
20/07/2009 8:15:55 Transporto a asd hacia Mapa184 X:30 Y:42
20/07/2009 8:15:55 Transporto a asd hacia Mapa184 X:31 Y:42
20/07/2009 8:15:56 Transporto a asd hacia Mapa184 X:31 Y:37
20/07/2009 8:15:56 Transporto a asd hacia Mapa184 X:31 Y:36
20/07/2009 8:15:56 Transporto a asd hacia Mapa184 X:31 Y:32
20/07/2009 8:15:56 Transporto a asd hacia Mapa184 X:31 Y:27
20/07/2009 8:15:57 Transporto a asd hacia Mapa184 X:31 Y:23
20/07/2009 8:15:57 Transporto a asd hacia Mapa184 X:33 Y:19
20/07/2009 8:15:57 Transporto a asd hacia Mapa184 X:35 Y:15
20/07/2009 8:15:57 Transporto a asd hacia Mapa184 X:37 Y:11
20/07/2009 8:15:58 Transporto a asd hacia Mapa184 X:41 Y:8
20/07/2009 8:15:58 Transporto a asd hacia Mapa184 X:45 Y:7
20/07/2009 8:15:58 Transporto a asd hacia Mapa185 X:49 Y:92
20/07/2009 8:16:00 Transporto a asd hacia Mapa185 X:49 Y:84
20/07/2009 8:16:02 Transporto a asd hacia Mapa185 X:41 Y:78
20/07/2009 8:16:04 Transporto a asd hacia Mapa185 X:33 Y:76
20/07/2009 8:16:05 Transporto a asd hacia Mapa185 X:29 Y:76
20/07/2009 8:16:06 Transporto a asd hacia Mapa185 X:26 Y:76
20/07/2009 8:16:06 Transporto a asd hacia Mapa185 X:23 Y:76
20/07/2009 8:16:07 Transporto a asd hacia Mapa185 X:20 Y:76
20/07/2009 8:16:07 Transporto a asd hacia Mapa185 X:17 Y:76
20/07/2009 8:16:08 Transporto a asd hacia Mapa185 X:20 Y:75
20/07/2009 8:16:08 Transporto a asd hacia Mapa185 X:19 Y:75
20/07/2009 8:16:08 Transporto a asd hacia Mapa185 X:21 Y:75
20/07/2009 8:16:08 Transporto a asd hacia Mapa185 X:24 Y:75
20/07/2009 8:16:08 Transporto a asd hacia Mapa185 X:28 Y:75
20/07/2009 8:16:09 Transporto a asd hacia Mapa185 X:32 Y:75
20/07/2009 8:16:09 Transporto a asd hacia Mapa185 X:36 Y:75
20/07/2009 8:16:09 Transporto a asd hacia Mapa185 X:36 Y:75
20/07/2009 8:16:09 Transporto a asd hacia Mapa185 X:40 Y:75
20/07/2009 8:16:10 Transporto a asd hacia Mapa185 X:45 Y:75
20/07/2009 8:16:12 Transporto a asd hacia Mapa185 X:56 Y:73
20/07/2009 8:16:12 Transporto a asd hacia Mapa185 X:61 Y:73
20/07/2009 8:16:13 Transporto a asd hacia Mapa185 X:66 Y:73
20/07/2009 8:16:13 Transporto a asd hacia Mapa185 X:69 Y:73
20/07/2009 8:16:14 Transporto a asd hacia Mapa185 X:73 Y:73
20/07/2009 8:16:14 Transporto a asd hacia Mapa185 X:76 Y:73
20/07/2009 8:16:17 Transporto a asd hacia Mapa185 X:87 Y:74
20/07/2009 8:16:20 Transporto a asd hacia Mapa185 X:82 Y:60
20/07/2009 8:16:21 Transporto a asd hacia Mapa185 X:79 Y:54
20/07/2009 8:16:21 Transporto a asd hacia Mapa185 X:76 Y:50
20/07/2009 8:16:23 Transporto a asd hacia Mapa185 X:70 Y:45
20/07/2009 8:16:23 Transporto a asd hacia Mapa185 X:65 Y:42
20/07/2009 8:16:24 Transporto a asd hacia Mapa185 X:60 Y:39
20/07/2009 8:16:24 Transporto a asd hacia Mapa185 X:54 Y:39
20/07/2009 8:16:25 Transporto a asd hacia Mapa185 X:50 Y:40
20/07/2009 8:16:25 Transporto a asd hacia Mapa185 X:47 Y:42
20/07/2009 8:16:25 Transporto a asd hacia Mapa185 X:45 Y:45
20/07/2009 8:16:25 Transporto a asd hacia Mapa185 X:44 Y:48
20/07/2009 8:16:25 Transporto a asd hacia Mapa185 X:46 Y:50
20/07/2009 8:17:36 Creo item: -
20/07/2009 8:17:37 Agarro:1 Objeto:Vestimentas Reforzadas
20/07/2009 8:17:56 Creo item: -
20/07/2009 8:17:57 Agarro:1 Objeto:Armadura placas azul
20/07/2009 8:18:10 Creo item: -
20/07/2009 8:18:11 Agarro:1 Objeto:Armadura de la Ciénaga  
20/07/2009 8:18:27 Creo item: -
20/07/2009 8:18:28 Agarro:1 Objeto:Armadura de placas de gala
20/07/2009 8:18:57 Creo item: -
20/07/2009 8:18:57 Agarro:1 Objeto:Armadura de cuero reforzado
20/07/2009 8:19:16 Creo item: -
20/07/2009 8:19:17 Agarro:1 Objeto:Armadura Tinieblas AO (Hombre)
20/07/2009 8:19:41 Creo item: -
20/07/2009 8:19:42 Agarro:1 Objeto:Casco de legionario
20/07/2009 8:19:49 /mod asd exp 100000
20/07/2009 8:19:51 /mod asd exp 100000
20/07/2009 8:19:54 Transporto a asd hacia Mapa185 X:50 Y:58
20/07/2009 8:19:54 Transporto a asd hacia Mapa185 X:50 Y:59
20/07/2009 8:19:54 Transporto a asd hacia Mapa185 X:50 Y:61
20/07/2009 8:20:38 Creo item: -
20/07/2009 8:20:41 Agarro:1 Objeto:Espada del fuego
20/07/2009 8:21:00 Tiro cantidad:1 Objeto:Espada del fuego
20/07/2009 8:21:01 Agarro:1 Objeto:Espada del fuego
20/07/2009 8:21:22 Transporto a asd hacia Mapa184 X:42 Y:54
20/07/2009 8:21:22 Transporto a asd hacia Mapa184 X:39 Y:53
20/07/2009 8:21:22 Transporto a asd hacia Mapa184 X:36 Y:52
20/07/2009 8:21:23 Transporto a asd hacia Mapa184 X:33 Y:51
20/07/2009 8:21:23 Transporto a asd hacia Mapa184 X:30 Y:50
20/07/2009 8:21:23 Transporto a asd hacia Mapa184 X:27 Y:49
20/07/2009 8:21:23 Transporto a asd hacia Mapa184 X:24 Y:48
20/07/2009 8:21:24 Transporto a asd hacia Mapa184 X:20 Y:48
20/07/2009 8:21:24 Transporto a asd hacia Mapa184 X:16 Y:50
20/07/2009 8:22:03 Transporto a asd hacia Mapa181 X:77 Y:23
20/07/2009 8:22:03 Transporto a asd hacia Mapa181 X:75 Y:18
20/07/2009 8:22:04 Transporto a asd hacia Mapa181 X:74 Y:20
20/07/2009 8:22:12 Transporto a asd hacia Mapa181 X:71 Y:26
20/07/2009 8:22:12 Transporto a asd hacia Mapa181 X:70 Y:30
20/07/2009 8:22:12 Transporto a asd hacia Mapa181 X:69 Y:34
20/07/2009 8:22:13 Transporto a asd hacia Mapa181 X:73 Y:37
20/07/2009 8:22:36 Transporto a asd hacia Mapa181 X:74 Y:44
20/07/2009 8:22:36 Transporto a asd hacia Mapa181 X:72 Y:48
20/07/2009 8:22:37 Transporto a asd hacia Mapa181 X:73 Y:51
20/07/2009 8:22:38 Transporto a asd hacia Mapa181 X:76 Y:53
20/07/2009 8:22:39 Transporto a asd hacia Mapa181 X:78 Y:53
20/07/2009 8:22:40 Transporto a asd hacia Mapa204 X:62 Y:48
20/07/2009 8:22:41 Transporto a asd hacia Mapa181 X:74 Y:57
20/07/2009 8:22:41 Transporto a asd hacia Mapa181 X:70 Y:60
20/07/2009 8:22:42 Transporto a asd hacia Mapa181 X:65 Y:63
20/07/2009 8:22:42 Transporto a asd hacia Mapa181 X:60 Y:66
20/07/2009 8:22:42 Transporto a asd hacia Mapa181 X:55 Y:69
20/07/2009 8:22:43 Transporto a asd hacia Mapa181 X:50 Y:71
20/07/2009 8:22:43 Transporto a asd hacia Mapa181 X:47 Y:69
20/07/2009 8:22:43 Transporto a asd hacia Mapa181 X:46 Y:66
20/07/2009 8:22:43 Transporto a asd hacia Mapa181 X:47 Y:62
20/07/2009 8:22:44 Transporto a asd hacia Mapa181 X:50 Y:59
20/07/2009 8:22:45 Transporto a asd hacia Mapa181 X:51 Y:57
20/07/2009 8:22:45 Transporto a asd hacia Mapa181 X:49 Y:54
20/07/2009 8:22:46 Transporto a asd hacia Mapa181 X:44 Y:51
20/07/2009 8:22:46 Transporto a asd hacia Mapa181 X:39 Y:48
20/07/2009 8:22:46 Transporto a asd hacia Mapa181 X:37 Y:44
20/07/2009 8:22:47 Transporto a asd hacia Mapa181 X:40 Y:42
20/07/2009 8:22:47 Transporto a asd hacia Mapa181 X:45 Y:42
20/07/2009 8:22:48 Transporto a asd hacia Mapa181 X:46 Y:44
20/07/2009 8:22:50 Transporto a asd hacia Mapa181 X:47 Y:47
20/07/2009 8:22:50 Transporto a asd hacia Mapa181 X:47 Y:50
20/07/2009 8:22:50 Transporto a asd hacia Mapa181 X:46 Y:50
20/07/2009 8:22:50 Transporto a asd hacia Mapa181 X:45 Y:53
20/07/2009 8:22:51 Transporto a asd hacia Mapa181 X:44 Y:56
20/07/2009 8:22:51 Transporto a asd hacia Mapa181 X:44 Y:59
20/07/2009 8:22:51 Transporto a asd hacia Mapa181 X:45 Y:62
20/07/2009 8:22:51 Transporto a asd hacia Mapa181 X:45 Y:62
20/07/2009 8:22:52 Transporto a asd hacia Mapa181 X:45 Y:65
20/07/2009 8:22:52 Transporto a asd hacia Mapa181 X:45 Y:68
20/07/2009 8:22:52 Transporto a asd hacia Mapa181 X:45 Y:68
20/07/2009 8:22:52 Transporto a asd hacia Mapa181 X:44 Y:71
20/07/2009 8:22:52 Transporto a asd hacia Mapa181 X:43 Y:71
20/07/2009 8:22:53 Transporto a asd hacia Mapa181 X:41 Y:74
20/07/2009 8:22:53 Transporto a asd hacia Mapa181 X:39 Y:77
20/07/2009 8:22:53 Transporto a asd hacia Mapa181 X:39 Y:80
20/07/2009 8:22:54 Transporto a asd hacia Mapa181 X:38 Y:82
20/07/2009 8:22:54 Transporto a asd hacia Mapa181 X:37 Y:84
20/07/2009 8:22:54 Transporto a asd hacia Mapa181 X:36 Y:87
20/07/2009 8:22:54 Transporto a asd hacia Mapa181 X:36 Y:87
20/07/2009 8:22:55 Transporto a asd hacia Mapa181 X:35 Y:90
20/07/2009 8:22:55 Transporto a asd hacia Mapa181 X:34 Y:92
20/07/2009 8:22:56 Transporto a asd hacia Mapa181 X:34 Y:90
20/07/2009 8:22:57 Transporto a asd hacia Mapa181 X:38 Y:87
20/07/2009 8:22:57 Transporto a asd hacia Mapa181 X:37 Y:87
20/07/2009 8:22:57 Transporto a asd hacia Mapa181 X:39 Y:83
20/07/2009 8:22:57 Transporto a asd hacia Mapa181 X:41 Y:79
20/07/2009 8:22:57 Transporto a asd hacia Mapa181 X:44 Y:75
20/07/2009 8:22:58 Transporto a asd hacia Mapa181 X:47 Y:77
20/07/2009 8:22:58 Transporto a asd hacia Mapa181 X:51 Y:79
20/07/2009 8:22:59 Transporto a asd hacia Mapa181 X:55 Y:81
20/07/2009 8:22:59 Transporto a asd hacia Mapa181 X:58 Y:78
20/07/2009 8:23:00 Transporto a asd hacia Mapa181 X:61 Y:75
20/07/2009 8:23:00 Transporto a asd hacia Mapa181 X:64 Y:73
20/07/2009 8:23:00 Transporto a asd hacia Mapa181 X:67 Y:71
20/07/2009 8:23:01 Transporto a asd hacia Mapa181 X:70 Y:68
20/07/2009 8:23:01 Transporto a asd hacia Mapa181 X:73 Y:65
20/07/2009 8:23:01 Transporto a asd hacia Mapa181 X:76 Y:62
20/07/2009 8:23:01 Transporto a asd hacia Mapa181 X:80 Y:60
20/07/2009 8:23:01 Transporto a asd hacia Mapa181 X:84 Y:58
20/07/2009 8:23:02 Transporto a asd hacia Mapa181 X:87 Y:56
20/07/2009 8:23:02 Transporto a asd hacia Mapa181 X:90 Y:54
20/07/2009 8:23:02 Transporto a asd hacia Mapa181 X:91 Y:51
20/07/2009 8:23:02 Transporto a asd hacia Mapa181 X:91 Y:48
20/07/2009 8:23:03 Transporto a asd hacia Mapa181 X:91 Y:45
20/07/2009 8:23:03 Transporto a asd hacia Mapa181 X:91 Y:42
20/07/2009 8:23:03 Transporto a asd hacia Mapa181 X:91 Y:39
20/07/2009 8:23:03 Transporto a asd hacia Mapa181 X:92 Y:39
20/07/2009 8:23:03 Transporto a asd hacia Mapa182 X:13 Y:36
20/07/2009 8:23:04 Transporto a asd hacia Mapa182 X:13 Y:36
20/07/2009 8:23:04 Transporto a asd hacia Mapa182 X:17 Y:33
20/07/2009 8:23:04 Transporto a asd hacia Mapa182 X:20 Y:30
20/07/2009 8:23:04 Transporto a asd hacia Mapa182 X:20 Y:30
20/07/2009 8:23:04 Transporto a asd hacia Mapa182 X:24 Y:27
20/07/2009 8:26:59 Transporto a asd hacia Mapa34 X:12 Y:69
20/07/2009 8:27:00 Transporto a asd hacia Mapa34 X:13 Y:69
20/07/2009 8:27:08 Transporto a asd hacia Mapa34 X:13 Y:69
20/07/2009 8:27:22 Tiro cantidad:1 Objeto:Pendiente del sacrificio
20/07/2009 8:27:23 Tiro cantidad:1 Objeto:Pendiente del sacrificio
20/07/2009 8:27:57 Agarro:1 Objeto:Pendiente del sacrificio
20/07/2009 8:27:58 Agarro:1 Objeto:Pendiente del sacrificio
20/07/2009 8:28:00 Transporto a asd hacia Mapa34 X:16 Y:70
20/07/2009 8:28:00 Transporto a asd hacia Mapa34 X:20 Y:70
20/07/2009 8:28:01 Transporto a asd hacia Mapa34 X:23 Y:69
20/07/2009 8:28:01 Transporto a asd hacia Mapa34 X:26 Y:68
20/07/2009 8:28:01 Transporto a asd hacia Mapa34 X:27 Y:68
20/07/2009 8:28:01 Transporto a asd hacia Mapa34 X:31 Y:67
20/07/2009 8:28:02 Transporto a asd hacia Mapa34 X:35 Y:66
20/07/2009 8:28:02 Transporto a asd hacia Mapa34 X:40 Y:65
20/07/2009 8:28:02 Transporto a asd hacia Mapa34 X:45 Y:64
20/07/2009 8:28:02 Transporto a asd hacia Mapa34 X:49 Y:62
20/07/2009 8:28:03 Transporto a asd hacia Mapa34 X:52 Y:60
20/07/2009 8:28:03 Transporto a asd hacia Mapa34 X:55 Y:58
20/07/2009 8:28:03 Transporto a asd hacia Mapa34 X:58 Y:57
20/07/2009 8:28:04 Transporto a asd hacia Mapa34 X:56 Y:59
20/07/2009 8:28:11 Transporto a asd hacia Mapa34 X:57 Y:55
20/07/2009 8:28:11 Transporto a asd hacia Mapa34 X:58 Y:52
20/07/2009 8:28:12 Transporto a asd hacia Mapa34 X:58 Y:49
20/07/2009 8:28:12 Transporto a asd hacia Mapa34 X:57 Y:46
20/07/2009 8:28:12 Transporto a asd hacia Mapa34 X:57 Y:46
20/07/2009 8:28:13 Transporto a asd hacia Mapa34 X:52 Y:44
20/07/2009 8:28:16 Transporto a asd hacia Mapa34 X:44 Y:42
20/07/2009 8:28:16 Transporto a asd hacia Mapa34 X:38 Y:42
20/07/2009 8:28:18 Transporto a asd hacia Mapa34 X:42 Y:43
20/07/2009 8:28:18 Transporto a asd hacia Mapa34 X:47 Y:44
20/07/2009 8:28:18 Transporto a asd hacia Mapa34 X:52 Y:45
20/07/2009 8:28:19 Transporto a asd hacia Mapa34 X:56 Y:44
20/07/2009 8:28:19 Transporto a asd hacia Mapa34 X:59 Y:43
20/07/2009 8:28:20 Transporto a asd hacia Mapa34 X:65 Y:42
20/07/2009 8:28:20 Transporto a asd hacia Mapa34 X:71 Y:41
20/07/2009 8:28:55 Transporto a asd hacia Mapa34 X:69 Y:38
20/07/2009 8:28:55 Transporto a asd hacia Mapa34 X:67 Y:33
20/07/2009 8:28:56 Transporto a asd hacia Mapa34 X:67 Y:32
20/07/2009 8:28:56 Transporto a asd hacia Mapa34 X:65 Y:28
20/07/2009 8:28:56 Transporto a asd hacia Mapa34 X:62 Y:24
20/07/2009 8:28:56 Transporto a asd hacia Mapa34 X:59 Y:20
20/07/2009 8:28:56 Transporto a asd hacia Mapa34 X:56 Y:16
20/07/2009 8:28:57 Transporto a asd hacia Mapa34 X:52 Y:12
20/07/2009 8:28:57 Transporto a asd hacia Mapa34 X:48 Y:7
20/07/2009 8:29:00 Transporto a asd hacia Mapa35 X:47 Y:89
20/07/2009 8:29:00 Transporto a asd hacia Mapa35 X:50 Y:84
20/07/2009 8:29:02 Transporto a asd hacia Mapa35 X:37 Y:82
20/07/2009 8:29:06 Transporto a asd hacia Mapa35 X:40 Y:72
20/07/2009 8:29:07 Transporto a asd hacia Mapa35 X:43 Y:70
20/07/2009 8:29:08 Transporto a asd hacia Mapa35 X:46 Y:70
20/07/2009 8:29:08 Transporto a asd hacia Mapa35 X:49 Y:70
20/07/2009 8:29:08 Transporto a asd hacia Mapa35 X:53 Y:70
20/07/2009 8:29:08 Transporto a asd hacia Mapa35 X:57 Y:70
20/07/2009 8:29:09 Transporto a asd hacia Mapa35 X:61 Y:70
20/07/2009 8:29:09 Transporto a asd hacia Mapa35 X:66 Y:70
20/07/2009 8:29:09 Transporto a asd hacia Mapa35 X:71 Y:69
20/07/2009 8:29:10 Transporto a asd hacia Mapa35 X:76 Y:68
20/07/2009 8:29:10 Transporto a asd hacia Mapa35 X:75 Y:68
20/07/2009 8:29:10 Transporto a asd hacia Mapa35 X:79 Y:67
20/07/2009 8:29:10 Transporto a asd hacia Mapa35 X:83 Y:66
20/07/2009 8:29:12 Transporto a asd hacia Mapa35 X:89 Y:65
20/07/2009 8:29:12 Transporto a asd hacia Mapa35 X:92 Y:64
20/07/2009 8:29:19 Transporto a asd hacia Mapa4 X:10 Y:63
20/07/2009 8:29:19 Transporto a asd hacia Mapa4 X:10 Y:63
20/07/2009 8:29:20 Transporto a asd hacia Mapa4 X:9 Y:64
20/07/2009 8:29:20 Transporto a asd hacia Mapa4 X:9 Y:63
20/07/2009 8:29:21 Transporto a asd hacia Mapa35 X:90 Y:63
20/07/2009 8:29:21 Transporto a asd hacia Mapa35 X:89 Y:63
20/07/2009 8:29:21 Transporto a asd hacia Mapa35 X:88 Y:63
20/07/2009 8:29:21 Transporto a asd hacia Mapa35 X:86 Y:64
20/07/2009 8:29:22 Transporto a asd hacia Mapa35 X:84 Y:66
20/07/2009 8:29:22 Transporto a asd hacia Mapa35 X:84 Y:69
20/07/2009 8:29:23 Transporto a asd hacia Mapa35 X:82 Y:72
20/07/2009 8:29:23 Transporto a asd hacia Mapa35 X:80 Y:72
20/07/2009 8:29:23 Transporto a asd hacia Mapa35 X:75 Y:75
20/07/2009 8:29:23 Transporto a asd hacia Mapa35 X:70 Y:78
20/07/2009 8:29:23 Transporto a asd hacia Mapa35 X:65 Y:81
20/07/2009 8:29:24 Transporto a asd hacia Mapa35 X:59 Y:83
20/07/2009 8:29:24 Transporto a asd hacia Mapa35 X:59 Y:83
20/07/2009 8:29:24 Transporto a asd hacia Mapa35 X:53 Y:86
20/07/2009 8:29:24 Transporto a asd hacia Mapa35 X:50 Y:89
20/07/2009 8:29:25 Transporto a asd hacia Mapa35 X:49 Y:90
20/07/2009 8:29:25 Transporto a asd hacia Mapa35 X:47 Y:92
20/07/2009 8:29:25 Transporto a asd hacia Mapa35 X:46 Y:92
20/07/2009 8:29:25 Transporto a asd hacia Mapa35 X:42 Y:94
20/07/2009 8:29:26 Transporto a asd hacia Mapa34 X:37 Y:10
20/07/2009 8:29:26 Transporto a asd hacia Mapa34 X:39 Y:10
20/07/2009 8:29:26 Transporto a asd hacia Mapa34 X:37 Y:12
20/07/2009 8:29:27 Transporto a asd hacia Mapa34 X:37 Y:15
20/07/2009 8:29:27 Transporto a asd hacia Mapa34 X:39 Y:18
20/07/2009 8:29:27 Transporto a asd hacia Mapa34 X:41 Y:19
20/07/2009 8:29:28 Transporto a asd hacia Mapa34 X:42 Y:20
20/07/2009 8:29:28 Transporto a asd hacia Mapa34 X:43 Y:22
20/07/2009 8:29:28 Transporto a asd hacia Mapa34 X:44 Y:26
20/07/2009 8:29:28 Transporto a asd hacia Mapa34 X:44 Y:30
20/07/2009 8:29:28 Transporto a asd hacia Mapa34 X:43 Y:34
20/07/2009 8:29:29 Transporto a asd hacia Mapa34 X:42 Y:34
20/07/2009 8:29:29 Transporto a asd hacia Mapa34 X:40 Y:38
20/07/2009 8:29:29 Transporto a asd hacia Mapa34 X:40 Y:42
20/07/2009 8:29:30 Transporto a asd hacia Mapa34 X:40 Y:47
20/07/2009 8:29:31 Transporto a asd hacia Mapa34 X:42 Y:44
20/07/2009 8:29:42 Transporto a asd hacia Mapa34 X:47 Y:45
20/07/2009 8:29:44 Transporto a asd hacia Mapa34 X:56 Y:44
20/07/2009 8:29:45 Transporto a asd hacia Mapa34 X:61 Y:44
20/07/2009 8:29:46 Transporto a asd hacia Mapa34 X:67 Y:43
20/07/2009 8:29:46 Transporto a asd hacia Mapa34 X:73 Y:42
20/07/2009 8:29:47 Transporto a asd hacia Mapa34 X:79 Y:42
20/07/2009 8:29:47 Transporto a asd hacia Mapa34 X:82 Y:40
20/07/2009 8:29:48 Transporto a asd hacia Mapa34 X:80 Y:36
20/07/2009 8:29:49 Transporto a asd hacia Mapa34 X:77 Y:33
20/07/2009 8:29:50 Transporto a asd hacia Mapa34 X:73 Y:31
20/07/2009 8:29:51 Transporto a asd hacia Mapa34 X:68 Y:30
20/07/2009 8:29:51 Transporto a asd hacia Mapa34 X:64 Y:31
20/07/2009 8:29:52 Transporto a asd hacia Mapa34 X:59 Y:32
20/07/2009 8:29:52 Transporto a asd hacia Mapa34 X:53 Y:32
20/07/2009 8:29:59 Transporto a asd hacia Mapa34 X:54 Y:29
20/07/2009 8:29:59 Transporto a asd hacia Mapa34 X:54 Y:26
20/07/2009 8:30:00 Transporto a asd hacia Mapa34 X:53 Y:22
20/07/2009 8:30:00 Transporto a asd hacia Mapa34 X:51 Y:19
20/07/2009 8:30:00 Transporto a asd hacia Mapa34 X:50 Y:20
20/07/2009 8:30:00 Transporto a asd hacia Mapa34 X:47 Y:18
20/07/2009 8:30:00 Transporto a asd hacia Mapa34 X:43 Y:16
20/07/2009 8:30:01 Transporto a asd hacia Mapa34 X:39 Y:14
20/07/2009 8:30:01 Transporto a asd hacia Mapa34 X:39 Y:13
20/07/2009 8:30:01 Transporto a asd hacia Mapa34 X:36 Y:11
20/07/2009 8:30:23 Se conecto con ip:201.250.86.116
20/07/2009 8:30:31 Transporto a asd hacia Mapa35 X:38 Y:90
20/07/2009 8:30:32 Transporto a asd hacia Mapa35 X:42 Y:88
20/07/2009 8:30:32 Transporto a asd hacia Mapa35 X:43 Y:87
20/07/2009 8:30:32 Transporto a asd hacia Mapa35 X:48 Y:84
20/07/2009 8:30:32 Transporto a asd hacia Mapa35 X:53 Y:81
20/07/2009 8:30:33 Transporto a asd hacia Mapa35 X:53 Y:81
20/07/2009 8:30:33 Transporto a asd hacia Mapa35 X:58 Y:78
20/07/2009 8:30:34 Transporto a asd hacia Mapa35 X:64 Y:75
20/07/2009 8:30:34 Transporto a asd hacia Mapa35 X:70 Y:72
20/07/2009 8:30:34 Transporto a asd hacia Mapa35 X:76 Y:69
20/07/2009 8:30:34 Transporto a asd hacia Mapa35 X:82 Y:66
20/07/2009 8:30:48 /mod asd level 50
20/07/2009 8:30:51 Transporto a asd hacia Mapa35 X:89 Y:62
20/07/2009 8:31:26 Agarro:99 Objeto:Monedas de oro
20/07/2009 8:31:33 Transporto a asd hacia Mapa4 X:34 Y:60
20/07/2009 8:32:11 Transporto a asd hacia Mapa4 X:17 Y:61
20/07/2009 8:32:11 Transporto a asd hacia Mapa4 X:23 Y:60
20/07/2009 8:32:12 Transporto a asd hacia Mapa4 X:30 Y:61
20/07/2009 8:32:13 Transporto a asd hacia Mapa4 X:31 Y:64
20/07/2009 8:32:39 Transporto a asd hacia Mapa4 X:18 Y:83
20/07/2009 8:32:39 Transporto a asd hacia Mapa4 X:20 Y:80
20/07/2009 8:33:20 Transporto a asd hacia Mapa35 X:36 Y:71
20/07/2009 8:33:20 Transporto a asd hacia Mapa35 X:34 Y:70
20/07/2009 8:33:20 Transporto a asd hacia Mapa35 X:34 Y:70
20/07/2009 8:33:21 Transporto a asd hacia Mapa35 X:32 Y:69
20/07/2009 8:33:21 Transporto a asd hacia Mapa35 X:29 Y:68
20/07/2009 8:33:21 Transporto a asd hacia Mapa35 X:28 Y:69
20/07/2009 8:33:22 Transporto a asd hacia Mapa35 X:25 Y:68
20/07/2009 8:33:22 Transporto a asd hacia Mapa35 X:26 Y:67
20/07/2009 8:33:22 Transporto a asd hacia Mapa35 X:25 Y:64
20/07/2009 8:33:22 Transporto a asd hacia Mapa35 X:24 Y:61
20/07/2009 8:33:22 Transporto a asd hacia Mapa35 X:22 Y:58
20/07/2009 8:33:23 Transporto a asd hacia Mapa35 X:18 Y:55
20/07/2009 8:33:23 Transporto a asd hacia Mapa35 X:13 Y:53
20/07/2009 8:33:23 Transporto a asd hacia Mapa35 X:10 Y:51
20/07/2009 8:33:34 Transporto a asd hacia Mapa35 X:15 Y:53
20/07/2009 8:33:37 Transporto a asd hacia Mapa35 X:18 Y:43
20/07/2009 8:33:37 Transporto a asd hacia Mapa35 X:19 Y:38
20/07/2009 8:33:38 Transporto a asd hacia Mapa35 X:21 Y:33
20/07/2009 8:33:38 Transporto a asd hacia Mapa35 X:24 Y:29
20/07/2009 8:33:39 Transporto a asd hacia Mapa35 X:20 Y:27
20/07/2009 8:33:39 Transporto a asd hacia Mapa35 X:19 Y:27
20/07/2009 8:33:40 Transporto a asd hacia Mapa35 X:14 Y:25
20/07/2009 8:33:42 Transporto a asd hacia Mapa35 X:20 Y:19
20/07/2009 8:33:42 Transporto a asd hacia Mapa35 X:23 Y:15
20/07/2009 8:33:43 Transporto a asd hacia Mapa35 X:25 Y:11
20/07/2009 8:33:43 Transporto a asd hacia Mapa35 X:27 Y:7
20/07/2009 8:33:43 Transporto a asd hacia Mapa36 X:28 Y:89
20/07/2009 8:33:43 Transporto a asd hacia Mapa36 X:28 Y:89
20/07/2009 8:33:43 Transporto a asd hacia Mapa36 X:29 Y:85
20/07/2009 8:33:43 Transporto a asd hacia Mapa36 X:30 Y:81
20/07/2009 8:33:44 Transporto a asd hacia Mapa36 X:31 Y:77
20/07/2009 8:33:44 Transporto a asd hacia Mapa36 X:34 Y:74
20/07/2009 8:33:44 Transporto a asd hacia Mapa36 X:36 Y:70
20/07/2009 8:33:45 Transporto a asd hacia Mapa36 X:37 Y:66
20/07/2009 8:33:45 Transporto a asd hacia Mapa36 X:40 Y:63
20/07/2009 8:33:45 Transporto a asd hacia Mapa36 X:45 Y:61
20/07/2009 8:33:45 Transporto a asd hacia Mapa36 X:49 Y:59
20/07/2009 8:33:45 Transporto a asd hacia Mapa36 X:53 Y:57
20/07/2009 8:33:46 Transporto a asd hacia Mapa36 X:55 Y:54
20/07/2009 8:33:46 Transporto a asd hacia Mapa36 X:53 Y:54
20/07/2009 8:33:46 Transporto a asd hacia Mapa36 X:51 Y:51
20/07/2009 8:33:47 Transporto a asd hacia Mapa36 X:48 Y:48
20/07/2009 8:33:47 Transporto a asd hacia Mapa36 X:48 Y:48
20/07/2009 8:33:47 Transporto a asd hacia Mapa36 X:45 Y:45
20/07/2009 8:33:48 Transporto a asd hacia Mapa36 X:41 Y:42
20/07/2009 8:33:48 Transporto a asd hacia Mapa36 X:37 Y:39
20/07/2009 8:33:49 Transporto a asd hacia Mapa36 X:36 Y:39
20/07/2009 8:33:49 Transporto a asd hacia Mapa36 X:36 Y:39
20/07/2009 8:33:49 Transporto a asd hacia Mapa36 X:36 Y:39
20/07/2009 8:33:49 Transporto a asd hacia Mapa36 X:34 Y:40
20/07/2009 8:33:50 Transporto a asd hacia Mapa36 X:31 Y:41
20/07/2009 8:33:50 Transporto a asd hacia Mapa36 X:29 Y:42
20/07/2009 8:33:50 Transporto a asd hacia Mapa36 X:27 Y:43
20/07/2009 8:33:50 Transporto a asd hacia Mapa36 X:24 Y:44
20/07/2009 8:33:51 Transporto a asd hacia Mapa36 X:20 Y:45
20/07/2009 8:33:51 Transporto a asd hacia Mapa36 X:15 Y:46
20/07/2009 8:33:51 Transporto a asd hacia Mapa36 X:15 Y:46
20/07/2009 8:33:53 Transporto a asd hacia Mapa36 X:10 Y:47
20/07/2009 8:33:56 Transporto a asd hacia Mapa46 X:82 Y:50
20/07/2009 8:33:57 Transporto a asd hacia Mapa46 X:82 Y:50
20/07/2009 8:33:57 Transporto a asd hacia Mapa46 X:79 Y:53
20/07/2009 8:33:57 Transporto a asd hacia Mapa46 X:76 Y:56
20/07/2009 8:33:57 Transporto a asd hacia Mapa46 X:73 Y:59
20/07/2009 8:33:58 Transporto a asd hacia Mapa46 X:70 Y:63
20/07/2009 8:33:58 Transporto a asd hacia Mapa46 X:70 Y:62
20/07/2009 8:33:58 Transporto a asd hacia Mapa46 X:66 Y:65
20/07/2009 8:33:58 Transporto a asd hacia Mapa46 X:61 Y:66
20/07/2009 8:33:58 Transporto a asd hacia Mapa46 X:61 Y:66
20/07/2009 8:33:59 Transporto a asd hacia Mapa46 X:58 Y:65
20/07/2009 8:33:59 Transporto a asd hacia Mapa46 X:56 Y:62
20/07/2009 8:33:59 Transporto a asd hacia Mapa46 X:56 Y:62
20/07/2009 8:34:00 Transporto a asd hacia Mapa46 X:62 Y:57
20/07/2009 8:34:00 Transporto a asd hacia Mapa46 X:67 Y:54
20/07/2009 8:34:00 Transporto a asd hacia Mapa46 X:72 Y:52
20/07/2009 8:34:00 Transporto a asd hacia Mapa46 X:76 Y:52
20/07/2009 8:34:00 Transporto a asd hacia Mapa46 X:76 Y:52
20/07/2009 8:34:01 Transporto a asd hacia Mapa46 X:78 Y:53
20/07/2009 8:34:01 Transporto a asd hacia Mapa46 X:79 Y:53
20/07/2009 8:34:01 Transporto a asd hacia Mapa46 X:83 Y:54
20/07/2009 8:34:01 Transporto a asd hacia Mapa46 X:87 Y:55
20/07/2009 8:34:01 Transporto a asd hacia Mapa46 X:92 Y:56
20/07/2009 8:34:02 Transporto a asd hacia Mapa36 X:15 Y:57
20/07/2009 8:34:02 Transporto a asd hacia Mapa36 X:15 Y:57
20/07/2009 8:34:02 Transporto a asd hacia Mapa36 X:18 Y:57
20/07/2009 8:34:02 Transporto a asd hacia Mapa36 X:21 Y:57
20/07/2009 8:34:03 Transporto a asd hacia Mapa36 X:22 Y:57
20/07/2009 8:34:03 Transporto a asd hacia Mapa36 X:27 Y:58
20/07/2009 8:34:03 Transporto a asd hacia Mapa36 X:32 Y:60
20/07/2009 8:34:03 Transporto a asd hacia Mapa36 X:37 Y:62
20/07/2009 8:34:04 Transporto a asd hacia Mapa36 X:42 Y:65
20/07/2009 8:34:04 Transporto a asd hacia Mapa36 X:47 Y:68
20/07/2009 8:34:04 Transporto a asd hacia Mapa36 X:47 Y:68
20/07/2009 8:34:04 Transporto a asd hacia Mapa36 X:52 Y:71
20/07/2009 8:34:04 Transporto a asd hacia Mapa36 X:58 Y:75
20/07/2009 8:34:05 Transporto a asd hacia Mapa36 X:64 Y:79
20/07/2009 8:34:05 Transporto a asd hacia Mapa36 X:70 Y:81
20/07/2009 8:34:05 Transporto a asd hacia Mapa36 X:70 Y:81
20/07/2009 8:34:06 Transporto a asd hacia Mapa36 X:76 Y:83
20/07/2009 8:34:06 Transporto a asd hacia Mapa36 X:82 Y:85
20/07/2009 8:34:06 Transporto a asd hacia Mapa36 X:88 Y:87
20/07/2009 8:34:07 Transporto a asd hacia Mapa36 X:90 Y:89
20/07/2009 8:34:08 Transporto a asd hacia Mapa36 X:90 Y:87
20/07/2009 8:34:08 Transporto a asd hacia Mapa36 X:92 Y:87
20/07/2009 8:34:08 Transporto a asd hacia Mapa3 X:13 Y:88
20/07/2009 8:34:09 Transporto a asd hacia Mapa3 X:17 Y:89
20/07/2009 8:34:09 Transporto a asd hacia Mapa3 X:21 Y:91
20/07/2009 8:34:09 Transporto a asd hacia Mapa3 X:26 Y:93
20/07/2009 8:34:11 Transporto a asd hacia Mapa3 X:31 Y:94
20/07/2009 8:34:12 Transporto a asd hacia Mapa4 X:35 Y:7
20/07/2009 8:34:12 Transporto a asd hacia Mapa3 X:39 Y:90
20/07/2009 8:34:12 Transporto a asd hacia Mapa3 X:43 Y:91
20/07/2009 8:34:12 Transporto a asd hacia Mapa3 X:45 Y:93
20/07/2009 8:34:12 Transporto a asd hacia Mapa3 X:44 Y:94
20/07/2009 8:34:13 Transporto a asd hacia Mapa4 X:44 Y:11
20/07/2009 8:34:13 Transporto a asd hacia Mapa4 X:43 Y:10
20/07/2009 8:34:14 Transporto a asd hacia Mapa4 X:38 Y:7
20/07/2009 8:34:15 Transporto a asd hacia Mapa3 X:34 Y:89
20/07/2009 8:34:15 Transporto a asd hacia Mapa3 X:34 Y:89
20/07/2009 8:34:15 Transporto a asd hacia Mapa3 X:30 Y:87
20/07/2009 8:34:16 Transporto a asd hacia Mapa3 X:26 Y:86
20/07/2009 8:34:16 Transporto a asd hacia Mapa3 X:23 Y:86
20/07/2009 8:34:16 Transporto a asd hacia Mapa3 X:20 Y:87
20/07/2009 8:34:17 Transporto a asd hacia Mapa3 X:18 Y:89
20/07/2009 8:34:17 Transporto a asd hacia Mapa3 X:16 Y:91
20/07/2009 8:34:18 Transporto a asd hacia Mapa3 X:20 Y:90
20/07/2009 8:34:18 Transporto a asd hacia Mapa3 X:24 Y:89
20/07/2009 8:34:18 Transporto a asd hacia Mapa3 X:29 Y:88
20/07/2009 8:34:18 Transporto a asd hacia Mapa3 X:29 Y:88
20/07/2009 8:34:19 Transporto a asd hacia Mapa3 X:34 Y:87
20/07/2009 8:34:19 Transporto a asd hacia Mapa3 X:40 Y:87
20/07/2009 8:34:19 Transporto a asd hacia Mapa3 X:46 Y:88
20/07/2009 8:34:19 Transporto a asd hacia Mapa3 X:52 Y:89
20/07/2009 8:34:20 Transporto a asd hacia Mapa3 X:51 Y:93
20/07/2009 8:34:20 Transporto a asd hacia Mapa3 X:49 Y:92
20/07/2009 8:34:20 Transporto a asd hacia Mapa3 X:45 Y:94
20/07/2009 8:34:20 Transporto a asd hacia Mapa4 X:40 Y:10
20/07/2009 8:34:21 Transporto a asd hacia Mapa4 X:35 Y:12
20/07/2009 8:34:21 Transporto a asd hacia Mapa4 X:33 Y:14
20/07/2009 8:34:21 Transporto a asd hacia Mapa4 X:31 Y:17
20/07/2009 8:34:22 Transporto a asd hacia Mapa4 X:31 Y:20
20/07/2009 8:34:26 Transporto a asd hacia Mapa4 X:38 Y:25
20/07/2009 8:34:26 Transporto a asd hacia Mapa4 X:32 Y:27
20/07/2009 8:34:26 Transporto a asd hacia Mapa4 X:28 Y:31
20/07/2009 8:34:27 Transporto a asd hacia Mapa4 X:25 Y:30
20/07/2009 8:34:32 Transporto a asd hacia Mapa4 X:15 Y:34
20/07/2009 8:34:43 Transporto a asd hacia Mapa4 X:26 Y:42
20/07/2009 8:35:23 Transporto a asd hacia Mapa4 X:23 Y:81
20/07/2009 20:36:49 Se conecto con ip:201.250.86.116
20/07/2009 20:37:41 Transporto a asd hacia Mapa1 X:50 Y:50
20/07/2009 20:37:51 Sumoneo con respawn Enfermera en mapa 1
20/07/2009 20:38:06 /MATA
20/07/2009 20:49:25 Se conecto con ip:201.250.86.116
20/07/2009 20:50:14 Sumoneo con respawn Lobo en mapa 1
20/07/2009 20:50:33 /MATAAsd
20/07/2009 20:50:36 Sumoneo con respawn Esqueleto en mapa 60
20/07/2009 20:51:01 /MATAEquitador
20/07/2009 21:05:37 Se conecto con ip:201.250.86.116
20/07/2009 21:05:51 /MATAMandor
20/07/2009 21:06:00 Sumoneo con respawn Lobo en mapa 60
20/07/2009 21:06:15 Sumoneo con respawn Lobo en mapa 60
20/07/2009 21:06:23 /MATAAsd
20/07/2009 21:06:30 /MATAAsdf
20/07/2009 21:06:54 Creo item: -
20/07/2009 21:06:57 Agarro:1 Objeto:Plata
20/07/2009 21:07:01 Sumoneo con respawn Lobo en mapa 60
20/07/2009 21:07:11 /MATAVendedor de caballos
20/07/2009 21:07:32 Sumoneo con respawn Lobo en mapa 60
20/07/2009 21:08:07 Sumoneo con respawn Cerdo en mapa 60
20/07/2009 21:08:17 Transporto a asd hacia Mapa60 X:9 Y:81
20/07/2009 21:08:31 Transporto a asd hacia Mapa60 X:13 Y:84
20/07/2009 21:08:42 Sumoneo con respawn Esqueleto en mapa 1
20/07/2009 21:08:49 /MATAAsdf
20/07/2009 21:08:55 Sumoneo con respawn Esqueleto en mapa 1
20/07/2009 21:09:01 /MATAAsd
20/07/2009 21:09:06 Sumoneo con respawn Esqueleto en mapa 1
20/07/2009 21:09:12 /MATAAsdf
20/07/2009 21:09:32 Sumoneo con respawn Lobo en mapa 1
20/07/2009 21:09:46 Transporto a asd hacia Mapa60 X:38 Y:17
20/07/2009 21:09:47 Transporto a asd hacia Mapa60 X:33 Y:18
20/07/2009 21:09:47 Transporto a asd hacia Mapa60 X:28 Y:19
20/07/2009 21:09:47 Transporto a asd hacia Mapa60 X:23 Y:20
20/07/2009 21:09:48 Transporto a asd hacia Mapa60 X:18 Y:21
20/07/2009 21:09:48 Transporto a asd hacia Mapa60 X:13 Y:21
20/07/2009 21:09:48 Transporto a asd hacia Mapa60 X:9 Y:21
20/07/2009 21:09:49 Transporto a asd hacia Mapa60 X:12 Y:20
20/07/2009 21:09:49 Transporto a asd hacia Mapa60 X:15 Y:19
20/07/2009 21:09:49 Transporto a asd hacia Mapa60 X:18 Y:18
20/07/2009 21:09:49 Transporto a asd hacia Mapa60 X:22 Y:17
20/07/2009 21:09:50 Transporto a asd hacia Mapa60 X:22 Y:17
20/07/2009 21:09:50 Transporto a asd hacia Mapa60 X:26 Y:16
20/07/2009 21:09:50 Transporto a asd hacia Mapa60 X:31 Y:15
20/07/2009 21:09:50 Transporto a asd hacia Mapa60 X:31 Y:16
20/07/2009 21:09:50 Transporto a asd hacia Mapa60 X:37 Y:17
20/07/2009 21:09:51 Transporto a asd hacia Mapa60 X:43 Y:18
20/07/2009 21:09:51 Transporto a asd hacia Mapa60 X:49 Y:19
20/07/2009 21:09:51 Transporto a asd hacia Mapa60 X:49 Y:18
20/07/2009 21:09:52 Transporto a asd hacia Mapa60 X:45 Y:20
20/07/2009 21:09:55 /BLOQ
20/07/2009 21:09:59 /BLOQ
20/07/2009 21:10:02 /BLOQ
20/07/2009 21:10:05 /BLOQ
20/07/2009 21:10:07 /BLOQ
20/07/2009 21:10:10 /BLOQ
20/07/2009 21:10:13 /BLOQ
20/07/2009 21:10:17 /BLOQ
20/07/2009 21:10:23 /BLOQ
20/07/2009 21:10:26 /BLOQ
20/07/2009 21:10:29 /BLOQ
20/07/2009 21:10:37 /BLOQ
20/07/2009 21:10:39 /BLOQ
20/07/2009 21:10:42 /BLOQ
20/07/2009 21:10:45 /BLOQ
20/07/2009 21:10:52 Transporto a asd hacia Mapa60 X:42 Y:20
20/07/2009 21:10:57 /BLOQ
20/07/2009 21:11:06 Transporto a asd hacia Mapa60 X:40 Y:12
20/07/2009 21:11:06 Transporto a asd hacia Mapa60 X:40 Y:12
20/07/2009 21:11:07 Transporto a asd hacia Mapa60 X:40 Y:8
20/07/2009 21:11:09 Transporto a asd hacia Mapa60 X:42 Y:8
20/07/2009 21:11:09 Transporto a asd hacia Mapa60 X:44 Y:8
20/07/2009 21:11:09 Transporto a asd hacia Mapa60 X:45 Y:7
20/07/2009 21:11:12 Transporto a asd hacia Mapa60 X:50 Y:7
20/07/2009 21:11:14 Transporto a asd hacia Mapa61 X:50 Y:86
20/07/2009 21:11:15 Transporto a asd hacia Mapa61 X:52 Y:83
20/07/2009 21:11:15 Transporto a asd hacia Mapa61 X:53 Y:80
20/07/2009 21:11:15 Transporto a asd hacia Mapa61 X:53 Y:76
20/07/2009 21:11:15 Transporto a asd hacia Mapa61 X:53 Y:76
20/07/2009 21:11:16 Transporto a asd hacia Mapa61 X:52 Y:72
20/07/2009 21:11:16 Transporto a asd hacia Mapa61 X:51 Y:68
20/07/2009 21:11:16 Transporto a asd hacia Mapa61 X:50 Y:64
20/07/2009 21:11:16 Transporto a asd hacia Mapa61 X:50 Y:60
20/07/2009 21:11:22 Transporto a asd hacia Mapa61 X:55 Y:65
20/07/2009 21:11:23 Transporto a asd hacia Mapa61 X:61 Y:70
20/07/2009 21:11:26 Transporto a asd hacia Mapa61 X:59 Y:67
20/07/2009 21:11:26 Transporto a asd hacia Mapa61 X:57 Y:64
20/07/2009 21:11:26 Transporto a asd hacia Mapa61 X:53 Y:62
20/07/2009 21:11:26 Transporto a asd hacia Mapa61 X:49 Y:61
20/07/2009 21:11:26 Transporto a asd hacia Mapa61 X:50 Y:63
20/07/2009 21:11:27 Transporto a asd hacia Mapa61 X:48 Y:65
20/07/2009 21:11:27 Transporto a asd hacia Mapa61 X:45 Y:67
20/07/2009 21:11:52 Transporto a asd hacia Mapa60 X:45 Y:19
20/07/2009 21:12:27 Sumoneo con respawn Serpiente en mapa 60
20/07/2009 21:12:32 /MATASastreBander
20/07/2009 21:12:36 Sumoneo con respawn Serpiente en mapa 60
20/07/2009 21:12:59 Sumoneo con respawn Lobo en mapa 60
20/07/2009 21:13:15 Transporto a asd hacia Mapa60 X:17 Y:79
20/07/2009 21:13:15 Transporto a asd hacia Mapa60 X:20 Y:79
20/07/2009 21:13:16 Transporto a asd hacia Mapa60 X:25 Y:79
20/07/2009 21:13:16 Transporto a asd hacia Mapa60 X:30 Y:79
20/07/2009 21:13:16 Transporto a asd hacia Mapa60 X:24 Y:80
20/07/2009 21:13:17 Transporto a asd hacia Mapa60 X:19 Y:81
20/07/2009 21:13:17 Transporto a asd hacia Mapa60 X:19 Y:81
20/07/2009 21:13:23 Transporto a asd hacia Mapa60 X:12 Y:81
20/07/2009 23:17:02 Se conecto con ip:201.250.86.116
