18/07/2009 10:12:11 a.m. Se conecto con ip:10.0.0.44
18/07/2009 10:12:46 a.m. Transporto a chek hacia Mapa1 X:59 Y:43
18/07/2009 10:14:21 a.m. Transporto a chek hacia Mapa1 X:57 Y:47
18/07/2009 10:14:21 a.m. Transporto a chek hacia Mapa1 X:57 Y:46
18/07/2009 10:15:13 a.m. /SUM BlaDe Map:1 X:57 Y:46
18/07/2009 10:15:17 a.m. Transporto a chek hacia Mapa1 X:60 Y:47
18/07/2009 10:15:18 a.m. Transporto a chek hacia Mapa1 X:63 Y:48
18/07/2009 10:15:19 a.m. Transporto a chek hacia Mapa1 X:66 Y:49
18/07/2009 10:15:20 a.m. Transporto a chek hacia Mapa1 X:62 Y:47
18/07/2009 10:15:26 a.m. Transporto a chek hacia Mapa1 X:60 Y:47
18/07/2009 10:15:27 a.m. Transporto a chek hacia Mapa1 X:62 Y:46
18/07/2009 10:15:28 a.m. Transporto a chek hacia Mapa1 X:61 Y:46
18/07/2009 10:15:29 a.m. Transporto a chek hacia Mapa1 X:61 Y:47
18/07/2009 10:15:29 a.m. Transporto a chek hacia Mapa1 X:60 Y:48
18/07/2009 10:15:30 a.m. Transporto a chek hacia Mapa1 X:58 Y:48
18/07/2009 10:15:30 a.m. Transporto a chek hacia Mapa1 X:56 Y:48
18/07/2009 10:26:27 a.m. Se conecto con ip:10.0.0.44
18/07/2009 10:26:29 a.m. Transporto a chek hacia Mapa1 X:58 Y:49
18/07/2009 10:26:29 a.m. Transporto a chek hacia Mapa1 X:58 Y:49
18/07/2009 10:30:45 a.m. /SUM Dicaios Map:1 X:56 Y:47
18/07/2009 10:32:52 a.m. Se conecto con ip:10.0.0.4
18/07/2009 10:33:01 a.m. /INVISIBLE
18/07/2009 10:33:02 a.m. Transporto a chek hacia Mapa1 X:58 Y:41
18/07/2009 10:33:19 a.m. /IRA CreMa Mapa:1 X:57 Y:48
18/07/2009 10:35:01 a.m. /IRA Dicaios Mapa:232 X:47 Y:48
18/07/2009 10:35:28 a.m. /INVISIBLE
18/07/2009 10:35:50 a.m. Transporto a chek hacia Mapa232 X:61 Y:67
18/07/2009 10:35:50 a.m. Transporto a chek hacia Mapa232 X:56 Y:63
18/07/2009 10:35:50 a.m. Transporto a chek hacia Mapa232 X:52 Y:59
18/07/2009 10:35:50 a.m. Transporto a chek hacia Mapa232 X:48 Y:55
18/07/2009 10:35:50 a.m. Transporto a chek hacia Mapa232 X:44 Y:52
18/07/2009 10:35:50 a.m. Transporto a chek hacia Mapa232 X:40 Y:51
18/07/2009 10:35:51 a.m. Transporto a chek hacia Mapa232 X:37 Y:51
18/07/2009 10:35:51 a.m. Transporto a chek hacia Mapa232 X:34 Y:51
18/07/2009 10:35:51 a.m. Transporto a chek hacia Mapa232 X:31 Y:51
18/07/2009 10:35:51 a.m. Transporto a chek hacia Mapa232 X:31 Y:51
18/07/2009 10:35:52 a.m. Transporto a chek hacia Mapa232 X:32 Y:53
18/07/2009 10:35:52 a.m. Transporto a chek hacia Mapa232 X:33 Y:55
18/07/2009 10:35:52 a.m. Transporto a chek hacia Mapa232 X:34 Y:58
18/07/2009 10:35:52 a.m. Transporto a chek hacia Mapa232 X:34 Y:62
18/07/2009 10:35:52 a.m. Transporto a chek hacia Mapa232 X:33 Y:66
18/07/2009 10:35:53 a.m. Transporto a chek hacia Mapa232 X:33 Y:70
18/07/2009 10:35:53 a.m. Transporto a chek hacia Mapa232 X:36 Y:75
18/07/2009 10:35:53 a.m. Transporto a chek hacia Mapa232 X:41 Y:78
18/07/2009 10:35:54 a.m. Transporto a chek hacia Mapa232 X:44 Y:79
18/07/2009 10:35:54 a.m. Transporto a chek hacia Mapa232 X:46 Y:79
18/07/2009 10:35:54 a.m. Transporto a chek hacia Mapa232 X:47 Y:77
18/07/2009 10:35:54 a.m. Transporto a chek hacia Mapa232 X:47 Y:73
18/07/2009 10:35:54 a.m. Transporto a chek hacia Mapa232 X:46 Y:68
18/07/2009 10:35:55 a.m. Transporto a chek hacia Mapa232 X:45 Y:63
18/07/2009 10:35:55 a.m. Transporto a chek hacia Mapa232 X:45 Y:58
18/07/2009 10:35:55 a.m. Transporto a chek hacia Mapa232 X:45 Y:53
18/07/2009 10:35:56 a.m. Transporto a chek hacia Mapa232 X:45 Y:48
18/07/2009 10:35:56 a.m. Transporto a chek hacia Mapa232 X:45 Y:43
18/07/2009 10:35:56 a.m. Transporto a chek hacia Mapa232 X:50 Y:40
18/07/2009 10:35:56 a.m. Transporto a chek hacia Mapa232 X:56 Y:37
18/07/2009 10:35:57 a.m. Transporto a chek hacia Mapa232 X:60 Y:33
18/07/2009 10:35:57 a.m. Transporto a chek hacia Mapa232 X:56 Y:27
18/07/2009 10:36:04 a.m. Transporto a chek hacia Mapa232 X:56 Y:13
18/07/2009 10:36:04 a.m. Transporto a chek hacia Mapa232 X:56 Y:7
18/07/2009 10:36:05 a.m. Transporto a chek hacia Mapa232 X:55 Y:11
18/07/2009 10:36:05 a.m. Transporto a chek hacia Mapa231 X:38 Y:52
18/07/2009 10:36:06 a.m. Transporto a chek hacia Mapa231 X:41 Y:46
18/07/2009 10:36:06 a.m. Transporto a chek hacia Mapa231 X:44 Y:40
18/07/2009 10:36:06 a.m. Transporto a chek hacia Mapa231 X:48 Y:39
18/07/2009 10:36:07 a.m. Transporto a chek hacia Mapa231 X:52 Y:40
18/07/2009 10:36:07 a.m. Transporto a chek hacia Mapa231 X:55 Y:42
18/07/2009 10:36:07 a.m. Transporto a chek hacia Mapa231 X:58 Y:46
18/07/2009 10:36:07 a.m. Transporto a chek hacia Mapa231 X:61 Y:56
18/07/2009 10:36:07 a.m. Transporto a chek hacia Mapa231 X:64 Y:60
18/07/2009 10:36:08 a.m. Transporto a chek hacia Mapa231 X:67 Y:64
18/07/2009 10:36:08 a.m. Transporto a chek hacia Mapa231 X:71 Y:67
18/07/2009 10:36:08 a.m. Transporto a chek hacia Mapa231 X:75 Y:70
18/07/2009 10:36:08 a.m. Transporto a chek hacia Mapa231 X:79 Y:73
18/07/2009 10:36:08 a.m. Transporto a chek hacia Mapa231 X:83 Y:76
18/07/2009 10:36:09 a.m. Transporto a chek hacia Mapa231 X:85 Y:79
18/07/2009 10:36:09 a.m. Transporto a chek hacia Mapa231 X:84 Y:83
18/07/2009 10:36:09 a.m. Transporto a chek hacia Mapa231 X:85 Y:87
18/07/2009 10:36:10 a.m. Transporto a chek hacia Mapa231 X:85 Y:91
18/07/2009 10:36:10 a.m. Transporto a chek hacia Mapa231 X:81 Y:90
18/07/2009 10:36:11 a.m. Transporto a chek hacia Mapa231 X:75 Y:88
18/07/2009 10:36:11 a.m. Transporto a chek hacia Mapa231 X:68 Y:86
18/07/2009 10:36:11 a.m. Transporto a chek hacia Mapa231 X:61 Y:84
18/07/2009 10:36:12 a.m. Transporto a chek hacia Mapa231 X:54 Y:82
18/07/2009 10:36:12 a.m. Transporto a chek hacia Mapa231 X:49 Y:80
18/07/2009 10:36:12 a.m. Transporto a chek hacia Mapa231 X:46 Y:77
18/07/2009 10:36:12 a.m. Transporto a chek hacia Mapa231 X:43 Y:83
18/07/2009 10:36:13 a.m. Transporto a chek hacia Mapa231 X:39 Y:88
18/07/2009 10:36:13 a.m. Transporto a chek hacia Mapa231 X:33 Y:90
18/07/2009 10:36:13 a.m. Transporto a chek hacia Mapa231 X:27 Y:89
18/07/2009 10:36:13 a.m. Transporto a chek hacia Mapa231 X:24 Y:86
18/07/2009 10:36:14 a.m. Transporto a chek hacia Mapa231 X:21 Y:82
18/07/2009 10:36:14 a.m. Transporto a chek hacia Mapa231 X:17 Y:79
18/07/2009 10:36:14 a.m. Transporto a chek hacia Mapa231 X:14 Y:75
18/07/2009 10:36:14 a.m. Transporto a chek hacia Mapa231 X:13 Y:70
18/07/2009 10:36:15 a.m. Transporto a chek hacia Mapa231 X:13 Y:65
18/07/2009 10:36:15 a.m. Transporto a chek hacia Mapa231 X:14 Y:61
18/07/2009 10:36:15 a.m. Transporto a chek hacia Mapa231 X:17 Y:60
18/07/2009 10:36:15 a.m. Transporto a chek hacia Mapa231 X:20 Y:60
18/07/2009 10:36:15 a.m. Transporto a chek hacia Mapa231 X:20 Y:57
18/07/2009 10:36:16 a.m. Transporto a chek hacia Mapa231 X:18 Y:52
18/07/2009 10:36:16 a.m. Transporto a chek hacia Mapa231 X:14 Y:46
18/07/2009 10:36:17 a.m. Transporto a chek hacia Mapa231 X:12 Y:41
18/07/2009 10:36:17 a.m. Transporto a chek hacia Mapa231 X:11 Y:36
18/07/2009 10:36:17 a.m. Transporto a chek hacia Mapa231 X:12 Y:32
18/07/2009 10:36:17 a.m. Transporto a chek hacia Mapa231 X:17 Y:29
18/07/2009 10:36:18 a.m. Transporto a chek hacia Mapa231 X:22 Y:26
18/07/2009 10:36:18 a.m. Transporto a chek hacia Mapa231 X:22 Y:20
18/07/2009 10:36:18 a.m. Transporto a chek hacia Mapa231 X:18 Y:14
18/07/2009 10:36:19 a.m. Transporto a chek hacia Mapa231 X:21 Y:18
18/07/2009 10:36:22 a.m. Agarro:185 Objeto:Poción Azul
18/07/2009 10:36:34 a.m. Transporto a chek hacia Mapa231 X:25 Y:18
18/07/2009 10:36:35 a.m. Transporto a chek hacia Mapa231 X:31 Y:18
18/07/2009 10:36:36 a.m. Transporto a chek hacia Mapa231 X:35 Y:19
18/07/2009 10:36:37 a.m. Transporto a chek hacia Mapa231 X:41 Y:21
18/07/2009 10:36:37 a.m. Transporto a chek hacia Mapa231 X:47 Y:22
18/07/2009 10:36:37 a.m. Transporto a chek hacia Mapa231 X:54 Y:23
18/07/2009 10:36:37 a.m. Transporto a chek hacia Mapa231 X:61 Y:23
18/07/2009 10:36:37 a.m. Transporto a chek hacia Mapa231 X:68 Y:23
18/07/2009 10:36:38 a.m. Transporto a chek hacia Mapa231 X:75 Y:23
18/07/2009 10:36:38 a.m. Transporto a chek hacia Mapa231 X:77 Y:25
18/07/2009 10:36:38 a.m. Transporto a chek hacia Mapa231 X:81 Y:27
18/07/2009 10:36:38 a.m. Transporto a chek hacia Mapa231 X:82 Y:29
18/07/2009 10:36:39 a.m. Transporto a chek hacia Mapa231 X:85 Y:29
18/07/2009 10:36:39 a.m. Transporto a chek hacia Mapa231 X:88 Y:27
18/07/2009 10:36:39 a.m. Transporto a chek hacia Mapa231 X:88 Y:21
18/07/2009 10:36:39 a.m. Transporto a chek hacia Mapa231 X:84 Y:15
18/07/2009 10:36:39 a.m. Transporto a chek hacia Mapa231 X:82 Y:13
18/07/2009 10:36:40 a.m. Transporto a chek hacia Mapa231 X:82 Y:13
18/07/2009 10:36:40 a.m. Transporto a chek hacia Mapa231 X:81 Y:14
18/07/2009 10:36:40 a.m. Transporto a chek hacia Mapa231 X:80 Y:16
18/07/2009 10:36:40 a.m. Transporto a chek hacia Mapa231 X:79 Y:18
18/07/2009 10:36:41 a.m. Transporto a chek hacia Mapa231 X:77 Y:22
18/07/2009 10:36:41 a.m. Transporto a chek hacia Mapa231 X:75 Y:27
18/07/2009 10:36:41 a.m. Transporto a chek hacia Mapa231 X:72 Y:32
18/07/2009 10:36:41 a.m. Transporto a chek hacia Mapa231 X:69 Y:37
18/07/2009 10:36:41 a.m. Transporto a chek hacia Mapa231 X:67 Y:42
18/07/2009 10:36:42 a.m. Transporto a chek hacia Mapa231 X:64 Y:47
18/07/2009 10:36:42 a.m. Transporto a chek hacia Mapa231 X:61 Y:52
18/07/2009 10:36:42 a.m. Transporto a chek hacia Mapa231 X:57 Y:57
18/07/2009 10:36:42 a.m. Transporto a chek hacia Mapa231 X:54 Y:62
18/07/2009 10:36:43 a.m. Transporto a chek hacia Mapa231 X:54 Y:66
18/07/2009 10:36:43 a.m. Transporto a chek hacia Mapa231 X:51 Y:68
18/07/2009 10:36:43 a.m. Transporto a chek hacia Mapa231 X:48 Y:71
18/07/2009 10:36:43 a.m. Transporto a chek hacia Mapa231 X:45 Y:74
18/07/2009 10:36:43 a.m. Transporto a chek hacia Mapa231 X:45 Y:80
18/07/2009 10:36:44 a.m. Transporto a chek hacia Mapa231 X:47 Y:86
18/07/2009 10:36:44 a.m. Transporto a chek hacia Mapa231 X:49 Y:92
18/07/2009 10:36:45 a.m. Transporto a chek hacia Mapa231 X:52 Y:86
18/07/2009 10:36:45 a.m. Transporto a chek hacia Mapa231 X:54 Y:82
18/07/2009 10:36:45 a.m. Transporto a chek hacia Mapa231 X:58 Y:82
18/07/2009 10:36:45 a.m. Transporto a chek hacia Mapa231 X:61 Y:87
18/07/2009 10:36:46 a.m. Transporto a chek hacia Mapa231 X:66 Y:88
18/07/2009 10:36:46 a.m. Transporto a chek hacia Mapa231 X:69 Y:89
18/07/2009 10:36:46 a.m. Transporto a chek hacia Mapa231 X:72 Y:89
18/07/2009 10:36:46 a.m. Transporto a chek hacia Mapa231 X:72 Y:85
18/07/2009 10:36:46 a.m. Transporto a chek hacia Mapa231 X:70 Y:79
18/07/2009 10:36:47 a.m. Transporto a chek hacia Mapa231 X:70 Y:74
18/07/2009 10:36:47 a.m. Transporto a chek hacia Mapa231 X:71 Y:68
18/07/2009 10:36:47 a.m. Transporto a chek hacia Mapa231 X:72 Y:63
18/07/2009 10:36:47 a.m. Transporto a chek hacia Mapa231 X:72 Y:58
18/07/2009 10:36:47 a.m. Transporto a chek hacia Mapa231 X:73 Y:54
18/07/2009 10:36:48 a.m. Transporto a chek hacia Mapa231 X:75 Y:50
18/07/2009 10:36:48 a.m. Transporto a chek hacia Mapa231 X:77 Y:46
18/07/2009 10:36:48 a.m. Transporto a chek hacia Mapa231 X:74 Y:43
18/07/2009 10:36:48 a.m. Transporto a chek hacia Mapa231 X:69 Y:41
18/07/2009 10:36:49 a.m. Transporto a chek hacia Mapa231 X:65 Y:39
18/07/2009 10:36:49 a.m. Transporto a chek hacia Mapa231 X:63 Y:38
18/07/2009 10:36:49 a.m. Transporto a chek hacia Mapa231 X:64 Y:39
18/07/2009 10:36:49 a.m. Transporto a chek hacia Mapa231 X:65 Y:40
18/07/2009 10:36:49 a.m. Transporto a chek hacia Mapa231 X:65 Y:41
18/07/2009 10:36:50 a.m. Transporto a chek hacia Mapa231 X:63 Y:39
18/07/2009 10:36:50 a.m. Transporto a chek hacia Mapa231 X:61 Y:36
18/07/2009 10:36:50 a.m. Transporto a chek hacia Mapa231 X:58 Y:33
18/07/2009 10:36:50 a.m. Transporto a chek hacia Mapa231 X:56 Y:30
18/07/2009 10:36:51 a.m. Transporto a chek hacia Mapa231 X:54 Y:27
18/07/2009 10:36:51 a.m. Transporto a chek hacia Mapa231 X:51 Y:26
18/07/2009 10:36:51 a.m. Transporto a chek hacia Mapa231 X:49 Y:28
18/07/2009 10:36:51 a.m. Transporto a chek hacia Mapa231 X:47 Y:30
18/07/2009 10:36:52 a.m. Transporto a chek hacia Mapa231 X:45 Y:33
18/07/2009 10:36:52 a.m. Transporto a chek hacia Mapa231 X:43 Y:36
18/07/2009 10:36:53 a.m. Transporto a chek hacia Mapa231 X:42 Y:41
18/07/2009 10:36:53 a.m. Transporto a chek hacia Mapa231 X:41 Y:45
18/07/2009 10:36:53 a.m. Transporto a chek hacia Mapa231 X:40 Y:49
18/07/2009 10:36:53 a.m. Transporto a chek hacia Mapa231 X:39 Y:53
18/07/2009 10:36:54 a.m. Transporto a chek hacia Mapa231 X:39 Y:51
18/07/2009 10:36:55 a.m. Transporto a chek hacia Mapa231 X:39 Y:50
18/07/2009 10:36:56 a.m. Transporto a chek hacia Mapa232 X:54 Y:15
18/07/2009 10:36:56 a.m. Transporto a chek hacia Mapa232 X:53 Y:18
18/07/2009 10:36:56 a.m. Transporto a chek hacia Mapa232 X:52 Y:21
18/07/2009 10:36:56 a.m. Transporto a chek hacia Mapa232 X:52 Y:23
18/07/2009 10:37:04 a.m. Transporto a chek hacia Mapa231 X:44 Y:49
18/07/2009 10:37:05 a.m. Transporto a chek hacia Mapa231 X:50 Y:51
18/07/2009 10:37:05 a.m. Transporto a chek hacia Mapa231 X:56 Y:53
18/07/2009 10:37:05 a.m. Transporto a chek hacia Mapa231 X:62 Y:55
18/07/2009 10:37:06 a.m. Transporto a chek hacia Mapa231 X:68 Y:58
18/07/2009 10:37:06 a.m. Transporto a chek hacia Mapa231 X:74 Y:63
18/07/2009 10:37:06 a.m. Transporto a chek hacia Mapa231 X:81 Y:68
18/07/2009 10:37:06 a.m. Transporto a chek hacia Mapa231 X:88 Y:73
18/07/2009 10:37:06 a.m. Transporto a chek hacia Mapa231 X:89 Y:77
18/07/2009 10:37:07 a.m. Transporto a chek hacia Mapa231 X:86 Y:83
18/07/2009 10:37:07 a.m. Transporto a chek hacia Mapa231 X:83 Y:89
18/07/2009 10:37:07 a.m. Transporto a chek hacia Mapa231 X:89 Y:93
18/07/2009 10:37:08 a.m. Transporto a chek hacia Mapa231 X:90 Y:91
18/07/2009 10:37:09 a.m. Transporto a chek hacia Mapa230 X:15 Y:87
18/07/2009 10:37:10 a.m. Transporto a chek hacia Mapa230 X:18 Y:82
18/07/2009 10:37:10 a.m. Transporto a chek hacia Mapa230 X:20 Y:77
18/07/2009 10:37:10 a.m. Transporto a chek hacia Mapa230 X:20 Y:72
18/07/2009 10:37:10 a.m. Transporto a chek hacia Mapa230 X:20 Y:67
18/07/2009 10:37:10 a.m. Transporto a chek hacia Mapa230 X:20 Y:61
18/07/2009 10:37:11 a.m. Transporto a chek hacia Mapa230 X:20 Y:55
18/07/2009 10:37:11 a.m. Transporto a chek hacia Mapa230 X:24 Y:51
18/07/2009 10:37:11 a.m. Transporto a chek hacia Mapa230 X:28 Y:46
18/07/2009 10:37:12 a.m. Transporto a chek hacia Mapa230 X:26 Y:40
18/07/2009 10:37:12 a.m. Transporto a chek hacia Mapa230 X:24 Y:34
18/07/2009 10:37:12 a.m. Transporto a chek hacia Mapa230 X:29 Y:30
18/07/2009 10:37:12 a.m. Transporto a chek hacia Mapa230 X:30 Y:25
18/07/2009 10:37:13 a.m. Transporto a chek hacia Mapa230 X:29 Y:20
18/07/2009 10:37:13 a.m. Transporto a chek hacia Mapa230 X:27 Y:16
18/07/2009 10:37:13 a.m. Transporto a chek hacia Mapa230 X:27 Y:14
18/07/2009 10:37:13 a.m. Transporto a chek hacia Mapa230 X:24 Y:15
18/07/2009 10:37:14 a.m. Transporto a chek hacia Mapa230 X:21 Y:18
18/07/2009 10:37:14 a.m. Transporto a chek hacia Mapa230 X:20 Y:20
18/07/2009 10:37:14 a.m. Transporto a chek hacia Mapa230 X:19 Y:21
18/07/2009 10:37:14 a.m. Transporto a chek hacia Mapa230 X:19 Y:22
18/07/2009 10:37:15 a.m. Transporto a chek hacia Mapa230 X:20 Y:23
18/07/2009 10:37:15 a.m. Transporto a chek hacia Mapa230 X:22 Y:24
18/07/2009 10:37:24 a.m. /SUM Dicaios Map:230 X:22 Y:24
18/07/2009 10:38:03 a.m. Transporto a chek hacia Mapa230 X:20 Y:28
18/07/2009 10:38:03 a.m. Transporto a chek hacia Mapa230 X:19 Y:31
18/07/2009 10:38:04 a.m. Transporto a chek hacia Mapa230 X:19 Y:31
18/07/2009 10:38:04 a.m. Transporto a chek hacia Mapa230 X:20 Y:28
18/07/2009 10:39:08 a.m. Transporto a chek hacia Mapa230 X:20 Y:27
18/07/2009 10:39:28 a.m. Transporto a chek hacia Mapa230 X:21 Y:28
18/07/2009 10:39:29 a.m. Transporto a chek hacia Mapa230 X:22 Y:27
18/07/2009 10:39:29 a.m. Transporto a chek hacia Mapa230 X:21 Y:28
18/07/2009 10:39:29 a.m. Transporto a chek hacia Mapa230 X:19 Y:29
18/07/2009 10:39:30 a.m. Transporto a chek hacia Mapa230 X:18 Y:29
18/07/2009 10:39:30 a.m. Transporto a chek hacia Mapa230 X:19 Y:29
18/07/2009 10:39:31 a.m. Transporto a chek hacia Mapa230 X:20 Y:29
18/07/2009 10:39:31 a.m. Transporto a chek hacia Mapa230 X:21 Y:29
18/07/2009 10:39:31 a.m. Transporto a chek hacia Mapa230 X:21 Y:29
18/07/2009 10:39:31 a.m. Transporto a chek hacia Mapa230 X:21 Y:29
18/07/2009 10:39:31 a.m. Transporto a chek hacia Mapa230 X:21 Y:29
18/07/2009 10:39:32 a.m. Transporto a chek hacia Mapa230 X:20 Y:29
18/07/2009 10:39:32 a.m. Transporto a chek hacia Mapa230 X:20 Y:29
18/07/2009 10:39:32 a.m. Transporto a chek hacia Mapa230 X:19 Y:29
18/07/2009 10:39:32 a.m. Transporto a chek hacia Mapa230 X:16 Y:30
18/07/2009 10:39:32 a.m. Transporto a chek hacia Mapa230 X:12 Y:30
18/07/2009 10:39:33 a.m. Transporto a chek hacia Mapa230 X:10 Y:33
18/07/2009 10:39:33 a.m. Transporto a chek hacia Mapa230 X:9 Y:36
18/07/2009 10:39:34 a.m. Transporto a chek hacia Mapa230 X:9 Y:40
18/07/2009 10:39:34 a.m. Transporto a chek hacia Mapa230 X:10 Y:44
18/07/2009 10:39:34 a.m. Transporto a chek hacia Mapa230 X:12 Y:47
18/07/2009 10:39:34 a.m. Transporto a chek hacia Mapa230 X:12 Y:51
18/07/2009 10:39:35 a.m. Transporto a chek hacia Mapa230 X:12 Y:55
18/07/2009 10:39:35 a.m. Transporto a chek hacia Mapa230 X:12 Y:60
18/07/2009 10:39:35 a.m. Transporto a chek hacia Mapa230 X:12 Y:65
18/07/2009 10:39:35 a.m. Transporto a chek hacia Mapa230 X:12 Y:70
18/07/2009 10:39:35 a.m. Transporto a chek hacia Mapa230 X:12 Y:75
18/07/2009 10:39:36 a.m. Transporto a chek hacia Mapa230 X:12 Y:80
18/07/2009 10:39:36 a.m. Transporto a chek hacia Mapa230 X:12 Y:85
18/07/2009 10:39:36 a.m. Transporto a chek hacia Mapa230 X:12 Y:90
18/07/2009 10:39:37 a.m. Transporto a chek hacia Mapa230 X:11 Y:91
18/07/2009 10:39:39 a.m. Transporto a chek hacia Mapa231 X:87 Y:92
18/07/2009 10:39:39 a.m. Transporto a chek hacia Mapa231 X:81 Y:89
18/07/2009 10:39:40 a.m. Transporto a chek hacia Mapa231 X:76 Y:86
18/07/2009 10:39:40 a.m. Transporto a chek hacia Mapa231 X:72 Y:83
18/07/2009 10:39:40 a.m. Transporto a chek hacia Mapa231 X:68 Y:80
18/07/2009 10:39:40 a.m. Transporto a chek hacia Mapa231 X:64 Y:77
18/07/2009 10:39:41 a.m. Transporto a chek hacia Mapa231 X:60 Y:74
18/07/2009 10:39:41 a.m. Transporto a chek hacia Mapa231 X:59 Y:71
18/07/2009 10:39:42 a.m. Transporto a chek hacia Mapa231 X:58 Y:68
18/07/2009 10:39:42 a.m. Transporto a chek hacia Mapa231 X:57 Y:65
18/07/2009 10:39:42 a.m. Transporto a chek hacia Mapa231 X:55 Y:62
18/07/2009 10:39:42 a.m. Transporto a chek hacia Mapa231 X:53 Y:59
18/07/2009 10:39:43 a.m. Transporto a chek hacia Mapa231 X:51 Y:56
18/07/2009 10:39:43 a.m. Transporto a chek hacia Mapa231 X:49 Y:54
18/07/2009 10:39:43 a.m. Transporto a chek hacia Mapa231 X:47 Y:52
18/07/2009 10:39:43 a.m. Transporto a chek hacia Mapa231 X:45 Y:50
18/07/2009 10:39:44 a.m. Transporto a chek hacia Mapa231 X:42 Y:48
18/07/2009 10:39:44 a.m. Transporto a chek hacia Mapa231 X:38 Y:46
18/07/2009 10:39:44 a.m. Transporto a chek hacia Mapa231 X:34 Y:44
18/07/2009 10:39:44 a.m. Transporto a chek hacia Mapa231 X:30 Y:41
18/07/2009 10:39:45 a.m. Transporto a chek hacia Mapa231 X:27 Y:39
18/07/2009 10:39:45 a.m. Transporto a chek hacia Mapa231 X:24 Y:37
18/07/2009 10:39:45 a.m. Transporto a chek hacia Mapa231 X:21 Y:35
18/07/2009 10:39:45 a.m. Transporto a chek hacia Mapa231 X:18 Y:34
18/07/2009 10:39:46 a.m. Transporto a chek hacia Mapa231 X:17 Y:35
18/07/2009 10:39:46 a.m. Transporto a chek hacia Mapa231 X:17 Y:37
18/07/2009 10:39:46 a.m. Transporto a chek hacia Mapa231 X:20 Y:40
18/07/2009 10:39:46 a.m. Transporto a chek hacia Mapa231 X:23 Y:44
18/07/2009 10:39:47 a.m. Transporto a chek hacia Mapa231 X:24 Y:49
18/07/2009 10:39:48 a.m. Transporto a chek hacia Mapa231 X:25 Y:52
18/07/2009 10:39:48 a.m. Transporto a chek hacia Mapa231 X:26 Y:55
18/07/2009 10:39:49 a.m. Transporto a chek hacia Mapa231 X:27 Y:58
18/07/2009 10:39:49 a.m. Transporto a chek hacia Mapa231 X:28 Y:60
18/07/2009 10:39:49 a.m. Transporto a chek hacia Mapa231 X:27 Y:58
18/07/2009 10:39:50 a.m. Transporto a chek hacia Mapa231 X:27 Y:55
18/07/2009 10:39:56 a.m. /IRA CreMa Mapa:1 X:60 Y:47
