20/07/2009 23:54:44 Se conecto con ip:190.19.18.246
20/07/2009 23:56:31 /mod chitom oro 30000000
20/07/2009 23:56:44 /mod chitom oro 100000
20/07/2009 23:56:56 /mod chitom oro 100000
20/07/2009 23:57:06 /mod oro 90000
20/07/2009 23:57:26 /mod chitom oro 90000
20/07/2009 23:57:42 /mod chitom oro 99999
20/07/2009 23:58:20 /mod chitom oro 99999
20/07/2009 23:59:38 /mod item 2
21/07/2009 0:02:06 Agarro:7200 Objeto:Monedas de oro
21/07/2009 0:02:06 Agarro:7200 Objeto:Monedas de oro
21/07/2009 0:02:07 Agarro:7200 Objeto:Monedas de oro
21/07/2009 0:02:07 Agarro:7200 Objeto:Monedas de oro
21/07/2009 0:02:08 Agarro:7200 Objeto:Monedas de oro
21/07/2009 0:07:57 Tiro cantidad:10000 Objeto:Monedas de oro
21/07/2009 0:08:03 Tiro cantidad:10000 Objeto:Monedas de oro
21/07/2009 0:08:03 Tiro cantidad:10000 Objeto:Monedas de oro
21/07/2009 0:08:03 Tiro cantidad:10000 Objeto:Monedas de oro
21/07/2009 0:08:03 Tiro cantidad:10000 Objeto:Monedas de oro
21/07/2009 0:08:03 Tiro cantidad:10000 Objeto:Monedas de oro
21/07/2009 0:08:03 Tiro cantidad:10000 Objeto:Monedas de oro
21/07/2009 0:08:03 Tiro cantidad:10000 Objeto:Monedas de oro
21/07/2009 0:08:03 Tiro cantidad:10000 Objeto:Monedas de oro
21/07/2009 0:08:03 Tiro cantidad:10000 Objeto:Monedas de oro
21/07/2009 0:08:03 Tiro cantidad:10000 Objeto:Monedas de oro
21/07/2009 0:08:07 Agarro:10000 Objeto:Monedas de oro
21/07/2009 0:08:08 Agarro:10000 Objeto:Monedas de oro
21/07/2009 0:08:08 Agarro:10000 Objeto:Monedas de oro
21/07/2009 0:08:08 Agarro:10000 Objeto:Monedas de oro
21/07/2009 0:08:09 Agarro:10000 Objeto:Monedas de oro
21/07/2009 0:16:10 Tiro cantidad:1 Objeto:Envenenar
21/07/2009 0:20:35 /mod item 5
21/07/2009 0:20:42 /mod chitom item 5
21/07/2009 0:22:04 Transporto a chitom hacia Mapa35 X:49 Y:79
21/07/2009 0:22:05 Transporto a chitom hacia Mapa35 X:49 Y:76
21/07/2009 0:22:06 Transporto a chitom hacia Mapa35 X:51 Y:73
21/07/2009 0:22:07 Transporto a chitom hacia Mapa35 X:52 Y:70
21/07/2009 0:22:07 Transporto a chitom hacia Mapa35 X:52 Y:67
21/07/2009 0:22:09 Transporto a chitom hacia Mapa35 X:57 Y:72
21/07/2009 0:22:10 Agarro:5 Objeto:Sandia
21/07/2009 0:22:13 Transporto a chitom hacia Mapa35 X:61 Y:72
21/07/2009 0:22:15 Transporto a chitom hacia Mapa35 X:65 Y:72
21/07/2009 0:22:15 Transporto a chitom hacia Mapa35 X:68 Y:73
21/07/2009 0:22:17 Transporto a chitom hacia Mapa35 X:39 Y:55
21/07/2009 0:22:18 Transporto a chitom hacia Mapa35 X:38 Y:59
21/07/2009 0:22:19 Transporto a chitom hacia Mapa35 X:37 Y:63
21/07/2009 0:22:20 Transporto a chitom hacia Mapa35 X:40 Y:65
21/07/2009 0:22:20 Transporto a chitom hacia Mapa35 X:47 Y:51
21/07/2009 0:22:21 Transporto a chitom hacia Mapa35 X:50 Y:47
21/07/2009 0:22:21 Transporto a chitom hacia Mapa35 X:53 Y:43
21/07/2009 0:22:21 Transporto a chitom hacia Mapa35 X:53 Y:43
21/07/2009 0:22:21 Transporto a chitom hacia Mapa35 X:58 Y:40
21/07/2009 0:22:22 Transporto a chitom hacia Mapa35 X:63 Y:37
21/07/2009 0:22:23 Transporto a chitom hacia Mapa35 X:60 Y:34
21/07/2009 0:22:23 Transporto a chitom hacia Mapa35 X:59 Y:34
21/07/2009 0:22:24 Transporto a chitom hacia Mapa35 X:61 Y:31
21/07/2009 0:22:25 Transporto a chitom hacia Mapa35 X:63 Y:28
21/07/2009 0:22:26 Transporto a chitom hacia Mapa35 X:65 Y:25
21/07/2009 0:22:27 Transporto a chitom hacia Mapa35 X:63 Y:21
21/07/2009 0:22:27 Transporto a chitom hacia Mapa35 X:61 Y:17
21/07/2009 0:22:28 Transporto a chitom hacia Mapa35 X:59 Y:13
21/07/2009 0:22:29 Transporto a chitom hacia Mapa35 X:57 Y:10
21/07/2009 0:22:30 Transporto a chitom hacia Mapa35 X:55 Y:7
21/07/2009 0:22:31 Transporto a chitom hacia Mapa36 X:52 Y:90
21/07/2009 0:22:32 Transporto a chitom hacia Mapa36 X:47 Y:87
21/07/2009 0:22:34 Transporto a chitom hacia Mapa36 X:42 Y:83
21/07/2009 0:22:34 Transporto a chitom hacia Mapa36 X:37 Y:79
21/07/2009 0:22:36 Transporto a chitom hacia Mapa36 X:31 Y:77
21/07/2009 0:22:36 Transporto a chitom hacia Mapa36 X:25 Y:75
21/07/2009 0:22:37 Transporto a chitom hacia Mapa36 X:18 Y:73
21/07/2009 0:22:38 Transporto a chitom hacia Mapa36 X:11 Y:71
21/07/2009 0:22:44 Transporto a chitom hacia Mapa36 X:10 Y:74
21/07/2009 0:22:45 Transporto a chitom hacia Mapa36 X:9 Y:78
21/07/2009 0:22:45 Transporto a chitom hacia Mapa46 X:90 Y:82
21/07/2009 0:22:47 Transporto a chitom hacia Mapa46 X:89 Y:86
21/07/2009 0:22:48 Transporto a chitom hacia Mapa46 X:88 Y:90
21/07/2009 0:22:50 Transporto a chitom hacia Mapa46 X:85 Y:87
21/07/2009 0:23:17 Transporto a chitom hacia Mapa46 X:83 Y:83
21/07/2009 0:23:19 Transporto a chitom hacia Mapa46 X:80 Y:87
21/07/2009 0:23:20 Transporto a chitom hacia Mapa46 X:76 Y:91
21/07/2009 0:23:20 Transporto a chitom hacia Mapa46 X:76 Y:91
21/07/2009 0:23:21 Transporto a chitom hacia Mapa46 X:73 Y:93
21/07/2009 0:23:23 Transporto a chitom hacia Mapa46 X:67 Y:91
21/07/2009 0:23:37 Transporto a chitom hacia Mapa46 X:66 Y:86
21/07/2009 0:23:38 Transporto a chitom hacia Mapa46 X:66 Y:82
21/07/2009 0:23:39 Transporto a chitom hacia Mapa46 X:66 Y:78
21/07/2009 0:23:39 Transporto a chitom hacia Mapa46 X:66 Y:74
21/07/2009 0:23:40 Transporto a chitom hacia Mapa46 X:66 Y:70
21/07/2009 0:23:41 Transporto a chitom hacia Mapa46 X:66 Y:66
21/07/2009 0:23:42 Transporto a chitom hacia Mapa46 X:66 Y:62
21/07/2009 0:23:42 Transporto a chitom hacia Mapa46 X:66 Y:58
21/07/2009 0:23:43 Transporto a chitom hacia Mapa46 X:66 Y:54
21/07/2009 0:23:43 Transporto a chitom hacia Mapa46 X:66 Y:49
21/07/2009 0:23:44 Transporto a chitom hacia Mapa46 X:66 Y:44
21/07/2009 0:23:44 Transporto a chitom hacia Mapa46 X:66 Y:39
21/07/2009 0:23:45 Transporto a chitom hacia Mapa46 X:66 Y:34
21/07/2009 0:23:46 Transporto a chitom hacia Mapa46 X:66 Y:29
21/07/2009 0:23:47 Transporto a chitom hacia Mapa46 X:66 Y:24
21/07/2009 0:23:47 Transporto a chitom hacia Mapa46 X:66 Y:19
21/07/2009 0:23:48 Transporto a chitom hacia Mapa46 X:66 Y:14
21/07/2009 0:23:48 Transporto a chitom hacia Mapa46 X:66 Y:14
21/07/2009 0:23:49 Transporto a chitom hacia Mapa46 X:66 Y:9
21/07/2009 0:36:32 Se conecto con ip:190.19.18.246
21/07/2009 0:36:40 Transporto a chitom hacia Mapa38 X:69 Y:85
21/07/2009 0:36:41 Transporto a chitom hacia Mapa38 X:70 Y:81
21/07/2009 0:37:00 Agarro:3600 Objeto:Monedas de oro
21/07/2009 0:37:43 Transporto a chitom hacia Mapa50 X:24 Y:70
21/07/2009 0:37:44 Transporto a chitom hacia Mapa50 X:22 Y:65
21/07/2009 0:37:44 Transporto a chitom hacia Mapa50 X:21 Y:60
21/07/2009 0:37:45 Transporto a chitom hacia Mapa50 X:23 Y:55
21/07/2009 0:37:45 Transporto a chitom hacia Mapa50 X:27 Y:55
21/07/2009 0:37:46 Transporto a chitom hacia Mapa50 X:28 Y:50
21/07/2009 0:37:46 Transporto a chitom hacia Mapa50 X:26 Y:50
21/07/2009 0:37:46 Transporto a chitom hacia Mapa50 X:25 Y:45
21/07/2009 0:37:47 Transporto a chitom hacia Mapa50 X:24 Y:40
21/07/2009 0:37:47 Transporto a chitom hacia Mapa50 X:24 Y:40
21/07/2009 0:37:48 Transporto a chitom hacia Mapa50 X:23 Y:35
21/07/2009 0:37:48 Transporto a chitom hacia Mapa50 X:23 Y:35
21/07/2009 0:37:49 Transporto a chitom hacia Mapa50 X:22 Y:30
21/07/2009 0:37:50 Transporto a chitom hacia Mapa50 X:21 Y:25
21/07/2009 0:37:50 Transporto a chitom hacia Mapa50 X:20 Y:20
21/07/2009 0:37:51 Transporto a chitom hacia Mapa50 X:20 Y:15
21/07/2009 0:37:51 Transporto a chitom hacia Mapa50 X:20 Y:10
21/07/2009 0:37:53 Transporto a chitom hacia Mapa50 X:22 Y:14
21/07/2009 0:37:58 Transporto a chitom hacia Mapa50 X:23 Y:17
21/07/2009 0:38:04 Transporto a chitom hacia Mapa38 X:77 Y:76
21/07/2009 0:38:05 Transporto a chitom hacia Mapa38 X:80 Y:74
21/07/2009 0:38:06 Transporto a chitom hacia Mapa38 X:84 Y:73
21/07/2009 0:38:07 Transporto a chitom hacia Mapa38 X:89 Y:73
21/07/2009 0:38:23 Transporto a chitom hacia Mapa39 X:16 Y:75
21/07/2009 0:38:25 Transporto a chitom hacia Mapa39 X:17 Y:78
21/07/2009 0:38:26 Transporto a chitom hacia Mapa39 X:18 Y:82
21/07/2009 0:38:27 Transporto a chitom hacia Mapa39 X:18 Y:86
21/07/2009 0:38:28 Transporto a chitom hacia Mapa39 X:18 Y:91
21/07/2009 0:38:38 Transporto a chitom hacia Mapa36 X:19 Y:22
21/07/2009 0:38:39 Transporto a chitom hacia Mapa36 X:20 Y:27
21/07/2009 0:38:41 Transporto a chitom hacia Mapa36 X:19 Y:32
21/07/2009 0:38:42 Transporto a chitom hacia Mapa36 X:18 Y:37
21/07/2009 0:38:44 Transporto a chitom hacia Mapa36 X:17 Y:42
21/07/2009 0:38:45 Transporto a chitom hacia Mapa36 X:16 Y:47
21/07/2009 0:38:46 Transporto a chitom hacia Mapa36 X:15 Y:52
21/07/2009 0:38:47 Transporto a chitom hacia Mapa36 X:14 Y:57
21/07/2009 0:38:48 Transporto a chitom hacia Mapa36 X:13 Y:62
21/07/2009 0:38:50 Transporto a chitom hacia Mapa36 X:12 Y:67
21/07/2009 0:38:51 Transporto a chitom hacia Mapa36 X:11 Y:72
21/07/2009 0:38:51 Transporto a chitom hacia Mapa36 X:10 Y:77
21/07/2009 0:38:53 Transporto a chitom hacia Mapa36 X:9 Y:82
21/07/2009 0:38:54 Transporto a chitom hacia Mapa46 X:90 Y:87
21/07/2009 0:38:56 Transporto a chitom hacia Mapa46 X:89 Y:92
21/07/2009 0:39:18 Transporto a chitom hacia Mapa35 X:20 Y:30
21/07/2009 0:39:19 Transporto a chitom hacia Mapa35 X:20 Y:34
21/07/2009 0:39:20 Transporto a chitom hacia Mapa35 X:16 Y:39
21/07/2009 0:39:21 Transporto a chitom hacia Mapa35 X:10 Y:44
21/07/2009 0:39:22 Transporto a chitom hacia Mapa35 X:11 Y:48
21/07/2009 0:39:23 Transporto a chitom hacia Mapa35 X:15 Y:52
21/07/2009 0:39:24 Transporto a chitom hacia Mapa35 X:19 Y:57
21/07/2009 0:39:25 Transporto a chitom hacia Mapa35 X:22 Y:62
21/07/2009 0:39:25 Transporto a chitom hacia Mapa35 X:19 Y:61
21/07/2009 0:39:27 Transporto a chitom hacia Mapa35 X:19 Y:58
21/07/2009 0:39:58 Transporto a chitom hacia Mapa35 X:16 Y:63
21/07/2009 0:39:59 Transporto a chitom hacia Mapa35 X:15 Y:66
21/07/2009 0:40:00 Transporto a chitom hacia Mapa35 X:20 Y:67
21/07/2009 0:40:01 Transporto a chitom hacia Mapa35 X:22 Y:72
21/07/2009 0:40:03 Transporto a chitom hacia Mapa35 X:22 Y:76
21/07/2009 0:40:08 Transporto a chitom hacia Mapa35 X:24 Y:89
21/07/2009 0:40:10 Transporto a chitom hacia Mapa35 X:29 Y:92
21/07/2009 0:40:29 Transporto a chitom hacia Mapa34 X:40 Y:33
21/07/2009 0:40:59 Transporto a chitom hacia Mapa34 X:50 Y:31
21/07/2009 0:41:01 Transporto a chitom hacia Mapa34 X:43 Y:31
21/07/2009 0:41:03 Transporto a chitom hacia Mapa34 X:38 Y:31
21/07/2009 0:41:04 Transporto a chitom hacia Mapa34 X:31 Y:31
21/07/2009 0:41:06 Transporto a chitom hacia Mapa34 X:27 Y:36
21/07/2009 0:41:07 Transporto a chitom hacia Mapa34 X:23 Y:41
21/07/2009 0:41:09 Transporto a chitom hacia Mapa34 X:22 Y:45
21/07/2009 0:41:10 Transporto a chitom hacia Mapa34 X:21 Y:48
21/07/2009 0:41:11 Transporto a chitom hacia Mapa34 X:23 Y:50
21/07/2009 0:41:13 Transporto a chitom hacia Mapa34 X:20 Y:55
21/07/2009 0:41:14 Transporto a chitom hacia Mapa34 X:20 Y:59
21/07/2009 0:41:15 Transporto a chitom hacia Mapa34 X:20 Y:63
21/07/2009 0:41:16 Transporto a chitom hacia Mapa34 X:25 Y:63
21/07/2009 0:41:18 Transporto a chitom hacia Mapa34 X:30 Y:63
21/07/2009 0:41:19 Transporto a chitom hacia Mapa34 X:37 Y:64
21/07/2009 0:41:20 Transporto a chitom hacia Mapa34 X:44 Y:65
21/07/2009 0:41:21 Transporto a chitom hacia Mapa34 X:51 Y:66
21/07/2009 0:41:23 Transporto a chitom hacia Mapa34 X:53 Y:68
21/07/2009 0:41:24 Transporto a chitom hacia Mapa34 X:47 Y:73
21/07/2009 0:41:25 Transporto a chitom hacia Mapa34 X:43 Y:75
21/07/2009 0:41:27 Transporto a chitom hacia Mapa34 X:38 Y:76
21/07/2009 0:41:29 Transporto a chitom hacia Mapa34 X:32 Y:76
21/07/2009 0:41:30 Transporto a chitom hacia Mapa34 X:33 Y:80
21/07/2009 0:41:31 Transporto a chitom hacia Mapa34 X:34 Y:84
21/07/2009 0:41:32 Transporto a chitom hacia Mapa34 X:34 Y:88
21/07/2009 0:41:33 Transporto a chitom hacia Mapa34 X:39 Y:90
21/07/2009 0:41:34 Transporto a chitom hacia Mapa34 X:44 Y:88
21/07/2009 0:41:35 Transporto a chitom hacia Mapa34 X:49 Y:85
21/07/2009 0:41:36 Transporto a chitom hacia Mapa34 X:55 Y:83
21/07/2009 0:41:37 Transporto a chitom hacia Mapa34 X:62 Y:82
21/07/2009 0:41:38 Transporto a chitom hacia Mapa34 X:69 Y:81
21/07/2009 0:41:39 Transporto a chitom hacia Mapa34 X:76 Y:80
21/07/2009 0:41:39 Transporto a chitom hacia Mapa34 X:83 Y:79
21/07/2009 0:41:41 Transporto a chitom hacia Mapa34 X:82 Y:75
21/07/2009 0:41:42 Transporto a chitom hacia Mapa34 X:80 Y:71
21/07/2009 0:41:43 Transporto a chitom hacia Mapa34 X:78 Y:67
21/07/2009 0:41:44 Transporto a chitom hacia Mapa34 X:72 Y:63
21/07/2009 0:41:45 Transporto a chitom hacia Mapa34 X:65 Y:60
21/07/2009 0:41:46 Transporto a chitom hacia Mapa34 X:60 Y:55
21/07/2009 0:41:47 Transporto a chitom hacia Mapa34 X:55 Y:51
21/07/2009 0:41:49 Transporto a chitom hacia Mapa34 X:49 Y:50
21/07/2009 0:41:51 Transporto a chitom hacia Mapa34 X:48 Y:45
21/07/2009 0:42:26 Transporto a chitom hacia Mapa34 X:45 Y:48
21/07/2009 0:42:27 Transporto a chitom hacia Mapa34 X:40 Y:44
21/07/2009 0:42:41 Transporto a chitom hacia Mapa34 X:48 Y:46
21/07/2009 0:42:42 Transporto a chitom hacia Mapa34 X:51 Y:44
21/07/2009 0:42:43 Transporto a chitom hacia Mapa34 X:56 Y:43
21/07/2009 0:42:44 Transporto a chitom hacia Mapa34 X:60 Y:43
21/07/2009 0:42:45 Transporto a chitom hacia Mapa34 X:66 Y:44
21/07/2009 0:42:47 Transporto a chitom hacia Mapa34 X:70 Y:45
21/07/2009 0:43:09 Transporto a chitom hacia Mapa34 X:66 Y:39
21/07/2009 0:43:10 Transporto a chitom hacia Mapa34 X:62 Y:35
21/07/2009 0:43:10 Transporto a chitom hacia Mapa34 X:56 Y:31
21/07/2009 0:43:11 Transporto a chitom hacia Mapa34 X:50 Y:27
21/07/2009 0:43:11 Transporto a chitom hacia Mapa34 X:44 Y:24
21/07/2009 0:43:12 Transporto a chitom hacia Mapa34 X:38 Y:21
21/07/2009 0:43:12 Transporto a chitom hacia Mapa34 X:38 Y:21
21/07/2009 0:43:13 Transporto a chitom hacia Mapa34 X:32 Y:18
21/07/2009 0:43:13 Transporto a chitom hacia Mapa34 X:26 Y:15
21/07/2009 0:43:14 Transporto a chitom hacia Mapa34 X:26 Y:15
21/07/2009 0:43:15 Transporto a chitom hacia Mapa34 X:27 Y:18
21/07/2009 0:43:15 Transporto a chitom hacia Mapa34 X:27 Y:18
21/07/2009 0:43:16 Transporto a chitom hacia Mapa34 X:25 Y:21
21/07/2009 0:43:16 Transporto a chitom hacia Mapa34 X:24 Y:21
21/07/2009 0:43:16 Transporto a chitom hacia Mapa34 X:21 Y:24
21/07/2009 0:43:16 Transporto a chitom hacia Mapa34 X:21 Y:24
21/07/2009 0:43:17 Transporto a chitom hacia Mapa34 X:19 Y:28
21/07/2009 0:43:18 Transporto a chitom hacia Mapa34 X:23 Y:28
21/07/2009 0:43:18 Transporto a chitom hacia Mapa34 X:25 Y:28
21/07/2009 0:43:18 Transporto a chitom hacia Mapa34 X:25 Y:28
21/07/2009 0:43:18 Transporto a chitom hacia Mapa34 X:23 Y:32
21/07/2009 0:43:18 Transporto a chitom hacia Mapa34 X:23 Y:32
21/07/2009 0:43:19 Transporto a chitom hacia Mapa34 X:27 Y:32
21/07/2009 0:43:19 Transporto a chitom hacia Mapa34 X:30 Y:32
21/07/2009 0:43:19 Transporto a chitom hacia Mapa34 X:30 Y:32
21/07/2009 0:43:19 Transporto a chitom hacia Mapa34 X:32 Y:36
21/07/2009 0:43:20 Transporto a chitom hacia Mapa34 X:35 Y:36
21/07/2009 0:43:20 Transporto a chitom hacia Mapa34 X:35 Y:36
21/07/2009 0:43:20 Transporto a chitom hacia Mapa34 X:37 Y:40
21/07/2009 0:43:21 Transporto a chitom hacia Mapa34 X:39 Y:40
21/07/2009 0:43:21 Transporto a chitom hacia Mapa34 X:38 Y:40
21/07/2009 0:43:21 Transporto a chitom hacia Mapa34 X:38 Y:44
21/07/2009 0:43:21 Transporto a chitom hacia Mapa34 X:38 Y:43
21/07/2009 0:43:21 Transporto a chitom hacia Mapa34 X:37 Y:43
21/07/2009 0:43:22 Transporto a chitom hacia Mapa34 X:37 Y:47
21/07/2009 0:43:22 Transporto a chitom hacia Mapa34 X:37 Y:47
21/07/2009 0:43:22 Transporto a chitom hacia Mapa34 X:36 Y:47
21/07/2009 0:43:22 Transporto a chitom hacia Mapa34 X:36 Y:47
21/07/2009 0:43:22 Transporto a chitom hacia Mapa34 X:35 Y:47
21/07/2009 0:43:23 Transporto a chitom hacia Mapa34 X:32 Y:45
21/07/2009 0:43:23 Transporto a chitom hacia Mapa34 X:30 Y:49
21/07/2009 0:43:23 Transporto a chitom hacia Mapa34 X:29 Y:49
21/07/2009 0:43:23 Transporto a chitom hacia Mapa34 X:26 Y:47
21/07/2009 0:43:24 Transporto a chitom hacia Mapa34 X:24 Y:51
21/07/2009 0:43:24 Transporto a chitom hacia Mapa34 X:24 Y:51
21/07/2009 0:43:24 Transporto a chitom hacia Mapa34 X:24 Y:51
21/07/2009 0:43:24 Transporto a chitom hacia Mapa34 X:21 Y:50
21/07/2009 0:43:25 Transporto a chitom hacia Mapa34 X:19 Y:54
21/07/2009 0:43:25 Transporto a chitom hacia Mapa34 X:19 Y:54
21/07/2009 0:43:25 Transporto a chitom hacia Mapa34 X:20 Y:54
21/07/2009 0:43:25 Transporto a chitom hacia Mapa34 X:17 Y:53
21/07/2009 0:43:25 Transporto a chitom hacia Mapa34 X:15 Y:57
21/07/2009 0:43:26 Transporto a chitom hacia Mapa34 X:13 Y:55
21/07/2009 0:43:26 Transporto a chitom hacia Mapa34 X:10 Y:59
21/07/2009 0:43:27 Transporto a chitom hacia Mapa34 X:10 Y:59
21/07/2009 0:43:27 Transporto a chitom hacia Mapa34 X:11 Y:60
21/07/2009 0:43:27 Transporto a chitom hacia Mapa34 X:11 Y:60
21/07/2009 0:43:27 Transporto a chitom hacia Mapa34 X:9 Y:63
21/07/2009 0:43:28 Transporto a chitom hacia Mapa34 X:9 Y:63
21/07/2009 0:43:28 Transporto a chitom hacia Mapa34 X:12 Y:64
21/07/2009 0:43:28 Transporto a chitom hacia Mapa34 X:14 Y:63
21/07/2009 0:43:28 Transporto a chitom hacia Mapa34 X:13 Y:67
21/07/2009 0:43:29 Transporto a chitom hacia Mapa34 X:14 Y:67
21/07/2009 0:43:29 Transporto a chitom hacia Mapa34 X:20 Y:67
21/07/2009 0:43:29 Transporto a chitom hacia Mapa34 X:20 Y:67
21/07/2009 0:43:29 Transporto a chitom hacia Mapa34 X:26 Y:71
21/07/2009 0:43:30 Transporto a chitom hacia Mapa34 X:32 Y:75
21/07/2009 0:43:30 Transporto a chitom hacia Mapa34 X:38 Y:79
21/07/2009 0:43:31 Transporto a chitom hacia Mapa34 X:44 Y:83
21/07/2009 0:43:31 Transporto a chitom hacia Mapa34 X:50 Y:87
21/07/2009 0:43:32 Transporto a chitom hacia Mapa34 X:56 Y:91
21/07/2009 0:43:33 Transporto a chitom hacia Mapa34 X:56 Y:91
21/07/2009 0:43:33 Transporto a chitom hacia Mapa34 X:62 Y:92
21/07/2009 0:43:33 Transporto a chitom hacia Mapa34 X:61 Y:91
21/07/2009 0:43:34 Transporto a chitom hacia Mapa34 X:61 Y:90
21/07/2009 0:43:34 Transporto a chitom hacia Mapa34 X:61 Y:89
21/07/2009 0:43:34 Transporto a chitom hacia Mapa34 X:61 Y:88
21/07/2009 0:43:34 Transporto a chitom hacia Mapa34 X:66 Y:88
21/07/2009 0:43:34 Transporto a chitom hacia Mapa34 X:65 Y:84
21/07/2009 0:43:35 Transporto a chitom hacia Mapa34 X:65 Y:84
21/07/2009 0:43:35 Transporto a chitom hacia Mapa34 X:69 Y:84
21/07/2009 0:43:35 Transporto a chitom hacia Mapa34 X:67 Y:80
21/07/2009 0:43:36 Transporto a chitom hacia Mapa34 X:65 Y:80
21/07/2009 0:43:36 Transporto a chitom hacia Mapa34 X:68 Y:80
21/07/2009 0:43:36 Transporto a chitom hacia Mapa34 X:68 Y:80
21/07/2009 0:43:36 Transporto a chitom hacia Mapa34 X:66 Y:76
21/07/2009 0:43:36 Transporto a chitom hacia Mapa34 X:64 Y:76
21/07/2009 0:43:37 Transporto a chitom hacia Mapa34 X:66 Y:75
21/07/2009 0:43:37 Transporto a chitom hacia Mapa34 X:61 Y:70
21/07/2009 0:43:37 Transporto a chitom hacia Mapa34 X:60 Y:71
21/07/2009 0:43:37 Transporto a chitom hacia Mapa34 X:57 Y:71
21/07/2009 0:43:38 Transporto a chitom hacia Mapa34 X:58 Y:70
21/07/2009 0:43:38 Transporto a chitom hacia Mapa34 X:52 Y:68
21/07/2009 0:43:38 Transporto a chitom hacia Mapa34 X:53 Y:69
21/07/2009 0:43:38 Transporto a chitom hacia Mapa34 X:55 Y:71
21/07/2009 0:43:38 Transporto a chitom hacia Mapa34 X:52 Y:72
21/07/2009 0:43:39 Transporto a chitom hacia Mapa34 X:53 Y:71
21/07/2009 0:43:39 Transporto a chitom hacia Mapa34 X:50 Y:72
21/07/2009 0:49:18 Se conecto con ip:190.19.18.246
21/07/2009 0:49:23 Transporto a chitom hacia Mapa34 X:42 Y:74
21/07/2009 0:49:24 Transporto a chitom hacia Mapa34 X:37 Y:74
21/07/2009 0:49:24 Transporto a chitom hacia Mapa34 X:31 Y:73
21/07/2009 0:49:25 Transporto a chitom hacia Mapa34 X:25 Y:73
21/07/2009 0:49:25 Transporto a chitom hacia Mapa34 X:19 Y:73
21/07/2009 0:49:55 Transporto a chitom hacia Mapa34 X:19 Y:77
21/07/2009 0:49:57 Transporto a chitom hacia Mapa34 X:18 Y:81
21/07/2009 0:49:58 Transporto a chitom hacia Mapa34 X:16 Y:85
21/07/2009 0:50:00 Transporto a chitom hacia Mapa34 X:11 Y:88
21/07/2009 0:50:32 Transporto a chitom hacia Mapa45 X:32 Y:75
21/07/2009 0:50:33 Transporto a chitom hacia Mapa45 X:26 Y:74
21/07/2009 0:50:34 Transporto a chitom hacia Mapa45 X:20 Y:73
21/07/2009 0:50:34 Transporto a chitom hacia Mapa45 X:20 Y:73
21/07/2009 0:50:34 Transporto a chitom hacia Mapa45 X:14 Y:72
21/07/2009 0:50:34 Transporto a chitom hacia Mapa45 X:14 Y:72
21/07/2009 0:50:35 Transporto a chitom hacia Mapa45 X:9 Y:73
21/07/2009 0:50:35 Transporto a chitom hacia Mapa45 X:9 Y:75
21/07/2009 0:50:36 Transporto a chitom hacia Mapa34 X:13 Y:84
21/07/2009 0:50:37 Transporto a chitom hacia Mapa34 X:16 Y:81
21/07/2009 0:50:37 Transporto a chitom hacia Mapa34 X:19 Y:78
21/07/2009 0:50:37 Transporto a chitom hacia Mapa34 X:22 Y:75
21/07/2009 0:50:38 Transporto a chitom hacia Mapa34 X:25 Y:72
