----------------------------------------------------------
08/07/2009 06:57:34 a.m. ¡El personaje  ha intentado ingresar al juego con un cliente modificado!
----------------------------------------------------------
----------------------------------------------------------
08/07/2009 06:57:36 a.m. ¡El personaje  ha intentado ingresar al juego con un cliente modificado!
----------------------------------------------------------
----------------------------------------------------------
08/07/2009 06:57:37 a.m. ¡El personaje  ha intentado ingresar al juego con un cliente modificado!
----------------------------------------------------------
----------------------------------------------------------
08/07/2009 06:57:37 a.m. ¡El personaje  ha intentado ingresar al juego con un cliente modificado!
----------------------------------------------------------
----------------------------------------------------------
08/07/2009 06:57:37 a.m. ¡El personaje  ha intentado ingresar al juego con un cliente modificado!
----------------------------------------------------------
----------------------------------------------------------
08/07/2009 12:53:59 p.m. ¡El personaje archo ha intentado ingresar al juego con un cliente modificado!
----------------------------------------------------------
----------------------------------------------------------
08/07/2009 01:19:06 p.m. ¡El personaje Silver ha intentado ingresar al juego con un cliente modificado!
----------------------------------------------------------
----------------------------------------------------------
08/07/2009 01:19:28 p.m. ¡El personaje  ha intentado ingresar al juego con un cliente modificado!
----------------------------------------------------------
----------------------------------------------------------
08/07/2009 01:19:29 p.m. ¡El personaje  ha intentado ingresar al juego con un cliente modificado!
----------------------------------------------------------
----------------------------------------------------------
08/07/2009 01:19:29 p.m. ¡El personaje  ha intentado ingresar al juego con un cliente modificado!
----------------------------------------------------------
----------------------------------------------------------
08/07/2009 01:23:08 p.m. ¡El personaje silver ha intentado ingresar al juego con un cliente modificado!
----------------------------------------------------------
----------------------------------------------------------
08/07/2009 01:23:10 p.m. ¡El personaje silver ha intentado ingresar al juego con un cliente modificado!
----------------------------------------------------------
----------------------------------------------------------
10/07/2009 10:25:18 a.m. ¡El personaje  ha intentado ingresar al juego con un cliente modificado!
----------------------------------------------------------
----------------------------------------------------------
10/07/2009 10:25:34 a.m. ¡El personaje fff ha intentado ingresar al juego con un cliente modificado!
----------------------------------------------------------
----------------------------------------------------------
11/07/2009 04:25:06 a.m. ¡El personaje  ha intentado ingresar al juego con un cliente modificado!
----------------------------------------------------------
----------------------------------------------------------
11/07/2009 04:25:29 a.m. ¡El personaje  ha intentado ingresar al juego con un cliente modificado!
----------------------------------------------------------
----------------------------------------------------------
11/07/2009 02:43:37 p.m. ¡El personaje yumboguerre ha intentado ingresar al juego con un cliente modificado!
----------------------------------------------------------
----------------------------------------------------------
11/07/2009 02:43:44 p.m. ¡El personaje yumboguerre ha intentado ingresar al juego con un cliente modificado!
----------------------------------------------------------
----------------------------------------------------------
12/07/2009 01:05:03 a.m. ¡El personaje ciro ha intentado ingresar al juego con un cliente modificado!
----------------------------------------------------------
----------------------------------------------------------
12/07/2009 01:05:12 a.m. ¡El personaje ciro ha intentado ingresar al juego con un cliente modificado!
----------------------------------------------------------
----------------------------------------------------------
12/07/2009 01:05:21 a.m. ¡El personaje ciro ha intentado ingresar al juego con un cliente modificado!
----------------------------------------------------------
----------------------------------------------------------
12/07/2009 01:05:44 a.m. ¡El personaje ciro ha intentado ingresar al juego con un cliente modificado!
----------------------------------------------------------
----------------------------------------------------------
12/07/2009 01:08:22 a.m. ¡El personaje ciro ha intentado ingresar al juego con un cliente modificado!
----------------------------------------------------------
----------------------------------------------------------
12/07/2009 04:19:35 a.m. ¡El personaje yumboguerre ha intentado ingresar al juego con un cliente modificado!
----------------------------------------------------------
----------------------------------------------------------
12/07/2009 04:19:46 a.m. ¡El personaje yumba ha intentado ingresar al juego con un cliente modificado!
----------------------------------------------------------
----------------------------------------------------------
12/07/2009 04:20:50 a.m. ¡El personaje  ha intentado ingresar al juego con un cliente modificado!
----------------------------------------------------------
----------------------------------------------------------
12/07/2009 04:20:53 a.m. ¡El personaje  ha intentado ingresar al juego con un cliente modificado!
----------------------------------------------------------
----------------------------------------------------------
12/07/2009 04:20:53 a.m. ¡El personaje  ha intentado ingresar al juego con un cliente modificado!
----------------------------------------------------------
----------------------------------------------------------
12/07/2009 04:20:53 a.m. ¡El personaje  ha intentado ingresar al juego con un cliente modificado!
----------------------------------------------------------
----------------------------------------------------------
12/07/2009 04:20:54 a.m. ¡El personaje  ha intentado ingresar al juego con un cliente modificado!
----------------------------------------------------------
----------------------------------------------------------
12/07/2009 04:20:54 a.m. ¡El personaje  ha intentado ingresar al juego con un cliente modificado!
----------------------------------------------------------
----------------------------------------------------------
12/07/2009 04:22:22 a.m. ¡El personaje yumboguerre ha intentado ingresar al juego con un cliente modificado!
----------------------------------------------------------
----------------------------------------------------------
12/07/2009 04:24:58 a.m. ¡El personaje  ha intentado ingresar al juego con un cliente modificado!
----------------------------------------------------------
----------------------------------------------------------
12/07/2009 04:25:00 a.m. ¡El personaje  ha intentado ingresar al juego con un cliente modificado!
----------------------------------------------------------
----------------------------------------------------------
12/07/2009 04:25:39 a.m. ¡El personaje  ha intentado ingresar al juego con un cliente modificado!
----------------------------------------------------------
----------------------------------------------------------
12/07/2009 04:25:40 a.m. ¡El personaje  ha intentado ingresar al juego con un cliente modificado!
----------------------------------------------------------
----------------------------------------------------------
12/07/2009 04:25:40 a.m. ¡El personaje  ha intentado ingresar al juego con un cliente modificado!
----------------------------------------------------------
----------------------------------------------------------
12/07/2009 04:25:41 a.m. ¡El personaje  ha intentado ingresar al juego con un cliente modificado!
----------------------------------------------------------
----------------------------------------------------------
12/07/2009 04:25:44 a.m. ¡El personaje  ha intentado ingresar al juego con un cliente modificado!
----------------------------------------------------------
----------------------------------------------------------
12/07/2009 04:25:44 a.m. ¡El personaje  ha intentado ingresar al juego con un cliente modificado!
----------------------------------------------------------
----------------------------------------------------------
12/07/2009 04:25:50 a.m. ¡El personaje Ciro ha intentado ingresar al juego con un cliente modificado!
----------------------------------------------------------
----------------------------------------------------------
12/07/2009 04:25:52 a.m. ¡El personaje Ciro ha intentado ingresar al juego con un cliente modificado!
----------------------------------------------------------
----------------------------------------------------------
12/07/2009 04:34:43 a.m. ¡El personaje Ciro ha intentado ingresar al juego con un cliente modificado!
----------------------------------------------------------
----------------------------------------------------------
12/07/2009 05:24:40 a.m. ¡El personaje potito ha intentado ingresar al juego con un cliente modificado!
----------------------------------------------------------
----------------------------------------------------------
12/07/2009 05:26:58 a.m. ¡El personaje Potito ha intentado ingresar al juego con un cliente modificado!
----------------------------------------------------------
----------------------------------------------------------
12/07/2009 05:29:04 a.m. ¡El personaje potito ha intentado ingresar al juego con un cliente modificado!
----------------------------------------------------------
----------------------------------------------------------
12/07/2009 06:21:52 a.m. ¡El personaje SILVER ha intentado ingresar al juego con un cliente modificado!
----------------------------------------------------------
----------------------------------------------------------
12/07/2009 06:21:58 a.m. ¡El personaje SILVER ha intentado ingresar al juego con un cliente modificado!
----------------------------------------------------------
----------------------------------------------------------
12/07/2009 06:22:03 a.m. ¡El personaje SILVER ha intentado ingresar al juego con un cliente modificado!
----------------------------------------------------------
----------------------------------------------------------
12/07/2009 06:22:38 a.m. ¡El personaje silver ha intentado ingresar al juego con un cliente modificado!
----------------------------------------------------------
----------------------------------------------------------
12/07/2009 06:22:47 a.m. ¡El personaje silver ha intentado ingresar al juego con un cliente modificado!
----------------------------------------------------------
----------------------------------------------------------
12/07/2009 06:30:12 a.m. ¡El personaje silver ha intentado ingresar al juego con un cliente modificado!
----------------------------------------------------------
----------------------------------------------------------
12/07/2009 06:30:34 a.m. ¡El personaje silver ha intentado ingresar al juego con un cliente modificado!
----------------------------------------------------------
----------------------------------------------------------
12/07/2009 06:30:44 a.m. ¡El personaje silver ha intentado ingresar al juego con un cliente modificado!
----------------------------------------------------------
----------------------------------------------------------
12/07/2009 09:29:06 a.m. ¡El personaje XaRvE ha intentado ingresar al juego con un cliente modificado!
----------------------------------------------------------
----------------------------------------------------------
12/07/2009 09:52:48 a.m. ¡El personaje Pieters ha intentado ingresar al juego con un cliente modificado!
----------------------------------------------------------
----------------------------------------------------------
12/07/2009 02:17:53 p.m. ¡El personaje Glokark ha intentado ingresar al juego con un cliente modificado!
----------------------------------------------------------
----------------------------------------------------------
12/07/2009 04:29:13 p.m. ¡El personaje Only ha intentado ingresar al juego con un cliente modificado!
----------------------------------------------------------
----------------------------------------------------------
12/07/2009 04:29:17 p.m. ¡El personaje Only ha intentado ingresar al juego con un cliente modificado!
----------------------------------------------------------
----------------------------------------------------------
13/07/2009 02:02:31 a.m. ¡El personaje  ha intentado ingresar al juego con un cliente modificado!
----------------------------------------------------------
----------------------------------------------------------
13/07/2009 02:55:12 a.m. ¡El personaje InKs ha intentado ingresar al juego con un cliente modificado!
----------------------------------------------------------
----------------------------------------------------------
13/07/2009 02:55:25 a.m. ¡El personaje ads ha intentado ingresar al juego con un cliente modificado!
----------------------------------------------------------
----------------------------------------------------------
13/07/2009 02:57:29 a.m. ¡El personaje SkylaX ha intentado ingresar al juego con un cliente modificado!
----------------------------------------------------------
----------------------------------------------------------
13/07/2009 02:57:33 a.m. ¡El personaje SkylaX ha intentado ingresar al juego con un cliente modificado!
----------------------------------------------------------
----------------------------------------------------------
13/07/2009 02:57:37 a.m. ¡El personaje SkylaX ha intentado ingresar al juego con un cliente modificado!
----------------------------------------------------------
----------------------------------------------------------
13/07/2009 02:57:43 a.m. ¡El personaje SkylaX ha intentado ingresar al juego con un cliente modificado!
----------------------------------------------------------
----------------------------------------------------------
13/07/2009 02:57:51 a.m. ¡El personaje SkylaX ha intentado ingresar al juego con un cliente modificado!
----------------------------------------------------------
----------------------------------------------------------
13/07/2009 02:58:15 a.m. ¡El personaje SkylaX ha intentado ingresar al juego con un cliente modificado!
----------------------------------------------------------
----------------------------------------------------------
13/07/2009 02:58:22 a.m. ¡El personaje Silver ha intentado ingresar al juego con un cliente modificado!
----------------------------------------------------------
----------------------------------------------------------
13/07/2009 02:58:28 a.m. ¡El personaje ArkEt ha intentado ingresar al juego con un cliente modificado!
----------------------------------------------------------
----------------------------------------------------------
13/07/2009 03:11:14 a.m. ¡El personaje Skylax ha intentado ingresar al juego con un cliente modificado!
----------------------------------------------------------
----------------------------------------------------------
13/07/2009 03:12:02 a.m. ¡El personaje  ha intentado ingresar al juego con un cliente modificado!
----------------------------------------------------------
----------------------------------------------------------
13/07/2009 10:10:09 a.m. ¡El personaje Online ha intentado ingresar al juego con un cliente modificado!
----------------------------------------------------------
----------------------------------------------------------
13/07/2009 10:43:16 a.m. ¡El personaje gffgf ha intentado ingresar al juego con un cliente modificado!
----------------------------------------------------------
----------------------------------------------------------
13/07/2009 10:44:25 a.m. ¡El personaje gg ha intentado ingresar al juego con un cliente modificado!
----------------------------------------------------------
----------------------------------------------------------
13/07/2009 11:12:11 a.m. ¡El personaje chek ha intentado ingresar al juego con un cliente modificado!
----------------------------------------------------------
----------------------------------------------------------
13/07/2009 11:12:17 a.m. ¡El personaje Share ha intentado ingresar al juego con un cliente modificado!
----------------------------------------------------------
----------------------------------------------------------
13/07/2009 11:13:03 a.m. ¡El personaje chek ha intentado ingresar al juego con un cliente modificado!
----------------------------------------------------------
----------------------------------------------------------
13/07/2009 11:13:06 a.m. ¡El personaje chek ha intentado ingresar al juego con un cliente modificado!
----------------------------------------------------------
----------------------------------------------------------
13/07/2009 11:23:49 a.m. ¡El personaje Glokark ha intentado ingresar al juego con un cliente modificado!
----------------------------------------------------------
----------------------------------------------------------
13/07/2009 11:34:45 a.m. ¡El personaje f ha intentado ingresar al juego con un cliente modificado!
----------------------------------------------------------
----------------------------------------------------------
13/07/2009 11:36:24 a.m. ¡El personaje Glokark ha intentado ingresar al juego con un cliente modificado!
----------------------------------------------------------
----------------------------------------------------------
13/07/2009 12:11:25 p.m. ¡El personaje Glokark ha intentado ingresar al juego con un cliente modificado!
----------------------------------------------------------
