21/07/2009 0:17:40 Se conecto con ip:190.16.95.68
21/07/2009 0:21:49 /IRA esfri Mapa:34 X:12 Y:54
21/07/2009 0:22:02 /IRA MatII Mapa:34 X:61 Y:18
21/07/2009 0:22:21 /IRA MatII Mapa:35 X:20 Y:77
21/07/2009 0:23:11 /IRA AcTion Mapa:35 X:29 Y:34
21/07/2009 0:23:26 /IRA MatII Mapa:35 X:19 Y:80
21/07/2009 0:23:40 /IRA MatII Mapa:35 X:21 Y:81
21/07/2009 0:23:51 /IRA AcTion Mapa:35 X:22 Y:24
21/07/2009 0:24:18 Transporto a esfri hacia Mapa36 X:29 Y:71
21/07/2009 0:24:20 Transporto a esfri hacia Mapa36 X:33 Y:65
21/07/2009 0:24:20 Transporto a esfri hacia Mapa36 X:33 Y:65
21/07/2009 0:24:22 Transporto a esfri hacia Mapa36 X:30 Y:63
21/07/2009 0:24:23 Transporto a esfri hacia Mapa36 X:26 Y:65
21/07/2009 0:24:23 Transporto a esfri hacia Mapa36 X:26 Y:66
21/07/2009 0:24:26 Transporto a esfri hacia Mapa36 X:33 Y:70
21/07/2009 0:24:26 Transporto a esfri hacia Mapa36 X:31 Y:70
21/07/2009 0:24:26 Transporto a esfri hacia Mapa36 X:30 Y:70
21/07/2009 0:24:27 Transporto a esfri hacia Mapa36 X:36 Y:72
21/07/2009 0:24:28 Transporto a esfri hacia Mapa36 X:36 Y:74
21/07/2009 0:24:28 Transporto a esfri hacia Mapa36 X:43 Y:76
21/07/2009 0:24:28 Transporto a esfri hacia Mapa36 X:43 Y:78
21/07/2009 0:24:30 Transporto a esfri hacia Mapa36 X:50 Y:82
21/07/2009 0:24:31 Transporto a esfri hacia Mapa36 X:57 Y:86
21/07/2009 0:24:31 Transporto a esfri hacia Mapa36 X:61 Y:91
21/07/2009 0:24:33 Transporto a esfri hacia Mapa36 X:61 Y:94
21/07/2009 0:24:34 Transporto a esfri hacia Mapa36 X:61 Y:93
21/07/2009 0:24:49 Transporto a esfri hacia Mapa35 X:63 Y:12
21/07/2009 0:24:49 Transporto a esfri hacia Mapa35 X:63 Y:13
21/07/2009 0:24:50 Transporto a esfri hacia Mapa35 X:65 Y:16
21/07/2009 0:24:50 Transporto a esfri hacia Mapa35 X:66 Y:20
21/07/2009 0:24:51 Transporto a esfri hacia Mapa35 X:67 Y:24
21/07/2009 0:24:51 Transporto a esfri hacia Mapa35 X:68 Y:28
21/07/2009 0:24:51 Transporto a esfri hacia Mapa35 X:69 Y:32
21/07/2009 0:24:52 Transporto a esfri hacia Mapa35 X:70 Y:36
21/07/2009 0:24:52 Transporto a esfri hacia Mapa35 X:71 Y:40
21/07/2009 0:24:53 Transporto a esfri hacia Mapa35 X:70 Y:45
21/07/2009 0:24:53 Transporto a esfri hacia Mapa35 X:70 Y:45
21/07/2009 0:24:53 Transporto a esfri hacia Mapa35 X:69 Y:50
21/07/2009 0:24:53 Transporto a esfri hacia Mapa35 X:68 Y:55
21/07/2009 0:24:54 Transporto a esfri hacia Mapa35 X:66 Y:59
21/07/2009 0:24:54 Transporto a esfri hacia Mapa35 X:66 Y:59
21/07/2009 0:24:54 Transporto a esfri hacia Mapa35 X:62 Y:61
21/07/2009 0:24:54 Transporto a esfri hacia Mapa35 X:62 Y:61
21/07/2009 0:24:54 Transporto a esfri hacia Mapa35 X:57 Y:62
21/07/2009 0:24:55 Transporto a esfri hacia Mapa35 X:57 Y:62
21/07/2009 0:24:55 Transporto a esfri hacia Mapa35 X:52 Y:63
21/07/2009 0:24:55 Transporto a esfri hacia Mapa35 X:52 Y:63
21/07/2009 0:24:55 Transporto a esfri hacia Mapa35 X:47 Y:64
21/07/2009 0:24:56 Transporto a esfri hacia Mapa35 X:47 Y:64
21/07/2009 0:24:56 Transporto a esfri hacia Mapa35 X:42 Y:65
21/07/2009 0:24:56 Transporto a esfri hacia Mapa35 X:43 Y:66
21/07/2009 0:24:56 Transporto a esfri hacia Mapa35 X:38 Y:68
21/07/2009 0:24:57 Transporto a esfri hacia Mapa35 X:38 Y:67
21/07/2009 0:24:57 Transporto a esfri hacia Mapa35 X:32 Y:68
21/07/2009 0:24:57 Transporto a esfri hacia Mapa35 X:31 Y:67
21/07/2009 0:24:57 Transporto a esfri hacia Mapa35 X:25 Y:68
21/07/2009 0:24:57 Transporto a esfri hacia Mapa35 X:24 Y:67
21/07/2009 0:24:58 Transporto a esfri hacia Mapa35 X:19 Y:70
21/07/2009 0:24:58 Transporto a esfri hacia Mapa35 X:21 Y:71
21/07/2009 0:24:58 Transporto a esfri hacia Mapa35 X:17 Y:75
21/07/2009 0:24:58 Transporto a esfri hacia Mapa35 X:20 Y:76
21/07/2009 0:24:58 Transporto a esfri hacia Mapa35 X:16 Y:80
21/07/2009 0:25:01 Transporto a esfri hacia Mapa35 X:23 Y:81
21/07/2009 0:25:02 Transporto a esfri hacia Mapa35 X:28 Y:82
21/07/2009 0:25:02 Transporto a esfri hacia Mapa35 X:30 Y:81
21/07/2009 0:25:02 Transporto a esfri hacia Mapa35 X:30 Y:79
21/07/2009 0:25:04 Transporto a esfri hacia Mapa35 X:28 Y:79
21/07/2009 0:25:04 Transporto a esfri hacia Mapa35 X:27 Y:79
21/07/2009 0:25:05 Transporto a esfri hacia Mapa35 X:28 Y:78
21/07/2009 0:25:06 Transporto a esfri hacia Mapa35 X:28 Y:75
21/07/2009 0:25:07 Transporto a esfri hacia Mapa35 X:25 Y:72
21/07/2009 0:25:08 Transporto a esfri hacia Mapa35 X:23 Y:72
21/07/2009 0:25:08 Transporto a esfri hacia Mapa35 X:20 Y:72
21/07/2009 0:25:13 Transporto a esfri hacia Mapa35 X:24 Y:77
21/07/2009 0:25:20 Transporto a esfri hacia Mapa35 X:20 Y:74
21/07/2009 0:25:20 Transporto a esfri hacia Mapa35 X:19 Y:75
21/07/2009 0:25:20 Transporto a esfri hacia Mapa35 X:14 Y:72
21/07/2009 0:25:20 Transporto a esfri hacia Mapa35 X:14 Y:75
21/07/2009 0:25:20 Transporto a esfri hacia Mapa35 X:10 Y:74
21/07/2009 0:25:21 Transporto a esfri hacia Mapa35 X:13 Y:79
21/07/2009 0:25:21 Transporto a esfri hacia Mapa35 X:12 Y:78
21/07/2009 0:25:21 Transporto a esfri hacia Mapa35 X:16 Y:83
21/07/2009 0:25:21 Transporto a esfri hacia Mapa35 X:16 Y:82
21/07/2009 0:25:22 Transporto a esfri hacia Mapa35 X:20 Y:88
21/07/2009 0:25:22 Transporto a esfri hacia Mapa35 X:21 Y:86
21/07/2009 0:25:22 Transporto a esfri hacia Mapa35 X:21 Y:83
21/07/2009 0:25:22 Transporto a esfri hacia Mapa35 X:25 Y:85
21/07/2009 0:25:22 Transporto a esfri hacia Mapa35 X:25 Y:83
21/07/2009 0:25:22 Transporto a esfri hacia Mapa35 X:24 Y:84
21/07/2009 0:25:22 Transporto a esfri hacia Mapa35 X:24 Y:82
21/07/2009 0:25:23 Transporto a esfri hacia Mapa35 X:22 Y:83
21/07/2009 0:25:23 Transporto a esfri hacia Mapa35 X:22 Y:81
21/07/2009 0:25:23 Transporto a esfri hacia Mapa35 X:20 Y:82
21/07/2009 0:25:23 Transporto a esfri hacia Mapa35 X:19 Y:80
21/07/2009 0:25:23 Transporto a esfri hacia Mapa35 X:17 Y:81
21/07/2009 0:25:24 Transporto a esfri hacia Mapa35 X:14 Y:80
21/07/2009 0:25:55 /INVISIBLE
21/07/2009 0:26:03 Transporto a esfri hacia Mapa35 X:13 Y:78
21/07/2009 0:26:05 Transporto a esfri hacia Mapa35 X:13 Y:80
21/07/2009 0:26:23 /INVISIBLE
21/07/2009 0:26:29 Transporto a esfri hacia Mapa35 X:18 Y:79
21/07/2009 0:26:29 Transporto a esfri hacia Mapa35 X:15 Y:77
21/07/2009 0:26:30 Transporto a esfri hacia Mapa35 X:14 Y:74
21/07/2009 0:26:30 Transporto a esfri hacia Mapa35 X:15 Y:74
21/07/2009 0:26:30 Transporto a esfri hacia Mapa35 X:15 Y:71
21/07/2009 0:26:30 Transporto a esfri hacia Mapa35 X:16 Y:70
21/07/2009 0:26:31 Transporto a esfri hacia Mapa35 X:17 Y:68
21/07/2009 0:26:31 Transporto a esfri hacia Mapa35 X:18 Y:67
21/07/2009 0:26:31 Transporto a esfri hacia Mapa35 X:19 Y:65
21/07/2009 0:26:31 Transporto a esfri hacia Mapa35 X:20 Y:61
21/07/2009 0:26:31 Transporto a esfri hacia Mapa35 X:20 Y:61
21/07/2009 0:26:32 Transporto a esfri hacia Mapa35 X:20 Y:56
21/07/2009 0:26:32 Transporto a esfri hacia Mapa35 X:20 Y:56
21/07/2009 0:26:32 Transporto a esfri hacia Mapa35 X:20 Y:51
21/07/2009 0:26:32 Transporto a esfri hacia Mapa35 X:20 Y:46
21/07/2009 0:26:33 Transporto a esfri hacia Mapa35 X:21 Y:42
21/07/2009 0:26:33 Transporto a esfri hacia Mapa35 X:22 Y:41
21/07/2009 0:26:33 Transporto a esfri hacia Mapa35 X:24 Y:37
21/07/2009 0:26:33 Transporto a esfri hacia Mapa35 X:25 Y:36
21/07/2009 0:26:34 Transporto a esfri hacia Mapa35 X:28 Y:31
21/07/2009 0:26:34 Transporto a esfri hacia Mapa35 X:31 Y:26
21/07/2009 0:26:35 Transporto a esfri hacia Mapa35 X:34 Y:22
21/07/2009 0:26:35 Transporto a esfri hacia Mapa35 X:35 Y:22
21/07/2009 0:26:35 Transporto a esfri hacia Mapa35 X:40 Y:19
21/07/2009 0:26:35 Transporto a esfri hacia Mapa35 X:42 Y:19
21/07/2009 0:26:35 Transporto a esfri hacia Mapa35 X:47 Y:16
21/07/2009 0:26:36 Transporto a esfri hacia Mapa35 X:51 Y:12
21/07/2009 0:26:36 Transporto a esfri hacia Mapa35 X:55 Y:7
21/07/2009 0:26:36 Transporto a esfri hacia Mapa36 X:59 Y:87
21/07/2009 0:26:36 Transporto a esfri hacia Mapa36 X:60 Y:88
21/07/2009 0:26:37 Transporto a esfri hacia Mapa36 X:64 Y:82
21/07/2009 0:26:37 Transporto a esfri hacia Mapa36 X:65 Y:83
21/07/2009 0:26:37 Transporto a esfri hacia Mapa36 X:70 Y:77
21/07/2009 0:26:37 Transporto a esfri hacia Mapa36 X:71 Y:78
21/07/2009 0:26:38 Transporto a esfri hacia Mapa36 X:77 Y:73
21/07/2009 0:26:38 Transporto a esfri hacia Mapa36 X:83 Y:68
21/07/2009 0:26:38 Transporto a esfri hacia Mapa36 X:88 Y:62
21/07/2009 0:26:38 Transporto a esfri hacia Mapa36 X:88 Y:62
21/07/2009 0:26:47 Transporto a esfri hacia Mapa3 X:19 Y:59
21/07/2009 0:26:47 Transporto a esfri hacia Mapa3 X:21 Y:56
21/07/2009 0:26:47 Transporto a esfri hacia Mapa3 X:24 Y:53
21/07/2009 0:26:47 Transporto a esfri hacia Mapa3 X:24 Y:53
21/07/2009 0:26:48 Transporto a esfri hacia Mapa3 X:27 Y:50
21/07/2009 0:26:48 Transporto a esfri hacia Mapa3 X:30 Y:47
21/07/2009 0:26:49 Transporto a esfri hacia Mapa3 X:33 Y:44
21/07/2009 0:26:49 Transporto a esfri hacia Mapa3 X:36 Y:41
21/07/2009 0:26:49 Transporto a esfri hacia Mapa3 X:39 Y:38
21/07/2009 0:26:50 Transporto a esfri hacia Mapa3 X:42 Y:34
21/07/2009 0:26:50 Transporto a esfri hacia Mapa3 X:41 Y:33
21/07/2009 0:26:50 Transporto a esfri hacia Mapa3 X:43 Y:29
21/07/2009 0:26:50 Transporto a esfri hacia Mapa3 X:41 Y:27
21/07/2009 0:26:51 Transporto a esfri hacia Mapa3 X:41 Y:21
21/07/2009 0:26:51 Transporto a esfri hacia Mapa3 X:41 Y:15
21/07/2009 0:26:51 Transporto a esfri hacia Mapa3 X:41 Y:9
21/07/2009 0:26:57 Transporto a esfri hacia Mapa2 X:41 Y:87
21/07/2009 0:26:57 Transporto a esfri hacia Mapa2 X:41 Y:84
21/07/2009 0:26:57 Transporto a esfri hacia Mapa2 X:41 Y:81
21/07/2009 0:26:58 Transporto a esfri hacia Mapa2 X:41 Y:78
21/07/2009 0:26:58 Transporto a esfri hacia Mapa2 X:41 Y:75
21/07/2009 0:26:58 Transporto a esfri hacia Mapa2 X:41 Y:72
21/07/2009 0:26:59 Transporto a esfri hacia Mapa2 X:41 Y:69
21/07/2009 0:26:59 Transporto a esfri hacia Mapa2 X:41 Y:66
21/07/2009 0:27:00 Transporto a esfri hacia Mapa2 X:41 Y:63
21/07/2009 0:27:00 Transporto a esfri hacia Mapa2 X:41 Y:60
21/07/2009 0:27:00 Transporto a esfri hacia Mapa2 X:41 Y:57
21/07/2009 0:27:01 Transporto a esfri hacia Mapa2 X:41 Y:54
21/07/2009 0:27:01 Transporto a esfri hacia Mapa2 X:41 Y:51
21/07/2009 0:27:01 Transporto a esfri hacia Mapa2 X:41 Y:48
21/07/2009 0:27:02 Transporto a esfri hacia Mapa2 X:41 Y:45
21/07/2009 0:27:02 Transporto a esfri hacia Mapa2 X:41 Y:42
21/07/2009 0:27:03 Transporto a esfri hacia Mapa2 X:41 Y:39
21/07/2009 0:27:03 Transporto a esfri hacia Mapa2 X:41 Y:36
21/07/2009 0:27:03 Transporto a esfri hacia Mapa2 X:41 Y:33
21/07/2009 0:27:04 Transporto a esfri hacia Mapa2 X:41 Y:30
21/07/2009 0:27:04 Transporto a esfri hacia Mapa2 X:41 Y:27
21/07/2009 0:27:04 Transporto a esfri hacia Mapa2 X:41 Y:24
21/07/2009 0:27:05 Transporto a esfri hacia Mapa2 X:41 Y:21
21/07/2009 0:27:05 Transporto a esfri hacia Mapa2 X:41 Y:18
21/07/2009 0:27:06 Transporto a esfri hacia Mapa2 X:41 Y:15
21/07/2009 0:27:06 Transporto a esfri hacia Mapa2 X:41 Y:12
21/07/2009 0:27:06 Transporto a esfri hacia Mapa2 X:41 Y:9
21/07/2009 0:27:10 Transporto a esfri hacia Mapa1 X:50 Y:89
21/07/2009 0:27:11 Transporto a esfri hacia Mapa1 X:54 Y:85
21/07/2009 0:27:12 Transporto a esfri hacia Mapa1 X:55 Y:78
21/07/2009 0:27:13 Transporto a esfri hacia Mapa1 X:55 Y:74
21/07/2009 0:27:14 Transporto a esfri hacia Mapa1 X:55 Y:68
21/07/2009 0:27:15 Transporto a esfri hacia Mapa1 X:55 Y:62
21/07/2009 0:27:15 Transporto a esfri hacia Mapa1 X:55 Y:56
21/07/2009 0:27:16 Transporto a esfri hacia Mapa1 X:55 Y:50
21/07/2009 0:27:17 Transporto a esfri hacia Mapa1 X:61 Y:47
21/07/2009 0:27:31 Transporto a esfri hacia Mapa60 X:44 Y:14
21/07/2009 0:27:37 Transporto a esfri hacia Mapa60 X:43 Y:20
21/07/2009 0:27:37 Transporto a esfri hacia Mapa60 X:43 Y:26
21/07/2009 0:27:40 Transporto a esfri hacia Mapa60 X:42 Y:31
21/07/2009 0:27:42 Transporto a esfri hacia Mapa60 X:42 Y:36
21/07/2009 0:27:44 Transporto a esfri hacia Mapa60 X:39 Y:42
21/07/2009 0:27:49 Transporto a esfri hacia Mapa60 X:31 Y:38
21/07/2009 0:27:51 Transporto a esfri hacia Mapa60 X:25 Y:39
21/07/2009 0:27:52 Transporto a esfri hacia Mapa60 X:17 Y:37
21/07/2009 0:27:56 Transporto a esfri hacia Mapa60 X:14 Y:48
21/07/2009 0:27:56 Transporto a esfri hacia Mapa60 X:14 Y:52
21/07/2009 0:27:57 Transporto a esfri hacia Mapa60 X:14 Y:57
21/07/2009 0:28:00 Transporto a esfri hacia Mapa60 X:17 Y:63
21/07/2009 0:28:01 Transporto a esfri hacia Mapa60 X:18 Y:62
21/07/2009 0:28:01 Transporto a esfri hacia Mapa60 X:19 Y:61
21/07/2009 0:28:02 Transporto a esfri hacia Mapa60 X:18 Y:59
21/07/2009 0:28:02 Transporto a esfri hacia Mapa60 X:18 Y:60
21/07/2009 0:28:02 Transporto a esfri hacia Mapa60 X:16 Y:58
21/07/2009 0:28:02 Transporto a esfri hacia Mapa60 X:16 Y:60
21/07/2009 0:28:02 Transporto a esfri hacia Mapa60 X:15 Y:59
21/07/2009 0:28:03 Transporto a esfri hacia Mapa60 X:17 Y:62
21/07/2009 0:28:03 Transporto a esfri hacia Mapa60 X:16 Y:61
21/07/2009 0:28:03 Transporto a esfri hacia Mapa60 X:19 Y:62
21/07/2009 0:28:03 Transporto a esfri hacia Mapa60 X:16 Y:59
21/07/2009 0:28:04 Transporto a esfri hacia Mapa60 X:15 Y:59
21/07/2009 0:28:04 Transporto a esfri hacia Mapa60 X:16 Y:60
21/07/2009 0:28:04 Transporto a esfri hacia Mapa60 X:16 Y:60
21/07/2009 0:28:04 Transporto a esfri hacia Mapa60 X:18 Y:61
21/07/2009 0:28:04 Transporto a esfri hacia Mapa60 X:19 Y:61
21/07/2009 0:28:05 Transporto a esfri hacia Mapa60 X:22 Y:60
21/07/2009 0:28:05 Transporto a esfri hacia Mapa60 X:21 Y:60
21/07/2009 0:28:06 Transporto a esfri hacia Mapa60 X:26 Y:59
21/07/2009 0:28:06 Transporto a esfri hacia Mapa60 X:31 Y:56
21/07/2009 0:28:08 Transporto a esfri hacia Mapa60 X:29 Y:57
21/07/2009 0:28:12 Agarro:1 Objeto:Copa de plata
21/07/2009 0:28:13 Tiro cantidad:1 Objeto:Copa de plata
21/07/2009 0:28:26 Transporto a esfri hacia Mapa60 X:29 Y:64
21/07/2009 0:28:27 Transporto a esfri hacia Mapa60 X:29 Y:70
21/07/2009 0:28:29 Transporto a esfri hacia Mapa60 X:37 Y:72
21/07/2009 0:28:29 Transporto a esfri hacia Mapa60 X:43 Y:74
21/07/2009 0:28:30 Transporto a esfri hacia Mapa60 X:43 Y:72
21/07/2009 0:28:30 Transporto a esfri hacia Mapa60 X:45 Y:70
21/07/2009 0:28:31 Transporto a esfri hacia Mapa60 X:48 Y:68
21/07/2009 0:28:32 Transporto a esfri hacia Mapa60 X:43 Y:64
21/07/2009 0:28:33 Transporto a esfri hacia Mapa60 X:42 Y:60
21/07/2009 0:28:44 Transporto a esfri hacia Mapa60 X:41 Y:54
21/07/2009 0:28:44 Transporto a esfri hacia Mapa60 X:43 Y:51
21/07/2009 0:28:45 Transporto a esfri hacia Mapa60 X:43 Y:47
21/07/2009 0:28:45 Transporto a esfri hacia Mapa60 X:44 Y:47
21/07/2009 0:28:45 Transporto a esfri hacia Mapa60 X:42 Y:43
21/07/2009 0:28:46 Transporto a esfri hacia Mapa60 X:44 Y:43
21/07/2009 0:28:46 Transporto a esfri hacia Mapa60 X:44 Y:40
21/07/2009 0:28:46 Transporto a esfri hacia Mapa60 X:49 Y:41
21/07/2009 0:28:46 Transporto a esfri hacia Mapa60 X:50 Y:38
21/07/2009 0:28:46 Transporto a esfri hacia Mapa60 X:55 Y:39
21/07/2009 0:28:47 Transporto a esfri hacia Mapa60 X:61 Y:36
21/07/2009 0:28:47 Transporto a esfri hacia Mapa60 X:67 Y:34
21/07/2009 0:28:47 Transporto a esfri hacia Mapa60 X:71 Y:37
21/07/2009 0:28:48 Transporto a esfri hacia Mapa60 X:70 Y:38
21/07/2009 0:28:48 Transporto a esfri hacia Mapa60 X:73 Y:41
21/07/2009 0:28:48 Transporto a esfri hacia Mapa60 X:71 Y:42
21/07/2009 0:28:50 Transporto a esfri hacia Mapa60 X:71 Y:48
21/07/2009 0:28:50 Transporto a esfri hacia Mapa60 X:70 Y:49
21/07/2009 0:28:51 Transporto a esfri hacia Mapa60 X:68 Y:53
21/07/2009 0:28:51 Transporto a esfri hacia Mapa60 X:73 Y:53
21/07/2009 0:28:52 Transporto a esfri hacia Mapa60 X:74 Y:53
21/07/2009 0:28:52 Transporto a esfri hacia Mapa60 X:79 Y:53
21/07/2009 0:28:52 Transporto a esfri hacia Mapa60 X:85 Y:53
21/07/2009 0:28:53 Transporto a esfri hacia Mapa60 X:91 Y:51
21/07/2009 0:28:53 Transporto a esfri hacia Mapa60 X:90 Y:49
21/07/2009 0:28:54 Transporto a esfri hacia Mapa60 X:91 Y:44
21/07/2009 0:28:54 Transporto a esfri hacia Mapa60 X:91 Y:39
21/07/2009 0:28:55 Transporto a esfri hacia Mapa60 X:89 Y:35
21/07/2009 0:28:55 Transporto a esfri hacia Mapa60 X:85 Y:31
21/07/2009 0:28:56 Transporto a esfri hacia Mapa60 X:83 Y:27
21/07/2009 0:29:00 Transporto a esfri hacia Mapa60 X:80 Y:18
21/07/2009 0:29:02 Transporto a esfri hacia Mapa60 X:76 Y:14
21/07/2009 0:29:02 Transporto a esfri hacia Mapa60 X:72 Y:11
21/07/2009 0:29:03 Transporto a esfri hacia Mapa60 X:67 Y:11
21/07/2009 0:29:04 Transporto a esfri hacia Mapa60 X:62 Y:16
21/07/2009 0:29:05 Transporto a esfri hacia Mapa60 X:57 Y:20
21/07/2009 0:29:09 Transporto a esfri hacia Mapa60 X:57 Y:17
21/07/2009 0:29:10 Transporto a esfri hacia Mapa60 X:50 Y:15
21/07/2009 0:29:11 Transporto a esfri hacia Mapa60 X:46 Y:15
21/07/2009 0:29:13 Transporto a esfri hacia Mapa60 X:43 Y:18
21/07/2009 0:29:21 Transporto a esfri hacia Mapa60 X:16 Y:79
21/07/2009 0:29:37 Transporto a esfri hacia Mapa60 X:28 Y:82
21/07/2009 0:29:41 Transporto a esfri hacia Mapa60 X:20 Y:80
21/07/2009 0:29:55 Tiro cantidad:1 Objeto:Armadura de Dragón Blanco (Hombre)
21/07/2009 0:30:08 Transporto a esfri hacia Mapa1 X:61 Y:51
21/07/2009 0:30:09 Transporto a esfri hacia Mapa1 X:62 Y:57
21/07/2009 0:30:09 Transporto a esfri hacia Mapa1 X:62 Y:63
21/07/2009 0:30:10 Transporto a esfri hacia Mapa1 X:62 Y:69
21/07/2009 0:30:19 Transporto a esfri hacia Mapa1 X:61 Y:60
21/07/2009 0:30:20 Transporto a esfri hacia Mapa1 X:60 Y:55
21/07/2009 0:30:20 Transporto a esfri hacia Mapa1 X:59 Y:55
21/07/2009 0:30:20 Transporto a esfri hacia Mapa1 X:57 Y:50
21/07/2009 0:30:22 Transporto a esfri hacia Mapa1 X:64 Y:48
21/07/2009 0:30:51 Transporto a esfri hacia Mapa60 X:16 Y:84
21/07/2009 0:30:54 Transporto a esfri hacia Mapa1 X:48 Y:44
21/07/2009 0:30:55 Transporto a esfri hacia Mapa1 X:43 Y:43
21/07/2009 0:30:55 Transporto a esfri hacia Mapa1 X:38 Y:42
21/07/2009 0:31:00 Transporto a esfri hacia Mapa1 X:38 Y:48
21/07/2009 0:31:00 Transporto a esfri hacia Mapa1 X:38 Y:54
21/07/2009 0:31:00 Transporto a esfri hacia Mapa1 X:38 Y:60
21/07/2009 0:31:14 /IRA MatII Mapa:36 X:41 Y:67
21/07/2009 0:31:25 Transporto a esfri hacia Mapa36 X:47 Y:71
21/07/2009 0:31:26 Transporto a esfri hacia Mapa36 X:52 Y:75
21/07/2009 0:31:26 Transporto a esfri hacia Mapa36 X:56 Y:76
21/07/2009 0:31:26 Transporto a esfri hacia Mapa36 X:57 Y:77
21/07/2009 0:31:27 Transporto a esfri hacia Mapa36 X:60 Y:75
21/07/2009 0:31:27 Transporto a esfri hacia Mapa36 X:59 Y:74
21/07/2009 0:31:27 Transporto a esfri hacia Mapa36 X:58 Y:72
21/07/2009 0:31:27 Transporto a esfri hacia Mapa36 X:55 Y:72
21/07/2009 0:31:28 Transporto a esfri hacia Mapa36 X:51 Y:69
21/07/2009 0:31:28 Transporto a esfri hacia Mapa36 X:51 Y:69
21/07/2009 0:31:28 Transporto a esfri hacia Mapa36 X:47 Y:68
21/07/2009 0:31:29 Transporto a esfri hacia Mapa36 X:43 Y:67
21/07/2009 0:31:30 Transporto a esfri hacia Mapa36 X:43 Y:65
21/07/2009 0:31:37 Transporto a esfri hacia Mapa36 X:37 Y:68
21/07/2009 0:31:38 Transporto a esfri hacia Mapa36 X:31 Y:71
21/07/2009 0:31:39 Transporto a esfri hacia Mapa36 X:25 Y:74
21/07/2009 0:31:39 Transporto a esfri hacia Mapa36 X:19 Y:77
21/07/2009 0:31:40 Transporto a esfri hacia Mapa36 X:17 Y:82
21/07/2009 0:31:40 Transporto a esfri hacia Mapa36 X:18 Y:82
21/07/2009 0:31:40 Transporto a esfri hacia Mapa36 X:16 Y:87
21/07/2009 0:31:41 Transporto a esfri hacia Mapa36 X:17 Y:88
21/07/2009 0:31:41 Transporto a esfri hacia Mapa36 X:16 Y:94
21/07/2009 0:31:41 Transporto a esfri hacia Mapa35 X:15 Y:14
21/07/2009 0:31:42 Transporto a esfri hacia Mapa35 X:14 Y:20
21/07/2009 0:31:42 Transporto a esfri hacia Mapa35 X:13 Y:26
21/07/2009 0:31:43 Transporto a esfri hacia Mapa35 X:15 Y:31
21/07/2009 0:31:43 Transporto a esfri hacia Mapa35 X:16 Y:31
21/07/2009 0:31:43 Transporto a esfri hacia Mapa35 X:20 Y:37
21/07/2009 0:31:43 Transporto a esfri hacia Mapa35 X:20 Y:37
21/07/2009 0:31:44 Transporto a esfri hacia Mapa35 X:24 Y:43
21/07/2009 0:31:44 Transporto a esfri hacia Mapa35 X:26 Y:48
21/07/2009 0:31:45 Transporto a esfri hacia Mapa35 X:26 Y:53
21/07/2009 0:31:46 Transporto a esfri hacia Mapa35 X:26 Y:58
21/07/2009 0:31:46 Transporto a esfri hacia Mapa35 X:27 Y:63
21/07/2009 0:31:47 Transporto a esfri hacia Mapa35 X:28 Y:68
21/07/2009 0:31:47 Transporto a esfri hacia Mapa35 X:29 Y:73
21/07/2009 0:31:48 Transporto a esfri hacia Mapa35 X:26 Y:78
21/07/2009 0:31:50 Transporto a esfri hacia Mapa35 X:24 Y:86
21/07/2009 0:31:50 Transporto a esfri hacia Mapa35 X:24 Y:91
21/07/2009 0:31:58 Transporto a esfri hacia Mapa34 X:32 Y:17
21/07/2009 0:31:58 Transporto a esfri hacia Mapa34 X:37 Y:21
21/07/2009 0:31:59 Transporto a esfri hacia Mapa34 X:30 Y:20
21/07/2009 0:32:02 Transporto a esfri hacia Mapa34 X:20 Y:20
21/07/2009 0:32:03 Transporto a esfri hacia Mapa34 X:20 Y:25
21/07/2009 0:32:05 Transporto a esfri hacia Mapa34 X:27 Y:31
21/07/2009 0:32:09 Transporto a esfri hacia Mapa34 X:31 Y:37
21/07/2009 0:32:10 Transporto a esfri hacia Mapa34 X:28 Y:44
21/07/2009 0:32:14 Transporto a esfri hacia Mapa34 X:20 Y:54
21/07/2009 0:32:15 Transporto a esfri hacia Mapa34 X:19 Y:57
21/07/2009 0:32:17 Transporto a esfri hacia Mapa34 X:20 Y:64
21/07/2009 0:32:19 Transporto a esfri hacia Mapa34 X:21 Y:72
21/07/2009 0:32:21 Transporto a esfri hacia Mapa34 X:27 Y:77
21/07/2009 0:32:36 /IRA MatII Mapa:36 X:40 Y:67
21/07/2009 0:33:02 Transporto a esfri hacia Mapa36 X:41 Y:66
21/07/2009 0:33:04 Transporto a esfri hacia Mapa36 X:40 Y:66
21/07/2009 0:33:14 Transporto a esfri hacia Mapa36 X:41 Y:66
21/07/2009 0:33:21 Transporto a esfri hacia Mapa36 X:39 Y:67
21/07/2009 0:33:23 Transporto a esfri hacia Mapa36 X:41 Y:63
21/07/2009 0:33:25 Transporto a esfri hacia Mapa36 X:44 Y:66
21/07/2009 0:33:26 Transporto a esfri hacia Mapa36 X:43 Y:71
21/07/2009 0:33:27 Transporto a esfri hacia Mapa36 X:43 Y:74
21/07/2009 0:33:28 Transporto a esfri hacia Mapa36 X:49 Y:74
21/07/2009 0:33:30 Transporto a esfri hacia Mapa36 X:51 Y:81
21/07/2009 0:33:30 Transporto a esfri hacia Mapa36 X:53 Y:87
21/07/2009 0:33:32 Transporto a esfri hacia Mapa36 X:45 Y:93
21/07/2009 0:33:34 Transporto a esfri hacia Mapa36 X:39 Y:90
21/07/2009 0:33:35 Transporto a esfri hacia Mapa36 X:34 Y:88
21/07/2009 0:33:35 Transporto a esfri hacia Mapa36 X:29 Y:89
21/07/2009 0:33:36 Transporto a esfri hacia Mapa36 X:24 Y:91
21/07/2009 0:33:36 Transporto a esfri hacia Mapa36 X:23 Y:91
21/07/2009 0:33:36 Transporto a esfri hacia Mapa36 X:17 Y:93
21/07/2009 0:33:37 Transporto a esfri hacia Mapa36 X:11 Y:92
21/07/2009 0:33:38 Transporto a esfri hacia Mapa36 X:10 Y:91
21/07/2009 0:33:43 Transporto a esfri hacia Mapa36 X:10 Y:86
21/07/2009 0:33:43 Transporto a esfri hacia Mapa36 X:10 Y:83
21/07/2009 0:33:43 Transporto a esfri hacia Mapa36 X:10 Y:80
21/07/2009 0:33:44 Transporto a esfri hacia Mapa36 X:10 Y:77
21/07/2009 0:33:44 Transporto a esfri hacia Mapa36 X:10 Y:74
21/07/2009 0:33:44 Transporto a esfri hacia Mapa36 X:10 Y:71
21/07/2009 0:33:45 Transporto a esfri hacia Mapa36 X:10 Y:68
21/07/2009 0:33:45 Transporto a esfri hacia Mapa36 X:12 Y:65
21/07/2009 0:33:45 Transporto a esfri hacia Mapa36 X:13 Y:65
21/07/2009 0:33:46 Transporto a esfri hacia Mapa36 X:16 Y:62
21/07/2009 0:33:46 Transporto a esfri hacia Mapa36 X:15 Y:59
21/07/2009 0:33:46 Transporto a esfri hacia Mapa36 X:13 Y:59
21/07/2009 0:33:46 Transporto a esfri hacia Mapa36 X:11 Y:56
21/07/2009 0:33:57 Transporto a esfri hacia Mapa36 X:12 Y:39
21/07/2009 0:33:58 Transporto a esfri hacia Mapa36 X:13 Y:35
21/07/2009 0:33:58 Transporto a esfri hacia Mapa36 X:14 Y:31
21/07/2009 0:33:59 Transporto a esfri hacia Mapa36 X:15 Y:27
21/07/2009 0:33:59 Transporto a esfri hacia Mapa36 X:14 Y:23
21/07/2009 0:33:59 Transporto a esfri hacia Mapa36 X:14 Y:23
21/07/2009 0:33:59 Transporto a esfri hacia Mapa36 X:13 Y:19
21/07/2009 0:34:00 Transporto a esfri hacia Mapa36 X:11 Y:15
21/07/2009 0:34:00 Transporto a esfri hacia Mapa36 X:11 Y:15
21/07/2009 0:34:08 Transporto a esfri hacia Mapa39 X:15 Y:89
21/07/2009 0:34:09 Transporto a esfri hacia Mapa39 X:20 Y:85
21/07/2009 0:34:15 Transporto a esfri hacia Mapa39 X:19 Y:76
21/07/2009 0:34:22 Transporto a esfri hacia Mapa39 X:13 Y:74
21/07/2009 0:34:23 Transporto a esfri hacia Mapa39 X:9 Y:75
21/07/2009 0:34:24 Transporto a esfri hacia Mapa38 X:87 Y:77
21/07/2009 0:34:27 Transporto a esfri hacia Mapa38 X:79 Y:77
21/07/2009 0:34:28 Transporto a esfri hacia Mapa38 X:74 Y:78
21/07/2009 0:34:46 Transporto a esfri hacia Mapa50 X:23 Y:27
21/07/2009 0:34:47 Transporto a esfri hacia Mapa50 X:23 Y:31
21/07/2009 0:34:47 Transporto a esfri hacia Mapa50 X:23 Y:35
21/07/2009 0:34:48 Transporto a esfri hacia Mapa50 X:29 Y:41
21/07/2009 0:34:52 Transporto a esfri hacia Mapa50 X:37 Y:43
21/07/2009 0:34:53 Transporto a esfri hacia Mapa50 X:42 Y:43
21/07/2009 0:34:54 Transporto a esfri hacia Mapa50 X:47 Y:43
21/07/2009 0:34:57 Transporto a esfri hacia Mapa50 X:55 Y:46
21/07/2009 0:34:58 Transporto a esfri hacia Mapa50 X:62 Y:49
21/07/2009 0:35:04 Transporto a esfri hacia Mapa50 X:65 Y:56
21/07/2009 0:35:05 Transporto a esfri hacia Mapa50 X:65 Y:61
21/07/2009 0:35:06 Transporto a esfri hacia Mapa50 X:65 Y:66
21/07/2009 0:35:07 Transporto a esfri hacia Mapa50 X:67 Y:71
21/07/2009 0:35:07 Transporto a esfri hacia Mapa50 X:73 Y:76
21/07/2009 0:35:07 Transporto a esfri hacia Mapa50 X:80 Y:80
21/07/2009 0:35:08 Transporto a esfri hacia Mapa50 X:80 Y:76
21/07/2009 0:35:08 Transporto a esfri hacia Mapa50 X:80 Y:81
21/07/2009 0:35:09 Transporto a esfri hacia Mapa50 X:80 Y:81
21/07/2009 0:35:09 Transporto a esfri hacia Mapa50 X:80 Y:86
21/07/2009 0:35:09 Transporto a esfri hacia Mapa50 X:83 Y:91
21/07/2009 0:35:10 Transporto a esfri hacia Mapa50 X:89 Y:92
21/07/2009 0:35:10 Transporto a esfri hacia Mapa50 X:89 Y:89
21/07/2009 0:35:18 Transporto a esfri hacia Mapa50 X:91 Y:84
21/07/2009 0:35:22 Transporto a esfri hacia Mapa51 X:24 Y:81
21/07/2009 0:35:22 Transporto a esfri hacia Mapa51 X:31 Y:75
21/07/2009 0:35:26 Transporto a esfri hacia Mapa51 X:49 Y:75
21/07/2009 0:35:27 Transporto a esfri hacia Mapa51 X:57 Y:77
21/07/2009 0:35:28 Transporto a esfri hacia Mapa51 X:64 Y:80
21/07/2009 0:35:29 Transporto a esfri hacia Mapa51 X:71 Y:82
21/07/2009 0:35:29 Transporto a esfri hacia Mapa51 X:77 Y:86
21/07/2009 0:35:30 Transporto a esfri hacia Mapa51 X:83 Y:90
21/07/2009 0:35:32 Transporto a esfri hacia Mapa51 X:83 Y:93
21/07/2009 0:35:40 /IRA MatII Mapa:36 X:39 Y:67
21/07/2009 0:35:52 Transporto a esfri hacia Mapa36 X:37 Y:68
21/07/2009 0:35:53 Transporto a esfri hacia Mapa36 X:34 Y:72
21/07/2009 0:35:54 Transporto a esfri hacia Mapa36 X:29 Y:76
21/07/2009 0:35:54 Transporto a esfri hacia Mapa36 X:23 Y:80
21/07/2009 0:35:55 Transporto a esfri hacia Mapa36 X:17 Y:84
21/07/2009 0:35:56 Transporto a esfri hacia Mapa36 X:11 Y:89
21/07/2009 0:35:56 Transporto a esfri hacia Mapa36 X:11 Y:89
21/07/2009 0:35:58 Transporto a esfri hacia Mapa36 X:11 Y:91
21/07/2009 0:35:58 Transporto a esfri hacia Mapa36 X:11 Y:91
21/07/2009 0:35:59 Transporto a esfri hacia Mapa36 X:11 Y:91
21/07/2009 0:35:59 Transporto a esfri hacia Mapa36 X:11 Y:91
21/07/2009 0:35:59 Transporto a esfri hacia Mapa36 X:11 Y:91
21/07/2009 0:36:08 Transporto a esfri hacia Mapa35 X:13 Y:22
21/07/2009 0:36:08 Transporto a esfri hacia Mapa35 X:15 Y:28
21/07/2009 0:36:09 Transporto a esfri hacia Mapa35 X:15 Y:29
21/07/2009 0:36:09 Transporto a esfri hacia Mapa35 X:17 Y:34
21/07/2009 0:36:09 Transporto a esfri hacia Mapa35 X:19 Y:39
21/07/2009 0:36:10 Transporto a esfri hacia Mapa35 X:21 Y:44
21/07/2009 0:36:10 Transporto a esfri hacia Mapa35 X:23 Y:49
21/07/2009 0:36:10 Transporto a esfri hacia Mapa35 X:23 Y:49
21/07/2009 0:36:10 Transporto a esfri hacia Mapa35 X:25 Y:55
21/07/2009 0:36:11 Transporto a esfri hacia Mapa35 X:27 Y:61
21/07/2009 0:36:11 Transporto a esfri hacia Mapa35 X:28 Y:67
21/07/2009 0:36:11 Transporto a esfri hacia Mapa35 X:29 Y:73
21/07/2009 0:36:12 Transporto a esfri hacia Mapa35 X:25 Y:77
21/07/2009 0:36:12 Transporto a esfri hacia Mapa35 X:20 Y:81
21/07/2009 0:36:13 Transporto a esfri hacia Mapa35 X:15 Y:84
21/07/2009 0:36:15 Transporto a esfri hacia Mapa35 X:19 Y:89
21/07/2009 0:36:15 Transporto a esfri hacia Mapa35 X:20 Y:94
21/07/2009 0:36:16 Transporto a esfri hacia Mapa34 X:21 Y:13
21/07/2009 0:36:16 Transporto a esfri hacia Mapa34 X:22 Y:18
21/07/2009 0:36:18 Transporto a esfri hacia Mapa34 X:25 Y:29
21/07/2009 0:36:19 Transporto a esfri hacia Mapa34 X:30 Y:34
21/07/2009 0:36:23 Transporto a esfri hacia Mapa34 X:29 Y:38
21/07/2009 0:36:24 Transporto a esfri hacia Mapa34 X:28 Y:43
21/07/2009 0:36:24 Transporto a esfri hacia Mapa34 X:27 Y:48
21/07/2009 0:36:26 Transporto a esfri hacia Mapa34 X:28 Y:53
21/07/2009 0:36:28 Transporto a esfri hacia Mapa34 X:28 Y:53
21/07/2009 0:36:29 Transporto a esfri hacia Mapa34 X:28 Y:54
21/07/2009 0:36:30 Transporto a esfri hacia Mapa34 X:28 Y:59
21/07/2009 0:36:32 Transporto a esfri hacia Mapa34 X:25 Y:63
21/07/2009 0:36:33 Transporto a esfri hacia Mapa34 X:26 Y:67
21/07/2009 0:36:34 Transporto a esfri hacia Mapa34 X:26 Y:72
21/07/2009 0:36:36 Transporto a esfri hacia Mapa34 X:26 Y:78
21/07/2009 0:37:41 Transporto a esfri hacia Mapa182 X:31 Y:29
21/07/2009 0:37:42 Transporto a esfri hacia Mapa182 X:27 Y:29
21/07/2009 0:37:42 Transporto a esfri hacia Mapa182 X:27 Y:29
21/07/2009 0:37:42 Transporto a esfri hacia Mapa182 X:22 Y:29
21/07/2009 0:37:42 Transporto a esfri hacia Mapa182 X:22 Y:29
21/07/2009 0:37:43 Transporto a esfri hacia Mapa182 X:15 Y:29
21/07/2009 0:37:48 Transporto a esfri hacia Mapa181 X:84 Y:30
21/07/2009 0:37:48 Transporto a esfri hacia Mapa181 X:78 Y:31
21/07/2009 0:37:48 Transporto a esfri hacia Mapa181 X:72 Y:32
21/07/2009 0:37:49 Transporto a esfri hacia Mapa181 X:74 Y:36
21/07/2009 0:37:55 Transporto a esfri hacia Mapa204 X:27 Y:58
21/07/2009 0:37:55 Transporto a esfri hacia Mapa204 X:19 Y:58
21/07/2009 0:37:56 Transporto a esfri hacia Mapa204 X:11 Y:58
21/07/2009 0:38:00 Transporto a esfri hacia Mapa204 X:16 Y:54
21/07/2009 0:38:01 Transporto a esfri hacia Mapa204 X:23 Y:52
21/07/2009 0:38:01 Transporto a esfri hacia Mapa204 X:30 Y:50
21/07/2009 0:38:02 Transporto a esfri hacia Mapa204 X:36 Y:48
21/07/2009 0:38:02 Transporto a esfri hacia Mapa181 X:79 Y:37
21/07/2009 0:38:05 Transporto a esfri hacia Mapa181 X:68 Y:41
21/07/2009 0:38:08 Transporto a esfri hacia Mapa181 X:68 Y:51
21/07/2009 0:38:08 Transporto a esfri hacia Mapa181 X:75 Y:55
21/07/2009 0:38:10 Transporto a esfri hacia Mapa181 X:78 Y:53
21/07/2009 0:38:12 Transporto a esfri hacia Mapa204 X:62 Y:48
21/07/2009 0:38:14 Transporto a esfri hacia Mapa181 X:68 Y:54
21/07/2009 0:38:17 Transporto a esfri hacia Mapa181 X:68 Y:66
21/07/2009 0:38:18 Transporto a esfri hacia Mapa181 X:73 Y:70
21/07/2009 0:38:20 Transporto a esfri hacia Mapa181 X:78 Y:71
21/07/2009 0:38:21 Transporto a esfri hacia Mapa204 X:48 Y:73
21/07/2009 0:38:23 Transporto a esfri hacia Mapa181 X:77 Y:82
21/07/2009 0:38:25 Transporto a esfri hacia Mapa181 X:68 Y:83
21/07/2009 0:38:26 Transporto a esfri hacia Mapa181 X:62 Y:84
21/07/2009 0:38:27 Transporto a esfri hacia Mapa181 X:59 Y:81
21/07/2009 0:38:29 Transporto a esfri hacia Mapa181 X:51 Y:78
21/07/2009 0:38:31 Transporto a esfri hacia Mapa181 X:43 Y:78
21/07/2009 0:38:33 Transporto a esfri hacia Mapa181 X:36 Y:72
21/07/2009 0:38:35 Transporto a esfri hacia Mapa181 X:40 Y:66
21/07/2009 0:38:36 Transporto a esfri hacia Mapa181 X:45 Y:62
21/07/2009 0:38:39 Transporto a esfri hacia Mapa181 X:46 Y:48
21/07/2009 0:38:53 Transporto a esfri hacia Mapa181 X:40 Y:42
21/07/2009 0:38:53 Transporto a esfri hacia Mapa181 X:32 Y:42
21/07/2009 0:38:54 Transporto a esfri hacia Mapa181 X:25 Y:40
21/07/2009 0:38:57 Transporto a esfri hacia Mapa181 X:19 Y:40
21/07/2009 0:38:59 Transporto a esfri hacia Mapa181 X:20 Y:47
21/07/2009 0:39:00 Transporto a esfri hacia Mapa181 X:17 Y:52
21/07/2009 0:39:01 Transporto a esfri hacia Mapa181 X:23 Y:52
21/07/2009 0:39:03 Transporto a esfri hacia Mapa181 X:35 Y:51
21/07/2009 0:39:06 Transporto a esfri hacia Mapa181 X:40 Y:40
21/07/2009 0:39:07 Transporto a esfri hacia Mapa181 X:46 Y:36
21/07/2009 0:39:07 Transporto a esfri hacia Mapa181 X:53 Y:32
21/07/2009 0:39:08 Transporto a esfri hacia Mapa181 X:53 Y:32
21/07/2009 0:39:08 Transporto a esfri hacia Mapa181 X:61 Y:29
21/07/2009 0:39:08 Transporto a esfri hacia Mapa181 X:69 Y:26
21/07/2009 0:39:09 Transporto a esfri hacia Mapa181 X:77 Y:24
21/07/2009 0:39:09 Transporto a esfri hacia Mapa181 X:77 Y:25
21/07/2009 0:39:22 Transporto a esfri hacia Mapa181 X:82 Y:26
21/07/2009 0:39:23 Transporto a esfri hacia Mapa181 X:88 Y:28
21/07/2009 0:39:27 Transporto a esfri hacia Mapa182 X:13 Y:29
21/07/2009 0:39:29 Transporto a esfri hacia Mapa182 X:19 Y:30
21/07/2009 0:39:29 Transporto a esfri hacia Mapa182 X:23 Y:31
21/07/2009 0:39:30 Transporto a esfri hacia Mapa182 X:28 Y:31
21/07/2009 0:39:31 Transporto a esfri hacia Mapa182 X:33 Y:30
21/07/2009 0:39:47 Transporto a esfri hacia Mapa179 X:76 Y:50
21/07/2009 0:39:48 Transporto a esfri hacia Mapa179 X:81 Y:50
21/07/2009 0:39:48 Transporto a esfri hacia Mapa179 X:87 Y:50
21/07/2009 0:39:52 Transporto a esfri hacia Mapa194 X:18 Y:50
21/07/2009 0:39:52 Transporto a esfri hacia Mapa194 X:21 Y:45
21/07/2009 0:40:00 Transporto a esfri hacia Mapa194 X:28 Y:48
21/07/2009 0:40:01 Transporto a esfri hacia Mapa194 X:35 Y:45
21/07/2009 0:40:07 Transporto a esfri hacia Mapa194 X:43 Y:45
21/07/2009 0:40:08 Transporto a esfri hacia Mapa194 X:47 Y:49
21/07/2009 0:40:08 Transporto a esfri hacia Mapa194 X:50 Y:54
21/07/2009 0:40:09 Transporto a esfri hacia Mapa194 X:45 Y:58
21/07/2009 0:40:10 Transporto a esfri hacia Mapa194 X:41 Y:63
21/07/2009 0:40:11 Transporto a esfri hacia Mapa194 X:36 Y:67
21/07/2009 0:40:11 Transporto a esfri hacia Mapa194 X:30 Y:63
21/07/2009 0:40:13 Transporto a esfri hacia Mapa194 X:24 Y:59
21/07/2009 0:40:15 Transporto a esfri hacia Mapa194 X:33 Y:61
21/07/2009 0:40:15 Transporto a esfri hacia Mapa194 X:41 Y:59
21/07/2009 0:40:16 Transporto a esfri hacia Mapa194 X:49 Y:58
21/07/2009 0:40:17 Transporto a esfri hacia Mapa194 X:56 Y:56
21/07/2009 0:40:17 Transporto a esfri hacia Mapa194 X:63 Y:55
21/07/2009 0:40:18 Transporto a esfri hacia Mapa194 X:70 Y:52
21/07/2009 0:40:18 Transporto a esfri hacia Mapa194 X:75 Y:52
21/07/2009 0:40:19 Transporto a esfri hacia Mapa194 X:80 Y:50
21/07/2009 0:40:20 Transporto a esfri hacia Mapa194 X:83 Y:47
21/07/2009 0:40:20 Transporto a esfri hacia Mapa194 X:83 Y:42
21/07/2009 0:40:20 Transporto a esfri hacia Mapa194 X:81 Y:37
21/07/2009 0:40:21 Transporto a esfri hacia Mapa194 X:78 Y:32
21/07/2009 0:40:21 Transporto a esfri hacia Mapa194 X:76 Y:27
21/07/2009 0:40:22 Transporto a esfri hacia Mapa194 X:77 Y:23
21/07/2009 0:40:23 Transporto a esfri hacia Mapa194 X:75 Y:22
21/07/2009 0:40:23 Transporto a esfri hacia Mapa194 X:72 Y:21
21/07/2009 0:40:24 Transporto a esfri hacia Mapa194 X:68 Y:27
21/07/2009 0:40:25 Transporto a esfri hacia Mapa194 X:66 Y:32
21/07/2009 0:40:26 Transporto a esfri hacia Mapa194 X:60 Y:29
21/07/2009 0:40:35 Transporto a esfri hacia Mapa194 X:66 Y:32
21/07/2009 0:40:36 Transporto a esfri hacia Mapa194 X:71 Y:34
21/07/2009 0:40:36 Transporto a esfri hacia Mapa194 X:76 Y:38
21/07/2009 0:40:38 Transporto a esfri hacia Mapa194 X:81 Y:40
21/07/2009 0:40:41 Transporto a esfri hacia Mapa194 X:74 Y:35
21/07/2009 0:40:42 Transporto a esfri hacia Mapa194 X:70 Y:32
21/07/2009 0:40:42 Transporto a esfri hacia Mapa194 X:65 Y:28
21/07/2009 0:40:43 Transporto a esfri hacia Mapa194 X:62 Y:23
21/07/2009 0:40:44 Transporto a esfri hacia Mapa194 X:59 Y:17
21/07/2009 0:40:45 Transporto a esfri hacia Mapa194 X:63 Y:12
21/07/2009 0:40:46 Transporto a esfri hacia Mapa194 X:67 Y:7
21/07/2009 0:40:46 Transporto a esfri hacia Mapa195 X:72 Y:88
21/07/2009 0:40:47 Transporto a esfri hacia Mapa195 X:77 Y:83
21/07/2009 0:40:47 Transporto a esfri hacia Mapa195 X:82 Y:78
21/07/2009 0:40:48 Transporto a esfri hacia Mapa195 X:87 Y:73
21/07/2009 0:40:48 Transporto a esfri hacia Mapa195 X:92 Y:68
21/07/2009 0:41:00 Transporto a esfri hacia Mapa195 X:91 Y:34
21/07/2009 0:41:01 Transporto a esfri hacia Mapa195 X:91 Y:30
21/07/2009 0:41:02 Transporto a esfri hacia Mapa195 X:90 Y:24
21/07/2009 0:41:02 Transporto a esfri hacia Mapa195 X:89 Y:19
21/07/2009 0:41:02 Transporto a esfri hacia Mapa195 X:88 Y:14
21/07/2009 0:41:03 Transporto a esfri hacia Mapa195 X:87 Y:9
21/07/2009 0:41:05 Transporto a esfri hacia Mapa196 X:87 Y:88
21/07/2009 0:41:05 Transporto a esfri hacia Mapa196 X:87 Y:83
21/07/2009 0:41:05 Transporto a esfri hacia Mapa196 X:88 Y:78
21/07/2009 0:41:06 Transporto a esfri hacia Mapa196 X:88 Y:73
21/07/2009 0:41:06 Transporto a esfri hacia Mapa196 X:88 Y:68
21/07/2009 0:41:06 Transporto a esfri hacia Mapa196 X:88 Y:63
21/07/2009 0:41:10 Transporto a esfri hacia Mapa203 X:21 Y:65
21/07/2009 0:41:10 Transporto a esfri hacia Mapa203 X:21 Y:65
21/07/2009 0:41:10 Transporto a esfri hacia Mapa203 X:28 Y:68
21/07/2009 0:41:10 Transporto a esfri hacia Mapa203 X:28 Y:68
21/07/2009 0:41:11 Transporto a esfri hacia Mapa203 X:35 Y:71
21/07/2009 0:41:11 Transporto a esfri hacia Mapa203 X:42 Y:74
21/07/2009 0:41:27 Transporto a esfri hacia Mapa203 X:61 Y:74
21/07/2009 0:41:27 Transporto a esfri hacia Mapa203 X:63 Y:77
21/07/2009 0:41:27 Transporto a esfri hacia Mapa203 X:65 Y:80
21/07/2009 0:41:27 Transporto a esfri hacia Mapa203 X:65 Y:80
21/07/2009 0:41:28 Transporto a esfri hacia Mapa203 X:68 Y:83
21/07/2009 0:41:28 Transporto a esfri hacia Mapa203 X:68 Y:83
21/07/2009 0:41:28 Transporto a esfri hacia Mapa203 X:72 Y:86
21/07/2009 0:41:29 Transporto a esfri hacia Mapa203 X:74 Y:83
21/07/2009 0:41:33 Transporto a esfri hacia Mapa203 X:78 Y:82
21/07/2009 0:41:33 Transporto a esfri hacia Mapa203 X:79 Y:84
21/07/2009 0:41:34 Transporto a esfri hacia Mapa203 X:78 Y:86
21/07/2009 0:41:34 Transporto a esfri hacia Mapa203 X:79 Y:88
21/07/2009 0:41:34 Transporto a esfri hacia Mapa203 X:72 Y:88
21/07/2009 0:41:34 Transporto a esfri hacia Mapa203 X:66 Y:90
21/07/2009 0:41:35 Transporto a esfri hacia Mapa203 X:60 Y:92
21/07/2009 0:41:35 Transporto a esfri hacia Mapa203 X:54 Y:94
21/07/2009 0:41:43 /IRA MatII Mapa:66 X:79 Y:67
21/07/2009 0:41:51 Transporto a esfri hacia Mapa66 X:80 Y:61
21/07/2009 0:41:52 Transporto a esfri hacia Mapa66 X:81 Y:59
21/07/2009 0:41:53 Transporto a esfri hacia Mapa66 X:81 Y:56
21/07/2009 0:41:53 Transporto a esfri hacia Mapa66 X:81 Y:53
21/07/2009 0:41:59 Transporto a esfri hacia Mapa66 X:78 Y:50
21/07/2009 0:41:59 Transporto a esfri hacia Mapa66 X:81 Y:55
21/07/2009 0:42:00 Transporto a esfri hacia Mapa66 X:81 Y:60
21/07/2009 0:42:04 Transporto a esfri hacia Mapa66 X:76 Y:66
21/07/2009 0:42:05 Transporto a esfri hacia Mapa66 X:74 Y:63
21/07/2009 0:42:05 Transporto a esfri hacia Mapa66 X:76 Y:59
21/07/2009 0:42:05 Transporto a esfri hacia Mapa66 X:76 Y:59
21/07/2009 0:42:06 Transporto a esfri hacia Mapa66 X:75 Y:55
21/07/2009 0:42:06 Transporto a esfri hacia Mapa66 X:75 Y:55
21/07/2009 0:42:06 Transporto a esfri hacia Mapa66 X:77 Y:51
21/07/2009 0:42:06 Transporto a esfri hacia Mapa66 X:79 Y:47
21/07/2009 0:42:06 Transporto a esfri hacia Mapa66 X:76 Y:48
21/07/2009 0:42:07 Transporto a esfri hacia Mapa66 X:76 Y:43
21/07/2009 0:42:07 Transporto a esfri hacia Mapa66 X:72 Y:46
21/07/2009 0:42:07 Transporto a esfri hacia Mapa66 X:73 Y:47
21/07/2009 0:42:07 Transporto a esfri hacia Mapa66 X:74 Y:51
21/07/2009 0:42:07 Transporto a esfri hacia Mapa66 X:75 Y:52
21/07/2009 0:42:09 Transporto a esfri hacia Mapa66 X:73 Y:55
21/07/2009 0:42:09 Transporto a esfri hacia Mapa66 X:80 Y:56
21/07/2009 0:42:10 Transporto a esfri hacia Mapa66 X:73 Y:59
21/07/2009 0:42:10 Transporto a esfri hacia Mapa66 X:81 Y:60
21/07/2009 0:42:10 Transporto a esfri hacia Mapa66 X:76 Y:63
21/07/2009 0:42:10 Transporto a esfri hacia Mapa66 X:80 Y:64
21/07/2009 0:42:10 Transporto a esfri hacia Mapa66 X:74 Y:66
21/07/2009 0:42:11 Transporto a esfri hacia Mapa66 X:76 Y:69
21/07/2009 0:42:13 Transporto a esfri hacia Mapa66 X:74 Y:65
21/07/2009 0:42:14 Transporto a esfri hacia Mapa66 X:74 Y:66
21/07/2009 0:42:27 Transporto a esfri hacia Mapa66 X:79 Y:66
21/07/2009 0:42:28 Transporto a esfri hacia Mapa66 X:77 Y:66
21/07/2009 0:42:46 Transporto a esfri hacia Mapa66 X:78 Y:65
21/07/2009 0:42:46 Transporto a esfri hacia Mapa66 X:72 Y:67
21/07/2009 0:42:47 Transporto a esfri hacia Mapa66 X:68 Y:70
21/07/2009 0:42:48 Transporto a esfri hacia Mapa66 X:64 Y:66
21/07/2009 0:42:51 Transporto a esfri hacia Mapa66 X:65 Y:66
21/07/2009 0:43:03 Transporto a esfri hacia Mapa66 X:65 Y:67
21/07/2009 0:43:08 Transporto a esfri hacia Mapa66 X:61 Y:70
21/07/2009 0:43:09 Transporto a esfri hacia Mapa66 X:56 Y:75
21/07/2009 0:43:10 Transporto a esfri hacia Mapa66 X:51 Y:80
21/07/2009 0:43:10 Transporto a esfri hacia Mapa66 X:57 Y:75
21/07/2009 0:43:11 Transporto a esfri hacia Mapa66 X:64 Y:69
21/07/2009 0:43:12 Transporto a esfri hacia Mapa66 X:71 Y:63
21/07/2009 0:43:13 Transporto a esfri hacia Mapa66 X:76 Y:67
21/07/2009 0:43:14 Transporto a esfri hacia Mapa66 X:76 Y:65
21/07/2009 0:43:16 Transporto a esfri hacia Mapa66 X:76 Y:66
21/07/2009 0:43:21 Transporto a esfri hacia Mapa66 X:64 Y:60
21/07/2009 0:43:26 Tiro cantidad:1 Objeto:Jugo de frutas
21/07/2009 0:43:28 Transporto a esfri hacia Mapa66 X:65 Y:60
21/07/2009 0:43:31 Tiro cantidad:1 Objeto:Pollo
21/07/2009 0:43:33 Transporto a esfri hacia Mapa66 X:66 Y:60
21/07/2009 0:43:35 Tiro cantidad:1 Objeto:Pollo
21/07/2009 0:43:37 Transporto a esfri hacia Mapa66 X:63 Y:60
21/07/2009 0:43:39 Tiro cantidad:1 Objeto:Pase: Nix a Tiama
21/07/2009 0:43:41 Transporto a esfri hacia Mapa66 X:66 Y:65
21/07/2009 0:43:52 Transporto a esfri hacia Mapa66 X:66 Y:60
21/07/2009 0:43:53 Transporto a esfri hacia Mapa66 X:65 Y:60
21/07/2009 0:43:54 Transporto a esfri hacia Mapa66 X:64 Y:62
21/07/2009 0:43:55 Transporto a esfri hacia Mapa66 X:63 Y:66
21/07/2009 0:43:56 Transporto a esfri hacia Mapa66 X:64 Y:69
21/07/2009 0:43:59 Transporto a esfri hacia Mapa66 X:65 Y:69
21/07/2009 0:44:26 Transporto a esfri hacia Mapa66 X:63 Y:72
21/07/2009 0:44:32 Transporto a esfri hacia Mapa66 X:74 Y:62
21/07/2009 0:44:34 Transporto a esfri hacia Mapa66 X:75 Y:62
21/07/2009 0:44:35 Transporto a esfri hacia Mapa66 X:74 Y:64
21/07/2009 0:44:35 Transporto a esfri hacia Mapa66 X:71 Y:67
21/07/2009 0:44:36 Transporto a esfri hacia Mapa66 X:68 Y:71
21/07/2009 0:44:37 Transporto a esfri hacia Mapa66 X:65 Y:75
21/07/2009 0:44:38 Transporto a esfri hacia Mapa66 X:62 Y:72
21/07/2009 0:44:42 /IRA MatII Mapa:59 X:90 Y:62
21/07/2009 0:45:02 /IRA MatII Mapa:59 X:70 Y:79
21/07/2009 0:46:22 Transporto a esfri hacia Mapa59 X:69 Y:77
21/07/2009 0:46:29 Transporto a esfri hacia Mapa59 X:72 Y:77
21/07/2009 0:46:32 Transporto a esfri hacia Mapa59 X:72 Y:81
21/07/2009 0:47:23 Transporto a esfri hacia Mapa59 X:72 Y:81
21/07/2009 0:49:56 /IRA MatII Mapa:35 X:21 Y:79
21/07/2009 0:50:26 Agarro:1 Objeto:Silla
21/07/2009 0:50:28 Transporto a esfri hacia Mapa35 X:13 Y:79
21/07/2009 0:50:30 Tiro cantidad:1 Objeto:Silla
21/07/2009 0:50:33 Transporto a esfri hacia Mapa35 X:20 Y:83
21/07/2009 0:50:35 Transporto a esfri hacia Mapa35 X:13 Y:79
21/07/2009 0:50:38 Transporto a esfri hacia Mapa35 X:18 Y:78
21/07/2009 0:54:16 Se conecto con ip:190.16.95.68
21/07/2009 0:54:36 Transporto a esfri hacia Mapa35 X:15 Y:87
21/07/2009 0:54:37 Transporto a esfri hacia Mapa35 X:13 Y:87
21/07/2009 0:54:37 Transporto a esfri hacia Mapa35 X:14 Y:85
21/07/2009 0:54:38 Transporto a esfri hacia Mapa35 X:15 Y:82
21/07/2009 0:54:41 Transporto a esfri hacia Mapa35 X:15 Y:76
21/07/2009 0:55:11 /SUM esfri Map:35 X:21 Y:77
21/07/2009 0:55:22 /SUM Matii Map:35 X:21 Y:77
21/07/2009 0:55:25  deshabilitó modo rol del personaje Matii
21/07/2009 0:55:46 Transporto a esfri hacia Mapa66 X:79 Y:52
21/07/2009 0:55:46 Transporto a esfri hacia Mapa66 X:79 Y:52
21/07/2009 0:55:46 Transporto a esfri hacia Mapa66 X:82 Y:54
21/07/2009 0:55:46 Transporto a esfri hacia Mapa66 X:85 Y:56
21/07/2009 0:55:47 Transporto a esfri hacia Mapa66 X:88 Y:58
21/07/2009 0:55:48 Transporto a esfri hacia Mapa66 X:84 Y:58
21/07/2009 0:55:48 Transporto a esfri hacia Mapa66 X:84 Y:59
21/07/2009 0:55:49 Transporto a esfri hacia Mapa66 X:80 Y:60
21/07/2009 0:55:49 Transporto a esfri hacia Mapa66 X:75 Y:60
21/07/2009 0:55:49 Transporto a esfri hacia Mapa66 X:73 Y:59
21/07/2009 0:55:49 Transporto a esfri hacia Mapa66 X:68 Y:58
21/07/2009 0:55:50 Transporto a esfri hacia Mapa66 X:68 Y:57
21/07/2009 0:55:50 Transporto a esfri hacia Mapa66 X:64 Y:55
21/07/2009 0:55:50 Transporto a esfri hacia Mapa66 X:63 Y:51
21/07/2009 0:55:50 Transporto a esfri hacia Mapa66 X:63 Y:51
21/07/2009 0:55:51 Transporto a esfri hacia Mapa66 X:64 Y:47
21/07/2009 0:55:51 Transporto a esfri hacia Mapa66 X:67 Y:49
21/07/2009 0:55:51 Transporto a esfri hacia Mapa66 X:70 Y:45
21/07/2009 0:55:52 Transporto a esfri hacia Mapa66 X:76 Y:43
21/07/2009 0:56:23 Transporto a esfri hacia Mapa66 X:78 Y:48
21/07/2009 0:56:23 Transporto a esfri hacia Mapa66 X:78 Y:49
21/07/2009 0:56:23 Transporto a esfri hacia Mapa66 X:83 Y:51
21/07/2009 0:56:23 Transporto a esfri hacia Mapa66 X:83 Y:52
21/07/2009 0:56:23 Transporto a esfri hacia Mapa66 X:88 Y:55
21/07/2009 0:56:23 Transporto a esfri hacia Mapa66 X:87 Y:55
21/07/2009 0:56:24 Transporto a esfri hacia Mapa66 X:90 Y:59
21/07/2009 0:56:24 Transporto a esfri hacia Mapa66 X:90 Y:59
21/07/2009 0:56:24 Transporto a esfri hacia Mapa66 X:92 Y:63
21/07/2009 0:56:24 Transporto a esfri hacia Mapa66 X:92 Y:63
21/07/2009 0:57:13 Transporto a esfri hacia Mapa66 X:83 Y:68
21/07/2009 0:57:13 Transporto a esfri hacia Mapa66 X:86 Y:69
21/07/2009 0:57:13 Transporto a esfri hacia Mapa66 X:81 Y:70
21/07/2009 0:57:13 Transporto a esfri hacia Mapa66 X:84 Y:71
21/07/2009 0:57:14 Transporto a esfri hacia Mapa66 X:78 Y:71
21/07/2009 0:57:24 Transporto a esfri hacia Mapa66 X:77 Y:68
21/07/2009 0:57:41 Sumoneo Guardia Real respawn: 0
21/07/2009 0:57:42 Sumoneo Guardia Real respawn: 0
21/07/2009 0:58:47 /cs
21/07/2009 0:58:47 
21/07/2009 1:00:00 Se conecto con ip:190.16.95.68
21/07/2009 1:01:30 Creo item: -
21/07/2009 1:01:32 Agarro:1 Objeto:Cofre abierto
21/07/2009 1:01:51 Creo item: -
21/07/2009 1:01:55 Agarro:1 Objeto:Manzana Roja
21/07/2009 1:02:02 Creo item: -
21/07/2009 1:02:07 Creo item: -
21/07/2009 1:02:13 Creo item: -
21/07/2009 1:02:29 /DEST
21/07/2009 1:02:31 Transporto a esfri hacia Mapa66 X:76 Y:83
21/07/2009 1:02:33 /DEST
21/07/2009 1:02:43 Creo item: -
21/07/2009 1:02:45 Agarro:1 Objeto:Llave casa 4 de Nix
21/07/2009 1:03:04 Transporto a esfri hacia Mapa66 X:75 Y:83
21/07/2009 1:03:10 Transporto a esfri hacia Mapa66 X:76 Y:80
21/07/2009 1:03:12 Transporto a esfri hacia Mapa66 X:74 Y:82
21/07/2009 1:03:27 /DEST
21/07/2009 1:03:38 Creo item: -
21/07/2009 1:03:41 /DEST
21/07/2009 1:04:23 Creo item: -
21/07/2009 1:04:25 /DEST
21/07/2009 1:04:31 Creo item: -
21/07/2009 1:04:36 /DEST
21/07/2009 1:04:39 Creo item: -
21/07/2009 1:04:42 /DEST
21/07/2009 1:04:45 Transporto a esfri hacia Mapa66 X:77 Y:77
21/07/2009 1:04:47 /DEST
21/07/2009 1:04:51 /DEST
21/07/2009 1:04:58 Transporto a esfri hacia Mapa66 X:78 Y:79
21/07/2009 1:04:59 Transporto a esfri hacia Mapa66 X:75 Y:79
21/07/2009 1:05:01 Transporto a esfri hacia Mapa66 X:74 Y:76
21/07/2009 1:05:02 Transporto a esfri hacia Mapa66 X:74 Y:77
21/07/2009 1:05:03 Transporto a esfri hacia Mapa66 X:82 Y:81
21/07/2009 1:06:44 Creo item: -
21/07/2009 1:06:46 /DEST
21/07/2009 1:06:49 Creo item: -
21/07/2009 1:06:55 /DEST
21/07/2009 1:07:02 Creo item: -
21/07/2009 1:07:04 /DEST
21/07/2009 1:07:16 /DEST
21/07/2009 1:07:22 Creo item: -
21/07/2009 1:07:34 Creo item: -
21/07/2009 1:07:39 Creo item: -
21/07/2009 1:07:41 /DEST
21/07/2009 1:07:44 Creo item: -
21/07/2009 1:07:47 /DEST
21/07/2009 1:07:50 /DEST
21/07/2009 1:07:52 /DEST
21/07/2009 1:08:04 Transporto a esfri hacia Mapa66 X:86 Y:81
21/07/2009 1:08:06 /DEST
21/07/2009 1:08:12 Transporto a esfri hacia Mapa66 X:79 Y:82
21/07/2009 1:08:14 /DEST
21/07/2009 1:08:16 /DEST
21/07/2009 1:08:17 /DEST
21/07/2009 1:08:20 /DEST
21/07/2009 1:08:22 /DEST
21/07/2009 1:08:23 Transporto a esfri hacia Mapa66 X:80 Y:80
21/07/2009 1:08:24 Transporto a esfri hacia Mapa66 X:84 Y:83
21/07/2009 1:08:26 Transporto a esfri hacia Mapa66 X:85 Y:83
21/07/2009 1:08:50 /DEST
21/07/2009 1:09:06 Transporto a esfri hacia Mapa66 X:85 Y:83
21/07/2009 1:09:14 Creo item: -
21/07/2009 1:09:18 /DEST
21/07/2009 1:09:22 Creo item: -
21/07/2009 1:09:24 /DEST
21/07/2009 1:09:29 Creo item: -
21/07/2009 1:09:31 /DEST
21/07/2009 1:09:36 Creo item: -
21/07/2009 1:09:41 Agarro:1 Objeto:Monedas de oro
21/07/2009 1:09:51 /DEST
21/07/2009 1:09:53 /DEST
21/07/2009 1:09:57 /DEST
21/07/2009 1:10:06 /DEST
21/07/2009 1:10:18 /DEST
21/07/2009 1:10:20 /DEST
21/07/2009 1:10:30 Transporto a esfri hacia Mapa66 X:79 Y:89
21/07/2009 1:10:30 Transporto a esfri hacia Mapa66 X:76 Y:93
21/07/2009 1:10:36 Creo item: -
21/07/2009 1:10:39 /DEST
21/07/2009 1:10:43 Creo item: -
21/07/2009 1:10:48 /DEST
21/07/2009 1:10:51 Creo item: -
21/07/2009 1:10:55 /DEST
21/07/2009 1:10:59 Creo item: -
21/07/2009 1:11:05 /DEST
21/07/2009 1:11:12 Creo item: -
21/07/2009 1:11:16 /DEST
21/07/2009 1:11:22 Creo item: -
21/07/2009 1:11:56 Creo item: -
21/07/2009 1:12:10 /DEST
21/07/2009 1:12:16 Creo item: -
21/07/2009 1:12:24 /DEST
21/07/2009 1:12:29 Creo item: -
21/07/2009 1:12:31 /DEST
21/07/2009 1:12:34 Creo item: -
21/07/2009 1:12:36 /DEST
21/07/2009 1:12:42 Creo item: -
21/07/2009 1:12:45 /DEST
21/07/2009 1:12:47 Creo item: -
21/07/2009 1:12:49 /DEST
21/07/2009 1:12:53 Creo item: -
21/07/2009 1:12:57 Agarro:1 Objeto:Escudo Imperial +3
21/07/2009 1:13:07 Creo item: -
21/07/2009 1:13:09 /DEST
21/07/2009 1:13:12 Creo item: -
21/07/2009 1:13:27 Creo item: -
21/07/2009 1:13:29 /DEST
21/07/2009 1:13:32 Creo item: -
21/07/2009 1:13:40 /DEST
21/07/2009 1:13:45 Agarro:1 Objeto:Vara de mago
21/07/2009 1:13:52 Tiro cantidad:1 Objeto:Vara de mago
21/07/2009 1:13:56 /DEST
21/07/2009 1:14:31 Creo item: -
21/07/2009 1:14:35 /DEST
21/07/2009 1:14:41 Transporto a esfri hacia Mapa66 X:76 Y:90
21/07/2009 1:14:43 /DEST
21/07/2009 1:14:48 Creo item: -
21/07/2009 1:15:03 Agarro:1 Objeto:Llave Orac Casa 1
21/07/2009 1:15:12 /DEST
21/07/2009 1:15:16 /DEST
21/07/2009 1:15:20 /DEST
21/07/2009 1:15:29 Transporto a esfri hacia Mapa65 X:80 Y:8
21/07/2009 1:15:33 Transporto a esfri hacia Mapa65 X:88 Y:10
21/07/2009 1:15:34 Transporto a esfri hacia Mapa65 X:90 Y:13
21/07/2009 1:15:38 Transporto a esfri hacia Mapa65 X:92 Y:18
21/07/2009 1:15:38 Transporto a esfri hacia Mapa58 X:12 Y:23
21/07/2009 1:15:41 Transporto a esfri hacia Mapa58 X:17 Y:12
21/07/2009 1:15:42 Transporto a esfri hacia Mapa58 X:20 Y:10
21/07/2009 1:15:46 Transporto a esfri hacia Mapa58 X:26 Y:9
21/07/2009 1:15:46 Transporto a esfri hacia Mapa58 X:32 Y:9
21/07/2009 1:15:46 Transporto a esfri hacia Mapa58 X:39 Y:9
21/07/2009 1:15:46 Transporto a esfri hacia Mapa58 X:39 Y:9
21/07/2009 1:15:47 Transporto a esfri hacia Mapa58 X:46 Y:9
21/07/2009 1:15:48 Transporto a esfri hacia Mapa58 X:42 Y:10
21/07/2009 1:15:51 Transporto a esfri hacia Mapa58 X:44 Y:19
21/07/2009 1:15:52 Transporto a esfri hacia Mapa58 X:45 Y:23
21/07/2009 1:16:02 Transporto a esfri hacia Mapa58 X:47 Y:28
21/07/2009 1:16:02 Transporto a esfri hacia Mapa58 X:47 Y:24
21/07/2009 1:16:03 Transporto a esfri hacia Mapa58 X:47 Y:20
21/07/2009 1:16:04 Transporto a esfri hacia Mapa58 X:47 Y:16
21/07/2009 1:16:04 Transporto a esfri hacia Mapa58 X:47 Y:12
21/07/2009 1:16:04 Transporto a esfri hacia Mapa58 X:47 Y:11
21/07/2009 1:16:07 Transporto a esfri hacia Mapa58 X:42 Y:8
21/07/2009 1:16:09 Transporto a esfri hacia Mapa59 X:42 Y:87
21/07/2009 1:16:09 Transporto a esfri hacia Mapa59 X:42 Y:83
21/07/2009 1:16:10 Transporto a esfri hacia Mapa59 X:37 Y:81
21/07/2009 1:16:19 Transporto a esfri hacia Mapa59 X:40 Y:74
21/07/2009 1:16:19 Transporto a esfri hacia Mapa59 X:43 Y:69
21/07/2009 1:16:19 Transporto a esfri hacia Mapa59 X:43 Y:69
21/07/2009 1:16:20 Transporto a esfri hacia Mapa59 X:45 Y:64
21/07/2009 1:16:20 Transporto a esfri hacia Mapa59 X:46 Y:59
21/07/2009 1:16:21 Transporto a esfri hacia Mapa59 X:44 Y:53
21/07/2009 1:16:21 Transporto a esfri hacia Mapa59 X:42 Y:49
21/07/2009 1:16:21 Transporto a esfri hacia Mapa59 X:43 Y:49
21/07/2009 1:16:21 Transporto a esfri hacia Mapa59 X:41 Y:45
21/07/2009 1:16:22 Transporto a esfri hacia Mapa59 X:43 Y:45
21/07/2009 1:16:22 Transporto a esfri hacia Mapa59 X:41 Y:41
21/07/2009 1:16:22 Transporto a esfri hacia Mapa59 X:42 Y:37
21/07/2009 1:16:23 Transporto a esfri hacia Mapa59 X:44 Y:33
21/07/2009 1:16:23 Transporto a esfri hacia Mapa59 X:44 Y:33
21/07/2009 1:16:23 Transporto a esfri hacia Mapa59 X:46 Y:29
21/07/2009 1:16:23 Transporto a esfri hacia Mapa59 X:46 Y:29
21/07/2009 1:16:24 Transporto a esfri hacia Mapa59 X:48 Y:25
21/07/2009 1:16:24 Transporto a esfri hacia Mapa59 X:46 Y:21
21/07/2009 1:16:26 Transporto a esfri hacia Mapa59 X:42 Y:21
21/07/2009 1:16:27 Transporto a esfri hacia Mapa59 X:40 Y:21
21/07/2009 1:16:28 Transporto a esfri hacia Mapa59 X:38 Y:21
21/07/2009 1:16:35 Transporto a esfri hacia Mapa59 X:39 Y:20
21/07/2009 1:16:35 Transporto a esfri hacia Mapa59 X:36 Y:19
21/07/2009 1:16:36 Transporto a esfri hacia Mapa59 X:33 Y:19
21/07/2009 1:16:37 Transporto a esfri hacia Mapa59 X:31 Y:15
21/07/2009 1:16:37 Transporto a esfri hacia Mapa59 X:31 Y:11
21/07/2009 1:16:38 Transporto a esfri hacia Mapa59 X:39 Y:12
21/07/2009 1:16:39 Transporto a esfri hacia Mapa59 X:42 Y:12
21/07/2009 1:16:44 Transporto a esfri hacia Mapa59 X:40 Y:18
21/07/2009 1:16:55 Transporto a esfri hacia Mapa59 X:39 Y:19
21/07/2009 1:16:56 Transporto a esfri hacia Mapa59 X:43 Y:16
21/07/2009 1:16:57 Transporto a esfri hacia Mapa59 X:46 Y:14
21/07/2009 1:16:59 Transporto a esfri hacia Mapa59 X:50 Y:7
21/07/2009 1:17:05 Transporto a esfri hacia Mapa60 X:49 Y:75
21/07/2009 1:17:06 Transporto a esfri hacia Mapa60 X:49 Y:70
21/07/2009 1:17:07 Transporto a esfri hacia Mapa60 X:49 Y:65
21/07/2009 1:17:08 Transporto a esfri hacia Mapa60 X:45 Y:61
21/07/2009 1:17:12 Transporto a esfri hacia Mapa60 X:29 Y:58
21/07/2009 1:17:15 Agarro:1 Objeto:Copa de plata
21/07/2009 1:17:15 Agarro:1 Objeto:Copa de plata
21/07/2009 1:17:19 Agarro:5000 Objeto:Plata
21/07/2009 1:17:22 Tiro cantidad:5000 Objeto:Plata
21/07/2009 1:17:23 Agarro:10000 Objeto:Monedas de oro
21/07/2009 1:17:26 Tiro cantidad:10000 Objeto:Monedas de oro
21/07/2009 1:17:39 Transporto a esfri hacia Mapa60 X:32 Y:71
21/07/2009 1:17:40 Transporto a esfri hacia Mapa60 X:33 Y:67
21/07/2009 1:17:41 Transporto a esfri hacia Mapa60 X:28 Y:64
21/07/2009 1:17:42 Transporto a esfri hacia Mapa60 X:28 Y:59
21/07/2009 1:17:45 Transporto a esfri hacia Mapa60 X:34 Y:56
21/07/2009 1:17:48 Tiro cantidad:1 Objeto:Copa de plata
21/07/2009 1:17:49 Tiro cantidad:1 Objeto:Copa de plata
21/07/2009 1:17:50 Agarro:1 Objeto:Copa de plata
21/07/2009 1:17:50 Agarro:1 Objeto:Copa de plata
21/07/2009 1:17:53 Transporto a esfri hacia Mapa60 X:40 Y:58
21/07/2009 1:17:53 Transporto a esfri hacia Mapa60 X:46 Y:58
21/07/2009 1:17:54 Transporto a esfri hacia Mapa60 X:51 Y:56
21/07/2009 1:18:01 Transporto a esfri hacia Mapa60 X:50 Y:46
21/07/2009 1:18:02 Transporto a esfri hacia Mapa60 X:52 Y:43
21/07/2009 1:18:03 Transporto a esfri hacia Mapa60 X:54 Y:39
21/07/2009 1:18:03 Transporto a esfri hacia Mapa60 X:56 Y:35
21/07/2009 1:18:03 Transporto a esfri hacia Mapa60 X:55 Y:35
21/07/2009 1:18:03 Transporto a esfri hacia Mapa60 X:56 Y:31
21/07/2009 1:18:04 Transporto a esfri hacia Mapa60 X:55 Y:31
21/07/2009 1:18:04 Transporto a esfri hacia Mapa60 X:58 Y:27
21/07/2009 1:18:04 Transporto a esfri hacia Mapa60 X:59 Y:27
21/07/2009 1:18:04 Transporto a esfri hacia Mapa60 X:60 Y:23
21/07/2009 1:18:05 Transporto a esfri hacia Mapa60 X:60 Y:18
21/07/2009 1:18:05 Transporto a esfri hacia Mapa60 X:60 Y:18
21/07/2009 1:18:05 Transporto a esfri hacia Mapa60 X:60 Y:13
21/07/2009 1:18:06 Transporto a esfri hacia Mapa60 X:59 Y:8
21/07/2009 1:18:07 Transporto a esfri hacia Mapa60 X:61 Y:12
21/07/2009 1:18:09 Transporto a esfri hacia Mapa60 X:55 Y:15
21/07/2009 1:18:10 Transporto a esfri hacia Mapa60 X:51 Y:11
21/07/2009 1:18:11 Transporto a esfri hacia Mapa60 X:47 Y:14
21/07/2009 1:18:16 Transporto a esfri hacia Mapa60 X:45 Y:12
21/07/2009 1:18:24 Transporto a esfri hacia Mapa60 X:40 Y:15
21/07/2009 1:18:24 Transporto a esfri hacia Mapa60 X:34 Y:17
21/07/2009 1:18:25 Transporto a esfri hacia Mapa60 X:35 Y:22
21/07/2009 1:18:27 Transporto a esfri hacia Mapa60 X:27 Y:20
21/07/2009 1:18:28 Transporto a esfri hacia Mapa60 X:17 Y:18
21/07/2009 1:18:29 Transporto a esfri hacia Mapa60 X:24 Y:17
21/07/2009 1:18:31 Transporto a esfri hacia Mapa60 X:30 Y:15
21/07/2009 1:18:32 Transporto a esfri hacia Mapa60 X:38 Y:15
21/07/2009 1:18:32 Transporto a esfri hacia Mapa60 X:45 Y:15
21/07/2009 1:18:34 Transporto a esfri hacia Mapa60 X:49 Y:12
21/07/2009 1:18:35 Transporto a esfri hacia Mapa60 X:52 Y:9
21/07/2009 1:18:35 Transporto a esfri hacia Mapa60 X:51 Y:7
21/07/2009 1:18:35 Transporto a esfri hacia Mapa61 X:53 Y:88
21/07/2009 1:18:35 Transporto a esfri hacia Mapa61 X:51 Y:88
21/07/2009 1:18:36 Transporto a esfri hacia Mapa61 X:52 Y:83
21/07/2009 1:18:37 Transporto a esfri hacia Mapa61 X:55 Y:78
21/07/2009 1:18:37 Transporto a esfri hacia Mapa61 X:58 Y:73
21/07/2009 1:18:38 Transporto a esfri hacia Mapa61 X:62 Y:70
21/07/2009 1:18:39 Transporto a esfri hacia Mapa61 X:68 Y:65
21/07/2009 1:18:45 Transporto a esfri hacia Mapa182 X:26 Y:29
21/07/2009 1:18:46 Transporto a esfri hacia Mapa182 X:18 Y:29
21/07/2009 1:18:47 Transporto a esfri hacia Mapa182 X:10 Y:29
21/07/2009 1:18:51 Transporto a esfri hacia Mapa181 X:83 Y:29
21/07/2009 1:18:51 Transporto a esfri hacia Mapa181 X:76 Y:29
21/07/2009 1:18:51 Transporto a esfri hacia Mapa181 X:77 Y:29
21/07/2009 1:18:52 Transporto a esfri hacia Mapa181 X:71 Y:29
21/07/2009 1:18:52 Transporto a esfri hacia Mapa181 X:71 Y:29
21/07/2009 1:19:03 Transporto a esfri hacia Mapa181 X:51 Y:35
21/07/2009 1:19:03 Transporto a esfri hacia Mapa181 X:45 Y:38
21/07/2009 1:19:14 Transporto a esfri hacia Mapa181 X:52 Y:21
21/07/2009 1:19:41 Transporto a esfri hacia Mapa181 X:38 Y:24
21/07/2009 1:19:42 Transporto a esfri hacia Mapa181 X:30 Y:24
21/07/2009 1:20:07 Transporto a esfri hacia Mapa181 X:42 Y:24
21/07/2009 1:20:21 Creo item: -
21/07/2009 1:20:23 /DEST
21/07/2009 1:20:25 Transporto a esfri hacia Mapa181 X:41 Y:30
21/07/2009 1:20:26 Transporto a esfri hacia Mapa181 X:42 Y:33
21/07/2009 1:20:29 Transporto a esfri hacia Mapa181 X:45 Y:28
21/07/2009 1:20:37 Creo item: -
21/07/2009 1:20:39 /DEST
21/07/2009 1:20:44 Creo item: -
21/07/2009 1:20:46 /DEST
21/07/2009 1:20:48 Creo item: -
21/07/2009 1:20:54 Transporto a esfri hacia Mapa181 X:42 Y:19
21/07/2009 1:20:59 Creo item: -
21/07/2009 1:21:01 Transporto a esfri hacia Mapa181 X:44 Y:19
21/07/2009 1:21:07 Transporto a esfri hacia Mapa181 X:45 Y:22
21/07/2009 1:21:09 Transporto a esfri hacia Mapa181 X:45 Y:17
21/07/2009 1:21:10 Transporto a esfri hacia Mapa181 X:44 Y:16
21/07/2009 1:21:11 Transporto a esfri hacia Mapa181 X:45 Y:20
21/07/2009 1:21:11 Transporto a esfri hacia Mapa181 X:46 Y:25
21/07/2009 1:21:26 Creo item: -
21/07/2009 1:21:28 /DEST
21/07/2009 1:21:34 Creo item: -
21/07/2009 1:21:36 /DEST
21/07/2009 1:21:45 /DEST
21/07/2009 1:21:49 Creo item: -
21/07/2009 1:21:51 /DEST
21/07/2009 1:21:54 Creo item: -
21/07/2009 1:21:56 /DEST
21/07/2009 1:21:58 Creo item: -
21/07/2009 1:22:00 /DEST
21/07/2009 1:22:04 Creo item: -
21/07/2009 1:22:09 /DEST
21/07/2009 1:22:12 Creo item: -
21/07/2009 1:22:14 /DEST
21/07/2009 1:22:18 Creo item: -
21/07/2009 1:22:20 /DEST
21/07/2009 1:22:23 Creo item: -
21/07/2009 1:22:29 /DEST
21/07/2009 1:22:32 Transporto a esfri hacia Mapa181 X:44 Y:31
21/07/2009 1:22:40 Creo item: -
21/07/2009 1:22:42 Transporto a esfri hacia Mapa181 X:45 Y:32
21/07/2009 1:22:47 Transporto a esfri hacia Mapa181 X:44 Y:31
21/07/2009 1:22:52 /DEST
21/07/2009 1:22:54 Transporto a esfri hacia Mapa181 X:44 Y:28
21/07/2009 1:22:57 Transporto a esfri hacia Mapa181 X:46 Y:32
21/07/2009 1:23:01 Transporto a esfri hacia Mapa181 X:44 Y:30
21/07/2009 1:23:07 /DEST
21/07/2009 1:23:11 Transporto a esfri hacia Mapa181 X:45 Y:27
21/07/2009 1:23:13 Transporto a esfri hacia Mapa181 X:44 Y:29
21/07/2009 1:23:16 Transporto a esfri hacia Mapa181 X:44 Y:30
21/07/2009 1:23:20 Creo item: -
21/07/2009 1:23:21 Transporto a esfri hacia Mapa181 X:49 Y:30
21/07/2009 1:23:24 Creo item: -
21/07/2009 1:23:25 Transporto a esfri hacia Mapa181 X:47 Y:27
21/07/2009 1:23:26 Transporto a esfri hacia Mapa181 X:46 Y:28
21/07/2009 1:23:27 Transporto a esfri hacia Mapa181 X:46 Y:29
21/07/2009 1:23:30 Transporto a esfri hacia Mapa181 X:43 Y:29
21/07/2009 1:23:34 Transporto a esfri hacia Mapa181 X:45 Y:26
21/07/2009 1:23:49 Creo item: -
21/07/2009 1:23:57 /DEST
21/07/2009 1:24:03 Creo item: -
21/07/2009 1:24:06 /DEST
21/07/2009 1:24:09 Creo item: -
21/07/2009 1:24:11 /DEST
21/07/2009 1:24:14 Creo item: -
21/07/2009 1:24:16 /DEST
21/07/2009 1:24:22 Creo item: -
21/07/2009 1:24:24 /DEST
21/07/2009 1:24:27 Creo item: -
21/07/2009 1:24:33 Agarro:1 Objeto:Inmovilizar
21/07/2009 1:24:37 Tiro cantidad:1 Objeto:Inmovilizar
21/07/2009 1:24:38 /DEST
21/07/2009 1:24:42 Transporto a esfri hacia Mapa181 X:46 Y:32
21/07/2009 1:24:47 Creo item: -
21/07/2009 1:24:50 /DEST
21/07/2009 1:24:52 Transporto a esfri hacia Mapa181 X:47 Y:31
21/07/2009 1:24:54 Transporto a esfri hacia Mapa181 X:46 Y:31
21/07/2009 1:24:57 Creo item: -
21/07/2009 1:25:01 Creo item: -
21/07/2009 1:25:04 Creo item: -
21/07/2009 1:25:31 Creo item: -
21/07/2009 1:25:33 Agarro:1 Objeto:Cornalito
21/07/2009 1:25:38 Creo item: -
21/07/2009 1:25:42 /DEST
21/07/2009 1:25:45 Creo item: -
21/07/2009 1:25:48 /DEST
21/07/2009 1:25:56 Creo item: -
21/07/2009 1:25:59 /DEST
21/07/2009 1:26:05 Creo item: -
21/07/2009 1:26:07 /DEST
21/07/2009 1:26:15 Creo item: -
21/07/2009 1:26:17 /DEST
21/07/2009 1:26:25 Creo item: -
21/07/2009 1:26:28 Agarro:1 Objeto:Manzana Roja
21/07/2009 1:26:39 Creo item: -
21/07/2009 1:26:41 Agarro:1 Objeto:Cornalito
21/07/2009 1:26:47 Creo item: -
21/07/2009 1:26:56 /DEST
21/07/2009 1:27:03 Creo item: -
21/07/2009 1:27:06 /DEST
21/07/2009 1:27:12 Creo item: -
21/07/2009 1:27:14 /DEST
21/07/2009 1:27:18 Creo item: -
21/07/2009 1:27:24 /DEST
21/07/2009 1:27:27 Creo item: -
21/07/2009 1:27:30 /DEST
21/07/2009 1:27:34 Creo item: -
21/07/2009 1:27:37 /DEST
21/07/2009 1:27:41 Creo item: -
21/07/2009 1:27:42 /DEST
21/07/2009 1:27:45 Creo item: -
21/07/2009 1:27:47 /DEST
21/07/2009 1:27:49 Creo item: -
21/07/2009 1:27:51 Agarro:1 Objeto:Manzana Roja
21/07/2009 1:28:01 Creo item: -
21/07/2009 1:28:04 /DEST
21/07/2009 1:28:11 Creo item: -
21/07/2009 1:28:13 /DEST
21/07/2009 1:28:16 Creo item: -
21/07/2009 1:28:22 /DEST
21/07/2009 1:28:25 Creo item: -
21/07/2009 1:28:27 /DEST
21/07/2009 1:28:30 Creo item: -
21/07/2009 1:28:35 /DEST
21/07/2009 1:28:39 Creo item: -
21/07/2009 1:28:41 /DEST
21/07/2009 1:28:56 Creo item: -
21/07/2009 1:28:59 /DEST
21/07/2009 1:29:11 Creo item: -
21/07/2009 1:29:13 /DEST
21/07/2009 1:29:16 Creo item: -
21/07/2009 1:29:20 /DEST
21/07/2009 1:29:24 Creo item: -
21/07/2009 1:29:26 /DEST
21/07/2009 1:29:29 Creo item: -
21/07/2009 1:29:31 /DEST
21/07/2009 1:29:35 Creo item: -
21/07/2009 1:29:38 /DEST
21/07/2009 1:29:42 Creo item: -
21/07/2009 1:29:45 /DEST
21/07/2009 1:30:02 Creo item: -
21/07/2009 1:30:04 /DEST
21/07/2009 1:30:07 Creo item: -
21/07/2009 1:30:09 /DEST
21/07/2009 1:30:14 Creo item: -
21/07/2009 1:30:16 /DEST
21/07/2009 1:30:21 Creo item: -
21/07/2009 1:30:26 Creo item: -
21/07/2009 1:30:30 Agarro:1 Objeto:Casco Toxik AO
21/07/2009 1:30:35 Transporto a esfri hacia Mapa181 X:46 Y:19
21/07/2009 1:30:37 Transporto a esfri hacia Mapa181 X:47 Y:18
21/07/2009 1:30:38 Transporto a esfri hacia Mapa181 X:47 Y:18
21/07/2009 1:30:39 Transporto a esfri hacia Mapa181 X:46 Y:19
21/07/2009 1:30:41 Tiro cantidad:1 Objeto:Casco Toxik AO
21/07/2009 1:30:47 Transporto a esfri hacia Mapa181 X:45 Y:19
21/07/2009 1:30:57 Transporto a esfri hacia Mapa181 X:46 Y:22
21/07/2009 1:31:15 Transporto a esfri hacia Mapa181 X:48 Y:19
21/07/2009 1:31:16 Transporto a esfri hacia Mapa181 X:54 Y:24
21/07/2009 1:31:17 Transporto a esfri hacia Mapa181 X:52 Y:28
21/07/2009 1:31:19 Transporto a esfri hacia Mapa181 X:47 Y:24
21/07/2009 1:31:27 Transporto a esfri hacia Mapa181 X:52 Y:26
21/07/2009 1:31:28 Transporto a esfri hacia Mapa181 X:53 Y:27
21/07/2009 1:31:28 Transporto a esfri hacia Mapa181 X:59 Y:30
21/07/2009 1:31:28 Transporto a esfri hacia Mapa181 X:65 Y:30
21/07/2009 1:31:28 Transporto a esfri hacia Mapa181 X:65 Y:30
21/07/2009 1:31:29 Transporto a esfri hacia Mapa181 X:71 Y:30
21/07/2009 1:31:31 Transporto a esfri hacia Mapa181 X:79 Y:29
21/07/2009 1:31:32 Transporto a esfri hacia Mapa181 X:87 Y:29
21/07/2009 1:31:35 Transporto a esfri hacia Mapa182 X:17 Y:29
21/07/2009 1:31:36 Transporto a esfri hacia Mapa182 X:22 Y:29
21/07/2009 1:31:36 Transporto a esfri hacia Mapa182 X:27 Y:29
21/07/2009 1:31:52 Transporto a esfri hacia Mapa182 X:29 Y:28
21/07/2009 1:31:52 Transporto a esfri hacia Mapa182 X:25 Y:27
21/07/2009 1:31:53 Transporto a esfri hacia Mapa182 X:24 Y:28
21/07/2009 1:31:53 Transporto a esfri hacia Mapa182 X:20 Y:27
21/07/2009 1:31:53 Transporto a esfri hacia Mapa182 X:18 Y:28
21/07/2009 1:31:53 Transporto a esfri hacia Mapa182 X:14 Y:27
21/07/2009 1:31:53 Transporto a esfri hacia Mapa182 X:11 Y:28
21/07/2009 1:31:56 Transporto a esfri hacia Mapa181 X:81 Y:29
21/07/2009 1:31:56 Transporto a esfri hacia Mapa181 X:81 Y:28
21/07/2009 1:31:56 Transporto a esfri hacia Mapa181 X:74 Y:27
21/07/2009 1:31:57 Transporto a esfri hacia Mapa181 X:73 Y:27
21/07/2009 1:31:57 Transporto a esfri hacia Mapa181 X:68 Y:27
21/07/2009 1:31:57 Transporto a esfri hacia Mapa181 X:65 Y:25
21/07/2009 1:31:58 Transporto a esfri hacia Mapa181 X:60 Y:25
21/07/2009 1:31:58 Transporto a esfri hacia Mapa181 X:52 Y:22
21/07/2009 1:31:59 Transporto a esfri hacia Mapa181 X:44 Y:20
21/07/2009 1:31:59 Transporto a esfri hacia Mapa181 X:47 Y:24
21/07/2009 1:31:59 Transporto a esfri hacia Mapa181 X:40 Y:23
