21/07/2009 10:53:53 a.m. Se conecto con ip:190.31.245.97
21/07/2009 10:55:10 a.m. Transporto a FreZzE hacia Mapa185 X:43 Y:60
21/07/2009 10:55:16 a.m. Transporto a FreZzE hacia Mapa185 X:48 Y:56
21/07/2009 10:58:17 a.m. Transporto a FreZzE hacia Mapa185 X:58 Y:55
21/07/2009 10:58:23 a.m. Transporto a FreZzE hacia Mapa185 X:55 Y:53
21/07/2009 10:59:07 a.m. Transporto a FreZzE hacia Mapa185 X:60 Y:52
21/07/2009 10:59:08 a.m. Transporto a FreZzE hacia Mapa185 X:55 Y:55
21/07/2009 10:59:10 a.m. Transporto a FreZzE hacia Mapa185 X:50 Y:56
21/07/2009 11:01:53 a.m. RMSG: Perdonen el lag gente.. Estan subiendo el Nuevo cliente 
21/07/2009 11:02:08 a.m. RMSG: Luego yo lo subire a la web y tambien se cambiara el nuevo Staff.
21/07/2009 11:11:21 a.m. Se conecto con ip:190.31.245.97
21/07/2009 11:14:12 a.m. Se conecto con ip:190.31.245.97
21/07/2009 11:14:18 a.m. Creo item: -
21/07/2009 11:14:20 a.m. Agarro:1 Objeto:Espada vikinga
21/07/2009 11:14:30 a.m. Transporto a FreZzE hacia Mapa185 X:58 Y:61
21/07/2009 11:14:35 a.m. Transporto a FreZzE hacia Mapa185 X:52 Y:56
21/07/2009 11:14:57 a.m. Transporto a FreZzE hacia Mapa185 X:59 Y:47
21/07/2009 11:15:03 a.m. RMSG: Hola gente
21/07/2009 11:15:34 a.m. Transporto a FreZzE hacia Mapa2 X:58 Y:44
21/07/2009 11:15:50 a.m. RMSG: Atiendo Consultas en Ulla
21/07/2009 11:16:44 a.m. RMSG: Anoten mi MSN por cualquier Duda o Consulta: luquix-egresados09@hotmail.com
21/07/2009 11:16:51 a.m. Transporto a FreZzE hacia Mapa2 X:58 Y:40
21/07/2009 11:17:10 a.m. Tiro cantidad:1 Objeto:Daga infernal
21/07/2009 11:18:05 a.m. Transporto a FreZzE hacia Mapa63 X:60 Y:38
21/07/2009 11:19:43 a.m. /inv fafito
21/07/2009 11:22:07 a.m. /IRA Only Mapa:40 X:44 Y:11
21/07/2009 11:22:17 a.m. Transporto a FreZzE hacia Mapa40 X:50 Y:15
21/07/2009 11:22:37 a.m. Transporto a FreZzE hacia Mapa40 X:51 Y:19
21/07/2009 11:22:38 a.m. Transporto a FreZzE hacia Mapa40 X:50 Y:23
21/07/2009 11:22:39 a.m. Transporto a FreZzE hacia Mapa40 X:50 Y:27
21/07/2009 11:22:40 a.m. Transporto a FreZzE hacia Mapa40 X:50 Y:30
21/07/2009 11:22:41 a.m. Transporto a FreZzE hacia Mapa40 X:49 Y:34
21/07/2009 11:22:44 a.m. Transporto a FreZzE hacia Mapa40 X:47 Y:37
21/07/2009 11:22:45 a.m. Transporto a FreZzE hacia Mapa40 X:46 Y:41
21/07/2009 11:22:46 a.m. Transporto a FreZzE hacia Mapa40 X:43 Y:45
21/07/2009 11:22:47 a.m. Transporto a FreZzE hacia Mapa40 X:43 Y:49
21/07/2009 11:22:49 a.m. Transporto a FreZzE hacia Mapa40 X:43 Y:53
21/07/2009 11:22:50 a.m. Transporto a FreZzE hacia Mapa40 X:43 Y:49
21/07/2009 11:22:55 a.m. Transporto a FreZzE hacia Mapa40 X:42 Y:54
21/07/2009 11:23:08 a.m. Transporto a FreZzE hacia Mapa40 X:45 Y:62
21/07/2009 11:23:18 a.m. Transporto a FreZzE hacia Mapa40 X:43 Y:56
21/07/2009 11:23:22 a.m. Transporto a FreZzE hacia Mapa40 X:47 Y:62
21/07/2009 11:23:25 a.m. Transporto a FreZzE hacia Mapa40 X:44 Y:69
21/07/2009 11:23:27 a.m. Transporto a FreZzE hacia Mapa40 X:43 Y:65
21/07/2009 11:23:28 a.m. Transporto a FreZzE hacia Mapa40 X:43 Y:70
21/07/2009 11:23:30 a.m. Transporto a FreZzE hacia Mapa40 X:43 Y:65
21/07/2009 11:23:30 a.m. Transporto a FreZzE hacia Mapa40 X:44 Y:60
21/07/2009 11:23:32 a.m. Transporto a FreZzE hacia Mapa40 X:43 Y:65
21/07/2009 11:23:32 a.m. Transporto a FreZzE hacia Mapa40 X:43 Y:71
21/07/2009 11:23:35 a.m. Transporto a FreZzE hacia Mapa40 X:43 Y:66
21/07/2009 11:23:36 a.m. Transporto a FreZzE hacia Mapa40 X:43 Y:62
21/07/2009 11:23:37 a.m. Transporto a FreZzE hacia Mapa40 X:43 Y:58
21/07/2009 11:23:38 a.m. Transporto a FreZzE hacia Mapa40 X:43 Y:54
21/07/2009 11:23:40 a.m. Transporto a FreZzE hacia Mapa40 X:43 Y:60
21/07/2009 11:23:41 a.m. Transporto a FreZzE hacia Mapa40 X:43 Y:66
21/07/2009 11:23:42 a.m. Transporto a FreZzE hacia Mapa40 X:43 Y:72
21/07/2009 11:23:55 a.m. Transporto a FreZzE hacia Mapa40 X:43 Y:74
21/07/2009 11:23:59 a.m. Transporto a FreZzE hacia Mapa40 X:37 Y:73
21/07/2009 11:24:02 a.m. Transporto a FreZzE hacia Mapa40 X:35 Y:77
21/07/2009 11:24:04 a.m. Transporto a FreZzE hacia Mapa40 X:30 Y:78
21/07/2009 11:24:08 a.m. Transporto a FreZzE hacia Mapa40 X:32 Y:78
21/07/2009 11:24:10 a.m. Transporto a FreZzE hacia Mapa40 X:40 Y:79
21/07/2009 11:24:11 a.m. Transporto a FreZzE hacia Mapa40 X:32 Y:79
21/07/2009 11:24:13 a.m. Transporto a FreZzE hacia Mapa40 X:39 Y:78
21/07/2009 11:24:15 a.m. Transporto a FreZzE hacia Mapa40 X:32 Y:79
21/07/2009 11:24:16 a.m. Transporto a FreZzE hacia Mapa40 X:43 Y:77
21/07/2009 11:24:17 a.m. Transporto a FreZzE hacia Mapa40 X:35 Y:78
21/07/2009 11:24:19 a.m. Transporto a FreZzE hacia Mapa40 X:32 Y:76
21/07/2009 11:24:20 a.m. Transporto a FreZzE hacia Mapa40 X:43 Y:77
21/07/2009 11:24:21 a.m. Transporto a FreZzE hacia Mapa40 X:35 Y:76
21/07/2009 11:24:21 a.m. Transporto a FreZzE hacia Mapa40 X:28 Y:76
21/07/2009 11:24:22 a.m. Transporto a FreZzE hacia Mapa40 X:26 Y:73
21/07/2009 11:24:22 a.m. Transporto a FreZzE hacia Mapa40 X:26 Y:72
21/07/2009 11:24:22 a.m. Transporto a FreZzE hacia Mapa40 X:24 Y:69
21/07/2009 11:24:22 a.m. Transporto a FreZzE hacia Mapa40 X:23 Y:65
21/07/2009 11:24:23 a.m. Transporto a FreZzE hacia Mapa40 X:24 Y:65
21/07/2009 11:24:23 a.m. Transporto a FreZzE hacia Mapa40 X:25 Y:61
21/07/2009 11:24:23 a.m. Transporto a FreZzE hacia Mapa40 X:27 Y:58
21/07/2009 11:24:24 a.m. Transporto a FreZzE hacia Mapa40 X:25 Y:56
21/07/2009 11:24:51 a.m. Transporto a FreZzE hacia Mapa40 X:21 Y:54
21/07/2009 11:24:56 a.m. RMSG: Primero Broom
21/07/2009 11:25:15 a.m. RMSG: Primero Broom felicitaciones
21/07/2009 11:25:16 a.m. Transporto a FreZzE hacia Mapa40 X:35 Y:36
21/07/2009 11:25:17 a.m. Transporto a FreZzE hacia Mapa40 X:40 Y:39
21/07/2009 11:25:24 a.m. Transporto a FreZzE hacia Mapa40 X:49 Y:38
21/07/2009 11:25:28 a.m. /BLOQ
21/07/2009 11:25:45 a.m. Transporto a FreZzE hacia Mapa40 X:51 Y:35
21/07/2009 11:25:47 a.m. Transporto a FreZzE hacia Mapa40 X:43 Y:38
21/07/2009 11:25:48 a.m. Transporto a FreZzE hacia Mapa40 X:37 Y:38
21/07/2009 11:25:49 a.m. Transporto a FreZzE hacia Mapa40 X:31 Y:37
21/07/2009 11:25:50 a.m. Transporto a FreZzE hacia Mapa40 X:31 Y:33
21/07/2009 11:25:51 a.m. Transporto a FreZzE hacia Mapa40 X:29 Y:33
21/07/2009 11:25:54 a.m. /IRA Only Mapa:40 X:28 Y:32
21/07/2009 11:26:49 a.m. Transporto a FreZzE hacia Mapa40 X:29 Y:27
21/07/2009 11:26:51 a.m. Transporto a FreZzE hacia Mapa40 X:29 Y:28
21/07/2009 11:26:54 a.m. /SUM Broom Map:40 X:29 Y:28
21/07/2009 11:27:01 a.m. Transporto a FreZzE hacia Mapa40 X:27 Y:30
21/07/2009 11:27:58 a.m. Transporto a FreZzE hacia Mapa40 X:34 Y:36
21/07/2009 11:27:59 a.m. Transporto a FreZzE hacia Mapa40 X:40 Y:38
21/07/2009 11:28:00 a.m. Transporto a FreZzE hacia Mapa40 X:42 Y:43
21/07/2009 11:28:00 a.m. Transporto a FreZzE hacia Mapa40 X:44 Y:48
21/07/2009 11:28:01 a.m. Transporto a FreZzE hacia Mapa40 X:42 Y:51
21/07/2009 11:28:02 a.m. Transporto a FreZzE hacia Mapa40 X:42 Y:55
21/07/2009 11:28:03 a.m. Transporto a FreZzE hacia Mapa40 X:42 Y:59
21/07/2009 11:28:03 a.m. Transporto a FreZzE hacia Mapa40 X:42 Y:64
21/07/2009 11:28:10 a.m. Transporto a FreZzE hacia Mapa40 X:43 Y:69
21/07/2009 11:28:11 a.m. Transporto a FreZzE hacia Mapa40 X:42 Y:74
21/07/2009 11:28:12 a.m. Transporto a FreZzE hacia Mapa40 X:43 Y:70
21/07/2009 11:28:18 a.m. Transporto a FreZzE hacia Mapa40 X:43 Y:67
21/07/2009 11:28:18 a.m. Transporto a FreZzE hacia Mapa40 X:43 Y:64
21/07/2009 11:28:19 a.m. Transporto a FreZzE hacia Mapa40 X:43 Y:61
21/07/2009 11:28:20 a.m. Transporto a FreZzE hacia Mapa40 X:43 Y:58
21/07/2009 11:28:20 a.m. Transporto a FreZzE hacia Mapa40 X:43 Y:55
21/07/2009 11:28:20 a.m. Transporto a FreZzE hacia Mapa40 X:43 Y:52
21/07/2009 11:28:22 a.m. Transporto a FreZzE hacia Mapa40 X:43 Y:56
21/07/2009 11:28:24 a.m. Transporto a FreZzE hacia Mapa40 X:45 Y:62
21/07/2009 11:28:45 a.m. Transporto a FreZzE hacia Mapa40 X:47 Y:59
21/07/2009 11:28:47 a.m. Transporto a FreZzE hacia Mapa40 X:49 Y:57
21/07/2009 11:28:49 a.m. /BLOQ
21/07/2009 11:28:50 a.m. /BLOQ
21/07/2009 11:28:52 a.m. /BLOQ
21/07/2009 11:28:53 a.m. /BLOQ
21/07/2009 11:28:55 a.m. /BLOQ
21/07/2009 11:28:56 a.m. /BLOQ
21/07/2009 11:28:58 a.m. /BLOQ
21/07/2009 11:28:59 a.m. /BLOQ
21/07/2009 11:29:01 a.m. Transporto a FreZzE hacia Mapa40 X:51 Y:54
21/07/2009 11:29:05 a.m. Transporto a FreZzE hacia Mapa40 X:47 Y:59
21/07/2009 11:29:06 a.m. Transporto a FreZzE hacia Mapa40 X:46 Y:63
21/07/2009 11:29:07 a.m. Transporto a FreZzE hacia Mapa40 X:46 Y:67
21/07/2009 11:29:08 a.m. Transporto a FreZzE hacia Mapa40 X:41 Y:72
21/07/2009 11:29:09 a.m. Transporto a FreZzE hacia Mapa40 X:42 Y:69
21/07/2009 11:29:11 a.m. Transporto a FreZzE hacia Mapa40 X:42 Y:66
21/07/2009 11:29:13 a.m. Transporto a FreZzE hacia Mapa40 X:42 Y:69
21/07/2009 11:29:14 a.m. Transporto a FreZzE hacia Mapa40 X:42 Y:72
21/07/2009 11:29:16 a.m. Transporto a FreZzE hacia Mapa40 X:42 Y:74
21/07/2009 11:29:17 a.m. Transporto a FreZzE hacia Mapa40 X:43 Y:69
21/07/2009 11:29:18 a.m. Transporto a FreZzE hacia Mapa40 X:43 Y:64
21/07/2009 11:29:18 a.m. Transporto a FreZzE hacia Mapa40 X:43 Y:59
21/07/2009 11:29:19 a.m. Transporto a FreZzE hacia Mapa40 X:43 Y:62
21/07/2009 11:29:20 a.m. Transporto a FreZzE hacia Mapa40 X:43 Y:66
21/07/2009 11:29:21 a.m. Transporto a FreZzE hacia Mapa40 X:43 Y:70
21/07/2009 11:29:26 a.m. /IRA Only Mapa:40 X:25 Y:51
21/07/2009 11:30:02 a.m. Transporto a FreZzE hacia Mapa40 X:28 Y:56
21/07/2009 11:30:06 a.m. /SUM Only Map:40 X:47 Y:76
21/07/2009 11:30:07 a.m. Transporto a FreZzE hacia Mapa40 X:43 Y:72
21/07/2009 11:30:09 a.m. Transporto a FreZzE hacia Mapa40 X:43 Y:70
21/07/2009 11:30:10 a.m. Transporto a FreZzE hacia Mapa40 X:42 Y:72
21/07/2009 11:30:11 a.m. Transporto a FreZzE hacia Mapa40 X:43 Y:68
21/07/2009 11:30:12 a.m. Transporto a FreZzE hacia Mapa40 X:43 Y:64
21/07/2009 11:30:13 a.m. Transporto a FreZzE hacia Mapa40 X:47 Y:58
21/07/2009 11:30:14 a.m. Transporto a FreZzE hacia Mapa40 X:49 Y:53
21/07/2009 11:30:17 a.m. /SUM Only Map:40 X:49 Y:53
21/07/2009 11:30:26 a.m. Transporto a FreZzE hacia Mapa40 X:42 Y:55
21/07/2009 11:30:31 a.m. /BLOQ
21/07/2009 11:30:32 a.m. /BLOQ
21/07/2009 11:30:33 a.m. /BLOQ
21/07/2009 11:30:35 a.m. /BLOQ
21/07/2009 11:30:39 a.m. Transporto a FreZzE hacia Mapa40 X:43 Y:60
21/07/2009 11:30:40 a.m. Transporto a FreZzE hacia Mapa40 X:43 Y:65
21/07/2009 11:30:41 a.m. Transporto a FreZzE hacia Mapa40 X:49 Y:60
21/07/2009 11:30:42 a.m. Transporto a FreZzE hacia Mapa40 X:52 Y:56
21/07/2009 11:30:43 a.m. Transporto a FreZzE hacia Mapa40 X:50 Y:54
21/07/2009 11:30:44 a.m. Transporto a FreZzE hacia Mapa40 X:50 Y:57
21/07/2009 11:30:46 a.m. Transporto a FreZzE hacia Mapa40 X:48 Y:58
21/07/2009 11:30:53 a.m. /BLOQ
21/07/2009 11:30:55 a.m. /BLOQ
21/07/2009 11:30:57 a.m. /BLOQ
21/07/2009 11:30:58 a.m. Transporto a FreZzE hacia Mapa40 X:48 Y:60
21/07/2009 11:31:01 a.m. /BLOQ
21/07/2009 11:31:03 a.m. Transporto a FreZzE hacia Mapa40 X:42 Y:63
21/07/2009 11:31:03 a.m. Transporto a FreZzE hacia Mapa40 X:38 Y:67
21/07/2009 11:31:04 a.m. Transporto a FreZzE hacia Mapa40 X:36 Y:72
21/07/2009 11:31:04 a.m. Transporto a FreZzE hacia Mapa40 X:34 Y:77
21/07/2009 11:31:05 a.m. Transporto a FreZzE hacia Mapa40 X:29 Y:78
21/07/2009 11:31:18 a.m. Transporto a FreZzE hacia Mapa40 X:28 Y:59
21/07/2009 11:31:20 a.m. Transporto a FreZzE hacia Mapa40 X:25 Y:56
21/07/2009 11:31:24 a.m. /IRA Only Mapa:40 X:30 Y:30
21/07/2009 11:31:28 a.m. Transporto a FreZzE hacia Mapa40 X:27 Y:31
21/07/2009 11:31:38 a.m. /IRA Only Mapa:40 X:30 Y:30
21/07/2009 11:31:50 a.m. Creo item: -
21/07/2009 11:31:51 a.m. Agarro:1 Objeto:Vara de mago
21/07/2009 11:31:58 a.m. Creo item: -
21/07/2009 11:31:59 a.m. Agarro:1 Objeto:Fuerza
21/07/2009 11:32:02 a.m. Creo item: -
21/07/2009 11:32:05 a.m. Creo item: -
21/07/2009 11:32:10 a.m. Creo item: -
21/07/2009 11:32:18 a.m. Creo item: -
21/07/2009 11:32:24 a.m. /IRA Anperm Mapa:40 X:30 Y:46
21/07/2009 11:32:42 a.m. Transporto a FreZzE hacia Mapa1 X:50 Y:50
21/07/2009 11:32:45 a.m. /SUM Anperm Map:1 X:50 Y:50
21/07/2009 11:33:47 a.m. Se conecto con ip:190.31.245.97
21/07/2009 11:34:16 a.m. Se conecto con ip:190.31.245.97
21/07/2009 11:34:42 a.m. Se conecto con ip:190.31.245.97
21/07/2009 11:35:16 a.m. Se conecto con ip:190.31.245.97
21/07/2009 11:35:46 a.m. Se conecto con ip:190.31.245.97
21/07/2009 11:37:29 a.m. Transporto a FreZZe hacia Mapa2 X:47 Y:44
21/07/2009 11:37:30 a.m. Transporto a FreZZe hacia Mapa2 X:39 Y:42
21/07/2009 11:37:31 a.m. Transporto a FreZZe hacia Mapa2 X:44 Y:39
21/07/2009 11:37:34 a.m. Transporto a FreZZe hacia Mapa2 X:40 Y:34
21/07/2009 11:37:35 a.m. Transporto a FreZZe hacia Mapa2 X:40 Y:30
21/07/2009 11:37:39 a.m. Transporto a FreZZe hacia Mapa2 X:30 Y:35
21/07/2009 11:37:42 a.m. /SUM Nerevarine Map:2 X:30 Y:34
21/07/2009 11:38:35 a.m. Tiro cantidad:1 Objeto:Espada TinieblasAO
21/07/2009 11:38:37 a.m. Agarro:1 Objeto:Espada TinieblasAO
21/07/2009 11:38:47 a.m. Transporto a FreZZe hacia Mapa2 X:36 Y:37
21/07/2009 11:38:47 a.m. Transporto a FreZZe hacia Mapa2 X:42 Y:40
21/07/2009 11:38:48 a.m. Transporto a FreZZe hacia Mapa2 X:48 Y:43
21/07/2009 11:38:48 a.m. Transporto a FreZZe hacia Mapa2 X:54 Y:45
21/07/2009 11:38:53 a.m. /SUM Nerevarine Map:2 X:54 Y:45
21/07/2009 11:38:59 a.m. /SUM Droham Map:2 X:54 Y:43
21/07/2009 11:39:44 a.m. RMSG: Sale juego de las sillas en 1 minuto
21/07/2009 11:40:45 a.m. Agarro:1000 Objeto:Trono
21/07/2009 11:40:47 a.m. Agarro:1000 Objeto:Copa de plata
21/07/2009 11:41:19 a.m. RMSG: Gente sale juego de las sillas /gm
21/07/2009 11:41:26 a.m. Creo item: -
21/07/2009 11:41:27 a.m. Agarro:1 Objeto:Espada vikinga
21/07/2009 11:42:10 a.m. /SUM Agrammal Map:236 X:46 Y:70
21/07/2009 11:42:28 a.m. /SUM Agrammal Map:236 X:45 Y:69
21/07/2009 11:42:33 a.m. /SUM Agrammal Map:236 X:42 Y:69
21/07/2009 11:42:48 a.m. /SUM Agrammal Map:236 X:47 Y:69
21/07/2009 11:42:54 a.m. /SUM KazaCa Map:236 X:45 Y:70
21/07/2009 11:43:06 a.m. /IRA KazaCa Mapa:236 X:45 Y:71
21/07/2009 11:43:17 a.m. /SUM niqoz Map:236 X:43 Y:71
21/07/2009 11:43:24 a.m. /IRA General Winter Mapa:2 X:60 Y:45
21/07/2009 11:43:33 a.m. Transporto a FreZZe hacia Mapa236 X:50 Y:50
21/07/2009 11:43:35 a.m. Transporto a FreZZe hacia Mapa236 X:52 Y:53
21/07/2009 11:43:35 a.m. Transporto a FreZZe hacia Mapa236 X:55 Y:56
21/07/2009 11:43:36 a.m. Transporto a FreZZe hacia Mapa236 X:55 Y:56
21/07/2009 11:43:36 a.m. Transporto a FreZZe hacia Mapa236 X:56 Y:55
21/07/2009 11:43:36 a.m. Transporto a FreZZe hacia Mapa236 X:57 Y:59
21/07/2009 11:43:37 a.m. Transporto a FreZZe hacia Mapa236 X:52 Y:60
21/07/2009 11:43:37 a.m. Transporto a FreZZe hacia Mapa236 X:53 Y:59
21/07/2009 11:43:37 a.m. Transporto a FreZZe hacia Mapa236 X:48 Y:64
21/07/2009 11:43:38 a.m. Transporto a FreZZe hacia Mapa236 X:49 Y:63
21/07/2009 11:43:38 a.m. Transporto a FreZZe hacia Mapa236 X:44 Y:69
21/07/2009 11:43:44 a.m. /SUM General Winter Map:236 X:44 Y:69
21/07/2009 11:44:09 a.m. RMSG: Nadie mas?
21/07/2009 11:44:29 a.m. RMSG: /GM para el juego de las sillas vamos!
21/07/2009 11:44:44 a.m. RMSG: Somos 4 nada mas..
21/07/2009 11:44:55 a.m. RMSG: Hay 17 users y son 4 para juego de las sillas..
21/07/2009 11:45:03 a.m. RMSG: /GM para el juego de las sillas
21/07/2009 11:45:17 a.m. /SUM Nerevarine Map:236 X:46 Y:69
21/07/2009 11:45:32 a.m. /SUM Fz Map:236 X:46 Y:67
21/07/2009 11:45:43 a.m. /SUM CnA Map:236 X:49 Y:67
21/07/2009 11:46:00 a.m. /SUM Droham Map:236 X:51 Y:68
21/07/2009 11:46:09 a.m. RMSG: Nadie mas?
21/07/2009 11:47:17 a.m. Agarro:1 Objeto:Jugo de frutas
21/07/2009 11:47:28 a.m. /IRA General Winter Mapa:66 X:75 Y:47
21/07/2009 11:47:44 a.m. Transporto a FreZZe hacia Mapa66 X:73 Y:46
21/07/2009 11:47:50 a.m. Agarro:35 Objeto:Jugo de frutas
21/07/2009 11:48:12 a.m. Transporto a FreZZe hacia Mapa236 X:40 Y:40
21/07/2009 11:48:14 a.m. Transporto a FreZZe hacia Mapa236 X:44 Y:41
21/07/2009 11:48:14 a.m. Transporto a FreZZe hacia Mapa236 X:45 Y:43
21/07/2009 11:48:15 a.m. Transporto a FreZZe hacia Mapa236 X:49 Y:44
21/07/2009 11:48:15 a.m. Transporto a FreZZe hacia Mapa236 X:50 Y:46
21/07/2009 11:48:15 a.m. Transporto a FreZZe hacia Mapa236 X:51 Y:48
21/07/2009 11:48:16 a.m. Transporto a FreZZe hacia Mapa236 X:50 Y:50
21/07/2009 11:48:16 a.m. Transporto a FreZZe hacia Mapa236 X:49 Y:50
21/07/2009 11:48:16 a.m. Transporto a FreZZe hacia Mapa236 X:50 Y:52
21/07/2009 11:48:16 a.m. Transporto a FreZZe hacia Mapa236 X:53 Y:49
21/07/2009 11:48:17 a.m. Transporto a FreZZe hacia Mapa236 X:53 Y:49
21/07/2009 11:48:17 a.m. Transporto a FreZZe hacia Mapa236 X:56 Y:51
21/07/2009 11:48:17 a.m. Transporto a FreZZe hacia Mapa236 X:59 Y:51
21/07/2009 11:48:17 a.m. Transporto a FreZZe hacia Mapa236 X:58 Y:53
21/07/2009 11:48:17 a.m. Transporto a FreZZe hacia Mapa236 X:56 Y:54
21/07/2009 11:48:18 a.m. Transporto a FreZZe hacia Mapa236 X:58 Y:56
21/07/2009 11:48:18 a.m. Transporto a FreZZe hacia Mapa236 X:63 Y:56
21/07/2009 11:48:18 a.m. Transporto a FreZZe hacia Mapa236 X:62 Y:55
21/07/2009 11:48:18 a.m. Transporto a FreZZe hacia Mapa236 X:64 Y:56
21/07/2009 11:48:19 a.m. Transporto a FreZZe hacia Mapa236 X:68 Y:53
21/07/2009 11:48:19 a.m. Transporto a FreZZe hacia Mapa236 X:66 Y:51
21/07/2009 11:48:19 a.m. Transporto a FreZZe hacia Mapa236 X:56 Y:60
21/07/2009 11:48:19 a.m. Transporto a FreZZe hacia Mapa236 X:62 Y:58
21/07/2009 11:48:19 a.m. Transporto a FreZZe hacia Mapa236 X:61 Y:56
21/07/2009 11:48:19 a.m. Transporto a FreZZe hacia Mapa236 X:62 Y:56
21/07/2009 11:48:20 a.m. Transporto a FreZZe hacia Mapa236 X:59 Y:63
21/07/2009 11:48:21 a.m. Transporto a FreZZe hacia Mapa236 X:56 Y:67
21/07/2009 11:48:21 a.m. Transporto a FreZZe hacia Mapa236 X:54 Y:65
21/07/2009 11:48:22 a.m. Transporto a FreZZe hacia Mapa236 X:49 Y:66
21/07/2009 11:48:22 a.m. Transporto a FreZZe hacia Mapa236 X:44 Y:67
21/07/2009 11:48:31 a.m. Agarro:1 Objeto:Jugo de frutas
21/07/2009 11:48:32 a.m. Agarro:1 Objeto:Jugo de frutas
21/07/2009 11:48:32 a.m. Agarro:1 Objeto:Jugo de frutas
21/07/2009 11:48:33 a.m. Agarro:1 Objeto:Jugo de frutas
21/07/2009 11:48:34 a.m. Agarro:1 Objeto:Jugo de frutas
21/07/2009 11:48:35 a.m. Agarro:1 Objeto:Jugo de frutas
21/07/2009 11:48:36 a.m. Agarro:1 Objeto:Jugo de frutas
21/07/2009 11:48:40 a.m. Agarro:1 Objeto:Jugo de frutas
21/07/2009 11:48:45 a.m. Tiro cantidad:1 Objeto:Jugo de frutas
21/07/2009 11:48:47 a.m. Tiro cantidad:1 Objeto:Jugo de frutas
21/07/2009 11:48:49 a.m. Tiro cantidad:1 Objeto:Jugo de frutas
21/07/2009 11:48:51 a.m. Tiro cantidad:1 Objeto:Jugo de frutas
21/07/2009 11:49:17 a.m. RMSG: Empieza el juego
21/07/2009 11:49:36 a.m. Tiro cantidad:1 Objeto:Trono
21/07/2009 11:49:38 a.m. Tiro cantidad:1 Objeto:Trono
21/07/2009 11:49:40 a.m. Tiro cantidad:1 Objeto:Trono
21/07/2009 11:49:42 a.m. Tiro cantidad:1 Objeto:Trono
21/07/2009 11:49:47 a.m. Tiro cantidad:1 Objeto:Trono
21/07/2009 11:49:49 a.m. Tiro cantidad:1 Objeto:Trono
21/07/2009 11:49:56 a.m. Agarro:1 Objeto:Jugo de frutas
21/07/2009 11:49:56 a.m. Agarro:1 Objeto:Jugo de frutas
21/07/2009 11:49:56 a.m. Agarro:1 Objeto:Jugo de frutas
21/07/2009 11:49:56 a.m. Agarro:1 Objeto:Jugo de frutas
21/07/2009 11:49:57 a.m. Agarro:1 Objeto:Jugo de frutas
21/07/2009 11:49:57 a.m. Agarro:1 Objeto:Jugo de frutas
21/07/2009 11:49:57 a.m. Agarro:1 Objeto:Jugo de frutas
21/07/2009 11:49:58 a.m. Agarro:1 Objeto:Jugo de frutas
21/07/2009 11:50:00 a.m. Agarro:1 Objeto:Jugo de frutas
21/07/2009 11:50:05 a.m. Tiro cantidad:1 Objeto:Jugo de frutas
21/07/2009 11:50:07 a.m. Tiro cantidad:1 Objeto:Jugo de frutas
21/07/2009 11:50:41 a.m. /SUM Fz Map:236 X:45 Y:70
21/07/2009 11:51:20 a.m. Transporto a FreZZe hacia Mapa236 X:42 Y:70
21/07/2009 11:51:29 a.m. Transporto a KazaCa hacia Mapa2 X:50 Y:50
21/07/2009 11:51:32 a.m. Agarro:1 Objeto:Trono
21/07/2009 11:52:09 a.m. Agarro:1 Objeto:Trono
21/07/2009 11:52:45 a.m. Transporto a FreZZe hacia Mapa236 X:47 Y:67
21/07/2009 11:53:29 a.m. Tiro cantidad:1 Objeto:Trono
21/07/2009 11:54:15 a.m. Transporto a niqoz hacia Mapa2 X:50 Y:50
21/07/2009 11:54:28 a.m. Agarro:1 Objeto:Trono
21/07/2009 11:54:45 a.m. /SUM Fz Map:236 X:45 Y:69
21/07/2009 11:55:36 a.m. Transporto a CnA hacia Mapa2 X:50 Y:50
21/07/2009 11:55:45 a.m. Agarro:1 Objeto:Trono
21/07/2009 11:55:47 a.m. Agarro:1 Objeto:Trono
21/07/2009 11:55:49 a.m. Tiro cantidad:1 Objeto:Trono
21/07/2009 11:56:10 a.m. Transporto a FreZZe hacia Mapa236 X:46 Y:64
21/07/2009 11:56:18 a.m. Transporto a Agrammal hacia Mapa2 X:50 Y:50
21/07/2009 11:56:23 a.m. Agarro:1 Objeto:Trono
21/07/2009 11:57:13 a.m. Transporto a Nerevarine hacia Mapa2 X:50 Y:50
21/07/2009 11:57:24 a.m. Agarro:1 Objeto:Trono
21/07/2009 11:57:28 a.m. Agarro:1 Objeto:Trono
21/07/2009 11:57:29 a.m. Tiro cantidad:1 Objeto:Trono
21/07/2009 11:58:14 a.m. Tiro cantidad:1 Objeto:Copa de plata
21/07/2009 11:58:29 a.m. Agarro:1 Objeto:Copa de plata
21/07/2009 11:58:31 a.m. /SUM Fz Map:236 X:43 Y:66
21/07/2009 11:58:37 a.m. Tiro cantidad:1 Objeto:Copa de plata
21/07/2009 11:58:48 a.m. Tiro cantidad:2 Objeto:Copa de plata
21/07/2009 11:58:53 a.m. Agarro:1 Objeto:Trono
21/07/2009 11:59:00 a.m. /CT: 2 50 50
21/07/2009 11:59:08 a.m. /DT
21/07/2009 12:00:04 p.m. Transporto a FreZZe hacia Mapa2 X:50 Y:50
21/07/2009 12:00:06 p.m. Transporto a FreZZe hacia Mapa2 X:56 Y:53
21/07/2009 12:00:09 p.m. Transporto a FreZZe hacia Mapa2 X:59 Y:53
21/07/2009 12:00:42 p.m. Transporto a FreZZe hacia Mapa2 X:51 Y:40
21/07/2009 12:00:43 p.m. Transporto a FreZZe hacia Mapa2 X:50 Y:35
21/07/2009 12:00:43 p.m. Transporto a FreZZe hacia Mapa2 X:49 Y:31
21/07/2009 12:00:44 p.m. Transporto a FreZZe hacia Mapa2 X:42 Y:29
21/07/2009 12:00:48 p.m. Transporto a FreZZe hacia Mapa2 X:47 Y:29
21/07/2009 12:00:48 p.m. Transporto a FreZZe hacia Mapa2 X:54 Y:30
21/07/2009 12:00:49 p.m. Transporto a FreZZe hacia Mapa2 X:60 Y:29
21/07/2009 12:01:06 p.m. Tiro cantidad:1 Objeto:Vara de mago
21/07/2009 12:01:09 p.m. Agarro:1 Objeto:Vara de mago
21/07/2009 12:01:19 p.m. /IRA Agrammal Mapa:2 X:61 Y:35
21/07/2009 12:01:22 p.m. Transporto a FreZZe hacia Mapa2 X:60 Y:29
21/07/2009 12:01:26 p.m. /SUM Agrammal Map:2 X:60 Y:28
21/07/2009 12:01:28 p.m. Tiro cantidad:1 Objeto:Trono
21/07/2009 12:01:29 p.m. Tiro cantidad:1 Objeto:Trono
21/07/2009 12:01:31 p.m. Transporto a FreZZe hacia Mapa2 X:58 Y:32
21/07/2009 12:01:39 p.m. Transporto a FreZZe hacia Mapa2 X:63 Y:29
21/07/2009 12:02:16 p.m. Transporto a FreZZe hacia Mapa2 X:63 Y:33
21/07/2009 12:02:18 p.m. Transporto a FreZZe hacia Mapa2 X:62 Y:37
21/07/2009 12:02:19 p.m. Transporto a FreZZe hacia Mapa2 X:60 Y:36
21/07/2009 12:02:21 p.m. Transporto a FreZZe hacia Mapa2 X:57 Y:35
21/07/2009 12:02:24 p.m. Transporto a FreZZe hacia Mapa2 X:63 Y:38
21/07/2009 12:02:25 p.m. Transporto a FreZZe hacia Mapa2 X:60 Y:40
21/07/2009 12:02:47 p.m. /IRA blade Mapa:183 X:78 Y:35
21/07/2009 12:02:50 p.m. Transporto a FreZZe hacia Mapa183 X:89 Y:38
21/07/2009 12:02:53 p.m. /IRA blade Mapa:185 X:30 Y:75
21/07/2009 12:02:57 p.m. Transporto a FreZZe hacia Mapa185 X:24 Y:76
21/07/2009 12:03:24 p.m. Creo item: -
21/07/2009 12:03:26 p.m. Creo item: -
21/07/2009 12:04:07 p.m. Transporto a FreZZe hacia Mapa185 X:31 Y:75
21/07/2009 12:04:07 p.m. Transporto a FreZZe hacia Mapa185 X:38 Y:74
21/07/2009 12:04:10 p.m. Creo item: -
21/07/2009 12:04:13 p.m. Creo item: -
21/07/2009 12:04:18 p.m. Transporto a FreZZe hacia Mapa185 X:30 Y:76
21/07/2009 12:04:19 p.m. Transporto a FreZZe hacia Mapa185 X:25 Y:76
21/07/2009 12:04:38 p.m. Transporto a FreZZe hacia Mapa185 X:18 Y:79
21/07/2009 12:04:41 p.m. Transporto a FreZZe hacia Mapa185 X:23 Y:78
21/07/2009 12:05:14 p.m. /mod yo ciuda 100
21/07/2009 12:08:08 p.m. Creo item: -
21/07/2009 12:08:09 p.m. Agarro:1 Objeto:Báculo Tinieblas Ao
21/07/2009 12:08:34 p.m. Creo item: -
21/07/2009 12:08:35 p.m. Agarro:1 Objeto:Armadura Tinieblas AO (Hombre)
21/07/2009 12:08:59 p.m. /SUM GM MALO Map:185 X:24 Y:75
21/07/2009 12:09:03 p.m. /SUM GM MALO Map:185 X:24 Y:75
21/07/2009 12:09:06 p.m. /IRA GM MALO Mapa:185 X:24 Y:76
21/07/2009 12:09:46 p.m. /mod yo ciu 100
21/07/2009 12:10:07 p.m. /mod frezze ciu 100
21/07/2009 12:10:24 p.m. Transporto a FreZZe hacia Mapa2 X:50 Y:50
21/07/2009 12:11:17 p.m. Transporto a FreZZe hacia Mapa237 X:42 Y:62
21/07/2009 12:11:58 p.m. Transporto a FreZZe hacia Mapa237 X:49 Y:70
21/07/2009 12:11:59 p.m. Transporto a FreZZe hacia Mapa237 X:51 Y:74
21/07/2009 12:12:00 p.m. Transporto a FreZZe hacia Mapa237 X:52 Y:76
21/07/2009 12:12:03 p.m. /SUM girloth Map:2 X:50 Y:50
21/07/2009 12:14:48 p.m. Transporto a FreZZe hacia Mapa35 X:19 Y:82
21/07/2009 12:14:50 p.m. Transporto a FreZZe hacia Mapa2 X:56 Y:45
21/07/2009 12:14:51 p.m. Transporto a FreZZe hacia Mapa2 X:60 Y:40
21/07/2009 12:14:53 p.m. Transporto a FreZZe hacia Mapa35 X:15 Y:82
21/07/2009 12:15:07 p.m. Creo item: -
21/07/2009 12:15:07 p.m. Agarro:1 Objeto:Llave maestra
21/07/2009 12:15:15 p.m. /INVISIBLE
21/07/2009 12:15:25 p.m. Transporto a FreZZe hacia Mapa34 X:33 Y:64
21/07/2009 12:15:25 p.m. Transporto a FreZZe hacia Mapa34 X:33 Y:64
21/07/2009 12:15:25 p.m. Transporto a FreZZe hacia Mapa34 X:34 Y:59
21/07/2009 12:15:26 p.m. Transporto a FreZZe hacia Mapa34 X:36 Y:55
21/07/2009 12:15:26 p.m. Transporto a FreZZe hacia Mapa34 X:37 Y:55
21/07/2009 12:15:26 p.m. Transporto a FreZZe hacia Mapa34 X:41 Y:52
21/07/2009 12:15:27 p.m. Transporto a FreZZe hacia Mapa34 X:41 Y:53
21/07/2009 12:15:27 p.m. Transporto a FreZZe hacia Mapa34 X:45 Y:50
21/07/2009 12:15:27 p.m. Transporto a FreZZe hacia Mapa34 X:46 Y:51
21/07/2009 12:15:27 p.m. Transporto a FreZZe hacia Mapa34 X:51 Y:49
21/07/2009 12:15:28 p.m. Transporto a FreZZe hacia Mapa34 X:51 Y:46
21/07/2009 12:15:29 p.m. Transporto a FreZZe hacia Mapa34 X:50 Y:45
21/07/2009 12:15:32 p.m. Transporto a FreZZe hacia Mapa34 X:54 Y:39
21/07/2009 12:15:32 p.m. Transporto a FreZZe hacia Mapa34 X:54 Y:39
21/07/2009 12:15:33 p.m. Transporto a FreZZe hacia Mapa34 X:55 Y:35
21/07/2009 12:15:34 p.m. Transporto a FreZZe hacia Mapa34 X:59 Y:32
21/07/2009 12:15:35 p.m. Transporto a FreZZe hacia Mapa34 X:60 Y:27
21/07/2009 12:15:35 p.m. Transporto a FreZZe hacia Mapa34 X:61 Y:24
21/07/2009 12:15:37 p.m. Transporto a FreZZe hacia Mapa34 X:60 Y:24
21/07/2009 12:15:38 p.m. Transporto a FreZZe hacia Mapa34 X:55 Y:25
21/07/2009 12:15:38 p.m. Transporto a FreZZe hacia Mapa34 X:55 Y:25
21/07/2009 12:15:38 p.m. Transporto a FreZZe hacia Mapa34 X:50 Y:27
21/07/2009 12:15:39 p.m. Transporto a FreZZe hacia Mapa34 X:45 Y:29
21/07/2009 12:15:39 p.m. Transporto a FreZZe hacia Mapa34 X:45 Y:29
21/07/2009 12:15:39 p.m. Transporto a FreZZe hacia Mapa34 X:40 Y:31
21/07/2009 12:15:40 p.m. Transporto a FreZZe hacia Mapa34 X:37 Y:33
21/07/2009 12:15:43 p.m. Transporto a FreZZe hacia Mapa34 X:42 Y:30
21/07/2009 12:15:44 p.m. Agarro:1 Objeto:Casco de caballero
21/07/2009 12:15:45 p.m. Agarro:1 Objeto:Armadura Legendaria
21/07/2009 12:15:56 p.m. RMSG: Me escondi en Nix. El que me encuentra sera recompensado
21/07/2009 12:16:03 p.m. Transporto a FreZZe hacia Mapa34 X:38 Y:30
21/07/2009 12:16:18 p.m. RMSG: Puedo estar en cualquier lado
21/07/2009 12:16:23 p.m. RMSG: Me escondi en NIX!
21/07/2009 12:16:28 p.m. RMSG: Toy invisible
21/07/2009 12:16:48 p.m. Transporto a FreZZe hacia Mapa34 X:36 Y:33
21/07/2009 12:16:50 p.m. Transporto a FreZZe hacia Mapa34 X:39 Y:30
21/07/2009 12:16:51 p.m. Transporto a FreZZe hacia Mapa34 X:38 Y:30
21/07/2009 12:17:27 p.m. RMSG: Pista: Estoy en un lugar cerrado. puede ser cualquier lado
21/07/2009 12:17:36 p.m. RMSG: me tienen que decir GM
21/07/2009 12:18:14 p.m. RMSG: Euuu blade lpm
21/07/2009 12:18:16 p.m. /SUM blade Map:34 X:40 Y:31
21/07/2009 12:18:23 p.m. RMSG: Gana Tkb mi Golpe
21/07/2009 12:18:26 p.m. /INVISIBLE
21/07/2009 12:18:40 p.m. Transporto a FreZZe hacia Mapa34 X:31 Y:30
21/07/2009 12:18:49 p.m. Transporto a FreZZe hacia Mapa34 X:24 Y:31
21/07/2009 12:19:04 p.m. /SUM Tkb Mi Golpe Map:34 X:24 Y:31
21/07/2009 12:19:09 p.m. Tiro cantidad:1 Objeto:Copa de plata
21/07/2009 12:19:10 p.m. Transporto a FreZZe hacia Mapa34 X:24 Y:30
21/07/2009 12:19:16 p.m. /SUM Tkb Mi Golpe Map:34 X:24 Y:30
21/07/2009 12:19:33 p.m. /CT: 2 50 50
21/07/2009 12:19:39 p.m. /SUM nicoz Map:34 X:23 Y:25
21/07/2009 12:19:43 p.m. /DT
21/07/2009 12:20:01 p.m. Transporto a FreZZe hacia Mapa34 X:19 Y:21
21/07/2009 12:20:08 p.m. Transporto a FreZZe hacia Mapa34 X:26 Y:20
21/07/2009 12:20:09 p.m. Transporto a FreZZe hacia Mapa34 X:32 Y:20
21/07/2009 12:20:10 p.m. Transporto a FreZZe hacia Mapa34 X:30 Y:24
21/07/2009 12:20:16 p.m. /INVISIBLE
21/07/2009 12:20:17 p.m. Transporto a FreZZe hacia Mapa34 X:35 Y:23
21/07/2009 12:20:17 p.m. Transporto a FreZZe hacia Mapa34 X:35 Y:23
21/07/2009 12:20:17 p.m. Transporto a FreZZe hacia Mapa34 X:40 Y:23
21/07/2009 12:20:17 p.m. Transporto a FreZZe hacia Mapa34 X:45 Y:24
21/07/2009 12:20:17 p.m. Transporto a FreZZe hacia Mapa34 X:45 Y:24
21/07/2009 12:20:18 p.m. Transporto a FreZZe hacia Mapa34 X:49 Y:26
21/07/2009 12:20:18 p.m. Transporto a FreZZe hacia Mapa34 X:48 Y:28
21/07/2009 12:20:19 p.m. Transporto a FreZZe hacia Mapa34 X:52 Y:32
21/07/2009 12:20:19 p.m. Transporto a FreZZe hacia Mapa34 X:56 Y:36
21/07/2009 12:20:19 p.m. Transporto a FreZZe hacia Mapa34 X:61 Y:40
21/07/2009 12:20:20 p.m. Transporto a FreZZe hacia Mapa34 X:65 Y:43
21/07/2009 12:20:20 p.m. Transporto a FreZZe hacia Mapa34 X:69 Y:46
21/07/2009 12:20:21 p.m. Transporto a FreZZe hacia Mapa34 X:73 Y:49
21/07/2009 12:20:22 p.m. Transporto a FreZZe hacia Mapa34 X:78 Y:49
21/07/2009 12:20:22 p.m. Transporto a FreZZe hacia Mapa34 X:78 Y:47
21/07/2009 12:20:27 p.m. /INVISIBLE
21/07/2009 12:20:33 p.m. /INVISIBLE
21/07/2009 12:20:46 p.m. RMSG: me escondi otra vez en NIX. El que me encuentra sera recompensado
21/07/2009 12:21:22 p.m. RMSG: Me escondi en NIX. Encuentrenme. Estoy Invisible
21/07/2009 12:21:40 p.m. RMSG: Estoy en un lugar abierto..
21/07/2009 12:22:08 p.m. RMSG: Lugar abierto. No adentro de una casa ni nada
21/07/2009 12:22:46 p.m. RMSG: .. xD
21/07/2009 12:23:10 p.m. RMSG: Toy en nix. En un lugar tirado hacia el oeste..
21/07/2009 12:23:46 p.m. RMSG: Herre me vio y no dijo GM!
21/07/2009 12:23:56 p.m. RMSG: Herrero me vio y no me dijo gm
21/07/2009 12:24:08 p.m. RMSG: Gana mandarina
21/07/2009 12:24:15 p.m. /INVISIBLE
21/07/2009 12:24:19 p.m. Transporto a FreZZe hacia Mapa34 X:79 Y:45
21/07/2009 12:24:31 p.m. Transporto a FreZZe hacia Mapa34 X:71 Y:45
21/07/2009 12:24:40 p.m. Transporto a FreZZe hacia Mapa34 X:69 Y:37
21/07/2009 12:24:40 p.m. Transporto a FreZZe hacia Mapa34 X:66 Y:32
21/07/2009 12:24:44 p.m. /SUM mandarina Map:34 X:66 Y:30
21/07/2009 12:24:47 p.m. Tiro cantidad:1 Objeto:Copa de plata
21/07/2009 12:24:50 p.m. Agarro:1 Objeto:Copa de plata
21/07/2009 12:24:55 p.m. /IRA mandarina Mapa:34 X:78 Y:30
21/07/2009 12:25:09 p.m. /CT: 2 50 50
21/07/2009 12:25:18 p.m. Transporto a FreZZe hacia Mapa34 X:78 Y:31
21/07/2009 12:25:22 p.m. /SUM Herrero Map:34 X:78 Y:31
21/07/2009 12:25:24 p.m. /SUM Agrammal Map:34 X:78 Y:31
21/07/2009 12:25:27 p.m. /DT
21/07/2009 12:25:33 p.m. Transporto a FreZZe hacia Mapa2 X:50 Y:50
21/07/2009 12:26:01 p.m. Transporto a FreZZe hacia Mapa236 X:50 Y:50
21/07/2009 12:26:02 p.m. Transporto a FreZZe hacia Mapa236 X:44 Y:48
21/07/2009 12:26:02 p.m. Transporto a FreZZe hacia Mapa236 X:39 Y:48
21/07/2009 12:26:02 p.m. Transporto a FreZZe hacia Mapa236 X:36 Y:51
21/07/2009 12:26:03 p.m. Transporto a FreZZe hacia Mapa236 X:37 Y:52
21/07/2009 12:26:03 p.m. Transporto a FreZZe hacia Mapa236 X:36 Y:56
21/07/2009 12:26:03 p.m. Transporto a FreZZe hacia Mapa236 X:36 Y:57
21/07/2009 12:26:03 p.m. Transporto a FreZZe hacia Mapa236 X:35 Y:62
21/07/2009 12:26:04 p.m. Transporto a FreZZe hacia Mapa236 X:38 Y:67
21/07/2009 12:26:08 p.m. /SUM Matii Map:236 X:38 Y:67
21/07/2009 12:26:14 p.m. /SUM Matii Map:236 X:42 Y:67
21/07/2009 12:27:01 p.m. RMSG: Torneo 1 vs 1 Creo..
21/07/2009 12:27:07 p.m. RMSG: Lee
21/07/2009 12:28:02 p.m. /IRA GM MALO Mapa:185 X:26 Y:77
21/07/2009 12:28:29 p.m. /IRA Style Mapa:185 X:49 Y:52
21/07/2009 12:28:46 p.m. /CT: 2 50 50
21/07/2009 12:28:52 p.m. /DT
21/07/2009 12:29:02 p.m. /IRA GM MALO Mapa:185 X:26 Y:77
21/07/2009 12:29:19 p.m. /IRA blade Mapa:2 X:53 Y:48
21/07/2009 12:30:04 p.m. /IRA blade Mapa:3 X:55 Y:50
21/07/2009 12:30:26 p.m. Transporto a FreZZe hacia Mapa3 X:58 Y:43
21/07/2009 12:30:37 p.m. Transporto a FreZZe hacia Mapa3 X:56 Y:39
21/07/2009 12:30:38 p.m. Transporto a FreZZe hacia Mapa3 X:56 Y:35
21/07/2009 12:30:38 p.m. Transporto a FreZZe hacia Mapa3 X:56 Y:31
21/07/2009 12:30:39 p.m. Transporto a FreZZe hacia Mapa3 X:56 Y:27
21/07/2009 12:30:39 p.m. Transporto a FreZZe hacia Mapa3 X:56 Y:23
21/07/2009 12:30:40 p.m. Transporto a FreZZe hacia Mapa3 X:60 Y:24
21/07/2009 12:30:40 p.m. Transporto a FreZZe hacia Mapa3 X:60 Y:26
21/07/2009 12:30:40 p.m. Transporto a FreZZe hacia Mapa3 X:64 Y:30
21/07/2009 12:30:40 p.m. Transporto a FreZZe hacia Mapa3 X:64 Y:30
21/07/2009 12:30:41 p.m. Transporto a FreZZe hacia Mapa3 X:68 Y:34
21/07/2009 12:30:41 p.m. Transporto a FreZZe hacia Mapa3 X:72 Y:38
21/07/2009 12:30:41 p.m. Transporto a FreZZe hacia Mapa3 X:75 Y:42
21/07/2009 12:30:42 p.m. Transporto a FreZZe hacia Mapa3 X:78 Y:46
21/07/2009 12:30:42 p.m. Transporto a FreZZe hacia Mapa3 X:80 Y:51
21/07/2009 12:30:42 p.m. Transporto a FreZZe hacia Mapa3 X:75 Y:50
21/07/2009 12:30:42 p.m. Transporto a FreZZe hacia Mapa3 X:76 Y:54
21/07/2009 12:30:42 p.m. Transporto a FreZZe hacia Mapa3 X:70 Y:53
21/07/2009 12:30:43 p.m. Transporto a FreZZe hacia Mapa3 X:71 Y:56
21/07/2009 12:30:44 p.m. Transporto a FreZZe hacia Mapa3 X:65 Y:56
21/07/2009 12:30:44 p.m. Transporto a FreZZe hacia Mapa3 X:59 Y:56
21/07/2009 12:30:45 p.m. Transporto a FreZZe hacia Mapa3 X:54 Y:55
21/07/2009 12:30:45 p.m. Transporto a FreZZe hacia Mapa3 X:50 Y:52
21/07/2009 12:30:49 p.m. Transporto a FreZZe hacia Mapa3 X:57 Y:51
21/07/2009 12:30:52 p.m. Transporto a FreZZe hacia Mapa3 X:55 Y:47
21/07/2009 12:30:53 p.m. Transporto a FreZZe hacia Mapa3 X:56 Y:44
21/07/2009 12:31:08 p.m. Transporto a FreZZe hacia Mapa3 X:57 Y:41
21/07/2009 12:31:13 p.m. Transporto a FreZZe hacia Mapa3 X:59 Y:43
21/07/2009 12:31:36 p.m. Transporto a FreZZe hacia Mapa3 X:63 Y:49
21/07/2009 12:31:50 p.m. Transporto a FreZZe hacia Mapa3 X:65 Y:47
21/07/2009 12:31:54 p.m. /SUM Anperm Map:3 X:65 Y:47
21/07/2009 12:32:00 p.m. Transporto a FreZZe hacia Mapa3 X:61 Y:46
21/07/2009 12:32:03 p.m. /SUM Anperm Map:3 X:61 Y:46
21/07/2009 12:32:14 p.m. Resucitó a Fz
21/07/2009 12:32:28 p.m. RMSG: Dudas/Consultas no duden en /GM
21/07/2009 12:32:31 p.m. Transporto a FreZZe hacia Mapa2 X:50 Y:50
21/07/2009 12:32:38 p.m. RMSG: Toy en ulla atendiendo COnsultas
21/07/2009 12:33:06 p.m. Transporto a FreZZe hacia Mapa2 X:51 Y:54
21/07/2009 12:33:06 p.m. Transporto a FreZZe hacia Mapa2 X:49 Y:57
21/07/2009 12:33:07 p.m. Transporto a FreZZe hacia Mapa2 X:48 Y:61
21/07/2009 12:33:10 p.m. Transporto a FreZZe hacia Mapa2 X:44 Y:65
21/07/2009 12:33:10 p.m. Transporto a FreZZe hacia Mapa2 X:44 Y:65
21/07/2009 12:33:10 p.m. Transporto a FreZZe hacia Mapa2 X:40 Y:67
21/07/2009 12:33:11 p.m. Transporto a FreZZe hacia Mapa2 X:36 Y:63
21/07/2009 12:33:14 p.m. /SUM nicoz Map:2 X:36 Y:63
21/07/2009 12:33:21 p.m. Transporto a FreZZe hacia Mapa2 X:41 Y:60
21/07/2009 12:33:21 p.m. Transporto a FreZZe hacia Mapa2 X:46 Y:55
21/07/2009 12:33:23 p.m. Transporto a FreZZe hacia Mapa2 X:41 Y:57
21/07/2009 12:33:25 p.m. Transporto a FreZZe hacia Mapa37 X:76 Y:85
21/07/2009 12:33:25 p.m. Transporto a FreZZe hacia Mapa37 X:76 Y:81
21/07/2009 12:33:26 p.m. Transporto a FreZZe hacia Mapa37 X:76 Y:77
21/07/2009 12:33:26 p.m. Transporto a FreZZe hacia Mapa37 X:76 Y:73
21/07/2009 12:33:27 p.m. Transporto a FreZZe hacia Mapa37 X:74 Y:68
21/07/2009 12:33:27 p.m. Transporto a FreZZe hacia Mapa37 X:71 Y:64
21/07/2009 12:33:27 p.m. Transporto a FreZZe hacia Mapa37 X:68 Y:61
21/07/2009 12:33:27 p.m. Transporto a FreZZe hacia Mapa37 X:65 Y:58
21/07/2009 12:33:28 p.m. Transporto a FreZZe hacia Mapa37 X:62 Y:56
21/07/2009 12:33:28 p.m. Transporto a FreZZe hacia Mapa37 X:59 Y:54
21/07/2009 12:33:29 p.m. Transporto a FreZZe hacia Mapa37 X:58 Y:51
21/07/2009 12:33:29 p.m. Transporto a FreZZe hacia Mapa37 X:58 Y:48
21/07/2009 12:33:29 p.m. Transporto a FreZZe hacia Mapa37 X:58 Y:48
21/07/2009 12:33:30 p.m. Transporto a FreZZe hacia Mapa37 X:64 Y:46
21/07/2009 12:33:32 p.m. Transporto a FreZZe hacia Mapa2 X:55 Y:52
21/07/2009 12:33:34 p.m. /IRA blade Mapa:3 X:45 Y:51
21/07/2009 12:34:01 p.m. Se conecto con ip:190.31.245.97
21/07/2009 12:34:17 p.m. Transporto a FreZZe hacia Mapa3 X:54 Y:43
21/07/2009 12:34:17 p.m. Transporto a FreZZe hacia Mapa3 X:54 Y:38
21/07/2009 12:34:22 p.m. Transporto a FreZZe hacia Mapa3 X:53 Y:43
21/07/2009 12:34:23 p.m. Transporto a FreZZe hacia Mapa3 X:53 Y:48
21/07/2009 12:34:34 p.m. Transporto a FreZZe hacia Mapa2 X:50 Y:50
21/07/2009 12:34:58 p.m. /IRA blade Mapa:3 X:53 Y:44
21/07/2009 12:35:00 p.m. Transporto a FreZZe hacia Mapa3 X:52 Y:49
21/07/2009 12:35:23 p.m. Transporto a FreZZe hacia Mapa3 X:58 Y:52
21/07/2009 12:35:31 p.m. /SUM Style Map:3 X:58 Y:52
21/07/2009 12:35:44 p.m. Transporto a FreZZe hacia Mapa3 X:59 Y:52
21/07/2009 12:35:45 p.m. Transporto a FreZZe hacia Mapa3 X:55 Y:55
21/07/2009 12:36:24 p.m. RMSG: No Esta Only. Esta hablando desde el HOST.
21/07/2009 12:36:33 p.m. Transporto a FreZZe hacia Mapa2 X:50 Y:50
21/07/2009 12:37:19 p.m. Agarro:10000 Objeto:Monedas de oro
21/07/2009 12:37:22 p.m. Transporto a FreZZe hacia Mapa2 X:55 Y:50
21/07/2009 12:37:23 p.m. Agarro:10000 Objeto:Monedas de oro
21/07/2009 12:37:25 p.m. Transporto a FreZZe hacia Mapa2 X:54 Y:50
21/07/2009 12:37:27 p.m. Agarro:10000 Objeto:Monedas de oro
21/07/2009 12:37:28 p.m. Transporto a FreZZe hacia Mapa2 X:53 Y:50
21/07/2009 12:37:29 p.m. Agarro:10000 Objeto:Monedas de oro
21/07/2009 12:37:31 p.m. Transporto a FreZZe hacia Mapa2 X:53 Y:49
21/07/2009 12:37:32 p.m. Agarro:10000 Objeto:Monedas de oro
21/07/2009 12:37:34 p.m. Transporto a FreZZe hacia Mapa2 X:49 Y:47
21/07/2009 12:37:35 p.m. Transporto a FreZZe hacia Mapa2 X:45 Y:45
21/07/2009 12:37:35 p.m. Transporto a FreZZe hacia Mapa2 X:41 Y:43
21/07/2009 12:37:36 p.m. Transporto a FreZZe hacia Mapa2 X:45 Y:39
21/07/2009 12:37:38 p.m. Transporto a FreZZe hacia Mapa2 X:45 Y:33
21/07/2009 12:37:39 p.m. Transporto a FreZZe hacia Mapa2 X:44 Y:29
21/07/2009 12:37:39 p.m. Transporto a FreZZe hacia Mapa2 X:41 Y:28
21/07/2009 12:37:40 p.m. Transporto a FreZZe hacia Mapa2 X:39 Y:25
21/07/2009 12:37:40 p.m. Transporto a FreZZe hacia Mapa2 X:37 Y:22
21/07/2009 12:37:40 p.m. Transporto a FreZZe hacia Mapa2 X:36 Y:18
21/07/2009 12:37:50 p.m. Transporto a FreZZe hacia Mapa236 X:50 Y:50
21/07/2009 12:37:52 p.m. Tiro cantidad:1 Objeto:Armadura Legendaria
21/07/2009 12:37:52 p.m. Transporto a FreZZe hacia Mapa236 X:58 Y:49
21/07/2009 12:37:53 p.m. Tiro cantidad:1 Objeto:Casco de caballero
21/07/2009 12:37:57 p.m. Transporto a FreZZe hacia Mapa2 X:50 Y:50
21/07/2009 12:38:05 p.m. Transporto a FreZZe hacia Mapa2 X:53 Y:47
21/07/2009 12:38:05 p.m. Agarro:10000 Objeto:Monedas de oro
21/07/2009 12:38:06 p.m. Transporto a FreZZe hacia Mapa2 X:56 Y:46
21/07/2009 12:38:07 p.m. Agarro:10000 Objeto:Monedas de oro
21/07/2009 12:38:07 p.m. Transporto a FreZZe hacia Mapa2 X:59 Y:45
21/07/2009 12:38:08 p.m. Transporto a FreZZe hacia Mapa2 X:62 Y:44
21/07/2009 12:38:10 p.m. Transporto a FreZZe hacia Mapa2 X:59 Y:45
21/07/2009 12:38:10 p.m. Agarro:10000 Objeto:Monedas de oro
21/07/2009 12:38:13 p.m. Transporto a FreZZe hacia Mapa2 X:58 Y:44
21/07/2009 12:38:13 p.m. Agarro:10000 Objeto:Monedas de oro
21/07/2009 12:38:14 p.m. Transporto a FreZZe hacia Mapa2 X:57 Y:43
21/07/2009 12:38:15 p.m. Agarro:10000 Objeto:Monedas de oro
21/07/2009 12:38:16 p.m. Transporto a FreZZe hacia Mapa2 X:56 Y:43
21/07/2009 12:38:17 p.m. Agarro:10000 Objeto:Monedas de oro
21/07/2009 12:38:19 p.m. Transporto a FreZZe hacia Mapa2 X:55 Y:43
21/07/2009 12:38:20 p.m. Transporto a FreZZe hacia Mapa2 X:53 Y:43
21/07/2009 12:38:20 p.m. Transporto a FreZZe hacia Mapa2 X:52 Y:43
21/07/2009 12:38:21 p.m. Agarro:10000 Objeto:Monedas de oro
21/07/2009 12:38:22 p.m. Transporto a FreZZe hacia Mapa2 X:53 Y:43
21/07/2009 12:38:23 p.m. Transporto a FreZZe hacia Mapa2 X:54 Y:43
21/07/2009 12:38:23 p.m. Agarro:10000 Objeto:Monedas de oro
21/07/2009 12:38:24 p.m. Agarro:10000 Objeto:Monedas de oro
21/07/2009 12:38:27 p.m. Agarro:10000 Objeto:Monedas de oro
21/07/2009 12:38:29 p.m. Transporto a FreZZe hacia Mapa2 X:53 Y:45
21/07/2009 12:38:30 p.m. Agarro:10000 Objeto:Monedas de oro
21/07/2009 12:38:30 p.m. Transporto a FreZZe hacia Mapa2 X:53 Y:48
21/07/2009 12:38:32 p.m. Agarro:10000 Objeto:Monedas de oro
21/07/2009 12:38:49 p.m. Transporto a FreZZe hacia Mapa236 X:50 Y:50
21/07/2009 12:38:50 p.m. Transporto a FreZZe hacia Mapa236 X:43 Y:54
21/07/2009 12:38:50 p.m. Transporto a FreZZe hacia Mapa236 X:39 Y:58
21/07/2009 12:38:51 p.m. Transporto a FreZZe hacia Mapa236 X:40 Y:58
21/07/2009 12:38:51 p.m. Transporto a FreZZe hacia Mapa236 X:37 Y:62
21/07/2009 12:38:51 p.m. Transporto a FreZZe hacia Mapa236 X:36 Y:66
21/07/2009 12:39:07 p.m. /IRA Fz Mapa:3 X:19 Y:15
21/07/2009 12:39:49 p.m. Transporto a FreZZe hacia Mapa3 X:21 Y:23
21/07/2009 12:39:49 p.m. Transporto a FreZZe hacia Mapa3 X:21 Y:23
21/07/2009 12:39:50 p.m. Transporto a FreZZe hacia Mapa3 X:22 Y:28
21/07/2009 12:39:50 p.m. Transporto a FreZZe hacia Mapa3 X:22 Y:31
21/07/2009 12:39:51 p.m. Transporto a FreZZe hacia Mapa3 X:22 Y:34
21/07/2009 12:39:51 p.m. Transporto a FreZZe hacia Mapa3 X:22 Y:37
21/07/2009 12:39:52 p.m. Transporto a FreZZe hacia Mapa3 X:22 Y:40
21/07/2009 12:39:53 p.m. Transporto a FreZZe hacia Mapa3 X:22 Y:43
21/07/2009 12:39:53 p.m. Transporto a FreZZe hacia Mapa3 X:22 Y:46
21/07/2009 12:39:53 p.m. Transporto a FreZZe hacia Mapa3 X:22 Y:49
21/07/2009 12:39:54 p.m. Transporto a FreZZe hacia Mapa3 X:21 Y:52
21/07/2009 12:39:54 p.m. Transporto a FreZZe hacia Mapa3 X:19 Y:55
21/07/2009 12:39:54 p.m. Transporto a FreZZe hacia Mapa3 X:18 Y:55
21/07/2009 12:39:54 p.m. Transporto a FreZZe hacia Mapa3 X:13 Y:56
21/07/2009 12:39:54 p.m. Transporto a FreZZe hacia Mapa3 X:13 Y:56
21/07/2009 12:39:55 p.m. Transporto a FreZZe hacia Mapa3 X:9 Y:57
21/07/2009 12:39:56 p.m. Transporto a FreZZe hacia Mapa3 X:9 Y:60
21/07/2009 12:39:56 p.m. Transporto a FreZZe hacia Mapa3 X:12 Y:64
21/07/2009 12:39:56 p.m. Transporto a FreZZe hacia Mapa3 X:15 Y:68
21/07/2009 12:39:56 p.m. Transporto a FreZZe hacia Mapa3 X:19 Y:72
21/07/2009 12:39:56 p.m. Transporto a FreZZe hacia Mapa3 X:19 Y:72
21/07/2009 12:39:57 p.m. Transporto a FreZZe hacia Mapa3 X:22 Y:76
21/07/2009 12:39:57 p.m. Transporto a FreZZe hacia Mapa3 X:18 Y:75
21/07/2009 12:39:57 p.m. Transporto a FreZZe hacia Mapa3 X:16 Y:78
21/07/2009 12:39:58 p.m. Transporto a FreZZe hacia Mapa3 X:14 Y:81
21/07/2009 12:39:58 p.m. Transporto a FreZZe hacia Mapa3 X:14 Y:84
21/07/2009 12:39:59 p.m. Transporto a FreZZe hacia Mapa3 X:17 Y:86
21/07/2009 12:40:00 p.m. Transporto a FreZZe hacia Mapa3 X:18 Y:82
21/07/2009 12:40:00 p.m. Transporto a FreZZe hacia Mapa3 X:18 Y:78
21/07/2009 12:40:00 p.m. Transporto a FreZZe hacia Mapa3 X:18 Y:74
21/07/2009 12:40:01 p.m. Transporto a FreZZe hacia Mapa3 X:18 Y:70
21/07/2009 12:40:01 p.m. Transporto a FreZZe hacia Mapa3 X:18 Y:66
21/07/2009 12:40:01 p.m. Transporto a FreZZe hacia Mapa3 X:18 Y:62
21/07/2009 12:40:02 p.m. Transporto a FreZZe hacia Mapa3 X:18 Y:58
21/07/2009 12:40:02 p.m. Transporto a FreZZe hacia Mapa3 X:18 Y:54
21/07/2009 12:40:02 p.m. Transporto a FreZZe hacia Mapa3 X:15 Y:54
21/07/2009 12:40:02 p.m. Transporto a FreZZe hacia Mapa3 X:12 Y:49
21/07/2009 12:40:07 p.m. /IRA blade Mapa:3 X:60 Y:46
21/07/2009 12:40:08 p.m. Transporto a FreZZe hacia Mapa3 X:57 Y:50
21/07/2009 12:40:09 p.m. Transporto a FreZZe hacia Mapa3 X:51 Y:52
21/07/2009 12:40:52 p.m. Transporto a FreZZe hacia Mapa2 X:50 Y:50
21/07/2009 12:40:53 p.m. Transporto a FreZZe hacia Mapa2 X:54 Y:45
21/07/2009 12:40:54 p.m. Transporto a FreZZe hacia Mapa2 X:60 Y:40
21/07/2009 12:40:57 p.m. Transporto a FreZZe hacia Mapa35 X:27 Y:82
21/07/2009 12:40:58 p.m. Transporto a FreZZe hacia Mapa63 X:62 Y:37
21/07/2009 12:41:15 p.m. /mod yo crim 100
21/07/2009 12:41:21 p.m. /mod frezze crim 100
21/07/2009 12:41:30 p.m. /mod frezze cri 100
21/07/2009 12:41:43 p.m. /mod yo ciu 0
21/07/2009 12:41:48 p.m. /mod frezze ciu 0
21/07/2009 12:42:08 p.m. /mod frezze cri 10000
21/07/2009 12:42:34 p.m. Transporto a FreZZe hacia Mapa63 X:49 Y:35
21/07/2009 12:42:34 p.m. Transporto a FreZZe hacia Mapa63 X:42 Y:35
21/07/2009 12:42:41 p.m. Transporto a FreZZe hacia Mapa63 X:52 Y:34
21/07/2009 12:42:42 p.m. Transporto a FreZZe hacia Mapa63 X:58 Y:32
21/07/2009 12:42:44 p.m. Transporto a FreZZe hacia Mapa63 X:58 Y:34
21/07/2009 12:42:47 p.m. Transporto a FreZZe hacia Mapa63 X:63 Y:33
21/07/2009 12:42:49 p.m. Transporto a FreZZe hacia Mapa63 X:69 Y:35
21/07/2009 12:42:52 p.m. Transporto a FreZZe hacia Mapa63 X:65 Y:36
21/07/2009 12:43:08 p.m. Transporto a FreZZe hacia Mapa63 X:60 Y:38
21/07/2009 12:43:11 p.m. Transporto a FreZZe hacia Mapa35 X:19 Y:82
21/07/2009 12:43:12 p.m. Transporto a FreZZe hacia Mapa2 X:53 Y:50
21/07/2009 12:43:19 p.m. Transporto a FreZZe hacia Mapa2 X:50 Y:50
21/07/2009 12:44:51 p.m. /mod luuqz head 4
21/07/2009 12:45:12 p.m. Transporto a FreZZe hacia Mapa2 X:56 Y:57
21/07/2009 12:45:12 p.m. Transporto a FreZZe hacia Mapa2 X:53 Y:60
21/07/2009 12:45:13 p.m. Transporto a FreZZe hacia Mapa2 X:53 Y:60
21/07/2009 12:45:13 p.m. Transporto a FreZZe hacia Mapa2 X:50 Y:63
21/07/2009 12:45:14 p.m. Transporto a FreZZe hacia Mapa2 X:45 Y:66
21/07/2009 12:45:14 p.m. Transporto a FreZZe hacia Mapa2 X:40 Y:70
21/07/2009 12:45:15 p.m. Transporto a FreZZe hacia Mapa2 X:38 Y:74
21/07/2009 12:45:15 p.m. Transporto a FreZZe hacia Mapa2 X:34 Y:69
21/07/2009 12:45:16 p.m. Transporto a FreZZe hacia Mapa2 X:33 Y:63
21/07/2009 12:45:20 p.m. /SUM nicoz Map:2 X:34 Y:64
21/07/2009 12:45:46 p.m. Transporto a FreZZe hacia Mapa2 X:38 Y:61
21/07/2009 12:45:47 p.m. Transporto a FreZZe hacia Mapa2 X:44 Y:59
21/07/2009 12:45:47 p.m. Transporto a FreZZe hacia Mapa2 X:50 Y:57
21/07/2009 12:45:48 p.m. Transporto a FreZZe hacia Mapa2 X:54 Y:54
21/07/2009 12:45:48 p.m. Transporto a FreZZe hacia Mapa2 X:58 Y:51
21/07/2009 12:45:49 p.m. Transporto a FreZZe hacia Mapa2 X:59 Y:48
21/07/2009 12:45:49 p.m. Transporto a FreZZe hacia Mapa2 X:59 Y:45
21/07/2009 12:45:49 p.m. Transporto a FreZZe hacia Mapa2 X:59 Y:42
21/07/2009 12:45:50 p.m. Transporto a FreZZe hacia Mapa2 X:58 Y:44
21/07/2009 12:45:53 p.m. /IRA blade Mapa:3 X:16 Y:88
21/07/2009 12:46:02 p.m. /IRA Style Mapa:2 X:54 Y:49
21/07/2009 12:46:14 p.m. /IRA Anperm Mapa:3 X:76 Y:17
21/07/2009 12:46:19 p.m. /SUM blade Map:3 X:76 Y:17
21/07/2009 12:46:45 p.m. Transporto a FreZZe hacia Mapa3 X:70 Y:22
21/07/2009 12:46:46 p.m. Transporto a FreZZe hacia Mapa3 X:63 Y:24
21/07/2009 12:46:48 p.m. /SUM fafito Map:3 X:63 Y:24
21/07/2009 12:46:51 p.m. Resucitó a fafito
21/07/2009 12:47:16 p.m. /IRA fafito Mapa:2 X:52 Y:49
21/07/2009 12:47:19 p.m. Transporto a FreZZe hacia Mapa2 X:49 Y:55
21/07/2009 12:47:19 p.m. Transporto a FreZZe hacia Mapa2 X:49 Y:55
21/07/2009 12:47:19 p.m. Transporto a FreZZe hacia Mapa2 X:46 Y:60
21/07/2009 12:47:20 p.m. Transporto a FreZZe hacia Mapa2 X:46 Y:60
21/07/2009 12:47:20 p.m. Transporto a FreZZe hacia Mapa2 X:45 Y:64
21/07/2009 12:47:20 p.m. Transporto a FreZZe hacia Mapa2 X:46 Y:67
21/07/2009 12:47:20 p.m. Transporto a FreZZe hacia Mapa2 X:46 Y:70
21/07/2009 12:47:20 p.m. Transporto a FreZZe hacia Mapa2 X:46 Y:73
21/07/2009 12:47:21 p.m. Transporto a FreZZe hacia Mapa2 X:47 Y:76
21/07/2009 12:47:21 p.m. Transporto a FreZZe hacia Mapa2 X:47 Y:76
21/07/2009 12:47:21 p.m. Transporto a FreZZe hacia Mapa2 X:45 Y:77
21/07/2009 12:47:25 p.m. /SUM fafito Map:2 X:43 Y:77
21/07/2009 12:54:33 p.m. Transporto a FreZZe hacia Mapa2 X:44 Y:72
21/07/2009 12:54:33 p.m. Transporto a FreZZe hacia Mapa2 X:44 Y:71
21/07/2009 12:54:33 p.m. Transporto a FreZZe hacia Mapa2 X:45 Y:66
21/07/2009 12:54:34 p.m. Transporto a FreZZe hacia Mapa2 X:45 Y:61
21/07/2009 12:54:36 p.m. Transporto a FreZZe hacia Mapa2 X:49 Y:59
21/07/2009 12:54:36 p.m. Transporto a FreZZe hacia Mapa2 X:53 Y:56
21/07/2009 12:54:40 p.m. /SUM fafito Map:2 X:53 Y:54
21/07/2009 12:54:46 p.m. Transporto a FreZZe hacia Mapa236 X:50 Y:50
21/07/2009 12:54:47 p.m. Transporto a FreZZe hacia Mapa236 X:48 Y:54
21/07/2009 12:54:48 p.m. Transporto a FreZZe hacia Mapa236 X:48 Y:54
21/07/2009 12:54:48 p.m. Transporto a FreZZe hacia Mapa236 X:50 Y:58
21/07/2009 12:54:48 p.m. Transporto a FreZZe hacia Mapa236 X:51 Y:58
21/07/2009 12:54:48 p.m. Transporto a FreZZe hacia Mapa236 X:52 Y:63
21/07/2009 12:54:48 p.m. Transporto a FreZZe hacia Mapa236 X:51 Y:68
21/07/2009 12:54:49 p.m. Transporto a FreZZe hacia Mapa236 X:48 Y:72
21/07/2009 12:54:49 p.m. Transporto a FreZZe hacia Mapa236 X:43 Y:75
21/07/2009 12:54:52 p.m. /SUM NeesKenS Map:236 X:43 Y:75
21/07/2009 12:55:20 p.m. /IRA blade Mapa:3 X:81 Y:16
21/07/2009 12:55:27 p.m. Transporto a FreZZe hacia Mapa3 X:76 Y:16
21/07/2009 12:55:41 p.m. Transporto a FreZZe hacia Mapa3 X:69 Y:16
21/07/2009 12:55:47 p.m. Transporto a FreZZe hacia Mapa3 X:74 Y:16
21/07/2009 12:55:48 p.m. Transporto a FreZZe hacia Mapa3 X:70 Y:15
21/07/2009 12:55:54 p.m. Transporto a FreZZe hacia Mapa236 X:50 Y:50
21/07/2009 12:55:54 p.m. Transporto a FreZZe hacia Mapa236 X:52 Y:53
21/07/2009 12:55:55 p.m. Transporto a FreZZe hacia Mapa236 X:52 Y:54
21/07/2009 12:55:55 p.m. Transporto a FreZZe hacia Mapa236 X:53 Y:58
21/07/2009 12:55:55 p.m. Transporto a FreZZe hacia Mapa236 X:52 Y:59
21/07/2009 12:55:55 p.m. Transporto a FreZZe hacia Mapa236 X:53 Y:63
21/07/2009 12:55:55 p.m. Transporto a FreZZe hacia Mapa236 X:51 Y:64
21/07/2009 12:55:55 p.m. Transporto a FreZZe hacia Mapa236 X:51 Y:67
21/07/2009 12:55:59 p.m. /SUM NeesKenS Map:236 X:51 Y:67
21/07/2009 12:58:44 p.m. RMSG: Cualquier Duda/Consulta no duden en /GM
21/07/2009 12:58:48 p.m. Transporto a FreZZe hacia Mapa2 X:50 Y:50
21/07/2009 12:59:56 p.m. Transporto a FreZZe hacia Mapa2 X:51 Y:42
21/07/2009 01:07:25 p.m. /IRA blade Mapa:3 X:19 Y:16
21/07/2009 01:08:40 p.m. /mod yo head 4
21/07/2009 01:08:48 p.m. /mod frezze head 4
21/07/2009 01:09:50 p.m. Transporto a FreZZe hacia Mapa3 X:14 Y:17
21/07/2009 01:10:07 p.m. Transporto a FreZZe hacia Mapa3 X:19 Y:17
21/07/2009 01:10:10 p.m. Transporto a FreZZe hacia Mapa3 X:19 Y:15
21/07/2009 01:10:16 p.m. /SUM Anperm Map:3 X:19 Y:15
21/07/2009 01:11:59 p.m. /IRA Matii Mapa:3 X:91 Y:17
21/07/2009 01:12:38 p.m. Se conecto con ip:190.31.245.97
21/07/2009 01:12:43 p.m. /IRA blade Mapa:3 X:15 Y:22
21/07/2009 01:12:46 p.m. Transporto a FreZZe hacia Mapa3 X:17 Y:23
21/07/2009 01:13:21 p.m. Transporto a FreZZe hacia Mapa3 X:18 Y:20
21/07/2009 01:13:50 p.m. Resucitó a oxee
21/07/2009 01:15:21 p.m. /IRA blade Mapa:3 X:80 Y:15
21/07/2009 01:15:25 p.m. /IRA Matii Mapa:3 X:89 Y:43
21/07/2009 01:16:22 p.m. Transporto a Matii hacia Mapa2 X:50 Y:50
21/07/2009 01:16:24 p.m. /IRA Matii Mapa:2 X:50 Y:50
21/07/2009 01:17:06 p.m. Transporto a FreZZe hacia Mapa236 X:50 Y:50
21/07/2009 01:17:24 p.m. Transporto a FreZZe hacia Mapa236 X:48 Y:54
21/07/2009 01:17:24 p.m. Transporto a FreZZe hacia Mapa236 X:48 Y:54
21/07/2009 01:17:24 p.m. Transporto a FreZZe hacia Mapa236 X:46 Y:58
21/07/2009 01:17:24 p.m. Transporto a FreZZe hacia Mapa236 X:46 Y:58
21/07/2009 01:17:25 p.m. Transporto a FreZZe hacia Mapa236 X:43 Y:62
21/07/2009 01:17:25 p.m. Transporto a FreZZe hacia Mapa236 X:43 Y:62
21/07/2009 01:17:25 p.m. Transporto a FreZZe hacia Mapa236 X:40 Y:65
21/07/2009 01:19:20 p.m. Transporto a FreZZe hacia Mapa3 X:10 Y:17
21/07/2009 01:19:21 p.m. Transporto a FreZZe hacia Mapa3 X:11 Y:18
21/07/2009 01:19:24 p.m. /INVISIBLE
21/07/2009 01:19:26 p.m. Transporto a FreZZe hacia Mapa3 X:14 Y:14
21/07/2009 01:21:11 p.m. /INVISIBLE
21/07/2009 01:21:42 p.m. Resucitó a Anperm
21/07/2009 01:22:15 p.m. /IRA blade Mapa:3 X:72 Y:44
21/07/2009 01:22:21 p.m. /IRA blade Mapa:3 X:84 Y:17
21/07/2009 01:22:53 p.m. Transporto a FreZZe hacia Mapa2 X:50 Y:50
21/07/2009 01:23:03 p.m. RMSG: Atiendo consultas en ULLA
21/07/2009 01:23:56 p.m. /IRA Only Mapa:2 X:59 Y:29
21/07/2009 01:24:00 p.m. /IRA Only Mapa:2 X:53 Y:27
21/07/2009 01:24:21 p.m. Tiro cantidad:1 Objeto:Vara de mago
21/07/2009 01:24:22 p.m. Agarro:1 Objeto:Vara de mago
21/07/2009 01:24:51 p.m. Transporto a FreZZe hacia Mapa2 X:43 Y:32
21/07/2009 01:24:52 p.m. Transporto a FreZZe hacia Mapa2 X:38 Y:36
21/07/2009 01:24:52 p.m. Transporto a FreZZe hacia Mapa2 X:33 Y:40
21/07/2009 01:24:52 p.m. Transporto a FreZZe hacia Mapa2 X:33 Y:40
21/07/2009 01:24:53 p.m. Transporto a FreZZe hacia Mapa2 X:29 Y:44
21/07/2009 01:24:53 p.m. Transporto a FreZZe hacia Mapa2 X:29 Y:44
21/07/2009 01:24:54 p.m. Transporto a FreZZe hacia Mapa2 X:36 Y:46
21/07/2009 01:24:54 p.m. Transporto a FreZZe hacia Mapa2 X:36 Y:44
21/07/2009 01:24:54 p.m. Transporto a FreZZe hacia Mapa2 X:43 Y:43
21/07/2009 01:24:54 p.m. Transporto a FreZZe hacia Mapa2 X:43 Y:43
21/07/2009 01:24:55 p.m. Transporto a FreZZe hacia Mapa2 X:49 Y:42
21/07/2009 01:24:55 p.m. Transporto a FreZZe hacia Mapa2 X:54 Y:40
21/07/2009 01:24:55 p.m. Transporto a FreZZe hacia Mapa2 X:52 Y:40
21/07/2009 01:25:06 p.m. RMSG: Gente vamos a hacer una Sala de consultas
21/07/2009 01:25:19 p.m. Transporto a FreZZe hacia Mapa59 X:39 Y:13
21/07/2009 01:26:10 p.m. Tiro cantidad:1 Objeto:Jugo de frutas
21/07/2009 01:26:13 p.m. Agarro:1 Objeto:Jugo de frutas
21/07/2009 01:26:14 p.m. Tiro cantidad:1 Objeto:Jugo de frutas
21/07/2009 01:26:15 p.m. Tiro cantidad:1 Objeto:Jugo de frutas
21/07/2009 01:26:18 p.m. Agarro:1 Objeto:Jugo de frutas
21/07/2009 01:26:18 p.m. Agarro:1 Objeto:Jugo de frutas
21/07/2009 01:26:21 p.m. Tiro cantidad:1 Objeto:Jugo de frutas
21/07/2009 01:26:22 p.m. Tiro cantidad:1 Objeto:Jugo de frutas
21/07/2009 01:26:26 p.m. Tiro cantidad:1 Objeto:Jugo de frutas
21/07/2009 01:26:28 p.m. Tiro cantidad:1 Objeto:Jugo de frutas
21/07/2009 01:26:29 p.m. Tiro cantidad:1 Objeto:Jugo de frutas
21/07/2009 01:26:31 p.m. Tiro cantidad:1 Objeto:Jugo de frutas
21/07/2009 01:26:35 p.m. Tiro cantidad:1 Objeto:Jugo de frutas
21/07/2009 01:26:36 p.m. Agarro:1 Objeto:Jugo de frutas
21/07/2009 01:26:38 p.m. Tiro cantidad:1 Objeto:Jugo de frutas
21/07/2009 01:26:39 p.m. Tiro cantidad:1 Objeto:Jugo de frutas
21/07/2009 01:26:41 p.m. Tiro cantidad:1 Objeto:Jugo de frutas
21/07/2009 01:26:41 p.m. Transporto a FreZZe hacia Mapa59 X:37 Y:23
21/07/2009 01:26:44 p.m. Tiro cantidad:1 Objeto:Jugo de frutas
21/07/2009 01:26:46 p.m. Tiro cantidad:1 Objeto:Jugo de frutas
21/07/2009 01:26:48 p.m. Tiro cantidad:1 Objeto:Jugo de frutas
21/07/2009 01:26:50 p.m. Agarro:1 Objeto:Jugo de frutas
21/07/2009 01:26:57 p.m. /IRA Only Mapa:2 X:12 Y:13
21/07/2009 01:27:04 p.m. Transporto a FreZZe hacia Mapa2 X:16 Y:14
21/07/2009 01:27:10 p.m. Transporto a FreZZe hacia Mapa2 X:14 Y:11
21/07/2009 01:27:45 p.m. Sumoneo Banquero respawn: 0
21/07/2009 01:28:06 p.m. Agarro:2 Objeto:Gema lunar
21/07/2009 01:28:10 p.m. /MATABanquero
21/07/2009 01:28:43 p.m. Tiro cantidad:2 Objeto:Gema lunar
21/07/2009 01:29:03 p.m. Transporto a FreZZe hacia Mapa2 X:12 Y:12
21/07/2009 01:29:06 p.m. /IRA Only Mapa:2 X:10 Y:14
21/07/2009 01:29:22 p.m. /SUM niqoz Map:2 X:10 Y:16
21/07/2009 01:29:49 p.m. /bov niqoz
21/07/2009 01:30:08 p.m. Sumoneo Banquero respawn: 0
21/07/2009 01:30:29 p.m. /MATABanquero
21/07/2009 01:30:43 p.m. /CT: 2 50 50
21/07/2009 01:30:55 p.m. /DT
21/07/2009 01:30:59 p.m. Transporto a FreZZe hacia Mapa59 X:33 Y:29
21/07/2009 01:31:01 p.m. Transporto a FreZZe hacia Mapa59 X:38 Y:26
21/07/2009 01:31:06 p.m. /SUM Only Map:59 X:38 Y:25
21/07/2009 01:31:31 p.m. Transporto a FreZZe hacia Mapa59 X:24 Y:19
21/07/2009 01:31:32 p.m. Transporto a FreZZe hacia Mapa59 X:26 Y:19
21/07/2009 01:31:32 p.m. Transporto a FreZZe hacia Mapa59 X:29 Y:19
21/07/2009 01:31:35 p.m. /IRA Only Mapa:59 X:82 Y:29
21/07/2009 01:31:37 p.m. Transporto a FreZZe hacia Mapa59 X:78 Y:28
21/07/2009 01:34:34 p.m. /MATAVendedor de caballos
21/07/2009 01:34:37 p.m. Tiro cantidad:1 Objeto:Trono
21/07/2009 01:34:41 p.m. Tiro cantidad:1 Objeto:Trono
21/07/2009 01:34:43 p.m. Tiro cantidad:1 Objeto:Jugo de frutas
21/07/2009 01:34:44 p.m. Tiro cantidad:1 Objeto:Jugo de frutas
21/07/2009 01:34:45 p.m. Tiro cantidad:1 Objeto:Jugo de frutas
21/07/2009 01:34:47 p.m. Tiro cantidad:1 Objeto:Jugo de frutas
21/07/2009 01:34:48 p.m. Tiro cantidad:1 Objeto:Jugo de frutas
21/07/2009 01:34:49 p.m. Tiro cantidad:1 Objeto:Jugo de frutas
21/07/2009 01:34:51 p.m. Tiro cantidad:1 Objeto:Jugo de frutas
21/07/2009 01:34:52 p.m. Tiro cantidad:1 Objeto:Jugo de frutas
21/07/2009 01:34:54 p.m. Tiro cantidad:1 Objeto:Jugo de frutas
21/07/2009 01:35:08 p.m. Tiro cantidad:1 Objeto:Trono
21/07/2009 01:35:10 p.m. Tiro cantidad:1 Objeto:Jugo de frutas
21/07/2009 01:35:12 p.m. Tiro cantidad:1 Objeto:Jugo de frutas
21/07/2009 01:35:13 p.m. Tiro cantidad:1 Objeto:Jugo de frutas
21/07/2009 01:35:14 p.m. Tiro cantidad:1 Objeto:Jugo de frutas
21/07/2009 01:35:16 p.m. Tiro cantidad:1 Objeto:Jugo de frutas
21/07/2009 01:35:17 p.m. Tiro cantidad:1 Objeto:Jugo de frutas
21/07/2009 01:35:19 p.m. Tiro cantidad:1 Objeto:Jugo de frutas
21/07/2009 01:35:20 p.m. Tiro cantidad:1 Objeto:Jugo de frutas
21/07/2009 01:35:22 p.m. Tiro cantidad:1 Objeto:Jugo de frutas
21/07/2009 01:35:25 p.m. Tiro cantidad:15 Objeto:Jugo de frutas
21/07/2009 01:35:42 p.m. Agarro:15 Objeto:Jugo de frutas
21/07/2009 01:35:53 p.m. Tiro cantidad:1 Objeto:Trono
21/07/2009 01:36:05 p.m. /SUM NeesKenS Map:59 X:72 Y:25
21/07/2009 01:36:35 p.m. /IRA Only Mapa:2 X:55 Y:44
21/07/2009 01:36:52 p.m. Transporto a FreZZe hacia Mapa59 X:75 Y:22
21/07/2009 01:37:30 p.m. /IRA Only Mapa:2 X:55 Y:44
21/07/2009 01:37:35 p.m. Transporto a FreZZe hacia Mapa2 X:54 Y:45
21/07/2009 01:38:20 p.m. Transporto a FreZZe hacia Mapa79 X:75 Y:22
21/07/2009 01:38:25 p.m. Transporto a FreZZe hacia Mapa59 X:75 Y:22
21/07/2009 01:39:50 p.m. Agarro:10000 Objeto:Gema lunar
21/07/2009 01:39:54 p.m. Transporto a FreZZe hacia Mapa59 X:68 Y:25
21/07/2009 01:40:01 p.m. Tiro cantidad:2 Objeto:Espada vikinga
21/07/2009 01:40:02 p.m. Tiro cantidad:1 Objeto:Vara de mago
21/07/2009 01:40:03 p.m. Transporto a FreZZe hacia Mapa59 X:74 Y:27
21/07/2009 01:40:05 p.m. Agarro:1000 Objeto:Gema lila
21/07/2009 01:40:06 p.m. Agarro:1000 Objeto:Gema celeste
21/07/2009 01:40:21 p.m. Sumoneo Banquero respawn: 0
21/07/2009 01:40:39 p.m. Agarro:10000 Objeto:Gema azul
21/07/2009 01:40:40 p.m. Agarro:10000 Objeto:Gema naranja
21/07/2009 01:41:02 p.m. /MATABanquero
21/07/2009 01:41:04 p.m. Tiro cantidad:1 Objeto:Gema lunar
21/07/2009 01:41:06 p.m. Tiro cantidad:1 Objeto:Gema lunar
21/07/2009 01:41:07 p.m. Tiro cantidad:1 Objeto:Gema lunar
21/07/2009 01:41:08 p.m. Tiro cantidad:1 Objeto:Gema lunar
21/07/2009 01:41:09 p.m. Tiro cantidad:1 Objeto:Gema lunar
21/07/2009 01:41:11 p.m. Tiro cantidad:1 Objeto:Gema lunar
21/07/2009 01:41:12 p.m. Tiro cantidad:1 Objeto:Gema lunar
21/07/2009 01:41:13 p.m. Tiro cantidad:1 Objeto:Gema lunar
21/07/2009 01:41:15 p.m. Tiro cantidad:1 Objeto:Gema lunar
21/07/2009 01:41:19 p.m. Tiro cantidad:1 Objeto:Gema lunar
21/07/2009 01:41:20 p.m. Tiro cantidad:1 Objeto:Gema lunar
21/07/2009 01:41:23 p.m. Tiro cantidad:1 Objeto:Gema lunar
21/07/2009 01:41:24 p.m. Agarro:4 Objeto:Poción verde
21/07/2009 01:41:25 p.m. Tiro cantidad:1 Objeto:Gema lunar
21/07/2009 01:41:26 p.m. Agarro:8 Objeto:Raíz
21/07/2009 01:41:31 p.m. Tiro cantidad:1 Objeto:Gema lunar
21/07/2009 01:41:32 p.m. Agarro:1 Objeto:Gema lunar
21/07/2009 01:41:37 p.m. Tiro cantidad:1 Objeto:Gema lunar
21/07/2009 01:41:47 p.m. Tiro cantidad:1 Objeto:Gema lunar
21/07/2009 01:41:48 p.m. Tiro cantidad:1 Objeto:Gema lunar
21/07/2009 01:41:50 p.m. Tiro cantidad:1 Objeto:Gema lunar
21/07/2009 01:41:52 p.m. /BLOQ
21/07/2009 01:41:53 p.m. /BLOQ
21/07/2009 01:41:54 p.m. /BLOQ
21/07/2009 01:42:00 p.m. /BLOQ
21/07/2009 01:42:01 p.m. /BLOQ
21/07/2009 01:42:16 p.m. Transporto a FreZZe hacia Mapa59 X:80 Y:24
21/07/2009 01:42:22 p.m. Transporto a FreZZe hacia Mapa59 X:76 Y:29
21/07/2009 01:42:28 p.m. /BLOQ
21/07/2009 01:42:29 p.m. /BLOQ
21/07/2009 01:42:43 p.m. Transporto a FreZZe hacia Mapa59 X:75 Y:30
21/07/2009 01:42:45 p.m. /BLOQ
21/07/2009 01:43:03 p.m. /CT: 2 50 50
21/07/2009 01:43:14 p.m. /DT
21/07/2009 01:43:18 p.m. /CT: 2 50 50
21/07/2009 01:43:19 p.m. Transporto a FreZZe hacia Mapa59 X:76 Y:30
21/07/2009 01:43:20 p.m. /BLOQ
21/07/2009 01:43:28 p.m. Transporto a FreZZe hacia Mapa59 X:74 Y:24
21/07/2009 01:43:29 p.m. Agarro:1 Objeto:Gema lunar
21/07/2009 01:43:31 p.m. /BLOQ
21/07/2009 01:43:34 p.m. /CT: 2 50 50
21/07/2009 01:43:38 p.m. /SUM Only Map:59 X:73 Y:26
21/07/2009 01:43:41 p.m. Transporto a FreZZe hacia Mapa59 X:74 Y:31
21/07/2009 01:43:43 p.m. /DT
21/07/2009 01:43:47 p.m. /BLOQ
21/07/2009 01:43:53 p.m. Transporto a FreZZe hacia Mapa59 X:75 Y:30
21/07/2009 01:43:54 p.m. /BLOQ
21/07/2009 01:43:56 p.m. /BLOQ
21/07/2009 01:43:58 p.m. Transporto a FreZZe hacia Mapa59 X:74 Y:29
21/07/2009 01:44:08 p.m. Transporto a FreZZe hacia Mapa59 X:72 Y:25
21/07/2009 01:44:11 p.m. Transporto a FreZZe hacia Mapa59 X:75 Y:30
21/07/2009 01:44:22 p.m. /SUM Only Map:59 X:76 Y:28
21/07/2009 01:44:41 p.m. Transporto a FreZZe hacia Mapa59 X:72 Y:28
21/07/2009 01:44:48 p.m. /CT: 59 75 30
21/07/2009 01:44:53 p.m. Transporto a FreZZe hacia Mapa59 X:73 Y:28
21/07/2009 01:45:20 p.m. Transporto a FreZZe hacia Mapa59 X:73 Y:26
21/07/2009 01:45:47 p.m. Transporto a FreZZe hacia Mapa59 X:75 Y:22
21/07/2009 01:45:56 p.m. /IRA Ikaro Mapa:2 X:63 Y:47
21/07/2009 01:46:02 p.m. Transporto a FreZZe hacia Mapa2 X:67 Y:53
21/07/2009 01:46:02 p.m. Transporto a FreZZe hacia Mapa2 X:71 Y:56
21/07/2009 01:46:03 p.m. Transporto a FreZZe hacia Mapa2 X:75 Y:59
21/07/2009 01:46:05 p.m. /SUM Ikaro Map:2 X:75 Y:59
21/07/2009 01:46:07 p.m. Transporto a FreZZe hacia Mapa2 X:79 Y:62
21/07/2009 01:46:13 p.m. /SUM Ikaro Map:2 X:75 Y:63
21/07/2009 01:46:15 p.m. Transporto a FreZZe hacia Mapa2 X:68 Y:54
21/07/2009 01:46:15 p.m. Transporto a FreZZe hacia Mapa2 X:63 Y:50
21/07/2009 01:46:15 p.m. Transporto a FreZZe hacia Mapa2 X:58 Y:46
21/07/2009 01:46:20 p.m. /SUM Ikaro Map:2 X:57 Y:48
21/07/2009 01:46:48 p.m. Transporto a FreZZe hacia Mapa236 X:50 Y:50
21/07/2009 01:46:49 p.m. Transporto a FreZZe hacia Mapa236 X:51 Y:55
21/07/2009 01:46:49 p.m. Transporto a FreZZe hacia Mapa236 X:50 Y:55
21/07/2009 01:46:50 p.m. Transporto a FreZZe hacia Mapa236 X:50 Y:60
21/07/2009 01:46:50 p.m. Transporto a FreZZe hacia Mapa236 X:49 Y:59
21/07/2009 01:46:50 p.m. Transporto a FreZZe hacia Mapa236 X:48 Y:63
21/07/2009 01:46:55 p.m. /SUM blade Map:236 X:48 Y:63
21/07/2009 01:47:08 p.m. /SUM NeesKenS Map:236 X:46 Y:64
21/07/2009 01:47:51 p.m. /SUM Only Map:236 X:48 Y:66
21/07/2009 01:48:00 p.m. /IRA Only Mapa:2 X:65 Y:53
21/07/2009 01:48:20 p.m. Transporto a FreZZe hacia Mapa2 X:57 Y:53
21/07/2009 01:48:25 p.m. /SUM Ikaro Map:2 X:57 Y:54
21/07/2009 01:48:48 p.m. Tiro cantidad:1 Objeto:Gorro mágico (Resistencia mágica +25)
21/07/2009 01:48:55 p.m. Agarro:1 Objeto:Gorro mágico (Resistencia mágica +25)
21/07/2009 01:49:34 p.m. /IRA Only Mapa:59 X:76 Y:25
21/07/2009 01:50:16 p.m. /BLOQ
21/07/2009 01:50:31 p.m. /IRA Only Mapa:2 X:63 Y:53
21/07/2009 01:50:57 p.m. /IRA Only Mapa:2 X:63 Y:53
21/07/2009 01:51:03 p.m. Transporto a FreZZe hacia Mapa2 X:63 Y:53
21/07/2009 01:51:05 p.m. Transporto a FreZZe hacia Mapa2 X:63 Y:52
21/07/2009 01:51:56 p.m. Transporto a FreZZe hacia Mapa59 X:78 Y:24
21/07/2009 01:51:57 p.m. Transporto a FreZZe hacia Mapa2 X:49 Y:54
21/07/2009 01:51:57 p.m. Transporto a FreZZe hacia Mapa2 X:48 Y:58
21/07/2009 01:51:59 p.m. Transporto a FreZZe hacia Mapa2 X:48 Y:61
21/07/2009 01:52:00 p.m. Transporto a FreZZe hacia Mapa2 X:48 Y:63
21/07/2009 01:52:03 p.m. Tiro cantidad:15 Objeto:Jugo de frutas
21/07/2009 01:52:04 p.m. Agarro:84 Objeto:Porcion de tarta
21/07/2009 01:52:22 p.m. Transporto a FreZZe hacia Mapa2 X:54 Y:58
21/07/2009 01:52:23 p.m. Transporto a FreZZe hacia Mapa2 X:60 Y:56
21/07/2009 01:52:24 p.m. Transporto a FreZZe hacia Mapa2 X:65 Y:52
21/07/2009 01:52:26 p.m. Transporto a FreZZe hacia Mapa59 X:76 Y:26
21/07/2009 01:53:32 p.m. Transporto a FreZZe hacia Mapa59 X:72 Y:25
21/07/2009 01:54:20 p.m. RMSG: Gente estamos debatiendo.
21/07/2009 01:55:53 p.m. RMSG: Esta buena la idea Easy Work.. pero hay gente que no entiende
21/07/2009 01:58:12 p.m. RMSG: Felicidades Agrammal!
21/07/2009 01:58:28 p.m. Transporto a FreZZe hacia Mapa59 X:75 Y:25
21/07/2009 01:58:33 p.m. Transporto a FreZZe hacia Mapa59 X:75 Y:22
21/07/2009 01:58:37 p.m. Transporto a FreZZe hacia Mapa59 X:73 Y:26
21/07/2009 01:59:39 p.m. RMSG: ¿Quién Será? :P
21/07/2009 01:59:45 p.m. RMSG: XD
21/07/2009 01:59:51 p.m. RMSG: Una la cosa..
21/07/2009 02:00:02 p.m. RMSG: Girloth Felicidades!
21/07/2009 02:00:40 p.m. /mod agrammal 
21/07/2009 02:00:46 p.m. /mod agrammal head 123123
21/07/2009 02:01:04 p.m. Se conecto con ip:190.31.245.97
21/07/2009 02:01:21 p.m. Se conecto con ip:190.31.245.97
21/07/2009 02:01:27 p.m. Se conecto con ip:190.31.245.97
21/07/2009 02:01:56 p.m. Se conecto con ip:190.31.245.97
21/07/2009 02:02:20 p.m. Se conecto con ip:190.31.245.97
21/07/2009 02:02:45 p.m. Se conecto con ip:190.31.245.97
21/07/2009 02:02:49 p.m. /IRA Only Mapa:59 X:72 Y:28
21/07/2009 02:03:02 p.m. Transporto a FreZZe hacia Mapa59 X:75 Y:22
21/07/2009 02:04:00 p.m. Transporto a FreZZe hacia Mapa59 X:71 Y:22
21/07/2009 02:04:10 p.m. Transporto a FreZZe hacia Mapa59 X:75 Y:22
21/07/2009 02:05:13 p.m. Transporto a FreZZe hacia Mapa59 X:73 Y:22
21/07/2009 02:05:27 p.m. Transporto a FreZZe hacia Mapa59 X:75 Y:22
21/07/2009 02:06:11 p.m. Transporto a FreZZe hacia Mapa59 X:73 Y:22
21/07/2009 02:06:27 p.m. /SUM Nerevarine Map:59 X:73 Y:23
21/07/2009 02:06:30 p.m. /IRA Only Mapa:2 X:58 Y:48
21/07/2009 02:07:47 p.m. Transporto a FreZZe hacia Mapa236 X:50 Y:50
21/07/2009 02:07:48 p.m. Transporto a FreZZe hacia Mapa236 X:49 Y:54
21/07/2009 02:07:49 p.m. Transporto a FreZZe hacia Mapa236 X:48 Y:58
21/07/2009 02:07:49 p.m. Transporto a FreZZe hacia Mapa236 X:47 Y:62
21/07/2009 02:07:52 p.m. /SUM Only Map:236 X:47 Y:62
21/07/2009 02:08:48 p.m. Creo item: -
21/07/2009 02:08:59 p.m. Tiro cantidad:1 Objeto:Armadura Tinieblas AO (Hombre)
21/07/2009 02:09:03 p.m. Agarro:1 Objeto:Armadura Tinieblas AO (Hombre)
21/07/2009 02:09:09 p.m. Tiro cantidad:8 Objeto:Raíz
21/07/2009 02:09:12 p.m. Tiro cantidad:4 Objeto:Poción verde
21/07/2009 02:09:14 p.m. Tiro cantidad:1 Objeto:Báculo Tinieblas Ao
21/07/2009 02:09:14 p.m. Agarro:1 Objeto:Báculo Tinieblas Ao
21/07/2009 02:09:19 p.m. Tiro cantidad:1 Objeto:Armadura Tinieblas AO (Hombre)
21/07/2009 02:09:20 p.m. Agarro:1 Objeto:Armadura Tinieblas AO (Hombre)
21/07/2009 02:09:23 p.m. Tiro cantidad:9984 Objeto:Gema lunar
21/07/2009 02:09:23 p.m. Agarro:9984 Objeto:Gema lunar
21/07/2009 02:09:36 p.m. Creo item: -
21/07/2009 02:09:42 p.m. Creo item: -
21/07/2009 02:09:55 p.m. Agarro:1 Objeto:Armadura Tinieblas AO (Hombre)
21/07/2009 02:09:58 p.m. Transporto a FreZZe hacia Mapa236 X:44 Y:72
21/07/2009 02:10:15 p.m. /SUM girloth Map:236 X:41 Y:69
21/07/2009 02:10:34 p.m. Tiro cantidad:1 Objeto:Trono
21/07/2009 02:10:56 p.m. Tiro cantidad:1 Objeto:Trono
21/07/2009 02:11:05 p.m. Tiro cantidad:1 Objeto:Trono
21/07/2009 02:11:06 p.m. Tiro cantidad:1 Objeto:Trono
21/07/2009 02:11:10 p.m. Agarro:1 Objeto:Trono
21/07/2009 02:11:11 p.m. Tiro cantidad:1 Objeto:Trono
21/07/2009 02:11:26 p.m. Agarro:1 Objeto:Trono
21/07/2009 02:11:38 p.m. Agarro:1 Objeto:Trono
21/07/2009 02:11:40 p.m. Tiro cantidad:1 Objeto:Trono
21/07/2009 02:12:20 p.m. Transporto a FreZZe hacia Mapa236 X:40 Y:68
21/07/2009 02:12:22 p.m. /SUM BLade Map:236 X:40 Y:69
21/07/2009 02:12:24 p.m. Transporto a FreZZe hacia Mapa236 X:48 Y:70
21/07/2009 02:12:37 p.m. Tiro cantidad:1 Objeto:Trono
21/07/2009 02:12:45 p.m. Agarro:1 Objeto:Trono
21/07/2009 02:12:47 p.m. Tiro cantidad:1 Objeto:Trono
21/07/2009 02:12:54 p.m. Agarro:1 Objeto:Trono
21/07/2009 02:12:55 p.m. Tiro cantidad:1 Objeto:Trono
21/07/2009 02:12:56 p.m. Agarro:1 Objeto:Trono
21/07/2009 02:12:57 p.m. Tiro cantidad:1 Objeto:Trono
21/07/2009 02:13:09 p.m. Agarro:1 Objeto:Trono
21/07/2009 02:13:16 p.m. Agarro:1 Objeto:Trono
21/07/2009 02:13:19 p.m. Tiro cantidad:1 Objeto:Trono
21/07/2009 02:13:20 p.m. Agarro:1 Objeto:Trono
21/07/2009 02:13:22 p.m. Tiro cantidad:1 Objeto:Trono
21/07/2009 02:13:35 p.m. /SUM BLade Map:236 X:44 Y:71
21/07/2009 02:17:36 p.m. Transporto a FreZZe hacia Mapa59 X:75 Y:22
21/07/2009 02:17:39 p.m. Transporto a FreZZe hacia Mapa59 X:80 Y:25
21/07/2009 02:17:40 p.m. Transporto a FreZZe hacia Mapa59 X:85 Y:25
21/07/2009 02:17:45 p.m. /SUM Only Map:59 X:89 Y:25
21/07/2009 02:18:30 p.m. /SUM Only Map:59 X:88 Y:26
21/07/2009 02:20:56 p.m. Transporto a FreZZe hacia Mapa59 X:86 Y:24
21/07/2009 02:21:05 p.m. /SUM BLade Map:59 X:88 Y:24
21/07/2009 02:21:13 p.m. /SUM girloth Map:59 X:87 Y:22
21/07/2009 02:22:22 p.m. Tiro cantidad:1 Objeto:Trono
21/07/2009 02:22:24 p.m. Tiro cantidad:1 Objeto:Trono
21/07/2009 02:22:28 p.m. Agarro:1 Objeto:Trono
21/07/2009 02:22:29 p.m. Tiro cantidad:1 Objeto:Trono
21/07/2009 02:22:31 p.m. Tiro cantidad:1 Objeto:Trono
21/07/2009 02:22:31 p.m. Agarro:1 Objeto:Trono
21/07/2009 02:23:07 p.m. Agarro:1 Objeto:Trono
21/07/2009 02:23:35 p.m. Tiro cantidad:1 Objeto:Gema lunar
21/07/2009 02:23:36 p.m. Tiro cantidad:1 Objeto:Gema lunar
21/07/2009 02:23:38 p.m. Tiro cantidad:1 Objeto:Gema lunar
21/07/2009 02:23:39 p.m. Tiro cantidad:1 Objeto:Gema lunar
21/07/2009 02:23:41 p.m. Tiro cantidad:1 Objeto:Gema lunar
21/07/2009 02:23:42 p.m. Tiro cantidad:1 Objeto:Gema lunar
21/07/2009 02:23:43 p.m. Tiro cantidad:1 Objeto:Gema lunar
21/07/2009 02:23:45 p.m. Tiro cantidad:1 Objeto:Gema lunar
21/07/2009 02:23:46 p.m. Tiro cantidad:1 Objeto:Gema lunar
21/07/2009 02:23:48 p.m. Tiro cantidad:1 Objeto:Gema lunar
21/07/2009 02:23:49 p.m. Tiro cantidad:1 Objeto:Gema lunar
21/07/2009 02:23:51 p.m. Tiro cantidad:1 Objeto:Gema lunar
21/07/2009 02:23:52 p.m. Tiro cantidad:1 Objeto:Gema lunar
21/07/2009 02:23:54 p.m. Tiro cantidad:1 Objeto:Gema lunar
21/07/2009 02:23:55 p.m. Tiro cantidad:1 Objeto:Gema lunar
21/07/2009 02:24:00 p.m. Tiro cantidad:1 Objeto:Gema lunar
21/07/2009 02:24:01 p.m. Tiro cantidad:1 Objeto:Gema lunar
21/07/2009 02:24:02 p.m. Tiro cantidad:1 Objeto:Gema lunar
21/07/2009 02:24:04 p.m. Agarro:1 Objeto:Gema lunar
21/07/2009 02:24:05 p.m. Agarro:1 Objeto:Gema lunar
21/07/2009 02:24:12 p.m. /CT: 2 50 50
21/07/2009 02:24:14 p.m. Transporto a FreZZe hacia Mapa59 X:84 Y:25
21/07/2009 02:24:17 p.m. /CT: 2 50 50
21/07/2009 02:24:24 p.m. Transporto a FreZZe hacia Mapa59 X:81 Y:29
21/07/2009 02:24:39 p.m. Transporto a FreZZe hacia Mapa59 X:76 Y:27
21/07/2009 02:24:44 p.m. Transporto a FreZZe hacia Mapa59 X:82 Y:27
21/07/2009 02:24:46 p.m. Transporto a FreZZe hacia Mapa59 X:85 Y:22
21/07/2009 02:24:48 p.m. /BLOQ
21/07/2009 02:24:49 p.m. /BLOQ
21/07/2009 02:24:51 p.m. /BLOQ
21/07/2009 02:24:53 p.m. /BLOQ
21/07/2009 02:24:55 p.m. /BLOQ
21/07/2009 02:24:56 p.m. /BLOQ
21/07/2009 02:24:58 p.m. /BLOQ
21/07/2009 02:24:59 p.m. /BLOQ
21/07/2009 02:25:04 p.m. /BLOQ
21/07/2009 02:25:05 p.m. /BLOQ
21/07/2009 02:25:06 p.m. /BLOQ
21/07/2009 02:25:08 p.m. /BLOQ
21/07/2009 02:25:09 p.m. /BLOQ
21/07/2009 02:25:11 p.m. /BLOQ
21/07/2009 02:25:13 p.m. /BLOQ
21/07/2009 02:25:15 p.m. /BLOQ
21/07/2009 02:25:21 p.m. Transporto a FreZZe hacia Mapa59 X:78 Y:27
21/07/2009 02:25:24 p.m. Transporto a FreZZe hacia Mapa59 X:77 Y:30
21/07/2009 02:25:26 p.m. /BLOQ
21/07/2009 02:25:27 p.m. Transporto a FreZZe hacia Mapa59 X:77 Y:29
21/07/2009 02:25:30 p.m. /BLOQ
21/07/2009 02:25:32 p.m. Transporto a FreZZe hacia Mapa59 X:77 Y:27
21/07/2009 02:25:33 p.m. Transporto a FreZZe hacia Mapa59 X:77 Y:28
21/07/2009 02:25:34 p.m. /BLOQ
21/07/2009 02:25:36 p.m. Transporto a FreZZe hacia Mapa59 X:77 Y:27
21/07/2009 02:25:37 p.m. /BLOQ
21/07/2009 02:25:39 p.m. Transporto a FreZZe hacia Mapa59 X:77 Y:26
21/07/2009 02:25:40 p.m. Transporto a FreZZe hacia Mapa59 X:79 Y:26
21/07/2009 02:25:47 p.m. Tiro cantidad:1 Objeto:Gema lunar
21/07/2009 02:25:48 p.m. Tiro cantidad:1 Objeto:Gema lunar
21/07/2009 02:25:50 p.m. Tiro cantidad:1 Objeto:Gema lunar
21/07/2009 02:25:51 p.m. Tiro cantidad:1 Objeto:Gema lunar
21/07/2009 02:25:54 p.m. Tiro cantidad:1 Objeto:Gema lunar
21/07/2009 02:25:55 p.m. Tiro cantidad:1 Objeto:Gema lunar
21/07/2009 02:25:57 p.m. Tiro cantidad:1 Objeto:Gema lunar
21/07/2009 02:25:58 p.m. Tiro cantidad:1 Objeto:Gema lunar
21/07/2009 02:26:00 p.m. Tiro cantidad:1 Objeto:Gema lunar
21/07/2009 02:26:02 p.m. /BLOQ
21/07/2009 02:26:04 p.m. /BLOQ
21/07/2009 02:26:05 p.m. /BLOQ
21/07/2009 02:26:07 p.m. /BLOQ
21/07/2009 02:26:08 p.m. /BLOQ
21/07/2009 02:26:10 p.m. /BLOQ
21/07/2009 02:26:14 p.m. /BLOQ
21/07/2009 02:26:16 p.m. /BLOQ
21/07/2009 02:26:18 p.m. /BLOQ
21/07/2009 02:26:19 p.m. Transporto a FreZZe hacia Mapa59 X:73 Y:25
21/07/2009 02:26:20 p.m. Agarro:1 Objeto:Gema lunar
21/07/2009 02:26:22 p.m. /BLOQ
21/07/2009 02:26:24 p.m. /CT: 2 50 50
21/07/2009 02:26:26 p.m. Transporto a FreZZe hacia Mapa59 X:77 Y:25
21/07/2009 02:26:28 p.m. Transporto a FreZZe hacia Mapa59 X:76 Y:25
21/07/2009 02:26:29 p.m. Agarro:1 Objeto:Gema lunar
21/07/2009 02:26:30 p.m. /BLOQ
21/07/2009 02:26:31 p.m. Transporto a FreZZe hacia Mapa59 X:77 Y:26
21/07/2009 02:26:35 p.m. /CT: 2 50 50
21/07/2009 02:26:36 p.m. Transporto a FreZZe hacia Mapa59 X:74 Y:25
21/07/2009 02:26:41 p.m. Tiro cantidad:1 Objeto:Trono
21/07/2009 02:26:44 p.m. Transporto a FreZZe hacia Mapa59 X:75 Y:22
21/07/2009 02:26:46 p.m. Tiro cantidad:1 Objeto:Trono
21/07/2009 02:26:50 p.m. /BLOQ
21/07/2009 02:26:52 p.m. Transporto a FreZZe hacia Mapa59 X:79 Y:22
21/07/2009 02:26:53 p.m. Transporto a FreZZe hacia Mapa59 X:78 Y:27
21/07/2009 02:26:54 p.m. Transporto a FreZZe hacia Mapa59 X:75 Y:30
21/07/2009 02:27:23 p.m. Transporto a FreZZe hacia Mapa59 X:81 Y:28
21/07/2009 02:27:25 p.m. Transporto a FreZZe hacia Mapa59 X:85 Y:28
21/07/2009 02:27:28 p.m. Tiro cantidad:1 Objeto:Trono
21/07/2009 02:27:29 p.m. Tiro cantidad:1 Objeto:Trono
21/07/2009 02:27:31 p.m. /BLOQ
21/07/2009 02:27:32 p.m. /BLOQ
21/07/2009 02:27:33 p.m. Transporto a FreZZe hacia Mapa59 X:82 Y:23
21/07/2009 02:27:37 p.m. Sumoneo Banquero respawn: 0
21/07/2009 02:27:50 p.m. /MATABanquero
21/07/2009 02:27:51 p.m. Transporto a FreZZe hacia Mapa59 X:86 Y:24
21/07/2009 02:27:56 p.m. Tiro cantidad:1 Objeto:Gema azul
21/07/2009 02:27:58 p.m. /BLOQ
21/07/2009 02:27:58 p.m. Tiro cantidad:1 Objeto:Gema azul
21/07/2009 02:28:00 p.m. /BLOQ
21/07/2009 02:28:03 p.m. Transporto a FreZZe hacia Mapa59 X:87 Y:22
21/07/2009 02:28:05 p.m. Transporto a FreZZe hacia Mapa59 X:86 Y:22
21/07/2009 02:28:08 p.m. Transporto a FreZZe hacia Mapa59 X:86 Y:24
21/07/2009 02:29:12 p.m. Agarro:162 Objeto:Botella de agua
21/07/2009 02:30:12 p.m. Transporto a FreZZe hacia Mapa2 X:51 Y:51
21/07/2009 02:30:12 p.m. Transporto a FreZZe hacia Mapa2 X:51 Y:51
21/07/2009 02:30:12 p.m. Transporto a FreZZe hacia Mapa2 X:53 Y:48
21/07/2009 02:30:13 p.m. Transporto a FreZZe hacia Mapa2 X:57 Y:46
21/07/2009 02:30:13 p.m. Transporto a FreZZe hacia Mapa2 X:62 Y:45
21/07/2009 02:30:13 p.m. Transporto a FreZZe hacia Mapa2 X:67 Y:44
21/07/2009 02:30:14 p.m. Transporto a FreZZe hacia Mapa2 X:73 Y:43
21/07/2009 02:30:14 p.m. Transporto a FreZZe hacia Mapa2 X:78 Y:42
21/07/2009 02:30:15 p.m. Transporto a FreZZe hacia Mapa2 X:83 Y:40
21/07/2009 02:30:15 p.m. Transporto a FreZZe hacia Mapa2 X:81 Y:36
21/07/2009 02:30:19 p.m. /SUM plante Map:2 X:81 Y:35
21/07/2009 02:30:40 p.m. /SUM Only Map:2 X:78 Y:34
21/07/2009 02:32:51 p.m. Transporto a FreZZe hacia Mapa236 X:50 Y:50
21/07/2009 02:32:52 p.m. Transporto a FreZZe hacia Mapa236 X:51 Y:54
21/07/2009 02:32:52 p.m. Transporto a FreZZe hacia Mapa236 X:51 Y:54
21/07/2009 02:32:52 p.m. Transporto a FreZZe hacia Mapa236 X:51 Y:59
21/07/2009 02:32:52 p.m. Transporto a FreZZe hacia Mapa236 X:51 Y:59
21/07/2009 02:32:52 p.m. Transporto a FreZZe hacia Mapa236 X:51 Y:64
21/07/2009 02:32:53 p.m. Transporto a FreZZe hacia Mapa236 X:49 Y:68
21/07/2009 02:32:55 p.m. /SUM Only Map:236 X:49 Y:68
21/07/2009 02:34:41 p.m. /SUM CreMiTa Map:236 X:46 Y:71
21/07/2009 02:34:52 p.m. Tiro cantidad:1 Objeto:Gorro mágico (Resistencia mágica +25)
21/07/2009 02:34:58 p.m. Transporto a CreMiTa hacia Mapa2 X:50 Y:50
21/07/2009 02:35:00 p.m. Agarro:1 Objeto:Gorro mágico (Resistencia mágica +25)
21/07/2009 02:38:32 p.m. RMSG: Gente. Capas que mañana hay reset.
21/07/2009 02:38:47 p.m. RMSG: Van a haber muchas modificaciones en el servidor,
21/07/2009 02:38:54 p.m. RMSG: No nos gusta esto.
21/07/2009 02:38:58 p.m. RMSG: no se vive IAO
21/07/2009 02:44:59 p.m. Sumoneo Sacerdote Malvado respawn: 0
21/07/2009 02:45:01 p.m. Sumoneo Demonio del Caos respawn: 0
21/07/2009 02:45:05 p.m. /MATASacerdote Malvado
21/07/2009 02:45:12 p.m. /MATADemonio
21/07/2009 02:47:25 p.m. Se conecto con ip:190.31.245.97
21/07/2009 02:47:51 p.m. Se conecto con ip:190.31.245.97
21/07/2009 02:48:00 p.m. Transporto a FreZZe hacia Mapa236 X:40 Y:76
21/07/2009 02:48:38 p.m. Transporto a FreZZe hacia Mapa236 X:44 Y:74
21/07/2009 02:49:12 p.m. /MATAGran Dragón Verde
21/07/2009 02:49:17 p.m. /IRA Agrammal Mapa:2 X:58 Y:48
21/07/2009 02:50:29 p.m. RMSG: Estoy acargo del Servidor hasta que vuelva Only.
21/07/2009 02:50:33 p.m. Transporto a FreZZe hacia Mapa2 X:50 Y:50
21/07/2009 02:50:42 p.m. RMSG: No quiero ver nada sospechoso..
21/07/2009 02:50:48 p.m. Agarro:1 Objeto:Poción de remover paralisis
21/07/2009 02:50:49 p.m. Agarro:1 Objeto:Poción de remover paralisis
21/07/2009 02:50:50 p.m. Agarro:1 Objeto:Poción de remover paralisis
21/07/2009 02:50:50 p.m. Agarro:1 Objeto:Poción de remover paralisis
21/07/2009 02:50:51 p.m. Agarro:1 Objeto:Poción de remover paralisis
21/07/2009 02:50:51 p.m. Agarro:1 Objeto:Poción de remover paralisis
21/07/2009 02:50:51 p.m. Agarro:1 Objeto:Poción de remover paralisis
21/07/2009 02:51:03 p.m. Tiro cantidad:156 Objeto:Botella de agua
21/07/2009 02:51:04 p.m. Tiro cantidad:55 Objeto:Porcion de tarta
