21/07/2009 0:14:17 Se conecto con ip:201.250.255.149
21/07/2009 0:15:58 /TELEPLOC a x:63 Y:39 Map:1
21/07/2009 0:16:06 /TELEPLOC a x:63 Y:39 Map:1
21/07/2009 0:16:07 /TELEPLOC a x:60 Y:37 Map:1
21/07/2009 0:16:10 /TELEPLOC a x:56 Y:36 Map:1
21/07/2009 0:16:12 /TELEPLOC a x:51 Y:34 Map:1
21/07/2009 0:16:15 /TELEPLOC a x:55 Y:39 Map:1
21/07/2009 0:16:18 /TELEPLOC a x:58 Y:42 Map:1
21/07/2009 0:16:21 /TELEPLOC a x:61 Y:45 Map:1
21/07/2009 0:16:23 /TELEPLOC a x:55 Y:41 Map:1
21/07/2009 0:16:25 /TELEPLOC a x:54 Y:36 Map:1
21/07/2009 0:16:26 /TELEPLOC a x:54 Y:36 Map:1
21/07/2009 0:16:42 /IRA Matii Mapa:34 X:18 Y:65
21/07/2009 0:16:48 /TELEPLOC a x:20 Y:64 Map:34
21/07/2009 0:17:02 /TELEPLOC a x:18 Y:67 Map:34
21/07/2009 0:17:04 /TELEPLOC a x:18 Y:63 Map:34
21/07/2009 0:17:45 /TELEPLOC a x:19 Y:68 Map:34
21/07/2009 0:17:48 /TELEPLOC a x:18 Y:64 Map:34
21/07/2009 0:17:52 /TELEPLOC a x:20 Y:66 Map:34
21/07/2009 0:17:56 /TELEPLOC a x:16 Y:67 Map:34
21/07/2009 0:18:02 /TELEPLOC a x:18 Y:64 Map:34
21/07/2009 0:18:14 /TELEPLOC a x:19 Y:65 Map:34
21/07/2009 0:18:18 /TELEPLOC a x:21 Y:64 Map:34
21/07/2009 0:18:23 /TELEPLOC a x:21 Y:58 Map:34
21/07/2009 0:18:28 /TELEPLOC a x:15 Y:64 Map:34
21/07/2009 0:19:02 /TELEPLOC a x:27 Y:65 Map:34
21/07/2009 0:19:12 /TELEPLOC a x:25 Y:73 Map:34
21/07/2009 0:20:29 /IRA MatII Mapa:32 X:49 Y:25
21/07/2009 0:21:04 /IRA esfri Mapa:34 X:18 Y:70
21/07/2009 0:21:10 /IRA MatII Mapa:32 X:45 Y:8
21/07/2009 0:21:25 /IRA MatII Mapa:34 X:74 Y:19
21/07/2009 0:21:30 /IRA esfri Mapa:34 X:13 Y:53
21/07/2009 0:21:56 /TELEPLOC a x:13 Y:57 Map:34
21/07/2009 0:21:59 /TELEPLOC a x:14 Y:56 Map:34
21/07/2009 0:22:02 /TELEPLOC a x:12 Y:54 Map:34
21/07/2009 0:22:07 /IRA MatII Mapa:34 X:62 Y:19
21/07/2009 0:22:18 /IRA MatII Mapa:35 X:18 Y:76
21/07/2009 0:22:34 /TELEPLOC a x:24 Y:75 Map:35
21/07/2009 0:22:35 /TELEPLOC a x:18 Y:73 Map:35
21/07/2009 0:22:37 /TELEPLOC a x:16 Y:75 Map:35
21/07/2009 0:22:55 Transporto a fROSTKJE hacia Mapa35 X:17 Y:83
21/07/2009 0:22:56 Transporto a fROSTKJE hacia Mapa35 X:16 Y:81
21/07/2009 0:22:57 Transporto a fROSTKJE hacia Mapa35 X:19 Y:77
21/07/2009 0:22:57 Transporto a fROSTKJE hacia Mapa35 X:25 Y:74
21/07/2009 0:22:58 Transporto a fROSTKJE hacia Mapa35 X:24 Y:77
21/07/2009 0:22:58 Transporto a fROSTKJE hacia Mapa35 X:26 Y:83
21/07/2009 0:22:58 Transporto a fROSTKJE hacia Mapa35 X:24 Y:82
21/07/2009 0:22:59 Transporto a fROSTKJE hacia Mapa35 X:20 Y:82
21/07/2009 0:22:59 Transporto a fROSTKJE hacia Mapa35 X:19 Y:80
21/07/2009 0:22:59 Transporto a fROSTKJE hacia Mapa35 X:17 Y:79
21/07/2009 0:22:59 Transporto a fROSTKJE hacia Mapa35 X:17 Y:78
21/07/2009 0:23:00 Transporto a fROSTKJE hacia Mapa35 X:21 Y:80
21/07/2009 0:23:00 Transporto a fROSTKJE hacia Mapa35 X:21 Y:79
21/07/2009 0:23:00 Transporto a fROSTKJE hacia Mapa35 X:25 Y:81
21/07/2009 0:23:00 Transporto a fROSTKJE hacia Mapa35 X:22 Y:80
21/07/2009 0:23:01 Transporto a fROSTKJE hacia Mapa35 X:22 Y:83
21/07/2009 0:23:04 Transporto a fROSTKJE hacia Mapa35 X:20 Y:81
21/07/2009 0:23:04 Transporto a fROSTKJE hacia Mapa35 X:24 Y:79
21/07/2009 0:23:04 Transporto a fROSTKJE hacia Mapa35 X:19 Y:78
21/07/2009 0:23:04 Transporto a fROSTKJE hacia Mapa35 X:18 Y:78
21/07/2009 0:23:04 Transporto a fROSTKJE hacia Mapa35 X:22 Y:81
21/07/2009 0:23:05 Transporto a fROSTKJE hacia Mapa35 X:20 Y:82
21/07/2009 0:23:05 Transporto a fROSTKJE hacia Mapa35 X:24 Y:82
21/07/2009 0:23:05 Transporto a fROSTKJE hacia Mapa35 X:16 Y:81
21/07/2009 0:23:06 Transporto a fROSTKJE hacia Mapa35 X:28 Y:81
21/07/2009 0:23:06 Transporto a fROSTKJE hacia Mapa35 X:30 Y:79
21/07/2009 0:23:07 Transporto a fROSTKJE hacia Mapa35 X:26 Y:79
21/07/2009 0:23:07 Transporto a fROSTKJE hacia Mapa35 X:25 Y:80
21/07/2009 0:23:07 Transporto a fROSTKJE hacia Mapa35 X:22 Y:81
21/07/2009 0:23:07 Transporto a fROSTKJE hacia Mapa35 X:22 Y:80
21/07/2009 0:23:07 Transporto a fROSTKJE hacia Mapa35 X:19 Y:80
21/07/2009 0:23:08 Transporto a fROSTKJE hacia Mapa35 X:17 Y:79
21/07/2009 0:23:08 Transporto a fROSTKJE hacia Mapa35 X:20 Y:79
21/07/2009 0:23:09 Transporto a fROSTKJE hacia Mapa35 X:15 Y:79
21/07/2009 0:23:56 /INVISIBLE
21/07/2009 0:24:17 Transporto a fROSTKJE hacia Mapa35 X:13 Y:74
21/07/2009 0:24:19 Transporto a fROSTKJE hacia Mapa35 X:14 Y:76
21/07/2009 0:24:20 Transporto a fROSTKJE hacia Mapa35 X:16 Y:78
21/07/2009 0:24:30 /INVISIBLE
21/07/2009 0:24:38 Transporto a fROSTKJE hacia Mapa35 X:13 Y:76
21/07/2009 0:24:50 /IRA esfri Mapa:35 X:65 Y:16
21/07/2009 0:24:56 Transporto a fROSTKJE hacia Mapa35 X:66 Y:31
21/07/2009 0:24:57 Transporto a fROSTKJE hacia Mapa35 X:66 Y:37
21/07/2009 0:24:57 Transporto a fROSTKJE hacia Mapa35 X:64 Y:42
21/07/2009 0:24:58 Transporto a fROSTKJE hacia Mapa35 X:64 Y:42
21/07/2009 0:24:58 Transporto a fROSTKJE hacia Mapa35 X:64 Y:47
21/07/2009 0:24:58 Transporto a fROSTKJE hacia Mapa35 X:63 Y:46
21/07/2009 0:24:59 Transporto a fROSTKJE hacia Mapa35 X:62 Y:51
21/07/2009 0:24:59 Transporto a fROSTKJE hacia Mapa35 X:63 Y:50
21/07/2009 0:24:59 Transporto a fROSTKJE hacia Mapa35 X:62 Y:56
21/07/2009 0:25:00 Transporto a fROSTKJE hacia Mapa35 X:62 Y:61
21/07/2009 0:25:00 Transporto a fROSTKJE hacia Mapa35 X:62 Y:61
21/07/2009 0:25:01 Transporto a fROSTKJE hacia Mapa35 X:63 Y:67
21/07/2009 0:25:02 Transporto a fROSTKJE hacia Mapa35 X:61 Y:73
21/07/2009 0:25:02 Transporto a fROSTKJE hacia Mapa35 X:57 Y:79
21/07/2009 0:25:02 Transporto a fROSTKJE hacia Mapa35 X:56 Y:79
21/07/2009 0:25:03 Transporto a fROSTKJE hacia Mapa35 X:50 Y:83
21/07/2009 0:25:03 Transporto a fROSTKJE hacia Mapa35 X:50 Y:84
21/07/2009 0:25:04 Transporto a fROSTKJE hacia Mapa35 X:45 Y:88
21/07/2009 0:25:05 Transporto a fROSTKJE hacia Mapa35 X:40 Y:92
21/07/2009 0:25:13 /IRA esfri Mapa:35 X:20 Y:72
21/07/2009 0:25:23 /INVISIBLE
21/07/2009 0:26:03 /INVISIBLE
21/07/2009 0:26:07 Transporto a fROSTKJE hacia Mapa35 X:22 Y:82
21/07/2009 0:26:07 Transporto a fROSTKJE hacia Mapa35 X:21 Y:82
21/07/2009 0:26:07 Transporto a fROSTKJE hacia Mapa35 X:22 Y:85
21/07/2009 0:26:08 Transporto a fROSTKJE hacia Mapa35 X:19 Y:81
21/07/2009 0:26:08 Transporto a fROSTKJE hacia Mapa35 X:20 Y:82
21/07/2009 0:26:08 Transporto a fROSTKJE hacia Mapa35 X:18 Y:78
21/07/2009 0:26:09 Transporto a fROSTKJE hacia Mapa35 X:20 Y:75
21/07/2009 0:26:09 Transporto a fROSTKJE hacia Mapa35 X:21 Y:77
21/07/2009 0:26:10 Transporto a fROSTKJE hacia Mapa35 X:21 Y:81
21/07/2009 0:26:10 Transporto a fROSTKJE hacia Mapa35 X:20 Y:81
21/07/2009 0:26:11 Transporto a fROSTKJE hacia Mapa35 X:20 Y:84
21/07/2009 0:26:11 Transporto a fROSTKJE hacia Mapa35 X:19 Y:82
21/07/2009 0:26:12 Transporto a fROSTKJE hacia Mapa35 X:22 Y:79
21/07/2009 0:26:12 Transporto a fROSTKJE hacia Mapa35 X:20 Y:79
21/07/2009 0:26:12 Transporto a fROSTKJE hacia Mapa35 X:28 Y:78
21/07/2009 0:26:14 Transporto a fROSTKJE hacia Mapa35 X:23 Y:79
21/07/2009 0:26:15 Transporto a fROSTKJE hacia Mapa35 X:19 Y:79
21/07/2009 0:26:16 Transporto a fROSTKJE hacia Mapa35 X:15 Y:78
21/07/2009 0:26:17 Transporto a fROSTKJE hacia Mapa35 X:14 Y:77
21/07/2009 0:26:18 Transporto a fROSTKJE hacia Mapa35 X:19 Y:80
21/07/2009 0:27:30 /IRA MatII Mapa:39 X:48 Y:44
21/07/2009 0:27:53 Agarro:1 Objeto:Espada TinieblasAO
21/07/2009 0:28:02 Tiro cantidad:1 Objeto:Espada TinieblasAO
21/07/2009 0:29:33 Transporto a fROSTKJE hacia Mapa39 X:50 Y:42
21/07/2009 0:29:33 Transporto a fROSTKJE hacia Mapa39 X:50 Y:42
21/07/2009 0:29:34 Transporto a fROSTKJE hacia Mapa39 X:50 Y:43
21/07/2009 0:29:55 Transporto a fROSTKJE hacia Mapa39 X:54 Y:44
21/07/2009 0:29:55 Transporto a fROSTKJE hacia Mapa39 X:58 Y:44
21/07/2009 0:29:56 Transporto a fROSTKJE hacia Mapa39 X:55 Y:45
21/07/2009 0:29:56 Transporto a fROSTKJE hacia Mapa39 X:49 Y:44
21/07/2009 0:29:56 Transporto a fROSTKJE hacia Mapa39 X:49 Y:44
21/07/2009 0:29:57 Transporto a fROSTKJE hacia Mapa39 X:52 Y:44
21/07/2009 0:29:58 Transporto a fROSTKJE hacia Mapa39 X:51 Y:42
21/07/2009 0:29:58 Transporto a fROSTKJE hacia Mapa39 X:48 Y:43
21/07/2009 0:30:05 /IRA MatII Mapa:36 X:41 Y:67
21/07/2009 0:30:29 Transporto a fROSTKJE hacia Mapa36 X:41 Y:70
21/07/2009 0:30:31 Transporto a fROSTKJE hacia Mapa36 X:40 Y:67
21/07/2009 0:30:33 Transporto a fROSTKJE hacia Mapa36 X:42 Y:69
21/07/2009 0:30:34 Transporto a fROSTKJE hacia Mapa36 X:43 Y:68
21/07/2009 0:30:35 Transporto a fROSTKJE hacia Mapa36 X:44 Y:66
21/07/2009 0:30:42 /INVISIBLE
21/07/2009 0:30:57 /INVISIBLE
21/07/2009 0:31:43 Transporto a fROSTKJE hacia Mapa36 X:41 Y:66
21/07/2009 0:31:45 Transporto a fROSTKJE hacia Mapa36 X:46 Y:67
21/07/2009 0:31:53 Transporto a fROSTKJE hacia Mapa36 X:42 Y:63
21/07/2009 0:31:54 Transporto a fROSTKJE hacia Mapa36 X:42 Y:64
21/07/2009 0:31:55 Transporto a fROSTKJE hacia Mapa36 X:43 Y:67
21/07/2009 0:31:55 Transporto a fROSTKJE hacia Mapa36 X:43 Y:67
21/07/2009 0:31:55 Transporto a fROSTKJE hacia Mapa36 X:44 Y:69
21/07/2009 0:31:55 Transporto a fROSTKJE hacia Mapa36 X:43 Y:68
21/07/2009 0:31:56 Transporto a fROSTKJE hacia Mapa36 X:40 Y:65
21/07/2009 0:31:56 Transporto a fROSTKJE hacia Mapa36 X:44 Y:66
21/07/2009 0:31:57 Transporto a fROSTKJE hacia Mapa36 X:45 Y:67
21/07/2009 0:31:57 Transporto a fROSTKJE hacia Mapa36 X:42 Y:67
21/07/2009 0:31:58 Transporto a fROSTKJE hacia Mapa36 X:44 Y:68
21/07/2009 0:31:58 Transporto a fROSTKJE hacia Mapa36 X:44 Y:68
21/07/2009 0:31:58 Transporto a fROSTKJE hacia Mapa36 X:44 Y:68
21/07/2009 0:31:59 Transporto a fROSTKJE hacia Mapa36 X:44 Y:67
21/07/2009 0:32:00 Transporto a fROSTKJE hacia Mapa36 X:42 Y:66
21/07/2009 0:32:00 Transporto a fROSTKJE hacia Mapa36 X:45 Y:68
21/07/2009 0:32:01 Transporto a fROSTKJE hacia Mapa36 X:43 Y:67
21/07/2009 0:32:36 Transporto a fROSTKJE hacia Mapa36 X:40 Y:67
21/07/2009 0:32:38 Transporto a fROSTKJE hacia Mapa36 X:40 Y:65
21/07/2009 0:33:26 Transporto a fROSTKJE hacia Mapa36 X:39 Y:69
21/07/2009 0:33:30 Transporto a fROSTKJE hacia Mapa36 X:45 Y:66
21/07/2009 0:34:35 /IRA MatII Mapa:36 X:41 Y:67
21/07/2009 0:35:46 Se conecto con ip:201.250.255.149
21/07/2009 0:36:02 /IRA MatII Mapa:36 X:39 Y:67
21/07/2009 0:37:38 Se conecto con ip:201.250.255.149
21/07/2009 0:39:29 /IRA MatII Mapa:66 X:75 Y:65
21/07/2009 0:39:33 Transporto a Frostkje hacia Mapa66 X:75 Y:59
21/07/2009 0:39:35 Transporto a Frostkje hacia Mapa66 X:76 Y:56
21/07/2009 0:39:35 Transporto a Frostkje hacia Mapa66 X:76 Y:55
21/07/2009 0:39:36 Transporto a Frostkje hacia Mapa66 X:76 Y:53
21/07/2009 0:39:36 Transporto a Frostkje hacia Mapa66 X:76 Y:55
21/07/2009 0:39:36 Transporto a Frostkje hacia Mapa66 X:75 Y:59
21/07/2009 0:39:37 Transporto a Frostkje hacia Mapa66 X:75 Y:59
21/07/2009 0:39:37 Transporto a Frostkje hacia Mapa66 X:74 Y:63
21/07/2009 0:39:37 Transporto a Frostkje hacia Mapa66 X:74 Y:63
21/07/2009 0:39:39 Transporto a Frostkje hacia Mapa66 X:74 Y:67
21/07/2009 0:40:49 Transporto a Frostkje hacia Mapa66 X:77 Y:66
21/07/2009 0:43:38 /IRA MatII Mapa:66 X:65 Y:66
21/07/2009 0:43:50 Transporto a Frostkje hacia Mapa66 X:63 Y:60
21/07/2009 0:43:52 Transporto a Frostkje hacia Mapa66 X:65 Y:61
21/07/2009 0:43:54 Transporto a Frostkje hacia Mapa66 X:64 Y:60
21/07/2009 0:43:54 Transporto a Frostkje hacia Mapa66 X:64 Y:62
21/07/2009 0:43:55 Transporto a Frostkje hacia Mapa66 X:64 Y:63
21/07/2009 0:43:55 Transporto a Frostkje hacia Mapa66 X:64 Y:65
21/07/2009 0:43:55 Transporto a Frostkje hacia Mapa66 X:63 Y:68
21/07/2009 0:43:55 Transporto a Frostkje hacia Mapa66 X:61 Y:66
21/07/2009 0:43:56 Transporto a Frostkje hacia Mapa66 X:60 Y:69
21/07/2009 0:43:57 Transporto a Frostkje hacia Mapa66 X:64 Y:69
21/07/2009 0:43:58 Transporto a Frostkje hacia Mapa66 X:65 Y:69
21/07/2009 0:43:59 Transporto a Frostkje hacia Mapa66 X:65 Y:70
21/07/2009 0:43:59 Transporto a Frostkje hacia Mapa66 X:67 Y:70
21/07/2009 0:44:03 Transporto a Frostkje hacia Mapa66 X:69 Y:70
21/07/2009 0:44:04 Transporto a Frostkje hacia Mapa66 X:69 Y:70
21/07/2009 0:44:04 Transporto a Frostkje hacia Mapa66 X:69 Y:71
21/07/2009 0:44:04 Transporto a Frostkje hacia Mapa66 X:65 Y:72
21/07/2009 0:44:09 Transporto a Frostkje hacia Mapa66 X:68 Y:71
21/07/2009 0:44:26 /IRA MatII Mapa:59 X:87 Y:61
21/07/2009 0:44:52 /IRA MatII Mapa:59 X:76 Y:77
21/07/2009 0:45:10 Tiro cantidad:1 Objeto:Armadura de placas completa
21/07/2009 0:45:30 Transporto a Frostkje hacia Mapa59 X:73 Y:84
21/07/2009 0:45:31 Transporto a Frostkje hacia Mapa59 X:70 Y:84
21/07/2009 0:45:31 Transporto a Frostkje hacia Mapa59 X:69 Y:83
21/07/2009 0:45:31 Transporto a Frostkje hacia Mapa59 X:65 Y:82
21/07/2009 0:45:31 Transporto a Frostkje hacia Mapa59 X:71 Y:82
21/07/2009 0:45:32 Transporto a Frostkje hacia Mapa59 X:76 Y:82
21/07/2009 0:45:34 Transporto a Frostkje hacia Mapa59 X:70 Y:82
21/07/2009 0:45:35 Transporto a Frostkje hacia Mapa59 X:72 Y:81
21/07/2009 0:45:47 Transporto a Frostkje hacia Mapa59 X:69 Y:79
21/07/2009 0:45:48 Transporto a Frostkje hacia Mapa59 X:70 Y:83
21/07/2009 0:45:49 Transporto a Frostkje hacia Mapa59 X:72 Y:82
21/07/2009 0:45:49 Transporto a Frostkje hacia Mapa59 X:73 Y:77
21/07/2009 0:45:50 Transporto a Frostkje hacia Mapa59 X:70 Y:79
21/07/2009 0:45:51 Transporto a Frostkje hacia Mapa59 X:67 Y:80
21/07/2009 0:45:59 Transporto a Frostkje hacia Mapa59 X:70 Y:82
21/07/2009 0:46:08 /CT: 1-60-54
21/07/2009 0:46:25 Se conecto con ip:201.250.255.149
21/07/2009 0:46:29 Transporto a Frostkje hacia Mapa59 X:72 Y:79
21/07/2009 0:47:51 /IRA MatII Mapa:35 X:15 Y:75
21/07/2009 0:49:48 /mod frostkje 50
21/07/2009 0:50:19 Transporto a Frostkje hacia Mapa35 X:23 Y:82
21/07/2009 0:50:21 Transporto a Frostkje hacia Mapa35 X:26 Y:88
21/07/2009 0:50:22 Transporto a Frostkje hacia Mapa35 X:29 Y:93
21/07/2009 0:50:26 Transporto a Frostkje hacia Mapa35 X:31 Y:94
21/07/2009 0:50:27 Transporto a Frostkje hacia Mapa35 X:31 Y:94
21/07/2009 0:50:28 Transporto a Frostkje hacia Mapa34 X:34 Y:10
21/07/2009 0:50:29 Transporto a Frostkje hacia Mapa34 X:34 Y:14
21/07/2009 0:50:30 Transporto a Frostkje hacia Mapa34 X:36 Y:19
21/07/2009 0:50:32 Transporto a Frostkje hacia Mapa34 X:36 Y:24
21/07/2009 0:50:33 Transporto a Frostkje hacia Mapa34 X:34 Y:29
21/07/2009 0:50:33 Transporto a Frostkje hacia Mapa34 X:34 Y:29
21/07/2009 0:50:46 Transporto a Frostkje hacia Mapa34 X:43 Y:31
21/07/2009 0:50:58 Transporto a Frostkje hacia Mapa34 X:50 Y:33
21/07/2009 0:51:00 Transporto a Frostkje hacia Mapa34 X:45 Y:37
21/07/2009 0:51:01 Transporto a Frostkje hacia Mapa34 X:42 Y:42
21/07/2009 0:51:06 Transporto a Frostkje hacia Mapa34 X:41 Y:45
21/07/2009 0:51:07 Transporto a Frostkje hacia Mapa34 X:40 Y:48
21/07/2009 0:51:07 Transporto a Frostkje hacia Mapa34 X:40 Y:52
21/07/2009 0:51:09 Transporto a Frostkje hacia Mapa34 X:47 Y:49
21/07/2009 0:51:10 Transporto a Frostkje hacia Mapa34 X:54 Y:46
21/07/2009 0:51:13 Transporto a Frostkje hacia Mapa34 X:61 Y:43
21/07/2009 0:51:14 Transporto a Frostkje hacia Mapa34 X:67 Y:40
21/07/2009 0:51:18 Transporto a Frostkje hacia Mapa34 X:74 Y:33
21/07/2009 0:51:53 Transporto a Frostkje hacia Mapa34 X:71 Y:32
21/07/2009 0:51:53 Transporto a Frostkje hacia Mapa34 X:68 Y:32
21/07/2009 0:51:54 Transporto a Frostkje hacia Mapa34 X:67 Y:32
21/07/2009 0:51:54 Transporto a Frostkje hacia Mapa34 X:64 Y:32
21/07/2009 0:51:55 Transporto a Frostkje hacia Mapa34 X:58 Y:31
21/07/2009 0:51:55 Transporto a Frostkje hacia Mapa34 X:56 Y:32
21/07/2009 0:51:56 Transporto a Frostkje hacia Mapa34 X:48 Y:32
21/07/2009 0:51:56 Transporto a Frostkje hacia Mapa34 X:50 Y:32
21/07/2009 0:51:56 Transporto a Frostkje hacia Mapa34 X:42 Y:32
21/07/2009 0:51:56 Transporto a Frostkje hacia Mapa34 X:43 Y:32
21/07/2009 0:52:10 Transporto a Frostkje hacia Mapa34 X:48 Y:27
21/07/2009 0:52:10 Transporto a Frostkje hacia Mapa34 X:54 Y:24
21/07/2009 0:52:11 Transporto a Frostkje hacia Mapa34 X:60 Y:21
21/07/2009 0:52:12 Transporto a Frostkje hacia Mapa34 X:58 Y:18
21/07/2009 0:52:12 Transporto a Frostkje hacia Mapa34 X:57 Y:18
21/07/2009 0:52:13 Transporto a Frostkje hacia Mapa34 X:54 Y:15
21/07/2009 0:52:16 /IRA Matii Mapa:35 X:24 Y:82
21/07/2009 0:52:27 /IRA Matii Mapa:35 X:24 Y:82
21/07/2009 0:54:20 Sumoneo Momia respawn: 0
21/07/2009 0:54:20 Sumoneo Momia respawn: 0
21/07/2009 0:54:21 Sumoneo Momia respawn: 0
21/07/2009 0:54:21 Sumoneo Momia respawn: 0
21/07/2009 0:54:21 Sumoneo Momia respawn: 0
21/07/2009 0:54:21 Sumoneo Momia respawn: 0
21/07/2009 0:54:21 Sumoneo Momia respawn: 0
21/07/2009 0:54:22 Sumoneo Momia respawn: 0
21/07/2009 0:54:22 Sumoneo Momia respawn: 0
21/07/2009 0:54:22 Sumoneo Momia respawn: 0
21/07/2009 0:54:22 Sumoneo Momia respawn: 0
21/07/2009 0:54:22 Sumoneo Momia respawn: 0
21/07/2009 0:54:22 Sumoneo Momia respawn: 0
21/07/2009 0:54:23 Sumoneo Momia respawn: 0
21/07/2009 0:54:23 Sumoneo Momia respawn: 0
21/07/2009 0:54:23 Sumoneo Momia respawn: 0
21/07/2009 0:54:23 Sumoneo Momia respawn: 0
21/07/2009 0:54:33 Se conecto con ip:201.250.255.149
21/07/2009 0:54:41 Transporto a Frostkje hacia Mapa35 X:21 Y:83
21/07/2009 0:54:41 Transporto a Frostkje hacia Mapa35 X:17 Y:84
21/07/2009 0:54:42 Transporto a Frostkje hacia Mapa35 X:14 Y:82
21/07/2009 0:54:42 Transporto a Frostkje hacia Mapa35 X:10 Y:81
21/07/2009 0:54:43 Transporto a Frostkje hacia Mapa35 X:9 Y:80
21/07/2009 0:54:43 Transporto a Frostkje hacia Mapa35 X:9 Y:79
21/07/2009 0:54:44 Transporto a Frostkje hacia Mapa35 X:16 Y:76
21/07/2009 0:54:44 Transporto a Frostkje hacia Mapa35 X:17 Y:76
21/07/2009 0:54:45 Transporto a Frostkje hacia Mapa35 X:23 Y:76
21/07/2009 0:54:45 Transporto a Frostkje hacia Mapa35 X:25 Y:75
21/07/2009 0:54:45 Transporto a Frostkje hacia Mapa35 X:31 Y:76
21/07/2009 0:54:46 Transporto a Frostkje hacia Mapa35 X:27 Y:75
21/07/2009 0:54:47 Transporto a Frostkje hacia Mapa35 X:27 Y:75
21/07/2009 0:54:57 Sumoneo Eluret respawn: 0
21/07/2009 0:55:02 Sumoneo Demonio del Caos respawn: 0
21/07/2009 0:55:10 Sumoneo Beholder respawn: 0
21/07/2009 0:55:10 Sumoneo Beholder respawn: 0
21/07/2009 0:55:11 Sumoneo Beholder respawn: 0
21/07/2009 0:55:11 Sumoneo Beholder respawn: 0
21/07/2009 0:55:11 Sumoneo Beholder respawn: 0
21/07/2009 0:55:24 Se conecto con ip:201.250.255.149
21/07/2009 0:55:28 Transporto a Frostkje hacia Mapa35 X:28 Y:76
21/07/2009 0:55:28 Transporto a Frostkje hacia Mapa35 X:29 Y:73
21/07/2009 0:55:28 Transporto a Frostkje hacia Mapa35 X:30 Y:73
21/07/2009 0:55:46 Sumoneo Señor de las sombras respawn: 0
21/07/2009 0:56:07 Se conecto con ip:201.250.255.149
21/07/2009 0:56:24 Se conecto con ip:201.250.255.149
21/07/2009 0:56:26 Transporto a Frostkje hacia Mapa35 X:27 Y:80
21/07/2009 0:56:27 Transporto a Frostkje hacia Mapa35 X:25 Y:81
21/07/2009 0:56:27 Transporto a Frostkje hacia Mapa35 X:24 Y:82
21/07/2009 0:56:27 Transporto a Frostkje hacia Mapa35 X:24 Y:82
21/07/2009 0:56:28 Transporto a Frostkje hacia Mapa35 X:22 Y:83
21/07/2009 0:56:30 Transporto a Frostkje hacia Mapa35 X:14 Y:80
21/07/2009 0:56:31 Transporto a Frostkje hacia Mapa35 X:14 Y:80
21/07/2009 0:56:31 Transporto a Frostkje hacia Mapa35 X:9 Y:78
21/07/2009 0:56:32 Transporto a Frostkje hacia Mapa35 X:10 Y:77
21/07/2009 0:56:34 Transporto a Frostkje hacia Mapa35 X:16 Y:76
21/07/2009 0:56:34 Transporto a Frostkje hacia Mapa35 X:22 Y:76
21/07/2009 0:56:35 Transporto a Frostkje hacia Mapa35 X:28 Y:76
21/07/2009 0:56:36 Transporto a Frostkje hacia Mapa35 X:30 Y:80
21/07/2009 0:56:36 Transporto a Frostkje hacia Mapa35 X:22 Y:79
21/07/2009 0:56:37 Transporto a Frostkje hacia Mapa35 X:26 Y:75
21/07/2009 0:56:38 Transporto a Frostkje hacia Mapa35 X:26 Y:72
21/07/2009 0:56:38 Transporto a Frostkje hacia Mapa35 X:26 Y:72
21/07/2009 0:56:42 /IRA Matii Mapa:66 X:77 Y:69
21/07/2009 0:57:44 Sumoneo Provisiones respawn: 0
21/07/2009 0:57:44 Sumoneo Provisiones respawn: 0
21/07/2009 0:57:44 Sumoneo Provisiones respawn: 0
21/07/2009 0:57:44 Sumoneo Provisiones respawn: 0
21/07/2009 0:57:46 Sumoneo Provisiones respawn: 0
21/07/2009 0:57:46 Sumoneo Provisiones respawn: 0
21/07/2009 0:57:46 Sumoneo Provisiones respawn: 0
21/07/2009 0:57:46 Sumoneo Provisiones respawn: 0
21/07/2009 0:57:49 Transporto a Frostkje hacia Mapa66 X:76 Y:67
21/07/2009 0:58:16 /IRA matii Mapa:66 X:77 Y:66
21/07/2009 1:00:07 Creo item: -
21/07/2009 1:00:49 Creo item: -
21/07/2009 1:01:39 Creo item: -
21/07/2009 1:01:51 Creo item: -
21/07/2009 1:01:56 Agarro:1 Objeto:Teleport a Lindos
21/07/2009 1:02:27 /DEST
21/07/2009 1:02:30 /DEST
21/07/2009 1:02:42 /DEST
21/07/2009 1:02:56 Transporto a Frostkje hacia Mapa66 X:74 Y:65
21/07/2009 1:02:56 Transporto a Frostkje hacia Mapa66 X:74 Y:65
21/07/2009 1:02:57 Transporto a Frostkje hacia Mapa66 X:73 Y:65
21/07/2009 1:02:58 Transporto a Frostkje hacia Mapa66 X:74 Y:64
21/07/2009 1:03:11 /DEST
21/07/2009 1:03:16 /DEST
21/07/2009 1:03:29 Agarro:1 Objeto:Espada larga
21/07/2009 1:04:30 Creo item: -
21/07/2009 1:04:57 Creo item: -
21/07/2009 1:05:07 Creo item: -
21/07/2009 1:05:10 Transporto a Frostkje hacia Mapa66 X:82 Y:81
21/07/2009 1:07:02 Creo item: -
21/07/2009 1:07:22 /DEST
21/07/2009 1:07:28 /DEST
21/07/2009 1:07:34 Creo item: -
21/07/2009 1:07:36 Agarro:1 Objeto:Armadura de las sombras
21/07/2009 1:07:46 Creo item: -
21/07/2009 1:08:00 /DEST
21/07/2009 1:08:04 /DEST
21/07/2009 1:08:17 /IRA esfri Mapa:66 X:79 Y:82
21/07/2009 1:08:20 Transporto a Frostkje hacia Mapa66 X:77 Y:80
21/07/2009 1:08:21 Transporto a Frostkje hacia Mapa66 X:76 Y:77
21/07/2009 1:08:21 Transporto a Frostkje hacia Mapa66 X:76 Y:77
21/07/2009 1:08:24 Transporto a Frostkje hacia Mapa66 X:83 Y:82
21/07/2009 1:08:58 Transporto a Frostkje hacia Mapa66 X:84 Y:83
21/07/2009 1:09:03 /DEST
21/07/2009 1:09:24 Creo item: -
21/07/2009 1:09:25 Agarro:1 Objeto:Armadura de Dragón Blanco (Mujer)
21/07/2009 1:09:34 Creo item: -
21/07/2009 1:09:45 Creo item: -
21/07/2009 1:09:53 Creo item: -
21/07/2009 1:10:01 Creo item: -
21/07/2009 1:10:09 Creo item: -
21/07/2009 1:10:14 Creo item: -
21/07/2009 1:10:22 Creo item: -
21/07/2009 1:10:32 /DEST
21/07/2009 1:10:37 /IRA esfri Mapa:66 X:74 Y:93
21/07/2009 1:10:45 /IRA esfri Mapa:66 X:74 Y:93
21/07/2009 1:10:55 Creo item: -
21/07/2009 1:10:59 /DEST
21/07/2009 1:11:17 Creo item: -
21/07/2009 1:11:19 Agarro:1 Objeto:Vestimenta de tribu (Newbies)
21/07/2009 1:11:26 Creo item: -
21/07/2009 1:11:29 /DEST
21/07/2009 1:11:38 Creo item: -
21/07/2009 1:11:48 /DEST
21/07/2009 1:12:06 Creo item: -
21/07/2009 1:12:09 /DEST
21/07/2009 1:13:04 Creo item: -
21/07/2009 1:13:15 /DEST
21/07/2009 1:13:32 Creo item: -
21/07/2009 1:13:40 Creo item: -
21/07/2009 1:13:44 /DEST
21/07/2009 1:13:56 Creo item: -
21/07/2009 1:14:17 /DEST
21/07/2009 1:14:21 Creo item: -
21/07/2009 1:14:24 /DEST
21/07/2009 1:14:37 /DEST
21/07/2009 1:14:40 Transporto a Frostkje hacia Mapa66 X:76 Y:90
21/07/2009 1:14:41 Transporto a Frostkje hacia Mapa66 X:76 Y:90
21/07/2009 1:14:46 /DEST
21/07/2009 1:14:51 Creo item: -
21/07/2009 1:14:55 Creo item: -
21/07/2009 1:15:00 Creo item: -
21/07/2009 1:15:04 Creo item: -
21/07/2009 1:15:11 Creo item: -
21/07/2009 1:15:16 Creo item: -
21/07/2009 1:15:20 Creo item: -
21/07/2009 1:15:24 Creo item: -
21/07/2009 1:15:31 Transporto a Frostkje hacia Mapa65 X:80 Y:8
21/07/2009 1:15:32 Transporto a Frostkje hacia Mapa65 X:84 Y:10
21/07/2009 1:15:32 Transporto a Frostkje hacia Mapa65 X:84 Y:10
21/07/2009 1:15:33 Transporto a Frostkje hacia Mapa65 X:86 Y:10
21/07/2009 1:15:33 Transporto a Frostkje hacia Mapa65 X:87 Y:9
21/07/2009 1:15:34 Transporto a Frostkje hacia Mapa65 X:87 Y:8
21/07/2009 1:15:36 Transporto a Frostkje hacia Mapa65 X:91 Y:13
21/07/2009 1:15:40 Transporto a Frostkje hacia Mapa65 X:88 Y:10
21/07/2009 1:15:40 Transporto a Frostkje hacia Mapa65 X:88 Y:10
21/07/2009 1:15:40 Transporto a Frostkje hacia Mapa65 X:88 Y:9
21/07/2009 1:15:42 Transporto a Frostkje hacia Mapa65 X:81 Y:7
21/07/2009 1:15:42 Transporto a Frostkje hacia Mapa65 X:81 Y:7
21/07/2009 1:15:48 /IRA esfri Mapa:58 X:42 Y:10
21/07/2009 1:15:54 Transporto a Frostkje hacia Mapa58 X:46 Y:24
21/07/2009 1:15:54 Transporto a Frostkje hacia Mapa58 X:49 Y:30
21/07/2009 1:15:56 Transporto a Frostkje hacia Mapa58 X:45 Y:31
21/07/2009 1:15:57 Transporto a Frostkje hacia Mapa58 X:46 Y:35
21/07/2009 1:16:01 Transporto a Frostkje hacia Mapa58 X:47 Y:39
21/07/2009 1:16:02 Transporto a Frostkje hacia Mapa58 X:48 Y:37
21/07/2009 1:16:02 Transporto a Frostkje hacia Mapa58 X:46 Y:36
21/07/2009 1:16:03 Transporto a Frostkje hacia Mapa58 X:45 Y:31
21/07/2009 1:16:03 Transporto a Frostkje hacia Mapa58 X:46 Y:31
21/07/2009 1:16:04 Transporto a Frostkje hacia Mapa58 X:46 Y:26
21/07/2009 1:16:05 Transporto a Frostkje hacia Mapa58 X:43 Y:23
21/07/2009 1:16:05 Transporto a Frostkje hacia Mapa58 X:35 Y:20
21/07/2009 1:16:06 Transporto a Frostkje hacia Mapa58 X:35 Y:21
21/07/2009 1:16:06 Transporto a Frostkje hacia Mapa58 X:30 Y:21
21/07/2009 1:16:06 Transporto a Frostkje hacia Mapa58 X:29 Y:21
21/07/2009 1:16:07 Transporto a Frostkje hacia Mapa58 X:23 Y:21
21/07/2009 1:16:08 Transporto a Frostkje hacia Mapa58 X:17 Y:22
21/07/2009 1:16:12 /IRA esfri Mapa:59 X:34 Y:80
21/07/2009 1:16:24 /IRA esfri Mapa:59 X:46 Y:21
21/07/2009 1:16:34 Transporto a Frostkje hacia Mapa59 X:39 Y:26
21/07/2009 1:16:35 Transporto a Frostkje hacia Mapa59 X:39 Y:26
21/07/2009 1:16:36 Transporto a Frostkje hacia Mapa59 X:38 Y:23
21/07/2009 1:16:36 Transporto a Frostkje hacia Mapa59 X:39 Y:23
21/07/2009 1:16:36 Transporto a Frostkje hacia Mapa59 X:39 Y:20
21/07/2009 1:16:37 Transporto a Frostkje hacia Mapa59 X:35 Y:20
21/07/2009 1:16:38 Transporto a Frostkje hacia Mapa59 X:34 Y:16
21/07/2009 1:16:38 Transporto a Frostkje hacia Mapa59 X:34 Y:16
21/07/2009 1:16:38 Transporto a Frostkje hacia Mapa59 X:36 Y:12
21/07/2009 1:16:39 Transporto a Frostkje hacia Mapa59 X:35 Y:13
21/07/2009 1:16:40 Transporto a Frostkje hacia Mapa59 X:42 Y:14
21/07/2009 1:16:47 Transporto a Frostkje hacia Mapa59 X:41 Y:18
21/07/2009 1:16:54 Transporto a Frostkje hacia Mapa59 X:48 Y:16
21/07/2009 1:16:54 Transporto a Frostkje hacia Mapa59 X:46 Y:15
21/07/2009 1:16:55 Transporto a Frostkje hacia Mapa59 X:49 Y:12
21/07/2009 1:16:56 Transporto a Frostkje hacia Mapa59 X:50 Y:8
21/07/2009 1:17:10 Transporto a Frostkje hacia Mapa60 X:36 Y:67
21/07/2009 1:17:11 Transporto a Frostkje hacia Mapa60 X:30 Y:66
21/07/2009 1:17:11 Transporto a Frostkje hacia Mapa60 X:30 Y:66
21/07/2009 1:17:11 Transporto a Frostkje hacia Mapa60 X:24 Y:66
21/07/2009 1:17:12 Transporto a Frostkje hacia Mapa60 X:24 Y:66
21/07/2009 1:17:13 Transporto a Frostkje hacia Mapa60 X:27 Y:67
21/07/2009 1:17:18 Transporto a Frostkje hacia Mapa60 X:28 Y:74
21/07/2009 1:17:51 Transporto a Frostkje hacia Mapa60 X:36 Y:59
21/07/2009 1:17:52 Transporto a Frostkje hacia Mapa60 X:43 Y:60
21/07/2009 1:17:52 Transporto a Frostkje hacia Mapa60 X:43 Y:59
21/07/2009 1:17:52 Transporto a Frostkje hacia Mapa60 X:48 Y:59
21/07/2009 1:17:52 Transporto a Frostkje hacia Mapa60 X:48 Y:58
21/07/2009 1:17:52 Transporto a Frostkje hacia Mapa60 X:53 Y:58
21/07/2009 1:17:53 Transporto a Frostkje hacia Mapa60 X:51 Y:56
21/07/2009 1:17:53 Transporto a Frostkje hacia Mapa60 X:45 Y:55
21/07/2009 1:17:53 Transporto a Frostkje hacia Mapa60 X:45 Y:56
21/07/2009 1:17:54 Transporto a Frostkje hacia Mapa60 X:38 Y:56
21/07/2009 1:17:54 Transporto a Frostkje hacia Mapa60 X:34 Y:58
21/07/2009 1:17:55 Transporto a Frostkje hacia Mapa60 X:40 Y:60
21/07/2009 1:17:55 Transporto a Frostkje hacia Mapa60 X:46 Y:57
21/07/2009 1:17:55 Transporto a Frostkje hacia Mapa60 X:46 Y:57
21/07/2009 1:17:56 Transporto a Frostkje hacia Mapa60 X:52 Y:53
21/07/2009 1:17:56 Transporto a Frostkje hacia Mapa60 X:52 Y:53
21/07/2009 1:17:57 Transporto a Frostkje hacia Mapa60 X:53 Y:51
21/07/2009 1:18:02 Transporto a Frostkje hacia Mapa60 X:54 Y:46
21/07/2009 1:18:02 Transporto a Frostkje hacia Mapa60 X:55 Y:41
21/07/2009 1:18:03 Transporto a Frostkje hacia Mapa60 X:55 Y:36
21/07/2009 1:18:03 Transporto a Frostkje hacia Mapa60 X:55 Y:31
21/07/2009 1:18:04 Transporto a Frostkje hacia Mapa60 X:54 Y:27
21/07/2009 1:18:05 Transporto a Frostkje hacia Mapa60 X:59 Y:25
21/07/2009 1:18:05 Transporto a Frostkje hacia Mapa60 X:66 Y:23
21/07/2009 1:18:06 Transporto a Frostkje hacia Mapa60 X:69 Y:19
21/07/2009 1:18:06 Transporto a Frostkje hacia Mapa60 X:65 Y:20
21/07/2009 1:18:07 Transporto a Frostkje hacia Mapa60 X:60 Y:17
21/07/2009 1:18:07 Transporto a Frostkje hacia Mapa60 X:54 Y:14
21/07/2009 1:18:07 Transporto a Frostkje hacia Mapa60 X:56 Y:13
21/07/2009 1:18:07 Transporto a Frostkje hacia Mapa60 X:51 Y:10
21/07/2009 1:18:08 Transporto a Frostkje hacia Mapa60 X:54 Y:8
21/07/2009 1:18:09 Transporto a Frostkje hacia Mapa60 X:61 Y:13
21/07/2009 1:18:09 Transporto a Frostkje hacia Mapa60 X:68 Y:18
21/07/2009 1:18:10 Transporto a Frostkje hacia Mapa60 X:64 Y:20
21/07/2009 1:18:10 Transporto a Frostkje hacia Mapa60 X:64 Y:21
21/07/2009 1:18:11 Transporto a Frostkje hacia Mapa60 X:60 Y:21
21/07/2009 1:18:11 Transporto a Frostkje hacia Mapa60 X:60 Y:22
21/07/2009 1:18:15 /IRA esfri Mapa:60 X:46 Y:17
21/07/2009 1:18:21 Transporto a Frostkje hacia Mapa60 X:46 Y:12
21/07/2009 1:18:22 Transporto a Frostkje hacia Mapa60 X:45 Y:10
21/07/2009 1:18:23 Transporto a Frostkje hacia Mapa60 X:46 Y:12
21/07/2009 1:18:29 Agarro:1 Objeto:Espada mata dragones 
21/07/2009 1:18:33 Transporto a Frostkje hacia Mapa60 X:44 Y:15
21/07/2009 1:18:33 Transporto a Frostkje hacia Mapa60 X:41 Y:18
21/07/2009 1:18:35 Transporto a Frostkje hacia Mapa60 X:46 Y:17
21/07/2009 1:18:37 Transporto a Frostkje hacia Mapa60 X:53 Y:13
21/07/2009 1:18:38 Transporto a Frostkje hacia Mapa60 X:59 Y:15
21/07/2009 1:18:39 Transporto a Frostkje hacia Mapa60 X:65 Y:17
21/07/2009 1:18:39 Transporto a Frostkje hacia Mapa60 X:71 Y:19
21/07/2009 1:18:41 Transporto a Frostkje hacia Mapa60 X:77 Y:21
21/07/2009 1:18:41 Transporto a Frostkje hacia Mapa60 X:83 Y:23
21/07/2009 1:18:45 /IRA esfri Mapa:182 X:34 Y:29
21/07/2009 1:19:00 /IRA esfri Mapa:181 X:64 Y:29
21/07/2009 1:19:03 Transporto a Frostkje hacia Mapa181 X:59 Y:33
21/07/2009 1:19:03 Transporto a Frostkje hacia Mapa181 X:55 Y:37
21/07/2009 1:19:04 Transporto a Frostkje hacia Mapa181 X:54 Y:37
21/07/2009 1:19:04 Transporto a Frostkje hacia Mapa181 X:50 Y:40
21/07/2009 1:19:04 Transporto a Frostkje hacia Mapa181 X:46 Y:39
21/07/2009 1:19:04 Transporto a Frostkje hacia Mapa181 X:46 Y:39
21/07/2009 1:19:05 Transporto a Frostkje hacia Mapa181 X:43 Y:35
21/07/2009 1:19:05 Transporto a Frostkje hacia Mapa181 X:44 Y:35
21/07/2009 1:19:07 Transporto a Frostkje hacia Mapa181 X:47 Y:31
21/07/2009 1:19:07 Transporto a Frostkje hacia Mapa181 X:47 Y:30
21/07/2009 1:19:07 Transporto a Frostkje hacia Mapa181 X:48 Y:27
21/07/2009 1:19:38 Transporto a Frostkje hacia Mapa204 X:28 Y:24
21/07/2009 1:19:46 /IRA esfri Mapa:181 X:35 Y:27
21/07/2009 1:19:58 Transporto a Frostkje hacia Mapa204 X:65 Y:27
21/07/2009 1:19:58 Transporto a Frostkje hacia Mapa204 X:73 Y:27
21/07/2009 1:19:59 Transporto a Frostkje hacia Mapa204 X:81 Y:27
21/07/2009 1:20:00 Transporto a Frostkje hacia Mapa204 X:89 Y:27
21/07/2009 1:20:01 Transporto a Frostkje hacia Mapa204 X:84 Y:28
21/07/2009 1:20:02 Transporto a Frostkje hacia Mapa204 X:79 Y:29
21/07/2009 1:20:02 Transporto a Frostkje hacia Mapa204 X:74 Y:30
21/07/2009 1:20:03 Transporto a Frostkje hacia Mapa204 X:68 Y:31
21/07/2009 1:20:04 Transporto a Frostkje hacia Mapa204 X:62 Y:32
21/07/2009 1:20:04 Transporto a Frostkje hacia Mapa204 X:62 Y:32
21/07/2009 1:20:05 Transporto a Frostkje hacia Mapa204 X:57 Y:30
21/07/2009 1:20:06 Transporto a Frostkje hacia Mapa204 X:57 Y:27
21/07/2009 1:20:07 Transporto a Frostkje hacia Mapa204 X:57 Y:24
21/07/2009 1:20:08 Transporto a Frostkje hacia Mapa181 X:37 Y:20
21/07/2009 1:20:09 Transporto a Frostkje hacia Mapa181 X:43 Y:22
21/07/2009 1:20:10 Transporto a Frostkje hacia Mapa181 X:45 Y:22
21/07/2009 1:20:10 Transporto a Frostkje hacia Mapa181 X:50 Y:25
21/07/2009 1:20:15 Transporto a Frostkje hacia Mapa181 X:46 Y:23
21/07/2009 1:20:17 Transporto a Frostkje hacia Mapa181 X:39 Y:23
21/07/2009 1:20:22 Transporto a Frostkje hacia Mapa181 X:38 Y:26
21/07/2009 1:20:24 Transporto a Frostkje hacia Mapa181 X:37 Y:28
21/07/2009 1:20:27 Transporto a Frostkje hacia Mapa181 X:37 Y:30
21/07/2009 1:20:28 Transporto a Frostkje hacia Mapa181 X:38 Y:31
21/07/2009 1:20:28 Transporto a Frostkje hacia Mapa181 X:39 Y:34
21/07/2009 1:20:29 Transporto a Frostkje hacia Mapa181 X:46 Y:36
21/07/2009 1:20:29 Transporto a Frostkje hacia Mapa181 X:46 Y:34
21/07/2009 1:20:29 Transporto a Frostkje hacia Mapa181 X:53 Y:34
21/07/2009 1:20:29 Transporto a Frostkje hacia Mapa181 X:53 Y:33
21/07/2009 1:20:30 Transporto a Frostkje hacia Mapa181 X:49 Y:29
21/07/2009 1:20:30 Transporto a Frostkje hacia Mapa181 X:47 Y:29
21/07/2009 1:20:32 Transporto a Frostkje hacia Mapa181 X:39 Y:25
21/07/2009 1:20:32 Transporto a Frostkje hacia Mapa181 X:39 Y:25
21/07/2009 1:20:32 Transporto a Frostkje hacia Mapa181 X:31 Y:22
21/07/2009 1:20:32 Transporto a Frostkje hacia Mapa181 X:32 Y:23
21/07/2009 1:20:40 Transporto a Frostkje hacia Mapa181 X:41 Y:27
21/07/2009 1:20:42 Transporto a Frostkje hacia Mapa181 X:42 Y:26
21/07/2009 1:20:49 /DEST
21/07/2009 1:20:51 Transporto a Frostkje hacia Mapa181 X:39 Y:25
21/07/2009 1:20:54 Transporto a Frostkje hacia Mapa181 X:37 Y:25
21/07/2009 1:20:58 Transporto a Frostkje hacia Mapa181 X:43 Y:19
21/07/2009 1:21:00 Transporto a Frostkje hacia Mapa181 X:42 Y:19
21/07/2009 1:21:02 /DEST
21/07/2009 1:21:04 Transporto a Frostkje hacia Mapa181 X:44 Y:19
21/07/2009 1:21:06 Transporto a Frostkje hacia Mapa181 X:49 Y:15
21/07/2009 1:21:09 Transporto a Frostkje hacia Mapa181 X:50 Y:19
21/07/2009 1:21:15 Transporto a Frostkje hacia Mapa181 X:48 Y:24
