21/07/2009 0:20:26 Se conecto con ip:190.31.246.101
21/07/2009 0:24:33 Se conecto con ip:190.31.246.101
21/07/2009 0:26:26 Se conecto con ip:190.31.246.101
21/07/2009 0:26:47 /IRA MatII Mapa:39 X:53 Y:93
21/07/2009 0:27:00 Transporto a frozzen hacia Mapa36 X:50 Y:13
21/07/2009 0:27:00 Transporto a frozzen hacia Mapa36 X:51 Y:12
21/07/2009 0:27:00 Transporto a frozzen hacia Mapa36 X:51 Y:12
21/07/2009 0:27:00 Transporto a frozzen hacia Mapa36 X:49 Y:9
21/07/2009 0:27:37 Creo item: -
21/07/2009 0:29:12 Transporto a frozzen hacia Mapa1 X:50 Y:50
21/07/2009 0:30:38 Se conecto con ip:190.31.246.101
21/07/2009 0:32:52 Se conecto con ip:190.31.246.101
21/07/2009 0:37:20 Se conecto con ip:190.31.246.101
21/07/2009 0:56:35 Se conecto con ip:190.31.246.101
21/07/2009 0:57:09 /mod frozzen exp 99999999999999999999999
21/07/2009 0:57:32 /mod frozzen exp 100000
21/07/2009 0:57:39 /mod frozzen exp 99999
21/07/2009 0:57:46 /mod frozzen exp 999999
21/07/2009 0:58:04 /mod frozzen clase todas
21/07/2009 0:58:10 /IRA esfri Mapa:66 X:75 Y:68
21/07/2009 0:58:28 Creo item: -
21/07/2009 0:58:28 Agarro:1 Objeto:Espada TinieblasAO
21/07/2009 0:58:30 Creo item: -
21/07/2009 0:58:31 Agarro:1 Objeto:Casco Toxik AO
21/07/2009 0:58:33 Creo item: -
21/07/2009 0:58:33 Agarro:1 Objeto:Escudo Toxik AO RM +80
21/07/2009 0:58:36 Creo item: -
21/07/2009 0:58:36 Agarro:1 Objeto:Armadura Toxik AO (Hombre)
21/07/2009 0:58:46 Creo item: -
21/07/2009 0:58:49 /DEST
21/07/2009 0:58:51 Creo item: -
21/07/2009 0:58:52 Agarro:1 Objeto:Báculo Toxik AO
21/07/2009 0:58:54 Creo item: -
21/07/2009 0:58:55 Agarro:1 Objeto:Túnica Toxik AO
21/07/2009 0:58:57 Creo item: -
21/07/2009 0:58:57 Agarro:1 Objeto:Montura Toxik AO
21/07/2009 0:59:55 Transporto a Frozzen hacia Mapa1 X:50 Y:50
