19/07/2009 11:23:11 a.m. Se conecto con ip:10.0.0.8
19/07/2009 11:23:13 a.m. Transporto a GM MALO hacia Mapa1 X:63 Y:52
19/07/2009 11:23:13 a.m. Transporto a GM MALO hacia Mapa1 X:64 Y:53
19/07/2009 11:23:13 a.m. Transporto a GM MALO hacia Mapa1 X:64 Y:53
19/07/2009 11:23:13 a.m. Transporto a GM MALO hacia Mapa1 X:64 Y:53
19/07/2009 11:23:13 a.m. Transporto a GM MALO hacia Mapa1 X:64 Y:54
19/07/2009 11:23:13 a.m. Transporto a GM MALO hacia Mapa1 X:64 Y:54
19/07/2009 11:23:13 a.m. Transporto a GM MALO hacia Mapa1 X:64 Y:54
19/07/2009 11:23:13 a.m. Transporto a GM MALO hacia Mapa1 X:70 Y:58
19/07/2009 11:23:13 a.m. Transporto a GM MALO hacia Mapa1 X:70 Y:58
19/07/2009 11:23:14 a.m. Transporto a GM MALO hacia Mapa1 X:76 Y:62
19/07/2009 11:23:14 a.m. Transporto a GM MALO hacia Mapa1 X:75 Y:62
19/07/2009 11:23:14 a.m. Transporto a GM MALO hacia Mapa1 X:80 Y:66
19/07/2009 11:23:14 a.m. Transporto a GM MALO hacia Mapa1 X:80 Y:66
19/07/2009 11:23:16 a.m. Transporto a GM MALO hacia Mapa1 X:81 Y:65
19/07/2009 11:23:38 a.m. RMSG: AK SE PUDRE TODO EH!
19/07/2009 11:23:39 a.m. RMSG: AK SE PUDRE TODO EH!
19/07/2009 11:23:39 a.m. RMSG: AK SE PUDRE TODO EH!
19/07/2009 11:23:39 a.m. RMSG: AK SE PUDRE TODO EH!
19/07/2009 11:23:39 a.m. RMSG: AK SE PUDRE TODO EH!
19/07/2009 11:23:40 a.m. RMSG: AK SE PUDRE TODO EH!
19/07/2009 11:23:53 a.m. RMSG: EL QUE ME HABLA LLO MANDO A LA CERCEL POR 5 MINUTOS!
19/07/2009 11:23:53 a.m. RMSG: EL QUE ME HABLA LLO MANDO A LA CERCEL POR 5 MINUTOS!
19/07/2009 11:23:54 a.m. RMSG: EL QUE ME HABLA LLO MANDO A LA CERCEL POR 5 MINUTOS!
19/07/2009 11:23:54 a.m. RMSG: EL QUE ME HABLA LLO MANDO A LA CERCEL POR 5 MINUTOS!
19/07/2009 11:23:54 a.m. RMSG: EL QUE ME HABLA LLO MANDO A LA CERCEL POR 5 MINUTOS!
19/07/2009 11:23:54 a.m. RMSG: EL QUE ME HABLA LLO MANDO A LA CERCEL POR 5 MINUTOS!
19/07/2009 11:23:55 a.m. RMSG: EL QUE ME HABLA LLO MANDO A LA CERCEL POR 5 MINUTOS!
19/07/2009 11:23:55 a.m. RMSG: EL QUE ME HABLA LLO MANDO A LA CERCEL POR 5 MINUTOS!
19/07/2009 11:23:55 a.m. RMSG: EL QUE ME HABLA LLO MANDO A LA CERCEL POR 5 MINUTOS!
19/07/2009 11:23:56 a.m. RMSG: EL QUE ME HABLA LLO MANDO A LA CERCEL POR 5 MINUTOS!
19/07/2009 11:23:56 a.m. RMSG: EL QUE ME HABLA LLO MANDO A LA CERCEL POR 5 MINUTOS!
19/07/2009 11:23:57 a.m. RMSG: EL QUE ME HABLA LLO MANDO A LA CERCEL POR 5 MINUTOS!
19/07/2009 11:23:58 a.m. Transporto a GM MALO hacia Mapa1 X:76 Y:62
19/07/2009 11:23:59 a.m. Transporto a GM MALO hacia Mapa1 X:72 Y:58
19/07/2009 11:23:59 a.m. Transporto a GM MALO hacia Mapa1 X:68 Y:52
19/07/2009 11:23:59 a.m. Transporto a GM MALO hacia Mapa1 X:69 Y:53
19/07/2009 11:23:59 a.m. Transporto a GM MALO hacia Mapa1 X:65 Y:49
19/07/2009 11:23:59 a.m. Transporto a GM MALO hacia Mapa1 X:61 Y:45
19/07/2009 11:24:01 a.m. Transporto a GM MALO hacia Mapa1 X:59 Y:46
19/07/2009 11:24:02 a.m. RMSG: EL QUE ME HABLA LLO MANDO A LA CERCEL POR 5 MINUTOS!
19/07/2009 11:24:02 a.m. RMSG: EL QUE ME HABLA LLO MANDO A LA CERCEL POR 5 MINUTOS!
19/07/2009 11:24:03 a.m. RMSG: EL QUE ME HABLA LLO MANDO A LA CERCEL POR 5 MINUTOS!
19/07/2009 11:24:03 a.m. RMSG: EL QUE ME HABLA LLO MANDO A LA CERCEL POR 5 MINUTOS!
19/07/2009 11:24:03 a.m. RMSG: EL QUE ME HABLA LLO MANDO A LA CERCEL POR 5 MINUTOS!
19/07/2009 11:24:58 a.m. Se conecto con ip:10.0.0.8
19/07/2009 11:25:30 a.m. Se conecto con ip:10.0.0.8
19/07/2009 11:25:32 a.m. RMSG: EL QUE ME HABLA LLO MANDO A LA CERCEL POR 5 MINUTOS!
19/07/2009 11:25:33 a.m. RMSG: EL QUE ME HABLA LLO MANDO A LA CERCEL POR 5 MINUTOS!
19/07/2009 11:25:33 a.m. RMSG: EL QUE ME HABLA LLO MANDO A LA CERCEL POR 5 MINUTOS!
19/07/2009 11:25:34 a.m. RMSG: EL QUE ME HABLA LLO MANDO A LA CERCEL POR 5 MINUTOS!
19/07/2009 11:25:34 a.m. RMSG: EL QUE ME HABLA LLO MANDO A LA CERCEL POR 5 MINUTOS!
19/07/2009 11:25:35 a.m. RMSG: EL QUE ME HABLA LLO MANDO A LA CERCEL POR 5 MINUTOS!
19/07/2009 11:25:36 a.m. RMSG: EL QUE ME HABLA LLO MANDO A LA CERCEL POR 5 MINUTOS!
19/07/2009 11:26:58 a.m. RMSG: EL QUE ME HABLA LLO MANDO A LA CERCEL POR 5 MINUTOS!
19/07/2009 11:27:07 a.m. RMSG: EL QUE ME HABLA LLO MANDO A LA CERCEL POR 5 MINUTOS!
19/07/2009 11:27:08 a.m. RMSG: EL QUE ME HABLA LLO MANDO A LA CERCEL POR 5 MINUTOS!
19/07/2009 11:27:08 a.m. RMSG: EL QUE ME HABLA LLO MANDO A LA CERCEL POR 5 MINUTOS!
19/07/2009 11:27:09 a.m. RMSG: EL QUE ME HABLA LLO MANDO A LA CERCEL POR 5 MINUTOS!
19/07/2009 11:27:09 a.m. RMSG: EL QUE ME HABLA LLO MANDO A LA CERCEL POR 5 MINUTOS!
19/07/2009 11:27:10 a.m. RMSG: EL QUE ME HABLA LLO MANDO A LA CERCEL POR 5 MINUTOS!
19/07/2009 11:27:57 a.m. RMSG: EL QUE ME HABLA LLO MANDO A LA CERCEL POR 5 MINUTOS!
19/07/2009 11:28:06 a.m. /IRA Maxtranger Mapa:66 X:71 Y:47
19/07/2009 11:29:35 a.m. Sumoneo Lobo en mapa 66
19/07/2009 11:29:51 a.m. Transporto a GM MALO hacia Mapa66 X:76 Y:50
19/07/2009 11:29:53 a.m. /MATANPC SIN INICIAR
19/07/2009 11:30:00 a.m. Sumoneo Lobo en mapa 66
19/07/2009 11:30:04 a.m. Transporto a GM MALO hacia Mapa66 X:82 Y:52
19/07/2009 11:30:05 a.m. Sumoneo Lobo en mapa 66
19/07/2009 11:30:09 a.m. Transporto a GM MALO hacia Mapa66 X:75 Y:47
19/07/2009 11:30:10 a.m. Transporto a GM MALO hacia Mapa66 X:71 Y:45
19/07/2009 11:30:10 a.m. Sumoneo Lobo en mapa 66
19/07/2009 11:30:12 a.m. Transporto a GM MALO hacia Mapa66 X:75 Y:51
19/07/2009 11:30:13 a.m. Transporto a GM MALO hacia Mapa66 X:74 Y:53
19/07/2009 11:30:14 a.m. Sumoneo Lobo en mapa 66
19/07/2009 11:30:21 a.m. /MASSKILL
19/07/2009 11:30:22 a.m. /MASSKILL
19/07/2009 11:30:23 a.m. /MASSKILL
19/07/2009 11:30:25 a.m. Transporto a GM MALO hacia Mapa66 X:82 Y:45
19/07/2009 11:30:26 a.m. /MASSKILL
19/07/2009 11:30:26 a.m. Transporto a GM MALO hacia Mapa66 X:90 Y:44
19/07/2009 11:30:27 a.m. Transporto a GM MALO hacia Mapa66 X:85 Y:46
19/07/2009 11:30:27 a.m. Transporto a GM MALO hacia Mapa66 X:83 Y:50
19/07/2009 11:30:27 a.m. Transporto a GM MALO hacia Mapa66 X:83 Y:50
19/07/2009 11:30:28 a.m. Transporto a GM MALO hacia Mapa66 X:77 Y:50
19/07/2009 11:30:28 a.m. Transporto a GM MALO hacia Mapa66 X:70 Y:49
19/07/2009 11:30:28 a.m. Transporto a GM MALO hacia Mapa66 X:64 Y:47
19/07/2009 11:30:28 a.m. Transporto a GM MALO hacia Mapa66 X:64 Y:47
19/07/2009 11:30:28 a.m. Transporto a GM MALO hacia Mapa66 X:59 Y:44
19/07/2009 11:30:29 a.m. Transporto a GM MALO hacia Mapa66 X:57 Y:48
19/07/2009 11:30:29 a.m. Transporto a GM MALO hacia Mapa66 X:61 Y:51
19/07/2009 11:30:30 a.m. /MASSKILL
19/07/2009 11:30:31 a.m. Transporto a GM MALO hacia Mapa66 X:69 Y:53
19/07/2009 11:30:31 a.m. Transporto a GM MALO hacia Mapa66 X:76 Y:55
19/07/2009 11:30:31 a.m. Transporto a GM MALO hacia Mapa66 X:81 Y:53
19/07/2009 11:30:32 a.m. Transporto a GM MALO hacia Mapa66 X:78 Y:51
19/07/2009 11:30:35 a.m. Resucitó a MatII
19/07/2009 11:31:09 a.m. RMSG: SOI ONLY :P
19/07/2009 11:31:32 a.m. /CT: 1 50 5
19/07/2009 11:31:41 a.m. Transporto a GM MALO hacia Mapa66 X:75 Y:54
19/07/2009 11:31:42 a.m. Transporto a GM MALO hacia Mapa66 X:75 Y:57
19/07/2009 11:31:42 a.m. Transporto a GM MALO hacia Mapa66 X:75 Y:60
19/07/2009 11:31:42 a.m. Transporto a GM MALO hacia Mapa66 X:75 Y:64
19/07/2009 11:31:43 a.m. Transporto a GM MALO hacia Mapa66 X:75 Y:68
19/07/2009 11:31:44 a.m. Transporto a GM MALO hacia Mapa66 X:74 Y:70
19/07/2009 11:31:47 a.m. Transporto a GM MALO hacia Mapa1 X:57 Y:46
20/07/2009 05:53:35 p.m. Se conecto con ip:10.0.0.44
20/07/2009 05:53:39 p.m. Transporto a GM MALo hacia Mapa1 X:51 Y:43
20/07/2009 05:53:40 p.m. Transporto a GM MALo hacia Mapa1 X:45 Y:39
20/07/2009 05:53:40 p.m. Transporto a GM MALo hacia Mapa1 X:39 Y:35
20/07/2009 05:53:40 p.m. Transporto a GM MALo hacia Mapa1 X:34 Y:31
20/07/2009 05:53:40 p.m. Transporto a GM MALo hacia Mapa1 X:34 Y:32
20/07/2009 05:53:41 p.m. Transporto a GM MALo hacia Mapa1 X:31 Y:29
20/07/2009 05:53:41 p.m. Transporto a GM MALo hacia Mapa1 X:33 Y:26
20/07/2009 05:53:41 p.m. Transporto a GM MALo hacia Mapa1 X:33 Y:23
20/07/2009 05:53:41 p.m. Transporto a GM MALo hacia Mapa1 X:32 Y:20
20/07/2009 05:53:41 p.m. Transporto a GM MALo hacia Mapa1 X:33 Y:17
20/07/2009 05:53:42 p.m. Transporto a GM MALo hacia Mapa1 X:33 Y:15
20/07/2009 05:53:45 p.m. Transporto a GM MALo hacia Mapa5 X:36 Y:87
20/07/2009 05:53:54 p.m. /SUM Matii Map:5 X:39 Y:86
21/07/2009 05:30:53 a.m. Se conecto con ip:10.0.0.8
21/07/2009 05:30:54 a.m. Transporto a GM MALO hacia Mapa1 X:34 Y:12
21/07/2009 05:30:54 a.m. Transporto a GM MALO hacia Mapa1 X:33 Y:15
21/07/2009 05:30:54 a.m. Transporto a GM MALO hacia Mapa1 X:33 Y:19
21/07/2009 05:30:54 a.m. Transporto a GM MALO hacia Mapa1 X:34 Y:23
21/07/2009 05:30:55 a.m. Transporto a GM MALO hacia Mapa1 X:35 Y:24
21/07/2009 05:30:55 a.m. Transporto a GM MALO hacia Mapa1 X:36 Y:29
21/07/2009 05:30:55 a.m. Transporto a GM MALO hacia Mapa1 X:41 Y:33
21/07/2009 05:30:55 a.m. Transporto a GM MALO hacia Mapa1 X:42 Y:32
21/07/2009 05:30:55 a.m. Transporto a GM MALO hacia Mapa1 X:47 Y:36
21/07/2009 05:30:55 a.m. Transporto a GM MALO hacia Mapa1 X:46 Y:36
21/07/2009 05:30:56 a.m. Transporto a GM MALO hacia Mapa1 X:50 Y:41
21/07/2009 05:30:56 a.m. Transporto a GM MALO hacia Mapa1 X:50 Y:41
21/07/2009 05:30:56 a.m. Transporto a GM MALO hacia Mapa1 X:56 Y:42
21/07/2009 05:30:57 a.m. Transporto a GM MALO hacia Mapa1 X:61 Y:44
21/07/2009 05:30:58 a.m. Transporto a GM MALO hacia Mapa1 X:61 Y:46
21/07/2009 05:31:15 a.m. Transporto a GM MALO hacia Mapa1 X:59 Y:47
21/07/2009 05:31:16 a.m. Transporto a GM MALO hacia Mapa1 X:57 Y:48
21/07/2009 05:31:16 a.m. Transporto a GM MALO hacia Mapa1 X:57 Y:48
21/07/2009 05:31:16 a.m. Transporto a GM MALO hacia Mapa1 X:58 Y:47
21/07/2009 11:42:54 a.m. Se conecto con ip:10.0.0.8
21/07/2009 11:43:11 a.m. /INVISIBLE
21/07/2009 11:43:16 a.m. Transporto a GM MALO hacia Mapa236 X:50 Y:50
21/07/2009 11:43:17 a.m. Transporto a GM MALO hacia Mapa236 X:51 Y:55
21/07/2009 11:43:17 a.m. Transporto a GM MALO hacia Mapa236 X:50 Y:55
21/07/2009 11:43:18 a.m. Transporto a GM MALO hacia Mapa236 X:51 Y:60
21/07/2009 11:43:18 a.m. Transporto a GM MALO hacia Mapa236 X:51 Y:65
21/07/2009 11:43:20 a.m. Transporto a GM MALO hacia Mapa236 X:45 Y:66
21/07/2009 11:43:35 a.m. Transporto a GM MALO hacia Mapa236 X:50 Y:70
21/07/2009 11:43:44 a.m. Transporto a GM MALO hacia Mapa236 X:48 Y:74
21/07/2009 11:43:45 a.m. Transporto a GM MALO hacia Mapa236 X:46 Y:75
21/07/2009 11:43:46 a.m. Transporto a GM MALO hacia Mapa236 X:40 Y:70
21/07/2009 11:44:30 a.m. Transporto a GM MALO hacia Mapa236 X:45 Y:73
21/07/2009 11:44:31 a.m. Transporto a GM MALO hacia Mapa236 X:50 Y:70
21/07/2009 11:44:32 a.m. Transporto a GM MALO hacia Mapa236 X:46 Y:68
21/07/2009 11:44:33 a.m. Transporto a GM MALO hacia Mapa236 X:45 Y:68
21/07/2009 11:45:08 a.m. /INVISIBLE
21/07/2009 11:45:10 a.m. Transporto a GM MALO hacia Mapa236 X:40 Y:59
21/07/2009 11:45:11 a.m. Transporto a GM MALO hacia Mapa236 X:39 Y:54
21/07/2009 11:45:11 a.m. Transporto a GM MALO hacia Mapa236 X:39 Y:54
21/07/2009 11:45:11 a.m. Transporto a GM MALO hacia Mapa236 X:38 Y:49
21/07/2009 11:45:14 a.m. /INVISIBLE
21/07/2009 11:45:15 a.m. Transporto a GM MALO hacia Mapa236 X:39 Y:53
21/07/2009 11:45:16 a.m. Transporto a GM MALO hacia Mapa236 X:40 Y:57
21/07/2009 11:45:16 a.m. Transporto a GM MALO hacia Mapa236 X:40 Y:57
21/07/2009 11:45:16 a.m. Transporto a GM MALO hacia Mapa236 X:41 Y:61
21/07/2009 11:45:16 a.m. Transporto a GM MALO hacia Mapa236 X:41 Y:66
21/07/2009 11:45:24 a.m. Transporto a GM MALO hacia Mapa236 X:48 Y:67
21/07/2009 11:45:25 a.m. Transporto a GM MALO hacia Mapa236 X:51 Y:71
21/07/2009 11:45:35 a.m. Transporto a GM MALO hacia Mapa236 X:45 Y:76
21/07/2009 11:45:37 a.m. Transporto a GM MALO hacia Mapa236 X:41 Y:71
21/07/2009 11:45:54 a.m. Transporto a GM MALO hacia Mapa236 X:46 Y:68
21/07/2009 11:46:12 a.m. Transporto a GM MALO hacia Mapa236 X:52 Y:68
21/07/2009 11:46:30 a.m. Transporto a GM MALO hacia Mapa236 X:53 Y:68
21/07/2009 11:46:34 a.m. Transporto a GM MALO hacia Mapa236 X:52 Y:70
21/07/2009 11:46:35 a.m. Transporto a GM MALO hacia Mapa236 X:50 Y:71
21/07/2009 11:46:36 a.m. Transporto a GM MALO hacia Mapa236 X:50 Y:70
21/07/2009 11:46:49 a.m. Transporto a GM MALO hacia Mapa236 X:50 Y:69
21/07/2009 11:46:51 a.m. Transporto a GM MALO hacia Mapa236 X:47 Y:68
21/07/2009 11:47:16 a.m. Transporto a GM MALO hacia Mapa236 X:51 Y:71
21/07/2009 11:47:25 a.m. /IRA General Winter Mapa:66 X:75 Y:47
21/07/2009 11:47:40 a.m. /INVISIBLE
21/07/2009 11:49:02 a.m. /INVISIBLE
21/07/2009 11:49:03 a.m. Transporto a GM MALO hacia Mapa66 X:75 Y:53
21/07/2009 11:49:03 a.m. Transporto a GM MALO hacia Mapa66 X:75 Y:58
21/07/2009 11:49:03 a.m. Transporto a GM MALO hacia Mapa66 X:75 Y:63
21/07/2009 11:49:04 a.m. Transporto a GM MALO hacia Mapa66 X:75 Y:68
21/07/2009 11:49:04 a.m. Transporto a GM MALO hacia Mapa66 X:75 Y:73
21/07/2009 11:49:05 a.m. Transporto a GM MALO hacia Mapa66 X:74 Y:72
21/07/2009 11:49:10 a.m. Transporto a GM MALO hacia Mapa236 X:50 Y:50
21/07/2009 11:49:11 a.m. Transporto a GM MALO hacia Mapa236 X:49 Y:54
21/07/2009 11:49:11 a.m. Transporto a GM MALO hacia Mapa236 X:48 Y:55
21/07/2009 11:49:11 a.m. Transporto a GM MALO hacia Mapa236 X:47 Y:60
21/07/2009 11:49:11 a.m. Transporto a GM MALO hacia Mapa236 X:47 Y:66
21/07/2009 11:49:12 a.m. Transporto a GM MALO hacia Mapa236 X:47 Y:65
21/07/2009 11:49:15 a.m. Transporto a GM MALO hacia Mapa236 X:51 Y:70
21/07/2009 11:49:17 a.m. Transporto a GM MALO hacia Mapa236 X:48 Y:75
21/07/2009 11:49:18 a.m. Transporto a GM MALO hacia Mapa236 X:41 Y:77
21/07/2009 11:49:19 a.m. Transporto a GM MALO hacia Mapa236 X:38 Y:71
21/07/2009 11:49:20 a.m. Transporto a GM MALO hacia Mapa236 X:43 Y:75
21/07/2009 11:49:21 a.m. Transporto a GM MALO hacia Mapa236 X:45 Y:75
21/07/2009 11:49:22 a.m. Transporto a GM MALO hacia Mapa236 X:44 Y:74
21/07/2009 11:49:24 a.m. Transporto a GM MALO hacia Mapa236 X:51 Y:70
21/07/2009 11:49:25 a.m. Transporto a GM MALO hacia Mapa236 X:53 Y:70
21/07/2009 11:51:26 a.m. Transporto a GM MALO hacia Mapa236 X:51 Y:70
21/07/2009 11:51:33 a.m. Transporto a GM MALO hacia Mapa236 X:50 Y:68
21/07/2009 11:51:35 a.m. Transporto a GM MALO hacia Mapa236 X:52 Y:70
21/07/2009 11:52:16 a.m. RMSG: Donde corrupcion man.... Estabas lag... No c discute!
21/07/2009 11:52:39 a.m. RMSG: CN LA l 
21/07/2009 11:52:42 a.m. RMSG: L
21/07/2009 11:52:50 a.m. Transporto a oxee hacia Mapa2 X:50 Y:50
21/07/2009 11:54:15 a.m. RMSG: NO AI BICHOS EN DD... ONLY LO VA A RREGLAR LUEGO
21/07/2009 11:55:02 a.m. Transporto a GM MALO hacia Mapa236 X:51 Y:65
21/07/2009 11:55:03 a.m. Transporto a GM MALO hacia Mapa236 X:50 Y:59
21/07/2009 11:55:03 a.m. Transporto a GM MALO hacia Mapa236 X:49 Y:59
21/07/2009 11:55:03 a.m. Transporto a GM MALO hacia Mapa236 X:46 Y:53
21/07/2009 11:55:03 a.m. Transporto a GM MALO hacia Mapa236 X:46 Y:53
21/07/2009 11:55:03 a.m. Transporto a GM MALO hacia Mapa236 X:43 Y:47
21/07/2009 11:55:03 a.m. Transporto a GM MALO hacia Mapa236 X:43 Y:48
21/07/2009 11:55:04 a.m. Transporto a GM MALO hacia Mapa236 X:41 Y:43
21/07/2009 11:55:27 a.m. Transporto a GM MALO hacia Mapa236 X:43 Y:47
21/07/2009 11:55:27 a.m. Transporto a GM MALO hacia Mapa236 X:45 Y:51
21/07/2009 11:55:27 a.m. Transporto a GM MALO hacia Mapa236 X:46 Y:56
21/07/2009 11:55:27 a.m. Transporto a GM MALO hacia Mapa236 X:47 Y:61
21/07/2009 11:55:27 a.m. Transporto a GM MALO hacia Mapa236 X:48 Y:66
21/07/2009 11:55:30 a.m. Transporto a GM MALO hacia Mapa236 X:52 Y:68
21/07/2009 11:56:33 a.m. Mensaje de sistema:PERDONEN EL LAG:. estoi subiendo el cliente full a mediafire
21/07/2009 12:02:09 p.m. Transporto a GM MALO hacia Mapa236 X:51 Y:68
21/07/2009 12:02:09 p.m. Transporto a GM MALO hacia Mapa236 X:49 Y:68
21/07/2009 12:02:10 p.m. Transporto a GM MALO hacia Mapa236 X:46 Y:69
21/07/2009 12:02:32 p.m. RMSG: EL TEMA DE LAS CASA HJABLEN CON ONLY... PQ EL MAPA FUE TOTALMENTE MODIFICAODO POR PROBLEMAS QUE SURGIERON
21/07/2009 12:02:50 p.m. RMSG: NADIE FUE SAKIDO NI ROBADO.
21/07/2009 12:03:11 p.m. RMSG: TODOS LOS CRIMINALES ESTAN EN PRISION... Las tierras de TIAO estan LIBRES DE LADRONES
21/07/2009 12:06:58 p.m. /IRA blade Mapa:185 X:26 Y:75
21/07/2009 12:07:50 p.m. Transporto a GM MALO hacia Mapa185 X:30 Y:69
21/07/2009 12:07:50 p.m. Transporto a GM MALO hacia Mapa185 X:30 Y:69
21/07/2009 12:07:50 p.m. Transporto a GM MALO hacia Mapa185 X:37 Y:63
21/07/2009 12:07:51 p.m. Transporto a GM MALO hacia Mapa185 X:36 Y:63
21/07/2009 12:07:51 p.m. Transporto a GM MALO hacia Mapa185 X:41 Y:57
21/07/2009 12:07:51 p.m. Transporto a GM MALO hacia Mapa185 X:44 Y:52
21/07/2009 12:07:51 p.m. Transporto a GM MALO hacia Mapa185 X:44 Y:52
21/07/2009 12:07:51 p.m. Transporto a GM MALO hacia Mapa185 X:47 Y:47
21/07/2009 12:07:52 p.m. Transporto a GM MALO hacia Mapa185 X:50 Y:49
21/07/2009 12:07:53 p.m. Transporto a GM MALO hacia Mapa185 X:49 Y:52
21/07/2009 12:27:58 p.m. RMSG: MANDEN /GM DALE.
21/07/2009 12:28:04 p.m. RMSG: APudando
21/07/2009 12:28:43 p.m. Se conecto con ip:10.0.0.8
21/07/2009 12:28:53 p.m. RMSG: DESPUES DE ONLY.. FUI EL Q MAS SE PUSO ALS PILAS..
21/07/2009 12:29:08 p.m. RMSG: Y EL HOST PAGO YO LO VOI A BANCAR DE MI BOLSIllo.. LA MAYORIA
21/07/2009 12:31:24 p.m. Se conecto con ip:10.0.0.8
21/07/2009 12:31:28 p.m. /IRA Style Mapa:2 X:61 Y:52
21/07/2009 12:32:04 p.m. Transporto a GM MALo hacia Mapa2 X:50 Y:50
21/07/2009 12:38:22 p.m. Se conecto con ip:10.0.0.8
21/07/2009 12:38:36 p.m. RMSG: OXEE... ESTAS BARDIANDO MUCHO MAN... e slo unico que haces.
21/07/2009 12:38:41 p.m. RMSG: YA TE SARPAS
