----------------------------------------------------------
15/07/2009 06:14:40 a.m. El usuario: WUA WUA ha sido hechado por posible tenencia de programas externos (Acelerador detectado por el cliente)
----------------------------------------------------------
----------------------------------------------------------
15/07/2009 11:11:59 a.m. El usuario: ASD ha sido hechado por posible tenencia de programas externos (Acelerador detectado por el cliente)
----------------------------------------------------------
----------------------------------------------------------
15/07/2009 11:40:15 a.m. El usuario: ASD ha sido hechado por posible tenencia de programas externos (Acelerador detectado por el cliente)
----------------------------------------------------------
----------------------------------------------------------
15/07/2009 11:41:43 a.m. El usuario: ASD ha sido hechado por posible tenencia de programas externos (Acelerador detectado por el cliente)
----------------------------------------------------------
----------------------------------------------------------
15/07/2009 11:41:56 a.m. El usuario: ASD ha sido hechado por posible tenencia de programas externos (Acelerador detectado por el cliente)
----------------------------------------------------------
----------------------------------------------------------
15/07/2009 11:42:06 a.m. El usuario: ASD ha sido hechado por posible tenencia de programas externos (Acelerador detectado por el cliente)
----------------------------------------------------------
----------------------------------------------------------
15/07/2009 11:42:15 a.m. El usuario: ASD ha sido hechado por posible tenencia de programas externos (Acelerador detectado por el cliente)
----------------------------------------------------------
----------------------------------------------------------
15/07/2009 11:42:26 a.m. El usuario: ASD ha sido hechado por posible tenencia de programas externos (Acelerador detectado por el cliente)
----------------------------------------------------------
----------------------------------------------------------
15/07/2009 11:42:36 a.m. El usuario: ASD ha sido hechado por posible tenencia de programas externos (Acelerador detectado por el cliente)
----------------------------------------------------------
----------------------------------------------------------
16/07/2009 08:46:01 a.m. El usuario: NASFREHUR ha sido hechado por posible tenencia de programas externos (Acelerador detectado por el cliente)
----------------------------------------------------------
----------------------------------------------------------
16/07/2009 08:46:17 a.m. El usuario: NASFREHUR ha sido hechado por posible tenencia de programas externos (Acelerador detectado por el cliente)
----------------------------------------------------------
----------------------------------------------------------
16/07/2009 01:34:11 p.m. AISHUTA IP:190.172.233.160 trato de hackear los skills.
----------------------------------------------------------
----------------------------------------------------------
18/07/2009 12:54:04 a.m. El usuario: CHEK ha sido hechado por posible tenencia de programas externos (Acelerador detectado por el cliente)
----------------------------------------------------------
----------------------------------------------------------
18/07/2009 02:31:05 a.m. El usuario: ZAYR ha sido hechado por posible tenencia de programas externos (Acelerador detectado por el cliente)
----------------------------------------------------------
----------------------------------------------------------
18/07/2009 02:35:21 a.m. El usuario: ZAYR ha sido hechado por posible tenencia de programas externos (Acelerador detectado por el cliente)
----------------------------------------------------------
----------------------------------------------------------
18/07/2009 02:36:40 a.m. El usuario: ZAYR ha sido hechado por posible tenencia de programas externos (Acelerador detectado por el cliente)
----------------------------------------------------------
----------------------------------------------------------
18/07/2009 02:55:25 a.m. El usuario: HERRERONCITO ha sido hechado por posible tenencia de programas externos (Acelerador detectado por el cliente)
----------------------------------------------------------
----------------------------------------------------------
18/07/2009 02:56:32 a.m. El usuario: HERRERONCITO ha sido hechado por posible tenencia de programas externos (Acelerador detectado por el cliente)
----------------------------------------------------------
----------------------------------------------------------
18/07/2009 02:59:27 a.m. El usuario: HERRERONCITO ha sido hechado por posible tenencia de programas externos (Acelerador detectado por el cliente)
----------------------------------------------------------
----------------------------------------------------------
18/07/2009 03:00:34 a.m. El usuario: HERRERONCITO ha sido hechado por posible tenencia de programas externos (Acelerador detectado por el cliente)
----------------------------------------------------------
----------------------------------------------------------
18/07/2009 03:10:47 a.m. El usuario: HERRERONCITO ha sido hechado por posible tenencia de programas externos (Acelerador detectado por el cliente)
----------------------------------------------------------
----------------------------------------------------------
18/07/2009 03:13:01 a.m. El usuario: HERRERONCITO ha sido hechado por posible tenencia de programas externos (Acelerador detectado por el cliente)
----------------------------------------------------------
----------------------------------------------------------
18/07/2009 03:14:25 a.m. El usuario: HERRERONCITO ha sido hechado por posible tenencia de programas externos (Acelerador detectado por el cliente)
----------------------------------------------------------
----------------------------------------------------------
18/07/2009 03:43:06 a.m. El usuario: HERRERONCITO ha sido hechado por posible tenencia de programas externos (Acelerador detectado por el cliente)
----------------------------------------------------------
----------------------------------------------------------
18/07/2009 03:52:32 a.m. El usuario: HERRERONCITO ha sido hechado por posible tenencia de programas externos (Acelerador detectado por el cliente)
----------------------------------------------------------
----------------------------------------------------------
19/07/2009 12:46:36 p.m. El usuario: MAXTRANGER ha sido hechado por posible tenencia de programas externos (Acelerador detectado por el cliente)
----------------------------------------------------------
----------------------------------------------------------
19/07/2009 03:22:32 p.m. El usuario: MIA ha sido hechado por posible tenencia de programas externos (Acelerador detectado por el cliente)
----------------------------------------------------------
----------------------------------------------------------
19/07/2009 03:23:54 p.m. El usuario: MIA ha sido hechado por posible tenencia de programas externos (Acelerador detectado por el cliente)
----------------------------------------------------------
----------------------------------------------------------
19/07/2009 03:24:34 p.m. El usuario: MIA ha sido hechado por posible tenencia de programas externos (Acelerador detectado por el cliente)
----------------------------------------------------------
----------------------------------------------------------
19/07/2009 03:25:16 p.m. El usuario: MIA ha sido hechado por posible tenencia de programas externos (Acelerador detectado por el cliente)
----------------------------------------------------------
----------------------------------------------------------
20/07/2009 01:04:37 a.m. CaZaP IP:190.55.42.42 trato de hackear los skills.
----------------------------------------------------------
----------------------------------------------------------
20/07/2009 02:44:52 a.m. El usuario: CNA ha sido hechado por posible tenencia de programas externos (Acelerador detectado por el cliente)
----------------------------------------------------------
----------------------------------------------------------
20/07/2009 01:28:06 p.m. El usuario: STYLE ha sido hechado por posible tenencia de programas externos (Acelerador detectado por el cliente)
----------------------------------------------------------
----------------------------------------------------------
20/07/2009 01:29:11 p.m. El usuario: LUQUIX IV ha sido hechado por posible tenencia de programas externos (Acelerador detectado por el cliente)
----------------------------------------------------------
----------------------------------------------------------
20/07/2009 01:29:56 p.m. El usuario: LUQUIX IV ha sido hechado por posible tenencia de programas externos (Acelerador detectado por el cliente)
----------------------------------------------------------
----------------------------------------------------------
21/07/2009 01:13:29 a.m. THIRAEL IP:190.137.171.140 trato de hackear los skills.
----------------------------------------------------------
----------------------------------------------------------
21/07/2009 02:56:16 a.m. ASDASDDSDS IP:190.247.35.69 trato de hackear los skills.
----------------------------------------------------------
----------------------------------------------------------
21/07/2009 07:26:37 a.m. El usuario: LOCO ha sido hechado por posible tenencia de programas externos (Acelerador detectado por el cliente)
----------------------------------------------------------
