27/02/2007 09:24:24 p.m. server iniciado 1.1.3
27/02/2007 09:29:18 p.m. server cerrado.
27/02/2007 09:33:29 p.m. server iniciado 1.1.3
27/02/2007 09:39:26 p.m. server cerrado.
27/02/2007 09:42:04 p.m. server iniciado 1.1.3
27/02/2007 09:45:32 p.m. server cerrado.
27/02/2007 09:50:35 p.m. server iniciado 1.1.3
27/02/2007 10:09:22 p.m. server cerrado.
27/02/2007 10:11:53 p.m. server iniciado 1.1.3
27/02/2007 10:12:03 p.m. server cerrado.
27/02/2007 10:12:26 p.m. server iniciado 1.1.3
27/02/2007 10:14:58 p.m. server cerrado.
27/02/2007 10:16:10 p.m. server iniciado 1.1.3
27/02/2007 10:46:46 p.m. server cerrado.
28/02/2007 09:03:48 p.m. server iniciado 1.1.3
28/02/2007 09:05:46 p.m. server cerrado.
28/02/2007 09:12:57 p.m. server iniciado 1.1.3
28/02/2007 09:18:43 p.m. server cerrado.
28/02/2007 09:28:55 p.m. server iniciado 1.1.3
28/02/2007 09:32:16 p.m. server iniciado 1.1.3
28/02/2007 10:11:38 p.m. server cerrado.
28/02/2007 10:12:44 p.m. server iniciado 1.1.3
28/02/2007 10:19:00 p.m. server cerrado.
28/02/2007 10:20:57 p.m. server iniciado 1.1.3
28/02/2007 10:54:01 p.m. server cerrado.
01/03/2007 11:19:25 a.m. server iniciado 1.1.3
01/03/2007 08:26:54 p.m. server iniciado 1.1.3
01/03/2007 08:33:10 p.m. server cerrado.
04/03/2007 09:55:39 p.m. server iniciado 1.1.3
04/03/2007 10:17:43 p.m. server cerrado.
04/03/2007 10:19:49 p.m. server iniciado 1.1.3
04/03/2007 10:38:07 p.m. server cerrado.
05/03/2007 08:30:37 p.m. server iniciado 1.1.3
05/03/2007 08:33:08 p.m. server cerrado.
05/03/2007 08:33:49 p.m. server iniciado 1.1.3
05/03/2007 08:34:50 p.m. server cerrado.
05/03/2007 08:35:17 p.m. server iniciado 1.1.3
05/03/2007 08:36:05 p.m. server cerrado.
05/03/2007 08:36:34 p.m. server iniciado 0.9.52
05/03/2007 08:36:38 p.m. server cerrado.
05/03/2007 08:37:46 p.m. server iniciado 0.11.20
05/03/2007 08:39:09 p.m. server iniciado 0.11.20
05/03/2007 08:39:37 p.m. server cerrado.
05/03/2007 08:42:34 p.m. server iniciado 1.1.3
05/03/2007 08:54:33 p.m. server cerrado.
05/03/2007 08:57:13 p.m. server iniciado 1.1.3
05/03/2007 10:27:14 p.m. server cerrado.
06/03/2007 10:49:43 server iniciado 1.1.3
06/03/2007 12:53:28 server iniciado 1.1.3
06/03/2007 13:55:28 server cerrado.
06/03/2007 14:15:53 server iniciado 1.1.3
06/03/2007 14:35:05 server cerrado.
08/03/2007 10:34:07 server iniciado 1.1.3
08/03/2007 12:54:32 server cerrado.
10/03/2007 14:38:18 server iniciado 1.1.3
10/03/2007 15:15:21 server cerrado.
07/07/2009 04:10:41 a.m. server iniciado 1.1.3
07/07/2009 04:11:43 a.m. server iniciado 0.11.20
07/07/2009 04:11:49 a.m. server cerrado.
07/07/2009 04:12:01 a.m. server iniciado 1.1.3
07/07/2009 04:14:09 a.m. server iniciado 0.11.20
07/07/2009 04:16:08 a.m. server cerrado.
07/07/2009 04:42:27 a.m. server cerrado.
07/07/2009 04:42:53 a.m. server iniciado 1.1.3
07/07/2009 05:29:34 a.m. server cerrado.
07/07/2009 05:55:59 a.m. server iniciado 1.1.3
07/07/2009 05:57:35 a.m. server iniciado 1.1.3
07/07/2009 06:42:50 a.m. server cerrado.
07/07/2009 10:25:51 a.m. server iniciado 1.1.3
07/07/2009 11:48:17 a.m. server cerrado.
07/07/2009 11:57:53 a.m. server iniciado 1.1.3
07/07/2009 12:33:12 p.m. server cerrado.
07/07/2009 06:03:09 p.m. server iniciado 1.1.3
07/07/2009 06:10:53 p.m. server iniciado 1.1.3
08/07/2009 06:54:50 a.m. server iniciado 1.1.3
08/07/2009 07:47:48 a.m. server cerrado.
08/07/2009 12:51:20 p.m. server iniciado 1.1.3
09/07/2009 01:06:29 a.m. server cerrado.
09/07/2009 01:07:04 a.m. server iniciado 1.1.3
09/07/2009 07:06:38 a.m. server iniciado 1.1.3
09/07/2009 08:17:08 a.m. server iniciado 1.1.3
11/07/2009 07:28:01 a.m. server cerrado.
11/07/2009 07:34:18 a.m. server iniciado 1.1.3
11/07/2009 07:52:43 a.m. server cerrado.
11/07/2009 07:53:42 a.m. server iniciado 1.1.3
11/07/2009 07:55:35 a.m. server cerrado.
11/07/2009 07:57:24 a.m. server iniciado 1.1.3
11/07/2009 08:01:27 a.m. server cerrado.
11/07/2009 08:10:13 a.m. server iniciado 1.1.3
11/07/2009 06:01:41 p.m. server cerrado.
11/07/2009 06:02:11 p.m. server iniciado 1.1.3
12/07/2009 05:20:31 a.m. server cerrado.
12/07/2009 05:22:02 a.m. server iniciado 0.11.20
12/07/2009 05:23:45 a.m. server iniciado 1.1.3
12/07/2009 04:28:44 p.m. server iniciado 1.1.3
12/07/2009 04:31:53 p.m. server iniciado 1.1.3
12/07/2009 04:32:50 p.m. server iniciado 1.1.3
12/07/2009 04:36:36 p.m. server iniciado 1.1.3
12/07/2009 04:36:44 p.m. server cerrado.
13/07/2009 06:55:01 a.m. server cerrado.
13/07/2009 06:55:31 a.m. server iniciado 1.1.3
13/07/2009 07:48:03 a.m. server cerrado.
13/07/2009 07:51:43 a.m. server iniciado 1.1.3
13/07/2009 08:00:07 a.m. server cerrado.
13/07/2009 09:09:33 a.m. server iniciado 1.1.3
13/07/2009 09:14:21 a.m. server iniciado 1.1.3
13/07/2009 09:21:05 a.m. server cerrado.
13/07/2009 09:29:03 a.m. server iniciado 1.1.3
13/07/2009 09:32:06 a.m. server cerrado.
13/07/2009 09:32:34 a.m. server iniciado 1.1.3
13/07/2009 06:33:24 p.m. server cerrado.
13/07/2009 06:33:47 p.m. server iniciado 1.1.3
13/07/2009 06:38:23 p.m. server cerrado.
13/07/2009 06:39:17 p.m. server iniciado 1.1.3
13/07/2009 06:40:32 p.m. server iniciado 1.1.3
13/07/2009 06:40:38 p.m. server cerrado.
13/07/2009 06:41:35 p.m. server cerrado.
13/07/2009 06:42:57 p.m. server iniciado 1.1.3
16/07/2009 08:54:07 a.m. server iniciado 1.1.3
16/07/2009 10:31:08 a.m. server cerrado.
16/07/2009 10:31:54 a.m. server iniciado 1.1.3
16/07/2009 10:32:33 a.m. server cerrado.
16/07/2009 10:34:33 a.m. server iniciado 1.1.3
16/07/2009 11:00:32 a.m. server iniciado 1.1.3
16/07/2009 11:03:28 a.m. server cerrado.
16/07/2009 11:03:55 a.m. server iniciado 1.1.3
16/07/2009 11:08:33 a.m. server cerrado.
16/07/2009 11:09:22 a.m. server iniciado 1.1.3
16/07/2009 11:12:39 a.m. server cerrado.
16/07/2009 11:13:15 a.m. server iniciado 1.1.3
16/07/2009 11:26:37 a.m. server cerrado.
16/07/2009 11:27:01 a.m. server iniciado 1.1.3
19/07/2009 12:14:00 p.m. server iniciado 1.1.3
21/07/2009 03:34:06 a.m. server cerrado.
21/07/2009 03:34:53 a.m. server iniciado 1.1.3
21/07/2009 03:35:57 a.m. server cerrado.
21/07/2009 03:36:40 a.m. server iniciado 1.1.3
21/07/2009 03:54:51 a.m. server cerrado.
21/07/2009 03:56:24 a.m. server iniciado 1.1.3
21/07/2009 04:11:45 a.m. server cerrado.
21/07/2009 04:17:21 a.m. server iniciado 1.1.3
21/07/2009 04:35:05 a.m. server cerrado.
21/07/2009 04:41:06 a.m. server iniciado 1.1.3
21/07/2009 04:51:26 a.m. server cerrado.
21/07/2009 04:53:33 a.m. server iniciado 1.1.3
21/07/2009 05:45:21 a.m. server cerrado.
21/07/2009 05:46:57 a.m. server iniciado 1.1.3
21/07/2009 06:24:52 a.m. server cerrado.
21/07/2009 06:48:14 a.m. server iniciado 1.1.3
20/07/2009 4:19:28 server iniciado 1.1.3
20/07/2009 4:31:50 server iniciado 1.1.3
20/07/2009 4:37:09 server cerrado.
20/07/2009 5:09:52 server iniciado 1.1.3
20/07/2009 5:21:01 server cerrado.
20/07/2009 7:14:13 server iniciado 1.1.3
20/07/2009 20:35:25 server iniciado 1.1.3
20/07/2009 20:40:31 server cerrado.
20/07/2009 20:49:07 server iniciado 1.1.3
20/07/2009 20:53:11 server cerrado.
20/07/2009 21:05:25 server iniciado 1.1.3
20/07/2009 23:02:37 server iniciado 1.1.3
20/07/2009 23:04:51 server cerrado.
20/07/2009 23:13:21 server iniciado 1.1.3
21/07/2009 6:39:32 server iniciado 1.1.3
21/07/2009 10:41:44 server iniciado 1.1.3
