21/07/2009 12:19:33 p.m. Se conecto con ip:201.231.88.129
21/07/2009 12:19:36 p.m. Transporto a NeesKenS hacia Mapa2 X:63 Y:47
21/07/2009 12:19:37 p.m. Tiro cantidad:1 Objeto:Escudo de torre +1
21/07/2009 12:19:38 p.m. Agarro:1 Objeto:Escudo de torre +1
21/07/2009 12:19:48 p.m. RMSG: Ahora soy SEMI DIOS EA
21/07/2009 12:20:37 p.m. Transporto a NeesKenS hacia Mapa2 X:56 Y:50
21/07/2009 12:23:06 p.m. /INVISIBLE
21/07/2009 12:23:15 p.m. RMSG: Atiendo CONSULTAS ~500
21/07/2009 12:23:51 p.m. /IRA blade Mapa:34 X:79 Y:42
21/07/2009 12:24:42 p.m. /INVISIBLE
21/07/2009 12:24:44 p.m. Transporto a NeesKenS hacia Mapa34 X:78 Y:44
21/07/2009 12:24:45 p.m. Transporto a NeesKenS hacia Mapa34 X:77 Y:44
21/07/2009 12:24:45 p.m. Transporto a NeesKenS hacia Mapa34 X:77 Y:40
21/07/2009 12:24:45 p.m. Transporto a NeesKenS hacia Mapa34 X:75 Y:37
21/07/2009 12:24:45 p.m. Transporto a NeesKenS hacia Mapa34 X:72 Y:35
21/07/2009 12:24:45 p.m. Transporto a NeesKenS hacia Mapa34 X:71 Y:36
21/07/2009 12:24:45 p.m. Transporto a NeesKenS hacia Mapa34 X:68 Y:34
21/07/2009 12:24:46 p.m. Transporto a NeesKenS hacia Mapa34 X:67 Y:36
21/07/2009 12:24:46 p.m. Transporto a NeesKenS hacia Mapa34 X:64 Y:34
21/07/2009 12:24:46 p.m. Transporto a NeesKenS hacia Mapa34 X:62 Y:36
21/07/2009 12:24:46 p.m. Transporto a NeesKenS hacia Mapa34 X:60 Y:35
21/07/2009 12:24:46 p.m. Transporto a NeesKenS hacia Mapa34 X:55 Y:38
21/07/2009 12:24:47 p.m. Transporto a NeesKenS hacia Mapa34 X:55 Y:38
21/07/2009 12:24:47 p.m. Transporto a NeesKenS hacia Mapa34 X:49 Y:42
21/07/2009 12:24:47 p.m. Transporto a NeesKenS hacia Mapa34 X:49 Y:42
21/07/2009 12:24:47 p.m. Transporto a NeesKenS hacia Mapa34 X:43 Y:46
21/07/2009 12:24:47 p.m. Transporto a NeesKenS hacia Mapa34 X:43 Y:46
21/07/2009 12:24:48 p.m. Transporto a NeesKenS hacia Mapa34 X:37 Y:49
21/07/2009 12:24:48 p.m. Transporto a NeesKenS hacia Mapa34 X:37 Y:50
21/07/2009 12:24:48 p.m. Transporto a NeesKenS hacia Mapa34 X:31 Y:53
21/07/2009 12:24:48 p.m. Transporto a NeesKenS hacia Mapa34 X:31 Y:54
21/07/2009 12:24:48 p.m. Transporto a NeesKenS hacia Mapa34 X:24 Y:57
21/07/2009 12:24:49 p.m. Transporto a NeesKenS hacia Mapa34 X:17 Y:61
21/07/2009 12:24:49 p.m. Transporto a NeesKenS hacia Mapa34 X:22 Y:60
21/07/2009 12:24:49 p.m. Transporto a NeesKenS hacia Mapa34 X:28 Y:58
21/07/2009 12:24:50 p.m. Transporto a NeesKenS hacia Mapa34 X:28 Y:57
21/07/2009 12:24:50 p.m. Transporto a NeesKenS hacia Mapa34 X:34 Y:53
21/07/2009 12:24:50 p.m. Transporto a NeesKenS hacia Mapa34 X:34 Y:53
21/07/2009 12:24:51 p.m. Transporto a NeesKenS hacia Mapa34 X:39 Y:49
21/07/2009 12:24:51 p.m. Transporto a NeesKenS hacia Mapa34 X:44 Y:44
21/07/2009 12:24:51 p.m. Transporto a NeesKenS hacia Mapa34 X:43 Y:44
21/07/2009 12:24:56 p.m. Transporto a NeesKenS hacia Mapa34 X:38 Y:42
21/07/2009 12:24:56 p.m. Transporto a NeesKenS hacia Mapa34 X:34 Y:40
21/07/2009 12:24:56 p.m. Transporto a NeesKenS hacia Mapa34 X:30 Y:40
21/07/2009 12:24:57 p.m. Transporto a NeesKenS hacia Mapa34 X:28 Y:42
21/07/2009 12:24:58 p.m. Transporto a NeesKenS hacia Mapa34 X:25 Y:44
21/07/2009 12:24:59 p.m. Transporto a NeesKenS hacia Mapa34 X:23 Y:45
21/07/2009 12:25:33 p.m. Transporto a NeesKenS hacia Mapa34 X:12 Y:51
21/07/2009 12:25:33 p.m. Transporto a NeesKenS hacia Mapa34 X:16 Y:50
21/07/2009 12:25:33 p.m. Transporto a NeesKenS hacia Mapa34 X:20 Y:49
21/07/2009 12:25:34 p.m. Transporto a NeesKenS hacia Mapa34 X:24 Y:48
21/07/2009 12:25:34 p.m. Transporto a NeesKenS hacia Mapa34 X:28 Y:47
21/07/2009 12:25:35 p.m. Transporto a NeesKenS hacia Mapa34 X:32 Y:46
21/07/2009 12:25:35 p.m. Transporto a NeesKenS hacia Mapa34 X:36 Y:45
21/07/2009 12:25:36 p.m. Transporto a NeesKenS hacia Mapa34 X:40 Y:44
21/07/2009 12:26:08 p.m. /IRA FreZZe Mapa:236 X:38 Y:67
21/07/2009 12:26:55 p.m. Transporto a NeesKenS hacia Mapa236 X:33 Y:70
21/07/2009 12:26:57 p.m. Transporto a NeesKenS hacia Mapa236 X:40 Y:69
21/07/2009 12:31:40 p.m. Se conecto con ip:201.231.88.129
21/07/2009 12:31:46 p.m. /SUM GM MALo Map:236 X:43 Y:68
21/07/2009 12:46:30 p.m. Se conecto con ip:201.231.88.129
21/07/2009 12:46:58 p.m. /SUM FreZZe Map:236 X:45 Y:71
21/07/2009 12:47:23 p.m. /IRA FreZZe Mapa:2 X:44 Y:77
21/07/2009 12:47:27 p.m. Transporto a NeesKenS hacia Mapa2 X:51 Y:75
21/07/2009 12:47:27 p.m. Transporto a NeesKenS hacia Mapa2 X:56 Y:71
21/07/2009 12:47:28 p.m. Transporto a NeesKenS hacia Mapa2 X:55 Y:71
21/07/2009 12:47:29 p.m. Transporto a NeesKenS hacia Mapa2 X:57 Y:69
21/07/2009 12:47:29 p.m. Transporto a NeesKenS hacia Mapa2 X:56 Y:68
21/07/2009 12:47:29 p.m. Transporto a NeesKenS hacia Mapa2 X:57 Y:66
21/07/2009 12:47:29 p.m. Transporto a NeesKenS hacia Mapa2 X:56 Y:65
21/07/2009 12:47:30 p.m. Transporto a NeesKenS hacia Mapa2 X:57 Y:62
21/07/2009 12:47:30 p.m. Transporto a NeesKenS hacia Mapa2 X:56 Y:61
21/07/2009 12:47:30 p.m. Transporto a NeesKenS hacia Mapa2 X:56 Y:57
21/07/2009 12:47:31 p.m. Transporto a NeesKenS hacia Mapa2 X:56 Y:53
21/07/2009 12:47:31 p.m. Transporto a NeesKenS hacia Mapa2 X:56 Y:49
21/07/2009 12:50:46 p.m. Transporto a NeesKenS hacia Mapa2 X:56 Y:45
21/07/2009 12:55:47 p.m. /IRA FreZZe Mapa:3 X:69 Y:16
21/07/2009 12:59:38 p.m. /IRA FreZZe Mapa:2 X:56 Y:47
21/07/2009 12:59:50 p.m. /IRA Fz Mapa:3 X:60 Y:47
21/07/2009 01:00:54 p.m. Transporto a NeesKenS hacia Mapa3 X:53 Y:51
21/07/2009 01:00:55 p.m. Transporto a NeesKenS hacia Mapa3 X:48 Y:53
21/07/2009 01:00:55 p.m. Transporto a NeesKenS hacia Mapa3 X:43 Y:56
21/07/2009 01:00:56 p.m. Transporto a NeesKenS hacia Mapa3 X:41 Y:63
21/07/2009 01:00:58 p.m. Transporto a NeesKenS hacia Mapa3 X:40 Y:66
21/07/2009 01:00:58 p.m. Transporto a NeesKenS hacia Mapa3 X:40 Y:66
21/07/2009 01:00:58 p.m. Transporto a NeesKenS hacia Mapa3 X:38 Y:70
21/07/2009 01:00:58 p.m. Transporto a NeesKenS hacia Mapa3 X:41 Y:70
21/07/2009 01:00:59 p.m. Transporto a NeesKenS hacia Mapa3 X:42 Y:74
21/07/2009 01:00:59 p.m. Transporto a NeesKenS hacia Mapa3 X:43 Y:78
21/07/2009 01:00:59 p.m. Transporto a NeesKenS hacia Mapa3 X:42 Y:78
21/07/2009 01:00:59 p.m. Transporto a NeesKenS hacia Mapa3 X:43 Y:82
21/07/2009 01:01:00 p.m. Transporto a NeesKenS hacia Mapa3 X:42 Y:82
21/07/2009 01:01:00 p.m. Transporto a NeesKenS hacia Mapa3 X:43 Y:86
21/07/2009 01:01:45 p.m. Aiton
21/07/2009 01:02:52 p.m. Transporto a NeesKenS hacia Mapa3 X:45 Y:71
21/07/2009 01:02:52 p.m. Transporto a NeesKenS hacia Mapa3 X:45 Y:71
21/07/2009 01:02:53 p.m. Transporto a NeesKenS hacia Mapa3 X:47 Y:68
21/07/2009 01:02:53 p.m. Transporto a NeesKenS hacia Mapa3 X:48 Y:64
21/07/2009 01:02:54 p.m. Transporto a NeesKenS hacia Mapa3 X:49 Y:60
21/07/2009 01:02:54 p.m. Transporto a NeesKenS hacia Mapa3 X:50 Y:57
21/07/2009 01:02:54 p.m. Transporto a NeesKenS hacia Mapa3 X:51 Y:54
21/07/2009 01:03:28 p.m. Transporto a NeesKenS hacia Mapa3 X:55 Y:52
21/07/2009 01:03:28 p.m. Transporto a NeesKenS hacia Mapa3 X:55 Y:53
21/07/2009 01:03:29 p.m. Transporto a NeesKenS hacia Mapa3 X:55 Y:57
21/07/2009 01:03:29 p.m. Transporto a NeesKenS hacia Mapa3 X:55 Y:61
21/07/2009 01:03:30 p.m. Transporto a NeesKenS hacia Mapa3 X:57 Y:55
21/07/2009 01:03:33 p.m. Transporto a NeesKenS hacia Mapa3 X:59 Y:55
21/07/2009 01:03:33 p.m. Agarro:1 Objeto:Gema lunar
21/07/2009 01:03:36 p.m. Tiro cantidad:1 Objeto:Gema lunar
21/07/2009 01:03:37 p.m. Transporto a NeesKenS hacia Mapa3 X:51 Y:54
21/07/2009 01:03:38 p.m. Transporto a NeesKenS hacia Mapa3 X:58 Y:52
21/07/2009 01:03:40 p.m. Transporto a NeesKenS hacia Mapa3 X:57 Y:49
21/07/2009 01:03:41 p.m. Agarro:1 Objeto:Túnica de druida
21/07/2009 01:03:43 p.m. Transporto a NeesKenS hacia Mapa3 X:54 Y:49
21/07/2009 01:03:43 p.m. Transporto a NeesKenS hacia Mapa3 X:54 Y:50
21/07/2009 01:03:43 p.m. Transporto a NeesKenS hacia Mapa3 X:51 Y:52
21/07/2009 01:03:44 p.m. Transporto a NeesKenS hacia Mapa3 X:49 Y:55
21/07/2009 01:03:44 p.m. Transporto a NeesKenS hacia Mapa3 X:47 Y:59
21/07/2009 01:03:44 p.m. Transporto a NeesKenS hacia Mapa3 X:45 Y:63
21/07/2009 01:03:45 p.m. Transporto a NeesKenS hacia Mapa3 X:43 Y:67
21/07/2009 01:03:45 p.m. Transporto a NeesKenS hacia Mapa3 X:44 Y:67
21/07/2009 01:03:47 p.m. Transporto a NeesKenS hacia Mapa3 X:43 Y:72
21/07/2009 01:03:47 p.m. Transporto a NeesKenS hacia Mapa3 X:43 Y:73
21/07/2009 01:03:47 p.m. Transporto a NeesKenS hacia Mapa3 X:42 Y:77
21/07/2009 01:03:47 p.m. Transporto a NeesKenS hacia Mapa3 X:42 Y:79
21/07/2009 01:03:48 p.m. Transporto a NeesKenS hacia Mapa3 X:41 Y:85
21/07/2009 01:03:48 p.m. Transporto a NeesKenS hacia Mapa3 X:40 Y:91
21/07/2009 01:03:48 p.m. Transporto a NeesKenS hacia Mapa3 X:40 Y:91
21/07/2009 01:03:50 p.m. Transporto a NeesKenS hacia Mapa3 X:36 Y:92
21/07/2009 01:03:50 p.m. Transporto a NeesKenS hacia Mapa3 X:29 Y:91
21/07/2009 01:03:51 p.m. Transporto a NeesKenS hacia Mapa3 X:29 Y:91
21/07/2009 01:03:51 p.m. Transporto a NeesKenS hacia Mapa3 X:22 Y:90
21/07/2009 01:03:52 p.m. Transporto a NeesKenS hacia Mapa3 X:18 Y:87
21/07/2009 01:03:52 p.m. Transporto a NeesKenS hacia Mapa3 X:18 Y:84
21/07/2009 01:03:55 p.m. Transporto a NeesKenS hacia Mapa3 X:19 Y:84
21/07/2009 01:03:56 p.m. Agarro:1 Objeto:Trono
21/07/2009 01:04:01 p.m. Transporto a NeesKenS hacia Mapa3 X:20 Y:81
21/07/2009 01:04:02 p.m. Transporto a NeesKenS hacia Mapa3 X:22 Y:77
21/07/2009 01:04:02 p.m. Transporto a NeesKenS hacia Mapa3 X:22 Y:77
21/07/2009 01:04:07 p.m. Transporto a NeesKenS hacia Mapa3 X:22 Y:74
21/07/2009 01:04:07 p.m. Transporto a NeesKenS hacia Mapa3 X:22 Y:74
21/07/2009 01:04:07 p.m. Transporto a NeesKenS hacia Mapa3 X:22 Y:71
21/07/2009 01:04:07 p.m. Transporto a NeesKenS hacia Mapa3 X:22 Y:67
21/07/2009 01:04:08 p.m. Transporto a NeesKenS hacia Mapa3 X:22 Y:63
21/07/2009 01:04:08 p.m. Transporto a NeesKenS hacia Mapa3 X:22 Y:59
21/07/2009 01:04:09 p.m. Transporto a NeesKenS hacia Mapa3 X:23 Y:55
21/07/2009 01:04:09 p.m. Transporto a NeesKenS hacia Mapa3 X:24 Y:55
21/07/2009 01:04:09 p.m. Transporto a NeesKenS hacia Mapa3 X:27 Y:51
21/07/2009 01:04:09 p.m. Transporto a NeesKenS hacia Mapa3 X:30 Y:48
21/07/2009 01:04:09 p.m. Transporto a NeesKenS hacia Mapa3 X:30 Y:48
21/07/2009 01:04:11 p.m. Transporto a NeesKenS hacia Mapa3 X:35 Y:48
21/07/2009 01:04:11 p.m. Transporto a NeesKenS hacia Mapa3 X:41 Y:48
21/07/2009 01:04:11 p.m. Transporto a NeesKenS hacia Mapa3 X:42 Y:48
21/07/2009 01:04:11 p.m. Transporto a NeesKenS hacia Mapa3 X:49 Y:48
21/07/2009 01:04:11 p.m. Transporto a NeesKenS hacia Mapa3 X:49 Y:48
21/07/2009 01:04:12 p.m. Transporto a NeesKenS hacia Mapa3 X:48 Y:52
21/07/2009 01:04:12 p.m. Transporto a NeesKenS hacia Mapa3 X:48 Y:53
21/07/2009 01:04:13 p.m. Transporto a NeesKenS hacia Mapa3 X:48 Y:58
21/07/2009 01:04:13 p.m. Transporto a NeesKenS hacia Mapa3 X:48 Y:63
21/07/2009 01:04:16 p.m. /IRA blade Mapa:3 X:80 Y:13
21/07/2009 01:04:19 p.m. Transporto a NeesKenS hacia Mapa3 X:81 Y:16
21/07/2009 01:05:48 p.m. Transporto a NeesKenS hacia Mapa138 X:50 Y:50
21/07/2009 01:06:00 p.m. Transporto a NeesKenS hacia Mapa148 X:50 Y:50
21/07/2009 01:06:11 p.m. Transporto a NeesKenS hacia Mapa150 X:50 Y:50
21/07/2009 01:06:19 p.m. Transporto a NeesKenS hacia Mapa50 X:50 Y:50
21/07/2009 01:06:26 p.m. Transporto a NeesKenS hacia Mapa50 X:48 Y:50
21/07/2009 01:06:30 p.m. Transporto a NeesKenS hacia Mapa50 X:50 Y:50
21/07/2009 01:06:33 p.m. Transporto a NeesKenS hacia Mapa50 X:44 Y:49
21/07/2009 01:06:34 p.m. Transporto a NeesKenS hacia Mapa50 X:38 Y:47
21/07/2009 01:06:34 p.m. Transporto a NeesKenS hacia Mapa50 X:32 Y:44
21/07/2009 01:06:35 p.m. Transporto a NeesKenS hacia Mapa50 X:31 Y:44
21/07/2009 01:06:35 p.m. Transporto a NeesKenS hacia Mapa50 X:24 Y:43
21/07/2009 01:06:35 p.m. Transporto a NeesKenS hacia Mapa50 X:17 Y:43
21/07/2009 01:06:36 p.m. Transporto a NeesKenS hacia Mapa50 X:18 Y:44
21/07/2009 01:06:36 p.m. Transporto a NeesKenS hacia Mapa50 X:23 Y:42
21/07/2009 01:06:40 p.m. Transporto a NeesKenS hacia Mapa50 X:22 Y:31
21/07/2009 01:06:40 p.m. Transporto a NeesKenS hacia Mapa50 X:20 Y:28
21/07/2009 01:06:40 p.m. Transporto a NeesKenS hacia Mapa50 X:20 Y:28
21/07/2009 01:06:41 p.m. Transporto a NeesKenS hacia Mapa50 X:19 Y:24
21/07/2009 01:06:41 p.m. Transporto a NeesKenS hacia Mapa50 X:19 Y:21
21/07/2009 01:06:47 p.m. Agarro:3600 Objeto:Monedas de oro
21/07/2009 01:06:49 p.m. Tiro cantidad:3600 Objeto:Monedas de oro
21/07/2009 01:06:50 p.m. Transporto a NeesKenS hacia Mapa50 X:23 Y:17
21/07/2009 01:06:54 p.m. Transporto a NeesKenS hacia Mapa50 X:26 Y:22
21/07/2009 01:06:54 p.m. Transporto a NeesKenS hacia Mapa50 X:26 Y:22
21/07/2009 01:06:55 p.m. Transporto a NeesKenS hacia Mapa50 X:30 Y:26
21/07/2009 01:06:55 p.m. Transporto a NeesKenS hacia Mapa50 X:34 Y:29
21/07/2009 01:06:55 p.m. Transporto a NeesKenS hacia Mapa50 X:33 Y:34
21/07/2009 01:06:55 p.m. Transporto a NeesKenS hacia Mapa50 X:37 Y:34
21/07/2009 01:06:56 p.m. Transporto a NeesKenS hacia Mapa50 X:38 Y:38
21/07/2009 01:06:56 p.m. Transporto a NeesKenS hacia Mapa50 X:45 Y:40
21/07/2009 01:06:56 p.m. Transporto a NeesKenS hacia Mapa50 X:52 Y:41
21/07/2009 01:06:56 p.m. Transporto a NeesKenS hacia Mapa50 X:51 Y:40
21/07/2009 01:06:56 p.m. Transporto a NeesKenS hacia Mapa50 X:56 Y:39
21/07/2009 01:06:57 p.m. Transporto a NeesKenS hacia Mapa50 X:56 Y:37
21/07/2009 01:06:57 p.m. Transporto a NeesKenS hacia Mapa50 X:61 Y:36
21/07/2009 01:06:57 p.m. Transporto a NeesKenS hacia Mapa50 X:67 Y:33
21/07/2009 01:06:58 p.m. Transporto a NeesKenS hacia Mapa50 X:73 Y:33
21/07/2009 01:06:58 p.m. Transporto a NeesKenS hacia Mapa50 X:74 Y:37
21/07/2009 01:06:58 p.m. Transporto a NeesKenS hacia Mapa50 X:72 Y:38
21/07/2009 01:06:58 p.m. Transporto a NeesKenS hacia Mapa50 X:69 Y:42
21/07/2009 01:06:59 p.m. Transporto a NeesKenS hacia Mapa50 X:67 Y:47
21/07/2009 01:06:59 p.m. Transporto a NeesKenS hacia Mapa50 X:66 Y:51
21/07/2009 01:06:59 p.m. Transporto a NeesKenS hacia Mapa50 X:68 Y:51
21/07/2009 01:06:59 p.m. Transporto a NeesKenS hacia Mapa50 X:71 Y:55
21/07/2009 01:07:00 p.m. Transporto a NeesKenS hacia Mapa50 X:71 Y:54
21/07/2009 01:07:00 p.m. Transporto a NeesKenS hacia Mapa50 X:75 Y:57
21/07/2009 01:07:00 p.m. Transporto a NeesKenS hacia Mapa50 X:77 Y:61
21/07/2009 01:07:01 p.m. Transporto a NeesKenS hacia Mapa50 X:78 Y:65
21/07/2009 01:07:01 p.m. Transporto a NeesKenS hacia Mapa50 X:77 Y:65
21/07/2009 01:07:01 p.m. Transporto a NeesKenS hacia Mapa50 X:78 Y:69
21/07/2009 01:07:01 p.m. Transporto a NeesKenS hacia Mapa50 X:77 Y:69
21/07/2009 01:07:01 p.m. Transporto a NeesKenS hacia Mapa50 X:78 Y:72
21/07/2009 01:07:01 p.m. Transporto a NeesKenS hacia Mapa50 X:77 Y:74
21/07/2009 01:07:02 p.m. Transporto a NeesKenS hacia Mapa50 X:76 Y:76
21/07/2009 01:07:02 p.m. Transporto a NeesKenS hacia Mapa50 X:74 Y:75
21/07/2009 01:07:02 p.m. Transporto a NeesKenS hacia Mapa50 X:72 Y:73
21/07/2009 01:07:02 p.m. Transporto a NeesKenS hacia Mapa50 X:71 Y:71
21/07/2009 01:07:03 p.m. Transporto a NeesKenS hacia Mapa50 X:70 Y:69
21/07/2009 01:07:03 p.m. Transporto a NeesKenS hacia Mapa50 X:70 Y:68
21/07/2009 01:07:03 p.m. Transporto a NeesKenS hacia Mapa50 X:69 Y:66
21/07/2009 01:07:08 p.m. Transporto a NeesKenS hacia Mapa50 X:72 Y:71
21/07/2009 01:07:08 p.m. Transporto a NeesKenS hacia Mapa50 X:75 Y:75
21/07/2009 01:07:09 p.m. Transporto a NeesKenS hacia Mapa50 X:78 Y:79
21/07/2009 01:07:09 p.m. Transporto a NeesKenS hacia Mapa50 X:78 Y:80
21/07/2009 01:07:09 p.m. Transporto a NeesKenS hacia Mapa50 X:81 Y:85
21/07/2009 01:07:09 p.m. Transporto a NeesKenS hacia Mapa50 X:85 Y:88
21/07/2009 01:07:10 p.m. Transporto a NeesKenS hacia Mapa50 X:84 Y:86
21/07/2009 01:07:10 p.m. Transporto a NeesKenS hacia Mapa50 X:87 Y:85
21/07/2009 01:07:10 p.m. Transporto a NeesKenS hacia Mapa50 X:88 Y:84
21/07/2009 01:07:19 p.m. Transporto a NeesKenS hacia Mapa51 X:18 Y:79
21/07/2009 01:07:19 p.m. Transporto a NeesKenS hacia Mapa51 X:18 Y:75
21/07/2009 01:07:20 p.m. Transporto a NeesKenS hacia Mapa51 X:18 Y:71
21/07/2009 01:07:20 p.m. Transporto a NeesKenS hacia Mapa51 X:18 Y:67
21/07/2009 01:07:20 p.m. Transporto a NeesKenS hacia Mapa51 X:18 Y:63
21/07/2009 01:07:21 p.m. Transporto a NeesKenS hacia Mapa51 X:18 Y:59
21/07/2009 01:07:21 p.m. Transporto a NeesKenS hacia Mapa51 X:18 Y:55
21/07/2009 01:07:22 p.m. Transporto a NeesKenS hacia Mapa51 X:18 Y:51
21/07/2009 01:07:22 p.m. Transporto a NeesKenS hacia Mapa51 X:18 Y:47
21/07/2009 01:07:23 p.m. Transporto a NeesKenS hacia Mapa51 X:18 Y:43
21/07/2009 01:07:23 p.m. Transporto a NeesKenS hacia Mapa51 X:18 Y:39
21/07/2009 01:07:24 p.m. Transporto a NeesKenS hacia Mapa51 X:23 Y:37
21/07/2009 01:07:24 p.m. Transporto a NeesKenS hacia Mapa51 X:32 Y:39
21/07/2009 01:07:24 p.m. Transporto a NeesKenS hacia Mapa51 X:32 Y:39
21/07/2009 01:07:25 p.m. Transporto a NeesKenS hacia Mapa51 X:40 Y:40
21/07/2009 01:07:25 p.m. Transporto a NeesKenS hacia Mapa51 X:48 Y:41
21/07/2009 01:07:25 p.m. Transporto a NeesKenS hacia Mapa51 X:48 Y:41
21/07/2009 01:07:26 p.m. Transporto a NeesKenS hacia Mapa51 X:55 Y:41
21/07/2009 01:07:26 p.m. Transporto a NeesKenS hacia Mapa51 X:60 Y:41
21/07/2009 01:07:26 p.m. Transporto a NeesKenS hacia Mapa51 X:59 Y:40
21/07/2009 01:07:26 p.m. Transporto a NeesKenS hacia Mapa51 X:60 Y:40
21/07/2009 01:07:27 p.m. Transporto a NeesKenS hacia Mapa51 X:60 Y:38
21/07/2009 01:07:27 p.m. Transporto a NeesKenS hacia Mapa51 X:60 Y:37
21/07/2009 01:07:38 p.m. Transporto a NeesKenS hacia Mapa51 X:54 Y:35
21/07/2009 01:07:38 p.m. Transporto a NeesKenS hacia Mapa51 X:51 Y:29
21/07/2009 01:07:38 p.m. Transporto a NeesKenS hacia Mapa51 X:51 Y:29
21/07/2009 01:07:39 p.m. Transporto a NeesKenS hacia Mapa51 X:49 Y:23
21/07/2009 01:07:39 p.m. Transporto a NeesKenS hacia Mapa51 X:49 Y:18
21/07/2009 01:07:39 p.m. Transporto a NeesKenS hacia Mapa51 X:49 Y:18
21/07/2009 01:07:39 p.m. Transporto a NeesKenS hacia Mapa51 X:49 Y:13
21/07/2009 01:07:40 p.m. Transporto a NeesKenS hacia Mapa51 X:46 Y:9
21/07/2009 01:07:40 p.m. Transporto a NeesKenS hacia Mapa51 X:40 Y:13
21/07/2009 01:07:40 p.m. Transporto a NeesKenS hacia Mapa51 X:41 Y:14
21/07/2009 01:07:41 p.m. Transporto a NeesKenS hacia Mapa51 X:38 Y:20
21/07/2009 01:07:41 p.m. Transporto a NeesKenS hacia Mapa51 X:36 Y:25
21/07/2009 01:07:41 p.m. Transporto a NeesKenS hacia Mapa51 X:34 Y:21
21/07/2009 01:07:41 p.m. Transporto a NeesKenS hacia Mapa51 X:28 Y:21
21/07/2009 01:07:42 p.m. Transporto a NeesKenS hacia Mapa51 X:34 Y:26
21/07/2009 01:07:47 p.m. Transporto a NeesKenS hacia Mapa51 X:46 Y:19
21/07/2009 01:07:48 p.m. Transporto a NeesKenS hacia Mapa51 X:51 Y:14
21/07/2009 01:07:48 p.m. Transporto a NeesKenS hacia Mapa51 X:53 Y:17
21/07/2009 01:07:48 p.m. Transporto a NeesKenS hacia Mapa51 X:58 Y:13
21/07/2009 01:07:48 p.m. Transporto a NeesKenS hacia Mapa51 X:65 Y:12
21/07/2009 01:07:49 p.m. Transporto a NeesKenS hacia Mapa51 X:73 Y:12
21/07/2009 01:07:49 p.m. Transporto a NeesKenS hacia Mapa51 X:74 Y:12
21/07/2009 01:07:50 p.m. Transporto a NeesKenS hacia Mapa51 X:79 Y:13
21/07/2009 01:07:50 p.m. Transporto a NeesKenS hacia Mapa51 X:79 Y:14
21/07/2009 01:07:50 p.m. Transporto a NeesKenS hacia Mapa51 X:84 Y:15
21/07/2009 01:07:50 p.m. Transporto a NeesKenS hacia Mapa51 X:85 Y:17
21/07/2009 01:07:51 p.m. Transporto a NeesKenS hacia Mapa51 X:88 Y:19
21/07/2009 01:07:51 p.m. Transporto a NeesKenS hacia Mapa51 X:90 Y:24
21/07/2009 01:07:53 p.m. Transporto a NeesKenS hacia Mapa51 X:90 Y:28
21/07/2009 01:07:53 p.m. Transporto a NeesKenS hacia Mapa51 X:88 Y:28
21/07/2009 01:07:54 p.m. Transporto a NeesKenS hacia Mapa51 X:84 Y:31
21/07/2009 01:07:54 p.m. Transporto a NeesKenS hacia Mapa51 X:80 Y:36
21/07/2009 01:07:54 p.m. Transporto a NeesKenS hacia Mapa51 X:81 Y:36
21/07/2009 01:07:54 p.m. Transporto a NeesKenS hacia Mapa51 X:82 Y:41
21/07/2009 01:07:54 p.m. Transporto a NeesKenS hacia Mapa51 X:85 Y:40
21/07/2009 01:07:55 p.m. Transporto a NeesKenS hacia Mapa51 X:86 Y:46
21/07/2009 01:07:55 p.m. Transporto a NeesKenS hacia Mapa51 X:90 Y:51
21/07/2009 01:07:55 p.m. Transporto a NeesKenS hacia Mapa51 X:91 Y:50
21/07/2009 01:07:57 p.m. Transporto a NeesKenS hacia Mapa51 X:92 Y:49
21/07/2009 01:07:57 p.m. Transporto a NeesKenS hacia Mapa51 X:92 Y:48
21/07/2009 01:07:59 p.m. Transporto a NeesKenS hacia Mapa52 X:18 Y:47
21/07/2009 01:07:59 p.m. Transporto a NeesKenS hacia Mapa52 X:24 Y:46
21/07/2009 01:07:59 p.m. Transporto a NeesKenS hacia Mapa52 X:30 Y:46
21/07/2009 01:08:00 p.m. Transporto a NeesKenS hacia Mapa52 X:37 Y:46
21/07/2009 01:08:00 p.m. Transporto a NeesKenS hacia Mapa52 X:32 Y:47
21/07/2009 01:08:01 p.m. Transporto a NeesKenS hacia Mapa52 X:27 Y:48
21/07/2009 01:08:10 p.m. Transporto a NeesKenS hacia Mapa52 X:32 Y:31
21/07/2009 01:08:10 p.m. Transporto a NeesKenS hacia Mapa52 X:39 Y:31
21/07/2009 01:08:10 p.m. Transporto a NeesKenS hacia Mapa52 X:46 Y:31
21/07/2009 01:08:18 p.m. Transporto a NeesKenS hacia Mapa52 X:49 Y:30
21/07/2009 01:08:18 p.m. Transporto a NeesKenS hacia Mapa52 X:54 Y:27
21/07/2009 01:08:18 p.m. Transporto a NeesKenS hacia Mapa52 X:55 Y:23
21/07/2009 01:08:18 p.m. Transporto a NeesKenS hacia Mapa52 X:53 Y:22
21/07/2009 01:08:19 p.m. Transporto a NeesKenS hacia Mapa52 X:52 Y:16
21/07/2009 01:08:19 p.m. Transporto a NeesKenS hacia Mapa52 X:51 Y:10
21/07/2009 01:08:49 p.m. Transporto a NeesKenS hacia Mapa52 X:71 Y:13
21/07/2009 01:08:50 p.m. Transporto a NeesKenS hacia Mapa52 X:74 Y:16
21/07/2009 01:08:52 p.m. Transporto a NeesKenS hacia Mapa52 X:73 Y:23
21/07/2009 01:08:53 p.m. Transporto a NeesKenS hacia Mapa52 X:72 Y:28
21/07/2009 01:08:53 p.m. Transporto a NeesKenS hacia Mapa52 X:71 Y:33
21/07/2009 01:08:54 p.m. Transporto a NeesKenS hacia Mapa52 X:74 Y:35
21/07/2009 01:08:55 p.m. Transporto a NeesKenS hacia Mapa52 X:80 Y:37
21/07/2009 01:08:56 p.m. Transporto a NeesKenS hacia Mapa52 X:78 Y:40
21/07/2009 01:08:57 p.m. Transporto a NeesKenS hacia Mapa52 X:78 Y:40
21/07/2009 01:08:57 p.m. Transporto a NeesKenS hacia Mapa52 X:76 Y:43
21/07/2009 01:08:57 p.m. Transporto a NeesKenS hacia Mapa52 X:76 Y:43
21/07/2009 01:08:57 p.m. Transporto a NeesKenS hacia Mapa52 X:74 Y:47
21/07/2009 01:08:57 p.m. Transporto a NeesKenS hacia Mapa52 X:73 Y:51
21/07/2009 01:08:57 p.m. Transporto a NeesKenS hacia Mapa52 X:73 Y:51
21/07/2009 01:08:58 p.m. Transporto a NeesKenS hacia Mapa52 X:73 Y:55
21/07/2009 01:08:58 p.m. Transporto a NeesKenS hacia Mapa52 X:73 Y:55
21/07/2009 01:08:58 p.m. Transporto a NeesKenS hacia Mapa52 X:73 Y:59
21/07/2009 01:08:59 p.m. Transporto a NeesKenS hacia Mapa52 X:73 Y:63
21/07/2009 01:09:00 p.m. Transporto a NeesKenS hacia Mapa52 X:76 Y:58
21/07/2009 01:09:03 p.m. Transporto a NeesKenS hacia Mapa52 X:73 Y:65
21/07/2009 01:09:03 p.m. Transporto a NeesKenS hacia Mapa52 X:69 Y:69
21/07/2009 01:09:03 p.m. Transporto a NeesKenS hacia Mapa52 X:64 Y:73
21/07/2009 01:09:03 p.m. Transporto a NeesKenS hacia Mapa52 X:59 Y:77
21/07/2009 01:09:04 p.m. Transporto a NeesKenS hacia Mapa52 X:53 Y:74
21/07/2009 01:09:05 p.m. Transporto a NeesKenS hacia Mapa52 X:47 Y:72
21/07/2009 01:09:05 p.m. Transporto a NeesKenS hacia Mapa52 X:41 Y:71
21/07/2009 01:09:05 p.m. Transporto a NeesKenS hacia Mapa52 X:36 Y:72
21/07/2009 01:09:05 p.m. Transporto a NeesKenS hacia Mapa52 X:33 Y:74
21/07/2009 01:09:06 p.m. Transporto a NeesKenS hacia Mapa52 X:34 Y:75
21/07/2009 01:09:06 p.m. Transporto a NeesKenS hacia Mapa52 X:33 Y:77
21/07/2009 01:09:06 p.m. Transporto a NeesKenS hacia Mapa52 X:37 Y:79
21/07/2009 01:09:06 p.m. Transporto a NeesKenS hacia Mapa52 X:36 Y:81
21/07/2009 01:09:13 p.m. Transporto a NeesKenS hacia Mapa52 X:36 Y:80
21/07/2009 01:09:14 p.m. Transporto a NeesKenS hacia Mapa52 X:36 Y:79
21/07/2009 01:09:14 p.m. Transporto a NeesKenS hacia Mapa52 X:32 Y:78
21/07/2009 01:09:14 p.m. Transporto a NeesKenS hacia Mapa52 X:32 Y:77
21/07/2009 01:09:14 p.m. Transporto a NeesKenS hacia Mapa52 X:34 Y:75
21/07/2009 01:09:15 p.m. Transporto a NeesKenS hacia Mapa52 X:31 Y:74
21/07/2009 01:09:15 p.m. Transporto a NeesKenS hacia Mapa52 X:26 Y:76
21/07/2009 01:09:15 p.m. Transporto a NeesKenS hacia Mapa52 X:19 Y:78
21/07/2009 01:09:16 p.m. Transporto a NeesKenS hacia Mapa52 X:20 Y:78
21/07/2009 01:09:16 p.m. Transporto a NeesKenS hacia Mapa52 X:21 Y:82
21/07/2009 01:09:16 p.m. Transporto a NeesKenS hacia Mapa52 X:24 Y:86
21/07/2009 01:09:17 p.m. Transporto a NeesKenS hacia Mapa52 X:26 Y:90
21/07/2009 01:09:17 p.m. Transporto a NeesKenS hacia Mapa52 X:28 Y:93
21/07/2009 01:09:17 p.m. Transporto a NeesKenS hacia Mapa52 X:33 Y:93
21/07/2009 01:09:18 p.m. Transporto a NeesKenS hacia Mapa52 X:33 Y:92
21/07/2009 01:09:18 p.m. Transporto a NeesKenS hacia Mapa52 X:38 Y:92
21/07/2009 01:09:18 p.m. Transporto a NeesKenS hacia Mapa52 X:43 Y:91
21/07/2009 01:09:19 p.m. Transporto a NeesKenS hacia Mapa52 X:48 Y:89
21/07/2009 01:09:19 p.m. Transporto a NeesKenS hacia Mapa52 X:47 Y:88
21/07/2009 01:09:19 p.m. Transporto a NeesKenS hacia Mapa52 X:52 Y:85
21/07/2009 01:09:20 p.m. Transporto a NeesKenS hacia Mapa52 X:47 Y:82
21/07/2009 01:09:20 p.m. Transporto a NeesKenS hacia Mapa52 X:44 Y:83
21/07/2009 01:09:20 p.m. Transporto a NeesKenS hacia Mapa52 X:36 Y:81
21/07/2009 01:09:29 p.m. Transporto a NeesKenS hacia Mapa2 X:50 Y:50
21/07/2009 01:12:19 p.m. Transporto a NeesKenS hacia Mapa2 X:56 Y:50
21/07/2009 01:12:21 p.m. Transporto a NeesKenS hacia Mapa2 X:60 Y:50
21/07/2009 01:12:25 p.m. Transporto a NeesKenS hacia Mapa2 X:53 Y:46
21/07/2009 01:12:27 p.m. Transporto a NeesKenS hacia Mapa2 X:53 Y:44
21/07/2009 01:12:28 p.m. Transporto a NeesKenS hacia Mapa2 X:56 Y:44
21/07/2009 01:12:30 p.m. Transporto a NeesKenS hacia Mapa2 X:56 Y:45
21/07/2009 01:13:00 p.m. /IRA Matii Mapa:3 X:91 Y:19
21/07/2009 01:14:28 p.m. Transporto a NeesKenS hacia Mapa3 X:90 Y:43
21/07/2009 01:16:36 p.m. Transporto a NeesKenS hacia Mapa3 X:88 Y:38
21/07/2009 01:16:36 p.m. Transporto a NeesKenS hacia Mapa3 X:88 Y:37
21/07/2009 01:16:36 p.m. Transporto a NeesKenS hacia Mapa3 X:84 Y:33
21/07/2009 01:16:36 p.m. Transporto a NeesKenS hacia Mapa3 X:85 Y:34
21/07/2009 01:16:36 p.m. Transporto a NeesKenS hacia Mapa3 X:82 Y:31
21/07/2009 01:16:37 p.m. Transporto a NeesKenS hacia Mapa3 X:80 Y:29
21/07/2009 01:16:37 p.m. Transporto a NeesKenS hacia Mapa3 X:78 Y:27
21/07/2009 01:16:37 p.m. Transporto a NeesKenS hacia Mapa3 X:81 Y:24
21/07/2009 01:16:42 p.m. /IRA Matii Mapa:2 X:56 Y:47
21/07/2009 01:19:57 p.m. Transporto a NeesKenS hacia Mapa2 X:67 Y:43
21/07/2009 01:19:58 p.m. Transporto a NeesKenS hacia Mapa2 X:67 Y:43
21/07/2009 01:20:03 p.m. Transporto a NeesKenS hacia Mapa66 X:50 Y:50
21/07/2009 01:20:07 p.m. /SUM Matii Map:66 X:50 Y:51
21/07/2009 01:20:25 p.m. Transporto a NeesKenS hacia Mapa66 X:63 Y:60
21/07/2009 01:20:30 p.m. /SUM Matii Map:66 X:63 Y:60
21/07/2009 01:20:36 p.m. Transporto a NeesKenS hacia Mapa66 X:55 Y:58
21/07/2009 01:20:39 p.m. Transporto a NeesKenS hacia Mapa66 X:61 Y:59
21/07/2009 01:23:20 p.m. Tiro cantidad:1 Objeto:Trono
21/07/2009 01:23:37 p.m. /SUM Matii Map:66 X:61 Y:59
21/07/2009 01:24:41 p.m. Agarro:1 Objeto:Trono
21/07/2009 01:24:53 p.m. Transporto a Matii hacia Mapa1 X:50 Y:50
21/07/2009 01:24:57 p.m. Transporto a NeesKenS hacia Mapa1 X:50 Y:50
21/07/2009 01:25:02 p.m. Transporto a NeesKenS hacia Mapa1 X:47 Y:65
21/07/2009 01:25:03 p.m. Transporto a NeesKenS hacia Mapa1 X:46 Y:70
21/07/2009 01:25:04 p.m. Transporto a NeesKenS hacia Mapa1 X:43 Y:74
21/07/2009 01:25:05 p.m. Transporto a NeesKenS hacia Mapa1 X:45 Y:79
21/07/2009 01:25:06 p.m. Transporto a NeesKenS hacia Mapa1 X:45 Y:84
21/07/2009 01:25:07 p.m. Transporto a NeesKenS hacia Mapa1 X:51 Y:83
21/07/2009 01:25:08 p.m. Transporto a NeesKenS hacia Mapa1 X:51 Y:77
21/07/2009 01:25:09 p.m. Transporto a NeesKenS hacia Mapa1 X:52 Y:72
21/07/2009 01:25:10 p.m. Transporto a NeesKenS hacia Mapa1 X:50 Y:66
21/07/2009 01:25:11 p.m. Transporto a NeesKenS hacia Mapa1 X:53 Y:63
21/07/2009 01:25:12 p.m. Transporto a NeesKenS hacia Mapa1 X:60 Y:64
21/07/2009 01:25:13 p.m. Transporto a NeesKenS hacia Mapa1 X:58 Y:61
21/07/2009 01:25:14 p.m. Transporto a NeesKenS hacia Mapa1 X:61 Y:60
21/07/2009 01:25:15 p.m. Transporto a NeesKenS hacia Mapa1 X:60 Y:64
21/07/2009 01:25:16 p.m. Transporto a NeesKenS hacia Mapa1 X:57 Y:65
21/07/2009 01:25:17 p.m. Transporto a NeesKenS hacia Mapa1 X:54 Y:61
21/07/2009 01:25:18 p.m. Transporto a NeesKenS hacia Mapa1 X:55 Y:56
21/07/2009 01:25:18 p.m. Transporto a NeesKenS hacia Mapa1 X:55 Y:56
21/07/2009 01:25:19 p.m. Transporto a NeesKenS hacia Mapa1 X:55 Y:51
21/07/2009 01:25:19 p.m. Transporto a NeesKenS hacia Mapa1 X:54 Y:47
21/07/2009 01:25:19 p.m. Transporto a NeesKenS hacia Mapa1 X:54 Y:47
21/07/2009 01:25:21 p.m. Transporto a NeesKenS hacia Mapa1 X:58 Y:45
21/07/2009 01:25:22 p.m. Transporto a NeesKenS hacia Mapa2 X:51 Y:45
21/07/2009 01:25:25 p.m. Transporto a NeesKenS hacia Mapa2 X:46 Y:39
21/07/2009 01:25:25 p.m. Transporto a NeesKenS hacia Mapa2 X:46 Y:39
21/07/2009 01:25:25 p.m. Transporto a NeesKenS hacia Mapa2 X:42 Y:34
21/07/2009 01:25:27 p.m. Transporto a NeesKenS hacia Mapa2 X:41 Y:28
21/07/2009 01:25:33 p.m. /SUM Matii Map:2 X:39 Y:28
21/07/2009 01:26:33 p.m. Agarro:1 Objeto:Raíz
21/07/2009 01:26:42 p.m. Tiro cantidad:1 Objeto:Raíz
21/07/2009 01:29:33 p.m. /IRA Only Mapa:2 X:10 Y:14
21/07/2009 01:30:23 p.m. /INVISIBLE
21/07/2009 01:30:27 p.m. /IRA Matii Mapa:2 X:42 Y:27
21/07/2009 01:30:46 p.m. Agarro:1 Objeto:Raíz
21/07/2009 01:30:56 p.m. Agarro:1 Objeto:Poción verde
21/07/2009 01:30:59 p.m. Agarro:1 Objeto:Raíz
21/07/2009 01:31:03 p.m. Agarro:1 Objeto:Poción verde
21/07/2009 01:31:06 p.m. Agarro:1 Objeto:Raíz
21/07/2009 01:31:11 p.m. Agarro:1 Objeto:Raíz
21/07/2009 01:31:16 p.m. Agarro:1 Objeto:Poción Amarilla
21/07/2009 01:31:18 p.m. Agarro:1 Objeto:Raíz
21/07/2009 01:31:20 p.m. Agarro:1 Objeto:Raíz
21/07/2009 01:31:22 p.m. Agarro:1 Objeto:Poción Amarilla
21/07/2009 01:31:23 p.m. Agarro:1 Objeto:Raíz
21/07/2009 01:31:26 p.m. Agarro:1 Objeto:Raíz
21/07/2009 01:31:28 p.m. Transporto a NeesKenS hacia Mapa2 X:39 Y:28
21/07/2009 01:31:29 p.m. Agarro:1 Objeto:Poción Amarilla
21/07/2009 01:31:31 p.m. Agarro:1 Objeto:Poción verde
21/07/2009 01:31:33 p.m. Agarro:1 Objeto:Poción verde
21/07/2009 01:31:52 p.m. Tiro cantidad:1 Objeto:Trono
21/07/2009 01:32:02 p.m. Agarro:1 Objeto:Trono
21/07/2009 01:32:04 p.m. Tiro cantidad:1 Objeto:Trono
21/07/2009 01:32:05 p.m. Agarro:1 Objeto:Trono
21/07/2009 01:32:07 p.m. Tiro cantidad:1 Objeto:Trono
21/07/2009 01:32:07 p.m. Agarro:1 Objeto:Trono
21/07/2009 01:32:10 p.m. Tiro cantidad:1 Objeto:Trono
21/07/2009 01:32:12 p.m. Agarro:1 Objeto:Trono
21/07/2009 01:33:53 p.m. /IRA Only Mapa:59 X:76 Y:26
21/07/2009 01:33:57 p.m. /SUM Matii Map:59 X:76 Y:27
21/07/2009 01:34:01 p.m. Tiro cantidad:1 Objeto:Trono
21/07/2009 01:34:20 p.m. Agarro:1 Objeto:Trono
21/07/2009 01:34:48 p.m. Transporto a NeesKenS hacia Mapa59 X:76 Y:22
21/07/2009 01:34:49 p.m. Agarro:1 Objeto:Trono
21/07/2009 01:35:23 p.m. Transporto a NeesKenS hacia Mapa59 X:76 Y:20
21/07/2009 01:35:28 p.m. /SUM Matii Map:59 X:76 Y:20
21/07/2009 01:35:29 p.m. Transporto a NeesKenS hacia Mapa59 X:76 Y:22
21/07/2009 01:35:30 p.m. Agarro:1 Objeto:Trono
21/07/2009 01:35:35 p.m. Transporto a NeesKenS hacia Mapa59 X:76 Y:21
21/07/2009 01:35:38 p.m. /SUM Matii Map:59 X:76 Y:21
21/07/2009 01:35:41 p.m. Transporto a NeesKenS hacia Mapa59 X:78 Y:25
21/07/2009 01:37:02 p.m. /IRA Only Mapa:2 X:55 Y:44
21/07/2009 01:40:12 p.m. /IRA Only Mapa:59 X:76 Y:25
21/07/2009 01:40:20 p.m. /INVISIBLE
21/07/2009 01:40:31 p.m. Tiro cantidad:4 Objeto:Poción verde
21/07/2009 01:40:35 p.m. Tiro cantidad:3 Objeto:Poción Amarilla
21/07/2009 01:40:37 p.m. Tiro cantidad:8 Objeto:Raíz
21/07/2009 01:40:39 p.m. Tiro cantidad:1 Objeto:Túnica de druida
21/07/2009 01:40:41 p.m. Tiro cantidad:3 Objeto:Trono
21/07/2009 01:40:41 p.m. Agarro:3 Objeto:Trono
21/07/2009 01:42:11 p.m. Transporto a NeesKenS hacia Mapa59 X:76 Y:22
21/07/2009 01:42:15 p.m. Transporto a NeesKenS hacia Mapa59 X:76 Y:21
21/07/2009 01:42:16 p.m. Transporto a NeesKenS hacia Mapa59 X:76 Y:22
21/07/2009 01:43:39 p.m. Transporto a NeesKenS hacia Mapa59 X:74 Y:25
21/07/2009 01:43:48 p.m. /IRA Only Mapa:59 X:73 Y:27
21/07/2009 01:43:56 p.m. /IRA Only Mapa:59 X:76 Y:27
21/07/2009 01:47:48 p.m. /IRA Only Mapa:2 X:63 Y:53
21/07/2009 01:49:14 p.m. /IRA Only Mapa:59 X:76 Y:28
21/07/2009 01:49:17 p.m. Transporto a NeesKenS hacia Mapa59 X:75 Y:22
21/07/2009 01:50:15 p.m. Transporto a NeesKenS hacia Mapa59 X:75 Y:26
21/07/2009 01:51:03 p.m. /IRA Anperm Mapa:34 X:21 Y:79
21/07/2009 01:52:09 p.m. /IRA Only Mapa:59 X:75 Y:27
21/07/2009 01:54:08 p.m. Transporto a NeesKenS hacia Mapa59 X:74 Y:26
21/07/2009 01:59:56 p.m. RMSG: es papa noel para todos USTEDES
21/07/2009 02:00:54 p.m. RMSG: 2 SONEJEROS BIEN DICHO
21/07/2009 02:01:32 p.m. Transporto a NeesKenS hacia Mapa59 X:76 Y:22
21/07/2009 02:02:11 p.m. Transporto a NeesKenS hacia Mapa59 X:70 Y:27
21/07/2009 02:02:20 p.m. Transporto a NeesKenS hacia Mapa59 X:76 Y:22
21/07/2009 02:02:27 p.m. Transporto a NeesKenS hacia Mapa59 X:78 Y:22
21/07/2009 02:02:29 p.m. Tiro cantidad:1 Objeto:Vestimentas de noble - Distinción otorgada por el Consejo de Banderbill
21/07/2009 02:02:53 p.m. Agarro:1 Objeto:Vestimentas de noble - Distinción otorgada por el Consejo de Banderbill
21/07/2009 02:02:54 p.m. Transporto a NeesKenS hacia Mapa59 X:76 Y:22
21/07/2009 02:02:59 p.m. Transporto a NeesKenS hacia Mapa59 X:71 Y:27
21/07/2009 02:03:01 p.m. Transporto a NeesKenS hacia Mapa59 X:76 Y:22
21/07/2009 02:05:49 p.m. Transporto a NeesKenS hacia Mapa59 X:73 Y:24
21/07/2009 02:07:54 p.m. Transporto a NeesKenS hacia Mapa2 X:57 Y:46
21/07/2009 02:10:23 p.m. RMSG: Gente nos vemos me voy a dormir SUERTE ESPERO MAÑANA PODER HACER TORNEOS~500~1~0~200
21/07/2009 02:11:48 p.m. Transporto a NeesKenS hacia Mapa40 X:50 Y:50
21/07/2009 02:11:50 p.m. Transporto a NeesKenS hacia Mapa40 X:54 Y:51
21/07/2009 02:11:54 p.m. /SUM oxee Map:40 X:54 Y:51
21/07/2009 02:12:33 p.m. Transporto a oxee hacia Mapa1 X:50 Y:50
21/07/2009 02:12:47 p.m. Tiro cantidad:1 Objeto:Trono
21/07/2009 02:14:36 p.m. Agarro:1 Objeto:Trono
21/07/2009 02:14:37 p.m. Agarro:1 Objeto:Trono
21/07/2009 02:14:38 p.m. Agarro:1 Objeto:Trono
21/07/2009 02:14:40 p.m. Agarro:1 Objeto:Trono
21/07/2009 02:14:41 p.m. Agarro:1 Objeto:Trono
21/07/2009 02:14:42 p.m. Transporto a NeesKenS hacia Mapa236 X:44 Y:69
21/07/2009 02:14:43 p.m. Agarro:1 Objeto:Trono
21/07/2009 02:14:43 p.m. Transporto a NeesKenS hacia Mapa236 X:48 Y:69
21/07/2009 02:14:56 p.m. Transporto a NeesKenS hacia Mapa236 X:48 Y:69
21/07/2009 02:14:57 p.m. Transporto a NeesKenS hacia Mapa236 X:49 Y:73
21/07/2009 02:14:58 p.m. Transporto a NeesKenS hacia Mapa236 X:45 Y:71
21/07/2009 02:15:01 p.m. Transporto a NeesKenS hacia Mapa236 X:42 Y:73
21/07/2009 02:15:02 p.m. Transporto a NeesKenS hacia Mapa236 X:44 Y:71
21/07/2009 02:15:04 p.m. Transporto a NeesKenS hacia Mapa236 X:40 Y:69
21/07/2009 02:17:53 p.m. /IRA Only Mapa:59 X:85 Y:26
21/07/2009 02:18:15 p.m. Tiro cantidad:1 Objeto:Trono
21/07/2009 02:18:17 p.m. Agarro:1 Objeto:Trono
21/07/2009 02:19:12 p.m. Se conecto con ip:201.231.88.129
21/07/2009 02:19:18 p.m. /IRA Only Mapa:59 X:88 Y:27
21/07/2009 02:19:20 p.m. Transporto a NeesKenS hacia Mapa59 X:80 Y:26
21/07/2009 02:19:21 p.m. Transporto a NeesKenS hacia Mapa59 X:76 Y:22
21/07/2009 02:19:43 p.m. Transporto a NeesKenS hacia Mapa59 X:80 Y:23
21/07/2009 02:20:18 p.m. RMSG: con 5000001 se
21/07/2009 02:20:24 p.m. Transporto a NeesKenS hacia Mapa59 X:81 Y:25
21/07/2009 02:22:26 p.m. Agarro:1 Objeto:Trono
21/07/2009 02:22:31 p.m. Agarro:1 Objeto:Trono
21/07/2009 02:23:05 p.m. Tiro cantidad:1 Objeto:Trono
21/07/2009 02:23:09 p.m. Transporto a NeesKenS hacia Mapa59 X:87 Y:30
21/07/2009 02:23:10 p.m. Transporto a NeesKenS hacia Mapa59 X:82 Y:30
21/07/2009 02:23:23 p.m. Tiro cantidad:1 Objeto:Trono
21/07/2009 02:23:37 p.m. Transporto a NeesKenS hacia Mapa59 X:88 Y:30
21/07/2009 02:39:00 p.m. Se conecto con ip:201.231.88.129
21/07/2009 02:39:08 p.m. Se conecto con ip:201.231.88.129
21/07/2009 02:40:00 p.m. Se conecto con ip:201.231.88.129
