04/03/2007 10:00:28 p.m. Se conecto con ip:127.0.0.1
04/03/2007 10:01:27 p.m. Se conecto con ip:127.0.0.1
04/03/2007 10:01:42 p.m. Se conecto con ip:127.0.0.1
04/03/2007 10:01:51 p.m. Se conecto con ip:127.0.0.1
04/03/2007 10:04:06 p.m. Se conecto con ip:127.0.0.1
04/03/2007 10:04:08 p.m. Transporto a Smud hacia Mapa34 X:26 Y:78
04/03/2007 10:04:29 p.m. Transporto a Smud hacia Mapa179 X:75 Y:50
04/03/2007 10:04:29 p.m. Transporto a Smud hacia Mapa179 X:81 Y:50
04/03/2007 10:04:29 p.m. Transporto a Smud hacia Mapa179 X:88 Y:51
04/03/2007 10:04:31 p.m. Transporto a Smud hacia Mapa194 X:16 Y:48
04/03/2007 10:04:31 p.m. Transporto a Smud hacia Mapa194 X:22 Y:44
04/03/2007 10:04:31 p.m. Transporto a Smud hacia Mapa194 X:29 Y:40
04/03/2007 10:04:31 p.m. Transporto a Smud hacia Mapa194 X:36 Y:36
04/03/2007 10:04:31 p.m. Transporto a Smud hacia Mapa194 X:42 Y:32
04/03/2007 10:04:32 p.m. Transporto a Smud hacia Mapa194 X:47 Y:29
04/03/2007 10:04:32 p.m. Transporto a Smud hacia Mapa194 X:50 Y:26
04/03/2007 10:04:32 p.m. Transporto a Smud hacia Mapa194 X:55 Y:22
04/03/2007 10:04:33 p.m. Transporto a Smud hacia Mapa194 X:60 Y:18
04/03/2007 10:04:34 p.m. Transporto a Smud hacia Mapa194 X:67 Y:16
04/03/2007 10:04:34 p.m. Transporto a Smud hacia Mapa194 X:64 Y:15
04/03/2007 10:04:34 p.m. Transporto a Smud hacia Mapa194 X:60 Y:14
04/03/2007 10:04:34 p.m. Transporto a Smud hacia Mapa194 X:56 Y:13
04/03/2007 10:04:35 p.m. Transporto a Smud hacia Mapa194 X:52 Y:13
04/03/2007 10:04:35 p.m. Transporto a Smud hacia Mapa194 X:49 Y:14
04/03/2007 10:04:35 p.m. Transporto a Smud hacia Mapa194 X:47 Y:15
04/03/2007 10:04:36 p.m. Transporto a Smud hacia Mapa194 X:46 Y:17
04/03/2007 10:15:28 p.m. Se conecto con ip:127.0.0.1
04/03/2007 10:15:30 p.m. Transporto a Smud hacia Mapa194 X:41 Y:21
04/03/2007 10:15:30 p.m. Transporto a Smud hacia Mapa194 X:36 Y:23
04/03/2007 10:15:30 p.m. Transporto a Smud hacia Mapa194 X:29 Y:26
04/03/2007 10:15:30 p.m. Transporto a Smud hacia Mapa194 X:22 Y:29
04/03/2007 10:15:30 p.m. Transporto a Smud hacia Mapa194 X:14 Y:30
04/03/2007 10:15:31 p.m. Transporto a Smud hacia Mapa194 X:11 Y:34
04/03/2007 10:15:31 p.m. Transporto a Smud hacia Mapa194 X:11 Y:38
04/03/2007 10:15:31 p.m. Transporto a Smud hacia Mapa194 X:14 Y:42
04/03/2007 10:15:31 p.m. Transporto a Smud hacia Mapa194 X:19 Y:46
04/03/2007 10:15:31 p.m. Transporto a Smud hacia Mapa194 X:23 Y:50
04/03/2007 10:15:32 p.m. Transporto a Smud hacia Mapa194 X:18 Y:53
04/03/2007 10:15:32 p.m. Transporto a Smud hacia Mapa194 X:11 Y:52
04/03/2007 10:15:33 p.m. Transporto a Smud hacia Mapa179 X:86 Y:51
04/03/2007 10:15:34 p.m. Transporto a Smud hacia Mapa179 X:79 Y:50
04/03/2007 10:15:34 p.m. Transporto a Smud hacia Mapa179 X:72 Y:49
04/03/2007 10:15:36 p.m. Tiro cantidad:100 Objeto:Jugo de frutas
04/03/2007 10:15:39 p.m. Tiro cantidad:42 Objeto:Chuleta
04/03/2007 10:21:59 p.m. Se conecto con ip:127.0.0.1
04/03/2007 10:22:00 p.m. Transporto a Smud hacia Mapa179 X:76 Y:50
04/03/2007 10:22:00 p.m. Transporto a Smud hacia Mapa179 X:82 Y:51
04/03/2007 10:22:00 p.m. Transporto a Smud hacia Mapa179 X:89 Y:52
04/03/2007 10:22:02 p.m. Transporto a Smud hacia Mapa194 X:16 Y:48
04/03/2007 10:22:02 p.m. Transporto a Smud hacia Mapa194 X:22 Y:45
04/03/2007 10:22:02 p.m. Transporto a Smud hacia Mapa194 X:29 Y:42
04/03/2007 10:22:02 p.m. Transporto a Smud hacia Mapa194 X:36 Y:39
04/03/2007 10:22:03 p.m. Transporto a Smud hacia Mapa194 X:42 Y:36
04/03/2007 10:22:03 p.m. Transporto a Smud hacia Mapa194 X:46 Y:32
04/03/2007 10:22:04 p.m. Transporto a Smud hacia Mapa194 X:45 Y:28
04/03/2007 10:22:04 p.m. Transporto a Smud hacia Mapa194 X:41 Y:26
04/03/2007 10:22:11 p.m. Sumoneo Oso Pardo respawn: 0
04/03/2007 10:22:12 p.m. Sumoneo Oso Pardo respawn: 0
04/03/2007 10:22:12 p.m. Sumoneo Oso Pardo respawn: 0
05/03/2007 08:31:03 p.m. Se conecto con ip:127.0.0.1
05/03/2007 08:32:20 p.m. Se conecto con ip:127.0.0.1
05/03/2007 08:35:31 p.m. Se conecto con ip:127.0.0.1
05/03/2007 08:42:51 p.m. Se conecto con ip:127.0.0.1
05/03/2007 08:44:14 p.m. Se conecto con ip:127.0.0.1
05/03/2007 08:45:05 p.m. Se conecto con ip:127.0.0.1
05/03/2007 08:47:55 p.m. Se conecto con ip:127.0.0.1
05/03/2007 08:50:35 p.m. Se conecto con ip:127.0.0.1
05/03/2007 08:57:31 p.m. Se conecto con ip:127.0.0.1
05/03/2007 08:57:37 p.m. Sumoneo Mini Golem Sa respawn: 0
05/03/2007 08:59:07 p.m. Se conecto con ip:127.0.0.1
05/03/2007 08:59:30 p.m. Se conecto con ip:127.0.0.1
05/03/2007 09:00:39 p.m. Se conecto con ip:127.0.0.1
05/03/2007 09:00:51 p.m. Transporto a Smud hacia Mapa34 X:60 Y:60
05/03/2007 09:00:52 p.m. Transporto a Smud hacia Mapa34 X:55 Y:63
05/03/2007 09:00:53 p.m. Transporto a Smud hacia Mapa34 X:47 Y:66
05/03/2007 09:00:53 p.m. Transporto a Smud hacia Mapa34 X:39 Y:70
05/03/2007 09:00:53 p.m. Transporto a Smud hacia Mapa34 X:31 Y:75
05/03/2007 09:00:53 p.m. Transporto a Smud hacia Mapa34 X:31 Y:75
05/03/2007 09:00:54 p.m. Transporto a Smud hacia Mapa34 X:25 Y:81
05/03/2007 09:00:54 p.m. Transporto a Smud hacia Mapa34 X:18 Y:86
05/03/2007 09:00:54 p.m. Transporto a Smud hacia Mapa34 X:17 Y:81
05/03/2007 09:00:54 p.m. Transporto a Smud hacia Mapa34 X:16 Y:77
05/03/2007 09:00:55 p.m. Transporto a Smud hacia Mapa34 X:18 Y:72
05/03/2007 09:01:17 p.m. Se conecto con ip:127.0.0.1
05/03/2007 09:01:58 p.m. Se conecto con ip:127.0.0.1
05/03/2007 09:03:30 p.m. Se conecto con ip:127.0.0.1
05/03/2007 09:21:51 p.m. Se conecto con ip:127.0.0.1
05/03/2007 09:27:24 p.m. Se conecto con ip:127.0.0.1
05/03/2007 09:29:04 p.m. Se conecto con ip:127.0.0.1
05/03/2007 09:33:22 p.m. Se conecto con ip:127.0.0.1
05/03/2007 09:35:07 p.m. Se conecto con ip:127.0.0.1
05/03/2007 09:38:06 p.m. Se conecto con ip:127.0.0.1
05/03/2007 09:41:27 p.m. Se conecto con ip:127.0.0.1
05/03/2007 10:16:07 p.m. Se conecto con ip:127.0.0.1
05/03/2007 10:16:24 p.m. Transporto a Smud hacia Mapa1 X:50 Y:50
05/03/2007 10:16:28 p.m. Transporto a Smud hacia Mapa1 X:59 Y:47
05/03/2007 10:16:29 p.m. Transporto a Smud hacia Mapa1 X:58 Y:49
05/03/2007 10:16:30 p.m. Agarro:1 Objeto:Escudo de torre +1
05/03/2007 10:16:40 p.m. Transporto a Smud hacia Mapa1 X:64 Y:45
05/03/2007 10:16:41 p.m. Transporto a Smud hacia Mapa1 X:70 Y:42
05/03/2007 10:16:42 p.m. Transporto a Smud hacia Mapa1 X:69 Y:46
05/03/2007 10:16:42 p.m. Transporto a Smud hacia Mapa1 X:70 Y:52
05/03/2007 10:16:42 p.m. Transporto a Smud hacia Mapa1 X:74 Y:53
05/03/2007 10:16:43 p.m. Transporto a Smud hacia Mapa1 X:75 Y:59
05/03/2007 10:16:44 p.m. Transporto a Smud hacia Mapa1 X:76 Y:62
05/03/2007 10:16:45 p.m. Transporto a Smud hacia Mapa1 X:76 Y:62
05/03/2007 10:16:46 p.m. Transporto a Smud hacia Mapa1 X:75 Y:57
05/03/2007 10:16:46 p.m. Transporto a Smud hacia Mapa1 X:75 Y:52
05/03/2007 10:16:49 p.m. Transporto a Smud hacia Mapa1 X:69 Y:51
05/03/2007 10:16:49 p.m. Transporto a Smud hacia Mapa1 X:63 Y:50
05/03/2007 10:16:50 p.m. Transporto a Smud hacia Mapa1 X:60 Y:49
05/03/2007 10:16:51 p.m. Transporto a Smud hacia Mapa1 X:54 Y:47
05/03/2007 10:16:57 p.m. Transporto a Smud hacia Mapa34 X:50 Y:50
05/03/2007 10:16:58 p.m. Transporto a Smud hacia Mapa34 X:49 Y:44
05/03/2007 10:17:02 p.m. Transporto a Smud hacia Mapa34 X:52 Y:40
05/03/2007 10:17:03 p.m. Transporto a Smud hacia Mapa34 X:54 Y:35
05/03/2007 10:17:03 p.m. Transporto a Smud hacia Mapa34 X:55 Y:30
05/03/2007 10:17:03 p.m. Transporto a Smud hacia Mapa34 X:58 Y:33
05/03/2007 10:17:04 p.m. Transporto a Smud hacia Mapa34 X:62 Y:36
05/03/2007 10:17:04 p.m. Transporto a Smud hacia Mapa34 X:62 Y:40
05/03/2007 10:17:05 p.m. Transporto a Smud hacia Mapa34 X:62 Y:44
05/03/2007 10:17:10 p.m. Transporto a Smud hacia Mapa34 X:58 Y:47
05/03/2007 10:17:10 p.m. Transporto a Smud hacia Mapa34 X:53 Y:50
05/03/2007 10:17:11 p.m. Transporto a Smud hacia Mapa34 X:48 Y:53
05/03/2007 10:17:11 p.m. Transporto a Smud hacia Mapa34 X:42 Y:56
05/03/2007 10:17:12 p.m. Transporto a Smud hacia Mapa34 X:37 Y:60
05/03/2007 10:17:12 p.m. Transporto a Smud hacia Mapa34 X:32 Y:64
05/03/2007 10:17:13 p.m. Transporto a Smud hacia Mapa34 X:27 Y:68
05/03/2007 10:17:13 p.m. Transporto a Smud hacia Mapa34 X:21 Y:72
05/03/2007 10:17:16 p.m. Sumoneo Yeti respawn: 0
05/03/2007 10:17:52 p.m. Transporto a Smud hacia Mapa34 X:27 Y:74
05/03/2007 10:17:58 p.m. Transporto a Smud hacia Mapa202 X:62 Y:41
05/03/2007 10:17:59 p.m. Transporto a Smud hacia Mapa202 X:62 Y:39
05/03/2007 10:18:01 p.m. Transporto a Smud hacia Mapa202 X:62 Y:41
05/03/2007 10:18:02 p.m. Transporto a Smud hacia Mapa202 X:62 Y:40
05/03/2007 10:18:02 p.m. Transporto a Smud hacia Mapa202 X:62 Y:40
05/03/2007 10:18:02 p.m. Transporto a Smud hacia Mapa202 X:62 Y:41
05/03/2007 10:18:02 p.m. Transporto a Smud hacia Mapa202 X:62 Y:42
05/03/2007 10:18:05 p.m. Transporto a Smud hacia Mapa202 X:57 Y:42
05/03/2007 10:18:18 p.m. Transporto a Smud hacia Mapa207 X:63 Y:57
05/03/2007 10:18:18 p.m. Transporto a Smud hacia Mapa207 X:58 Y:61
05/03/2007 10:18:19 p.m. Transporto a Smud hacia Mapa207 X:57 Y:66
05/03/2007 10:18:19 p.m. Transporto a Smud hacia Mapa207 X:59 Y:70
05/03/2007 10:18:19 p.m. Transporto a Smud hacia Mapa207 X:62 Y:74
05/03/2007 10:18:19 p.m. Transporto a Smud hacia Mapa207 X:66 Y:78
05/03/2007 10:18:19 p.m. Transporto a Smud hacia Mapa207 X:68 Y:83
05/03/2007 10:18:19 p.m. Transporto a Smud hacia Mapa207 X:69 Y:88
05/03/2007 10:18:21 p.m. Transporto a Smud hacia Mapa207 X:63 Y:84
05/03/2007 10:18:30 p.m. Transporto a Smud hacia Mapa34 X:50 Y:50
05/03/2007 10:18:31 p.m. Transporto a Smud hacia Mapa34 X:49 Y:55
05/03/2007 10:18:31 p.m. Transporto a Smud hacia Mapa34 X:48 Y:60
05/03/2007 10:18:31 p.m. Transporto a Smud hacia Mapa34 X:47 Y:66
05/03/2007 10:18:31 p.m. Transporto a Smud hacia Mapa34 X:47 Y:72
05/03/2007 10:18:31 p.m. Transporto a Smud hacia Mapa34 X:48 Y:78
05/03/2007 10:18:32 p.m. Transporto a Smud hacia Mapa34 X:47 Y:84
05/03/2007 10:18:32 p.m. Transporto a Smud hacia Mapa34 X:45 Y:90
05/03/2007 10:18:33 p.m. Transporto a Smud hacia Mapa34 X:42 Y:88
05/03/2007 10:18:34 p.m. Transporto a Smud hacia Mapa34 X:38 Y:85
05/03/2007 10:18:35 p.m. Transporto a Smud hacia Mapa34 X:35 Y:82
05/03/2007 10:18:35 p.m. Transporto a Smud hacia Mapa34 X:31 Y:78
05/03/2007 10:18:36 p.m. Transporto a Smud hacia Mapa34 X:27 Y:78
05/03/2007 10:19:02 p.m. Transporto a Smud hacia Mapa64 X:56 Y:58
05/03/2007 10:19:03 p.m. Transporto a Smud hacia Mapa64 X:48 Y:58
05/03/2007 10:19:03 p.m. Transporto a Smud hacia Mapa64 X:40 Y:59
05/03/2007 10:19:03 p.m. Transporto a Smud hacia Mapa64 X:32 Y:60
05/03/2007 10:19:03 p.m. Transporto a Smud hacia Mapa64 X:25 Y:62
05/03/2007 10:19:04 p.m. Transporto a Smud hacia Mapa64 X:18 Y:59
05/03/2007 10:19:04 p.m. Transporto a Smud hacia Mapa64 X:11 Y:55
05/03/2007 10:19:05 p.m. Transporto a Smud hacia Mapa64 X:13 Y:50
05/03/2007 10:19:05 p.m. Transporto a Smud hacia Mapa64 X:15 Y:46
05/03/2007 10:19:05 p.m. Transporto a Smud hacia Mapa64 X:16 Y:41
05/03/2007 10:19:06 p.m. Transporto a Smud hacia Mapa64 X:12 Y:44
05/03/2007 10:19:09 p.m. Transporto a Smud hacia Mapa62 X:84 Y:47
05/03/2007 10:19:09 p.m. Transporto a Smud hacia Mapa62 X:76 Y:50
05/03/2007 10:19:10 p.m. Transporto a Smud hacia Mapa62 X:68 Y:53
05/03/2007 10:19:10 p.m. Transporto a Smud hacia Mapa62 X:65 Y:59
05/03/2007 10:19:10 p.m. Transporto a Smud hacia Mapa62 X:62 Y:65
05/03/2007 10:19:10 p.m. Transporto a Smud hacia Mapa62 X:61 Y:71
05/03/2007 10:19:10 p.m. Transporto a Smud hacia Mapa62 X:63 Y:77
05/03/2007 10:19:11 p.m. Transporto a Smud hacia Mapa62 X:61 Y:82
05/03/2007 10:19:11 p.m. Transporto a Smud hacia Mapa62 X:57 Y:87
05/03/2007 10:19:11 p.m. Transporto a Smud hacia Mapa62 X:53 Y:92
05/03/2007 10:19:12 p.m. Transporto a Smud hacia Mapa63 X:54 Y:13
05/03/2007 10:19:12 p.m. Transporto a Smud hacia Mapa63 X:55 Y:18
05/03/2007 10:19:12 p.m. Transporto a Smud hacia Mapa63 X:54 Y:24
05/03/2007 10:19:13 p.m. Transporto a Smud hacia Mapa63 X:53 Y:30
05/03/2007 10:19:13 p.m. Transporto a Smud hacia Mapa63 X:55 Y:36
05/03/2007 10:19:13 p.m. Transporto a Smud hacia Mapa63 X:57 Y:41
05/03/2007 10:19:13 p.m. Transporto a Smud hacia Mapa63 X:63 Y:43
05/03/2007 10:19:19 p.m. Transporto a Smud hacia Mapa63 X:50 Y:43
05/03/2007 10:22:49 p.m. Se conecto con ip:127.0.0.1
05/03/2007 10:23:10 p.m. Se conecto con ip:127.0.0.1
05/03/2007 10:23:14 p.m. Transporto a Smud hacia Mapa63 X:47 Y:44
05/03/2007 10:23:21 p.m. Transporto a Smud hacia Mapa63 X:50 Y:42
05/03/2007 10:23:28 p.m. Transporto a Smud hacia Mapa63 X:49 Y:35
05/03/2007 10:23:30 p.m. Transporto a Smud hacia Mapa1 X:56 Y:47
05/03/2007 10:23:31 p.m. Transporto a Smud hacia Mapa1 X:58 Y:42
05/03/2007 10:23:32 p.m. Transporto a Smud hacia Mapa63 X:52 Y:40
05/03/2007 10:23:33 p.m. Transporto a Smud hacia Mapa63 X:49 Y:35
05/03/2007 10:23:35 p.m. Transporto a Smud hacia Mapa1 X:53 Y:45
05/03/2007 10:23:49 p.m. /MATAYeti
05/03/2007 10:23:49 p.m. Transporto a Smud hacia Mapa34 X:28 Y:77
05/03/2007 10:23:57 p.m. Transporto a Smud hacia Mapa150 X:29 Y:28
05/03/2007 10:23:57 p.m. Transporto a Smud hacia Mapa150 X:23 Y:28
05/03/2007 10:23:57 p.m. Transporto a Smud hacia Mapa150 X:17 Y:28
05/03/2007 10:23:58 p.m. Transporto a Smud hacia Mapa150 X:11 Y:28
05/03/2007 10:24:00 p.m. Transporto a Smud hacia Mapa151 X:84 Y:27
05/03/2007 10:24:00 p.m. Transporto a Smud hacia Mapa151 X:78 Y:26
05/03/2007 10:24:00 p.m. Transporto a Smud hacia Mapa151 X:72 Y:25
05/03/2007 10:24:00 p.m. Transporto a Smud hacia Mapa151 X:66 Y:24
05/03/2007 10:24:06 p.m. Transporto a Smud hacia Mapa151 X:70 Y:26
05/03/2007 10:24:06 p.m. Transporto a Smud hacia Mapa151 X:73 Y:29
05/03/2007 10:24:06 p.m. Transporto a Smud hacia Mapa151 X:77 Y:32
05/03/2007 10:24:06 p.m. Transporto a Smud hacia Mapa151 X:81 Y:34
05/03/2007 10:24:07 p.m. Transporto a Smud hacia Mapa151 X:88 Y:33
05/03/2007 10:24:09 p.m. Transporto a Smud hacia Mapa150 X:17 Y:29
05/03/2007 10:24:10 p.m. Transporto a Smud hacia Mapa150 X:24 Y:28
05/03/2007 10:24:10 p.m. Transporto a Smud hacia Mapa150 X:31 Y:28
05/03/2007 10:24:10 p.m. Transporto a Smud hacia Mapa150 X:38 Y:28
05/03/2007 10:24:11 p.m. Transporto a Smud hacia Mapa150 X:33 Y:29
05/03/2007 10:24:19 p.m. Transporto a Smud hacia Mapa34 X:24 Y:75
05/03/2007 10:24:28 p.m. Tiro cantidad:1 Objeto:Honor del Paladín (P - NO FUNCIONA!)
06/03/2007 10:52:13 Se conecto con ip:201.231.142.254
06/03/2007 10:52:30 /IRA Sir sop I Mapa:59 X:46 Y:62
06/03/2007 10:52:56 /mod sir sop I exp 999999
06/03/2007 10:52:57 /mod sir sop I exp 999999
06/03/2007 10:52:57 /mod sir sop I exp 999999
06/03/2007 10:53:13 /mod sir+sop+I exp 999999
06/03/2007 10:53:13 /mod sir+sop+I exp 999999
06/03/2007 10:53:14 /mod sir+sop+I exp 999999
06/03/2007 10:53:15 /mod sir+sop+I exp 999999
06/03/2007 10:53:15 /mod sir+sop+I exp 999999
06/03/2007 10:53:16 /mod sir+sop+I exp 999999
06/03/2007 10:53:16 /mod sir+sop+I exp 999999
06/03/2007 10:53:17 /mod sir+sop+I exp 999999
06/03/2007 10:53:18 /mod sir+sop+I exp 999999
06/03/2007 10:53:18 /mod sir+sop+I exp 999999
06/03/2007 10:53:19 /mod sir+sop+I exp 999999
06/03/2007 10:53:19 /mod sir+sop+I exp 999999
06/03/2007 10:53:20 /mod sir+sop+I exp 999999
06/03/2007 10:53:20 /mod sir+sop+I exp 999999
06/03/2007 10:53:21 /mod sir+sop+I exp 999999
06/03/2007 10:53:22 /mod sir+sop+I exp 999999
06/03/2007 10:53:22 /mod sir+sop+I exp 999999
06/03/2007 10:53:23 /mod sir+sop+I exp 999999
06/03/2007 10:53:23 /mod sir+sop+I exp 999999
06/03/2007 10:53:24 /mod sir+sop+I exp 999999
06/03/2007 10:53:24 /mod sir+sop+I exp 999999
06/03/2007 10:53:25 /mod sir+sop+I exp 999999
06/03/2007 10:53:26 /mod sir+sop+I exp 999999
06/03/2007 10:53:26 /mod sir+sop+I exp 999999
06/03/2007 10:53:27 /mod sir+sop+I exp 999999
06/03/2007 10:53:28 /mod sir+sop+I exp 999999
06/03/2007 10:53:28 /mod sir+sop+I exp 999999
06/03/2007 10:53:29 /mod sir+sop+I exp 999999
06/03/2007 10:53:29 /mod sir+sop+I exp 999999
06/03/2007 10:53:30 /mod sir+sop+I exp 999999
06/03/2007 10:53:44 Transporto a Smud hacia Mapa34 X:50 Y:50
06/03/2007 10:53:46 Transporto a Smud hacia Mapa34 X:46 Y:52
06/03/2007 10:53:46 Transporto a Smud hacia Mapa34 X:41 Y:57
06/03/2007 10:53:46 Transporto a Smud hacia Mapa34 X:36 Y:63
06/03/2007 10:53:46 Transporto a Smud hacia Mapa34 X:31 Y:69
06/03/2007 10:53:47 Transporto a Smud hacia Mapa34 X:26 Y:75
06/03/2007 10:53:49 Transporto a Smud hacia Mapa34 X:22 Y:72
06/03/2007 11:07:43 Se conecto con ip:201.231.148.32
06/03/2007 11:08:33 /SUM gerrerito Map:34 X:30 Y:71
06/03/2007 11:08:38 /SUM palad Map:34 X:30 Y:71
06/03/2007 11:30:41 Se conecto con ip:201.231.148.32
06/03/2007 11:30:44 /IRA palad Mapa:207 X:67 Y:58
06/03/2007 11:30:51 Sumoneo Enfermera respawn: 0
06/03/2007 11:30:55 /MATAEnfermera
06/03/2007 11:32:24 Se conecto con ip:201.231.148.32
06/03/2007 11:32:25 Transporto a Smud hacia Mapa207 X:65 Y:62
06/03/2007 11:32:25 Transporto a Smud hacia Mapa207 X:66 Y:62
06/03/2007 11:32:25 Transporto a Smud hacia Mapa207 X:68 Y:66
06/03/2007 11:32:26 Transporto a Smud hacia Mapa207 X:64 Y:70
06/03/2007 11:32:27 Transporto a Smud hacia Mapa207 X:67 Y:70
06/03/2007 11:32:27 Transporto a Smud hacia Mapa207 X:65 Y:74
06/03/2007 11:32:27 Transporto a Smud hacia Mapa207 X:69 Y:73
06/03/2007 11:32:27 Transporto a Smud hacia Mapa207 X:68 Y:77
06/03/2007 11:32:27 Transporto a Smud hacia Mapa207 X:72 Y:77
06/03/2007 11:32:31 Transporto a Smud hacia Mapa207 X:73 Y:82
06/03/2007 11:32:32 Transporto a Smud hacia Mapa207 X:74 Y:87
06/03/2007 11:32:38 Tiro cantidad:10 Objeto:Pendiente del sacrificio
06/03/2007 11:32:49 Tiro cantidad:100 Objeto:Jugo de frutas
06/03/2007 11:32:50 Tiro cantidad:10 Objeto:Chuleta
06/03/2007 11:32:53 Tiro cantidad:2000 Objeto:Poción Roja
06/03/2007 11:32:56 Tiro cantidad:2000 Objeto:Poción Azul
06/03/2007 11:36:02 Se conecto con ip:201.231.148.32
06/03/2007 11:36:03 Transporto a Smud hacia Mapa207 X:68 Y:87
06/03/2007 11:36:03 Transporto a Smud hacia Mapa207 X:74 Y:88
06/03/2007 11:36:04 Transporto a Smud hacia Mapa207 X:74 Y:88
06/03/2007 11:36:04 Transporto a Smud hacia Mapa207 X:80 Y:89
06/03/2007 11:36:04 Transporto a Smud hacia Mapa207 X:79 Y:89
06/03/2007 11:36:04 Transporto a Smud hacia Mapa207 X:80 Y:91
06/03/2007 11:36:04 Transporto a Smud hacia Mapa207 X:72 Y:87
06/03/2007 11:36:04 Transporto a Smud hacia Mapa207 X:73 Y:87
06/03/2007 11:36:05 Transporto a Smud hacia Mapa207 X:66 Y:83
06/03/2007 11:36:05 Transporto a Smud hacia Mapa207 X:59 Y:79
06/03/2007 11:36:05 Transporto a Smud hacia Mapa207 X:60 Y:80
06/03/2007 11:36:05 Transporto a Smud hacia Mapa207 X:55 Y:76
06/03/2007 11:36:06 Transporto a Smud hacia Mapa207 X:61 Y:73
06/03/2007 11:36:06 Transporto a Smud hacia Mapa207 X:61 Y:73
06/03/2007 11:36:06 Transporto a Smud hacia Mapa207 X:68 Y:70
06/03/2007 11:36:07 Transporto a Smud hacia Mapa207 X:70 Y:67
06/03/2007 11:36:07 Transporto a Smud hacia Mapa207 X:70 Y:66
06/03/2007 11:36:07 Transporto a Smud hacia Mapa207 X:68 Y:62
06/03/2007 11:36:07 Transporto a Smud hacia Mapa207 X:68 Y:63
06/03/2007 11:36:07 Transporto a Smud hacia Mapa207 X:69 Y:59
06/03/2007 11:42:39 Se conecto con ip:201.231.148.32
06/03/2007 11:42:41 /IRA POwa Mapa:194 X:43 Y:66
06/03/2007 11:42:56 Transporto a Smud hacia Mapa194 X:38 Y:68
06/03/2007 11:42:56 Transporto a Smud hacia Mapa194 X:37 Y:68
06/03/2007 11:42:56 Transporto a Smud hacia Mapa194 X:32 Y:69
06/03/2007 11:42:57 Transporto a Smud hacia Mapa194 X:31 Y:69
06/03/2007 11:42:57 Transporto a Smud hacia Mapa194 X:26 Y:70
06/03/2007 11:42:57 Transporto a Smud hacia Mapa194 X:24 Y:70
06/03/2007 11:42:57 Transporto a Smud hacia Mapa194 X:17 Y:70
06/03/2007 11:42:57 Transporto a Smud hacia Mapa194 X:17 Y:69
06/03/2007 11:42:57 Transporto a Smud hacia Mapa194 X:12 Y:73
06/03/2007 11:42:58 Transporto a Smud hacia Mapa194 X:15 Y:75
06/03/2007 11:42:58 Transporto a Smud hacia Mapa194 X:14 Y:81
06/03/2007 11:42:58 Transporto a Smud hacia Mapa194 X:16 Y:81
06/03/2007 11:42:58 Transporto a Smud hacia Mapa194 X:16 Y:87
06/03/2007 11:42:58 Transporto a Smud hacia Mapa194 X:16 Y:87
06/03/2007 11:42:59 Transporto a Smud hacia Mapa194 X:15 Y:92
06/03/2007 11:42:59 Transporto a Smud hacia Mapa194 X:20 Y:90
06/03/2007 11:43:00 Transporto a Smud hacia Mapa194 X:20 Y:89
06/03/2007 11:43:00 Transporto a Smud hacia Mapa194 X:24 Y:86
06/03/2007 11:43:00 Transporto a Smud hacia Mapa194 X:24 Y:85
06/03/2007 11:43:00 Transporto a Smud hacia Mapa194 X:28 Y:82
06/03/2007 11:43:00 Transporto a Smud hacia Mapa194 X:26 Y:78
06/03/2007 11:43:01 Transporto a Smud hacia Mapa194 X:24 Y:78
06/03/2007 11:43:01 Transporto a Smud hacia Mapa194 X:22 Y:74
06/03/2007 11:43:01 Transporto a Smud hacia Mapa194 X:19 Y:70
06/03/2007 11:43:01 Transporto a Smud hacia Mapa194 X:15 Y:65
06/03/2007 11:43:02 Transporto a Smud hacia Mapa194 X:15 Y:65
06/03/2007 11:43:02 Transporto a Smud hacia Mapa194 X:14 Y:60
06/03/2007 11:43:02 Transporto a Smud hacia Mapa194 X:14 Y:60
06/03/2007 11:43:02 Transporto a Smud hacia Mapa194 X:14 Y:55
06/03/2007 11:43:02 Transporto a Smud hacia Mapa194 X:15 Y:55
06/03/2007 11:43:03 Transporto a Smud hacia Mapa194 X:16 Y:50
06/03/2007 11:43:06 Transporto a Smud hacia Mapa179 X:81 Y:50
06/03/2007 11:43:06 Transporto a Smud hacia Mapa179 X:81 Y:50
06/03/2007 11:43:06 Transporto a Smud hacia Mapa179 X:80 Y:50
06/03/2007 11:43:06 Transporto a Smud hacia Mapa179 X:73 Y:50
06/03/2007 11:43:06 Transporto a Smud hacia Mapa179 X:72 Y:50
06/03/2007 11:43:07 Transporto a Smud hacia Mapa179 X:75 Y:50
06/03/2007 11:43:07 Transporto a Smud hacia Mapa179 X:77 Y:50
06/03/2007 11:43:07 Transporto a Smud hacia Mapa179 X:81 Y:50
06/03/2007 11:43:08 Transporto a Smud hacia Mapa179 X:84 Y:50
06/03/2007 11:43:08 Transporto a Smud hacia Mapa179 X:88 Y:50
06/03/2007 11:43:08 Transporto a Smud hacia Mapa179 X:88 Y:50
06/03/2007 11:44:29 Se conecto con ip:201.231.148.32
06/03/2007 11:44:35 /IRA Sir Sop I Mapa:116 X:78 Y:89
06/03/2007 11:44:46 /IRA MELINDRE Mapa:46 X:49 Y:32
06/03/2007 11:44:53 /IRA Sir Sop I Mapa:116 X:82 Y:89
06/03/2007 11:44:54 Transporto a Smud hacia Mapa116 X:81 Y:86
06/03/2007 11:44:54 Transporto a Smud hacia Mapa116 X:81 Y:86
06/03/2007 11:44:55 Transporto a Smud hacia Mapa116 X:80 Y:82
06/03/2007 11:44:55 Transporto a Smud hacia Mapa116 X:79 Y:78
06/03/2007 11:44:56 Transporto a Smud hacia Mapa116 X:75 Y:76
06/03/2007 11:44:59 /SUM gerrerito Map:116 X:75 Y:76
06/03/2007 11:45:14 /INVISIBLE
06/03/2007 11:45:32 /SUM yoe Map:116 X:70 Y:73
06/03/2007 11:45:49 Transporto a Smud hacia Mapa116 X:83 Y:83
06/03/2007 11:45:51 Transporto a Smud hacia Mapa116 X:81 Y:78
06/03/2007 11:45:58 Transporto a Smud hacia Mapa116 X:80 Y:84
06/03/2007 11:46:01 Transporto a Smud hacia Mapa116 X:79 Y:89
06/03/2007 11:46:35 /IRA XanDroZ Mapa:116 X:83 Y:90
06/03/2007 11:46:40 /IRA Nitroxs Mapa:195 X:75 Y:80
06/03/2007 11:47:10 Se conecto con ip:201.231.148.32
06/03/2007 11:49:11 Se conecto con ip:201.231.148.32
06/03/2007 11:49:17 Transporto a Smud hacia Mapa22 X:50 Y:50
06/03/2007 11:49:20 Transporto a Smud hacia Mapa20 X:50 Y:50
06/03/2007 11:49:21 Transporto a Smud hacia Mapa20 X:57 Y:47
06/03/2007 11:49:26 /IRA yoe Mapa:116 X:67 Y:86
06/03/2007 11:50:37 Transporto a Smud hacia Mapa20 X:50 Y:50
06/03/2007 11:50:43 /SUM XanDroZ Map:20 X:54 Y:50
06/03/2007 11:50:46 /SUM Sir Sop I Map:20 X:54 Y:50
06/03/2007 11:50:49 /SUM gerrerito Map:20 X:54 Y:50
06/03/2007 11:50:54 /SUM yoe Map:20 X:54 Y:50
06/03/2007 11:50:59 /SUM metroyd Map:20 X:54 Y:50
06/03/2007 11:51:02 /SUM Heratia Map:20 X:54 Y:50
06/03/2007 11:51:08 /SUM Nitroxs Map:20 X:54 Y:50
06/03/2007 11:51:18 Transporto a Smud hacia Mapa20 X:61 Y:49
06/03/2007 11:51:21 /SUM XanDroZ Map:20 X:61 Y:49
06/03/2007 11:51:24 /SUM gerrerito Map:20 X:61 Y:49
06/03/2007 11:51:27 /SUM Heratia Map:20 X:61 Y:49
06/03/2007 11:51:31 /SUM gerrerito Map:20 X:61 Y:49
06/03/2007 11:51:34 /SUM Nitroxs Map:20 X:59 Y:49
06/03/2007 11:51:48 Transporto a Smud hacia Mapa20 X:52 Y:54
06/03/2007 11:51:52 /SUM XanDroZ Map:20 X:52 Y:54
06/03/2007 11:51:55 /SUM Nitroxs Map:20 X:53 Y:54
06/03/2007 11:52:00 Sumoneo Sacerdote respawn: 0
06/03/2007 11:52:03 Transporto a Smud hacia Mapa20 X:58 Y:47
06/03/2007 11:52:06 /BLOQ
06/03/2007 11:52:07 Transporto a Smud hacia Mapa20 X:58 Y:46
06/03/2007 11:52:10 /BLOQ
06/03/2007 12:25:35 Se conecto con ip:201.231.148.32
06/03/2007 12:25:48 /mod freez exp 999999
06/03/2007 12:25:49 /mod freez exp 999999
06/03/2007 12:25:50 /mod freez exp 999999
06/03/2007 12:25:50 /mod freez exp 999999
06/03/2007 12:25:51 /mod freez exp 999999
06/03/2007 12:25:51 /mod freez exp 999999
06/03/2007 12:25:52 /mod freez exp 999999
06/03/2007 12:25:52 /mod freez exp 999999
06/03/2007 12:25:53 /mod freez exp 999999
06/03/2007 12:25:53 /mod freez exp 999999
06/03/2007 12:25:53 /mod freez exp 999999
06/03/2007 12:25:54 /mod freez exp 999999
06/03/2007 12:25:54 /mod freez exp 999999
06/03/2007 12:25:55 /mod freez exp 999999
06/03/2007 12:25:55 /mod freez exp 999999
06/03/2007 12:25:55 /mod freez exp 999999
06/03/2007 12:25:56 /mod freez exp 999999
06/03/2007 12:25:56 /mod freez exp 999999
06/03/2007 12:25:57 /mod freez exp 999999
06/03/2007 12:25:57 /mod freez exp 999999
06/03/2007 12:25:58 /mod freez exp 999999
06/03/2007 12:25:58 /mod freez exp 999999
06/03/2007 12:26:00 /mod freez exp 999999
06/03/2007 12:26:12 /mod freez level 37
06/03/2007 12:26:15 /mod freez exp 999999
06/03/2007 12:26:41 /mod xguerrex exp 999999
06/03/2007 12:26:41 /mod xguerrex exp 999999
06/03/2007 12:26:41 /mod xguerrex exp 999999
06/03/2007 12:26:42 /mod xguerrex exp 999999
06/03/2007 12:26:42 /mod xguerrex exp 999999
06/03/2007 12:26:43 /mod xguerrex exp 999999
06/03/2007 12:26:43 /mod xguerrex exp 999999
06/03/2007 12:26:44 /mod xguerrex exp 999999
06/03/2007 12:26:44 /mod xguerrex exp 999999
06/03/2007 12:26:45 /mod xguerrex exp 999999
06/03/2007 12:26:45 /mod xguerrex exp 999999
06/03/2007 12:26:46 /mod xguerrex exp 999999
06/03/2007 12:26:46 /mod xguerrex exp 999999
06/03/2007 12:26:46 /mod xguerrex exp 999999
06/03/2007 12:26:47 /mod xguerrex exp 999999
06/03/2007 12:26:47 /mod xguerrex exp 999999
06/03/2007 12:26:47 /mod xguerrex exp 999999
06/03/2007 12:26:48 /mod xguerrex exp 999999
06/03/2007 12:26:48 /mod xguerrex exp 999999
06/03/2007 12:26:49 /mod xguerrex exp 999999
06/03/2007 12:26:49 /mod xguerrex exp 999999
06/03/2007 12:26:50 /mod xguerrex exp 999999
06/03/2007 12:26:50 /mod xguerrex exp 999999
06/03/2007 12:26:51 /mod xguerrex exp 999999
06/03/2007 12:26:52 /mod xguerrex exp 999999
06/03/2007 12:26:52 /mod xguerrex exp 999999
06/03/2007 12:26:53 /mod xguerrex exp 999999
06/03/2007 12:26:53 /mod xguerrex exp 999999
06/03/2007 12:26:53 /mod xguerrex exp 999999
06/03/2007 12:26:54 /mod xguerrex exp 999999
06/03/2007 12:26:54 /mod xguerrex exp 999999
06/03/2007 12:26:55 /mod xguerrex exp 999999
06/03/2007 12:26:55 /mod xguerrex exp 999999
06/03/2007 12:26:55 /mod xguerrex exp 999999
06/03/2007 12:26:56 /mod xguerrex exp 999999
06/03/2007 12:26:57 /mod xguerrex exp 999999
06/03/2007 12:26:58 /mod xguerrex exp 999999
06/03/2007 12:26:59 /mod xguerrex exp 999999
06/03/2007 12:26:59 /mod xguerrex exp 999999
06/03/2007 12:27:01 /mod xguerrex exp 999999
06/03/2007 12:27:01 /mod xguerrex exp 999999
06/03/2007 12:27:01 /mod xguerrex exp 999999
06/03/2007 12:27:02 /mod xguerrex exp 999999
06/03/2007 12:27:27 /mod xguerrex exp 999999
06/03/2007 12:28:33 Se conecto con ip:201.231.148.32
06/03/2007 12:28:49 Se conecto con ip:201.231.148.32
06/03/2007 12:28:57 /SUM NEOR Map:20 X:46 Y:57
06/03/2007 12:29:05 /mod neor exp 999999
06/03/2007 12:29:05 /mod neor exp 999999
06/03/2007 12:29:06 /mod neor exp 999999
06/03/2007 12:29:08 /mod neor exp 999999
06/03/2007 12:29:08 /mod neor exp 999999
06/03/2007 12:29:09 /mod neor exp 999999
06/03/2007 12:29:09 /mod neor exp 999999
06/03/2007 12:29:10 /mod neor exp 999999
06/03/2007 12:29:10 /mod neor exp 999999
06/03/2007 12:29:11 /mod neor exp 999999
06/03/2007 12:29:11 /mod neor exp 999999
06/03/2007 12:29:12 /mod neor exp 999999
06/03/2007 12:29:12 /mod neor exp 999999
06/03/2007 12:29:13 /mod neor exp 999999
06/03/2007 12:29:13 /mod neor exp 999999
06/03/2007 12:29:14 /mod neor exp 999999
06/03/2007 12:29:14 /mod neor exp 999999
06/03/2007 12:29:15 /mod neor exp 999999
06/03/2007 12:29:15 /mod neor exp 999999
06/03/2007 12:29:16 /mod neor exp 999999
06/03/2007 12:29:16 /mod neor exp 999999
06/03/2007 12:29:17 /mod neor exp 999999
06/03/2007 12:29:17 /mod neor exp 999999
06/03/2007 12:29:17 /mod neor exp 999999
06/03/2007 12:29:18 /mod neor exp 999999
06/03/2007 12:29:18 /mod neor exp 999999
06/03/2007 12:29:19 /mod neor exp 999999
06/03/2007 12:29:19 /mod neor exp 999999
06/03/2007 12:29:19 /mod neor exp 999999
06/03/2007 12:29:20 /mod neor exp 999999
06/03/2007 12:29:20 /mod neor exp 999999
06/03/2007 12:29:21 /mod neor exp 999999
06/03/2007 12:29:21 /mod neor exp 999999
06/03/2007 12:29:21 /mod neor exp 999999
06/03/2007 12:29:22 /mod neor exp 999999
06/03/2007 12:29:25 /mod neor exp 999999
06/03/2007 12:29:38 /SUM pool Map:20 X:46 Y:57
06/03/2007 12:29:48 /mod pool exp 999999
06/03/2007 12:29:49 /mod pool exp 999999
06/03/2007 12:29:50 /mod pool exp 999999
06/03/2007 12:29:50 /mod pool exp 999999
06/03/2007 12:29:51 /mod pool exp 999999
06/03/2007 12:29:51 /mod pool exp 999999
06/03/2007 12:29:52 /mod pool exp 999999
06/03/2007 12:29:52 /mod pool exp 999999
06/03/2007 12:29:52 /mod pool exp 999999
06/03/2007 12:29:53 /mod pool exp 999999
06/03/2007 12:29:53 /mod pool exp 999999
06/03/2007 12:29:54 /mod pool exp 999999
06/03/2007 12:29:54 /mod pool exp 999999
06/03/2007 12:29:54 /mod pool exp 999999
06/03/2007 12:29:55 /mod pool exp 999999
06/03/2007 12:29:55 /mod pool exp 999999
06/03/2007 12:29:56 /mod pool exp 999999
06/03/2007 12:29:56 /mod pool exp 999999
06/03/2007 12:29:56 /mod pool exp 999999
06/03/2007 12:29:57 /mod pool exp 999999
06/03/2007 12:29:57 /mod pool exp 999999
06/03/2007 12:29:58 /mod pool exp 999999
06/03/2007 12:29:58 /mod pool exp 999999
06/03/2007 12:29:58 /mod pool exp 999999
06/03/2007 12:29:59 /mod pool exp 999999
06/03/2007 12:29:59 /mod pool exp 999999
06/03/2007 12:30:00 /mod pool exp 999999
06/03/2007 12:30:00 /mod pool exp 999999
06/03/2007 12:30:00 /mod pool exp 999999
06/03/2007 12:30:01 /mod pool exp 999999
06/03/2007 12:30:01 /mod pool exp 999999
06/03/2007 12:30:02 /mod pool exp 999999
06/03/2007 12:30:02 /mod pool exp 999999
06/03/2007 12:47:21 Se conecto con ip:201.231.142.254
06/03/2007 12:47:28 /IRA XGUERREX Mapa:207 X:66 Y:82
06/03/2007 12:48:08 Sumoneo Aparición respawn: 0
06/03/2007 12:48:09 Sumoneo Aparición respawn: 0
06/03/2007 12:48:10 Sumoneo Aparición respawn: 0
06/03/2007 12:48:11 Sumoneo Aparición respawn: 0
06/03/2007 12:48:12 Sumoneo Aparición respawn: 0
06/03/2007 12:48:13 Sumoneo Aparición respawn: 0
06/03/2007 12:56:56 Se conecto con ip:127.0.0.1
06/03/2007 12:56:59 /SUM pool Map:207 X:64 Y:83
06/03/2007 12:57:38 Echó al personaje: 
06/03/2007 12:58:36 Echó al personaje: 
06/03/2007 12:58:52 /SUM yoe Map:207 X:63 Y:80
06/03/2007 12:59:03 Echó al personaje: 
06/03/2007 12:59:37 /SUM XGUERREX Map:207 X:63 Y:80
06/03/2007 13:00:33 Transporto a Smud hacia Mapa207 X:65 Y:82
06/03/2007 13:00:33 Transporto a Smud hacia Mapa207 X:68 Y:83
06/03/2007 13:00:34 Transporto a Smud hacia Mapa207 X:66 Y:83
06/03/2007 13:00:34 Transporto a Smud hacia Mapa207 X:64 Y:83
06/03/2007 13:00:34 Transporto a Smud hacia Mapa207 X:62 Y:82
06/03/2007 13:00:35 Transporto a Smud hacia Mapa207 X:65 Y:83
06/03/2007 13:00:35 Transporto a Smud hacia Mapa207 X:68 Y:85
06/03/2007 13:00:35 Transporto a Smud hacia Mapa207 X:69 Y:87
06/03/2007 13:00:35 Transporto a Smud hacia Mapa207 X:67 Y:88
06/03/2007 13:00:35 Transporto a Smud hacia Mapa207 X:64 Y:87
06/03/2007 13:00:36 Transporto a Smud hacia Mapa207 X:68 Y:88
06/03/2007 13:00:36 Transporto a Smud hacia Mapa207 X:75 Y:90
06/03/2007 13:00:37 Transporto a Smud hacia Mapa207 X:73 Y:89
06/03/2007 13:00:37 Transporto a Smud hacia Mapa207 X:71 Y:88
06/03/2007 13:00:37 Transporto a Smud hacia Mapa207 X:68 Y:87
06/03/2007 13:00:38 Transporto a Smud hacia Mapa207 X:66 Y:85
06/03/2007 13:00:39 Transporto a Smud hacia Mapa207 X:65 Y:83
06/03/2007 13:00:39 Transporto a Smud hacia Mapa207 X:64 Y:81
06/03/2007 13:00:39 Transporto a Smud hacia Mapa207 X:66 Y:81
06/03/2007 13:00:40 Transporto a Smud hacia Mapa207 X:68 Y:82
06/03/2007 13:00:40 Transporto a Smud hacia Mapa207 X:68 Y:83
06/03/2007 13:00:40 Transporto a Smud hacia Mapa207 X:68 Y:84
06/03/2007 13:00:40 Transporto a Smud hacia Mapa207 X:68 Y:84
06/03/2007 13:00:40 Transporto a Smud hacia Mapa207 X:67 Y:83
06/03/2007 13:00:41 Transporto a Smud hacia Mapa207 X:64 Y:81
06/03/2007 13:00:41 Transporto a Smud hacia Mapa207 X:62 Y:79
06/03/2007 13:00:41 Transporto a Smud hacia Mapa207 X:61 Y:79
06/03/2007 13:00:41 Transporto a Smud hacia Mapa207 X:63 Y:79
06/03/2007 13:00:41 Transporto a Smud hacia Mapa207 X:67 Y:80
06/03/2007 13:00:42 Transporto a Smud hacia Mapa207 X:65 Y:83
06/03/2007 13:00:42 Transporto a Smud hacia Mapa207 X:62 Y:86
06/03/2007 13:00:42 Transporto a Smud hacia Mapa207 X:65 Y:87
06/03/2007 13:00:42 Transporto a Smud hacia Mapa207 X:68 Y:87
06/03/2007 13:00:43 Transporto a Smud hacia Mapa207 X:68 Y:86
06/03/2007 13:00:43 Transporto a Smud hacia Mapa207 X:65 Y:84
06/03/2007 13:00:43 Transporto a Smud hacia Mapa207 X:62 Y:82
06/03/2007 13:00:43 Transporto a Smud hacia Mapa207 X:62 Y:81
06/03/2007 13:00:43 Transporto a Smud hacia Mapa207 X:64 Y:81
06/03/2007 13:00:44 Transporto a Smud hacia Mapa207 X:67 Y:82
06/03/2007 13:00:44 Transporto a Smud hacia Mapa207 X:67 Y:83
06/03/2007 13:00:44 Transporto a Smud hacia Mapa207 X:65 Y:84
06/03/2007 13:00:44 Transporto a Smud hacia Mapa207 X:63 Y:85
06/03/2007 13:00:44 Transporto a Smud hacia Mapa207 X:63 Y:85
06/03/2007 13:00:44 Transporto a Smud hacia Mapa207 X:68 Y:85
06/03/2007 13:00:45 Transporto a Smud hacia Mapa207 X:73 Y:85
06/03/2007 13:00:46 Transporto a Smud hacia Mapa207 X:68 Y:84
06/03/2007 13:00:46 Transporto a Smud hacia Mapa207 X:62 Y:82
06/03/2007 13:00:46 Transporto a Smud hacia Mapa207 X:59 Y:82
06/03/2007 13:00:46 Transporto a Smud hacia Mapa207 X:59 Y:83
06/03/2007 13:00:46 Transporto a Smud hacia Mapa207 X:64 Y:85
06/03/2007 13:00:47 Transporto a Smud hacia Mapa207 X:68 Y:85
06/03/2007 13:00:47 Transporto a Smud hacia Mapa207 X:70 Y:84
06/03/2007 13:00:47 Transporto a Smud hacia Mapa207 X:66 Y:83
06/03/2007 13:00:47 Transporto a Smud hacia Mapa207 X:63 Y:84
06/03/2007 13:00:47 Transporto a Smud hacia Mapa207 X:63 Y:85
06/03/2007 13:02:06 Creo item: -
06/03/2007 13:02:17 /SUM XGUERREX Map:207 X:71 Y:90
06/03/2007 13:02:22 Creo item: -
06/03/2007 13:02:40 Creo item: -
06/03/2007 13:02:42 Creo item: -
06/03/2007 13:02:44 Creo item: -
06/03/2007 13:02:45 Creo item: -
06/03/2007 13:02:50 Creo item: -
06/03/2007 13:02:51 Creo item: -
06/03/2007 13:02:52 Creo item: -
06/03/2007 13:02:54 Creo item: -
06/03/2007 13:02:55 Creo item: -
06/03/2007 13:03:11 Creo item: -
06/03/2007 13:03:21 Creo item: -
06/03/2007 13:03:32 Creo item: -
06/03/2007 13:04:27 Agarro:1 Objeto:Pendiente del sacrificio
06/03/2007 13:05:27 Echó al personaje: 
06/03/2007 13:06:00 /SUM XGUERREX Map:207 X:75 Y:92
06/03/2007 13:06:28 Creo item: -
06/03/2007 13:06:41 Creo item: -
06/03/2007 13:06:44 Creo item: -
06/03/2007 13:06:56 Creo item: -
06/03/2007 13:07:11 Creo item: -
06/03/2007 13:07:19 Creo item: -
06/03/2007 13:07:25 Creo item: -
06/03/2007 13:07:41 Creo item: -
06/03/2007 13:07:53 Creo item: -
06/03/2007 13:08:05 /SUM freez Map:207 X:76 Y:94
06/03/2007 13:08:10 /SUM freez Map:207 X:76 Y:94
06/03/2007 13:08:13 /SUM freez Map:207 X:76 Y:93
06/03/2007 13:08:38 Creo item: -
06/03/2007 13:08:43 Creo item: -
06/03/2007 13:09:40 Realizó un ban permanente: METROYD
06/03/2007 13:09:57 Desbaneó al personaje metroyD
06/03/2007 13:10:07 Tiro cantidad:1000 Objeto:Poción Azul
06/03/2007 13:10:11 Tiro cantidad:1000 Objeto:Poción Roja
06/03/2007 13:22:16 Se conecto con ip:127.0.0.1
06/03/2007 13:22:21 /IRA SyY Mapa:36 X:85 Y:87
06/03/2007 13:22:42 Agarro:1 Objeto:Pollo
06/03/2007 13:25:24 /IRA freez Mapa:207 X:38 Y:32
06/03/2007 13:28:13 Echó al personaje: 
06/03/2007 13:31:03 Echó al personaje: 
06/03/2007 13:32:03 Echó al personaje: 
06/03/2007 13:33:20 Transporto a Smud hacia Mapa207 X:40 Y:45
06/03/2007 13:54:54 Se conecto con ip:127.0.0.1
06/03/2007 14:16:25 Se conecto con ip:201.231.142.254
06/03/2007 14:16:31 Transporto a Smud hacia Mapa207 X:31 Y:43
06/03/2007 14:16:31 Transporto a Smud hacia Mapa207 X:34 Y:40
06/03/2007 14:16:31 Transporto a Smud hacia Mapa207 X:36 Y:37
06/03/2007 14:16:33 /IRA infra Mapa:60 X:64 Y:43
06/03/2007 14:16:37 Agarro:1 Objeto:Anillo del Ladron (+20)
06/03/2007 14:17:08 /IRA ABU Mapa:37 X:77 Y:87
06/03/2007 14:18:11 /IRA TIVACK Mapa:34 X:23 Y:75
06/03/2007 14:25:40 Sumoneo Leviatán respawn: 0
06/03/2007 14:25:40 Sumoneo Leviatán respawn: 0
06/03/2007 14:25:41 Sumoneo Leviatán respawn: 0
06/03/2007 14:25:41 Sumoneo Leviatán respawn: 0
06/03/2007 14:25:41 Sumoneo Leviatán respawn: 0
06/03/2007 14:25:41 Sumoneo Leviatán respawn: 0
06/03/2007 14:25:42 Sumoneo Leviatán respawn: 0
06/03/2007 14:25:42 Sumoneo Leviatán respawn: 0
06/03/2007 14:25:42 Sumoneo Leviatán respawn: 0
06/03/2007 14:25:42 Sumoneo Leviatán respawn: 0
06/03/2007 14:25:43 Sumoneo Leviatán respawn: 0
06/03/2007 14:25:43 Sumoneo Leviatán respawn: 0
06/03/2007 14:25:43 Sumoneo Leviatán respawn: 0
06/03/2007 14:25:43 Sumoneo Leviatán respawn: 0
06/03/2007 14:25:43 Sumoneo Leviatán respawn: 0
06/03/2007 14:25:54 Tiro cantidad:10000 Objeto:Monedas de oro
06/03/2007 14:25:54 Tiro cantidad:10000 Objeto:Monedas de oro
06/03/2007 14:25:54 Tiro cantidad:10000 Objeto:Monedas de oro
06/03/2007 14:25:54 Tiro cantidad:10000 Objeto:Monedas de oro
06/03/2007 14:25:54 Tiro cantidad:10000 Objeto:Monedas de oro
06/03/2007 14:25:54 Tiro cantidad:10000 Objeto:Monedas de oro
06/03/2007 14:25:54 Tiro cantidad:10000 Objeto:Monedas de oro
06/03/2007 14:25:54 Tiro cantidad:10000 Objeto:Monedas de oro
06/03/2007 14:25:54 Tiro cantidad:10000 Objeto:Monedas de oro
06/03/2007 14:25:54 Tiro cantidad:10000 Objeto:Monedas de oro
06/03/2007 14:25:56 Tiro cantidad:10000 Objeto:Monedas de oro
06/03/2007 14:25:56 Tiro cantidad:10000 Objeto:Monedas de oro
06/03/2007 14:25:56 Tiro cantidad:10000 Objeto:Monedas de oro
06/03/2007 14:25:56 Tiro cantidad:10000 Objeto:Monedas de oro
06/03/2007 14:25:56 Tiro cantidad:10000 Objeto:Monedas de oro
06/03/2007 14:25:56 Tiro cantidad:10000 Objeto:Monedas de oro
06/03/2007 14:25:56 Tiro cantidad:10000 Objeto:Monedas de oro
06/03/2007 14:25:56 Tiro cantidad:10000 Objeto:Monedas de oro
06/03/2007 14:25:56 Tiro cantidad:10000 Objeto:Monedas de oro
06/03/2007 14:25:56 Tiro cantidad:10000 Objeto:Monedas de oro
06/03/2007 14:25:59 Tiro cantidad:10000 Objeto:Monedas de oro
06/03/2007 14:25:59 Tiro cantidad:10000 Objeto:Monedas de oro
06/03/2007 14:25:59 Tiro cantidad:10000 Objeto:Monedas de oro
06/03/2007 14:25:59 Tiro cantidad:10000 Objeto:Monedas de oro
06/03/2007 14:25:59 Tiro cantidad:10000 Objeto:Monedas de oro
06/03/2007 14:25:59 Tiro cantidad:10000 Objeto:Monedas de oro
06/03/2007 14:25:59 Tiro cantidad:10000 Objeto:Monedas de oro
06/03/2007 14:25:59 Tiro cantidad:10000 Objeto:Monedas de oro
06/03/2007 14:25:59 Tiro cantidad:10000 Objeto:Monedas de oro
06/03/2007 14:25:59 Tiro cantidad:10000 Objeto:Monedas de oro
06/03/2007 14:26:02 Tiro cantidad:10000 Objeto:Monedas de oro
06/03/2007 14:26:02 Tiro cantidad:10000 Objeto:Monedas de oro
06/03/2007 14:26:02 Tiro cantidad:10000 Objeto:Monedas de oro
06/03/2007 14:26:02 Tiro cantidad:10000 Objeto:Monedas de oro
06/03/2007 14:26:02 Tiro cantidad:10000 Objeto:Monedas de oro
06/03/2007 14:26:02 Tiro cantidad:10000 Objeto:Monedas de oro
06/03/2007 14:26:02 Tiro cantidad:10000 Objeto:Monedas de oro
06/03/2007 14:26:02 Tiro cantidad:10000 Objeto:Monedas de oro
06/03/2007 14:26:02 Tiro cantidad:10000 Objeto:Monedas de oro
06/03/2007 14:26:02 Tiro cantidad:10000 Objeto:Monedas de oro
06/03/2007 14:26:04 Tiro cantidad:10000 Objeto:Monedas de oro
06/03/2007 14:26:04 Tiro cantidad:10000 Objeto:Monedas de oro
06/03/2007 14:26:04 Tiro cantidad:10000 Objeto:Monedas de oro
06/03/2007 14:26:04 Tiro cantidad:10000 Objeto:Monedas de oro
06/03/2007 14:26:04 Tiro cantidad:10000 Objeto:Monedas de oro
06/03/2007 14:26:04 Tiro cantidad:10000 Objeto:Monedas de oro
06/03/2007 14:26:04 Tiro cantidad:10000 Objeto:Monedas de oro
06/03/2007 14:26:04 Tiro cantidad:10000 Objeto:Monedas de oro
06/03/2007 14:26:04 Tiro cantidad:10000 Objeto:Monedas de oro
06/03/2007 14:26:04 Tiro cantidad:10000 Objeto:Monedas de oro
06/03/2007 14:26:07 Tiro cantidad:10000 Objeto:Monedas de oro
06/03/2007 14:26:07 Tiro cantidad:10000 Objeto:Monedas de oro
06/03/2007 14:26:07 Tiro cantidad:10000 Objeto:Monedas de oro
06/03/2007 14:26:07 Tiro cantidad:10000 Objeto:Monedas de oro
06/03/2007 14:26:07 Tiro cantidad:10000 Objeto:Monedas de oro
06/03/2007 14:26:07 Tiro cantidad:10000 Objeto:Monedas de oro
06/03/2007 14:26:07 Tiro cantidad:10000 Objeto:Monedas de oro
06/03/2007 14:26:07 Tiro cantidad:10000 Objeto:Monedas de oro
06/03/2007 14:26:07 Tiro cantidad:10000 Objeto:Monedas de oro
06/03/2007 14:26:07 Tiro cantidad:10000 Objeto:Monedas de oro
06/03/2007 14:26:11 Agarro:10000 Objeto:Monedas de oro
06/03/2007 14:34:30 /SUM ZERO Map:34 X:21 Y:74
06/03/2007 14:34:35 /SUM TIVACK Map:34 X:21 Y:74
08/03/2007 10:34:51 Se conecto con ip:201.231.142.254
08/03/2007 10:35:05 /MATALeviatán
08/03/2007 10:35:08 /MATALeviatán
08/03/2007 10:35:11 /MATALeviatán
08/03/2007 10:35:27 Limpió el mapa 34
08/03/2007 10:35:32 /MATALeviatán
08/03/2007 10:35:34 /MATALeviatán
08/03/2007 10:36:17 /MATALeviatán
08/03/2007 10:36:21 /MATALeviatán
08/03/2007 10:36:22 Transporto a Smud hacia Mapa34 X:22 Y:77
08/03/2007 10:36:24 /MATALeviatán
08/03/2007 10:36:26 /MATALeviatán
08/03/2007 10:36:29 /MATALeviatán
08/03/2007 10:36:32 /MATALeviatán
08/03/2007 10:36:34 /MATALeviatán
08/03/2007 10:36:53 /MATALeviatán
08/03/2007 10:44:45 Transporto a Smud hacia Mapa34 X:25 Y:72
08/03/2007 10:44:46 Transporto a Smud hacia Mapa34 X:28 Y:67
08/03/2007 10:44:46 Transporto a Smud hacia Mapa34 X:25 Y:67
08/03/2007 10:44:46 Transporto a Smud hacia Mapa34 X:28 Y:64
08/03/2007 10:44:47 Transporto a Smud hacia Mapa34 X:30 Y:62
08/03/2007 10:44:48 Transporto a Smud hacia Mapa34 X:25 Y:62
08/03/2007 10:44:48 Transporto a Smud hacia Mapa34 X:20 Y:62
08/03/2007 10:44:48 Transporto a Smud hacia Mapa34 X:17 Y:62
08/03/2007 10:44:49 Transporto a Smud hacia Mapa34 X:18 Y:62
08/03/2007 10:44:49 Transporto a Smud hacia Mapa34 X:22 Y:61
08/03/2007 10:44:49 Transporto a Smud hacia Mapa34 X:24 Y:58
08/03/2007 10:44:49 Transporto a Smud hacia Mapa34 X:27 Y:55
08/03/2007 10:44:50 Transporto a Smud hacia Mapa34 X:30 Y:52
08/03/2007 10:44:50 Transporto a Smud hacia Mapa34 X:31 Y:49
08/03/2007 10:44:50 Transporto a Smud hacia Mapa34 X:28 Y:47
08/03/2007 10:44:50 Transporto a Smud hacia Mapa34 X:22 Y:45
08/03/2007 10:44:51 Transporto a Smud hacia Mapa34 X:22 Y:43
08/03/2007 10:45:34 Se conecto con ip:201.231.142.254
08/03/2007 10:45:37 Transporto a Smud hacia Mapa34 X:25 Y:42
08/03/2007 10:45:37 Transporto a Smud hacia Mapa34 X:27 Y:38
08/03/2007 10:45:38 Transporto a Smud hacia Mapa34 X:28 Y:33
08/03/2007 10:45:38 Transporto a Smud hacia Mapa34 X:31 Y:28
08/03/2007 10:45:38 Transporto a Smud hacia Mapa34 X:30 Y:25
08/03/2007 10:45:38 Transporto a Smud hacia Mapa34 X:32 Y:22
08/03/2007 10:45:38 Transporto a Smud hacia Mapa34 X:39 Y:20
08/03/2007 10:45:39 Transporto a Smud hacia Mapa34 X:47 Y:19
08/03/2007 10:45:39 Transporto a Smud hacia Mapa34 X:53 Y:19
08/03/2007 10:45:39 Transporto a Smud hacia Mapa34 X:59 Y:20
08/03/2007 10:45:39 Transporto a Smud hacia Mapa34 X:65 Y:20
08/03/2007 10:45:39 Transporto a Smud hacia Mapa34 X:70 Y:19
08/03/2007 10:45:39 Transporto a Smud hacia Mapa34 X:70 Y:20
08/03/2007 10:45:40 Transporto a Smud hacia Mapa34 X:76 Y:21
08/03/2007 10:45:40 Transporto a Smud hacia Mapa34 X:77 Y:24
08/03/2007 10:45:40 Transporto a Smud hacia Mapa34 X:79 Y:28
08/03/2007 10:45:40 Transporto a Smud hacia Mapa34 X:71 Y:30
08/03/2007 10:45:40 Transporto a Smud hacia Mapa34 X:63 Y:29
08/03/2007 10:45:41 Transporto a Smud hacia Mapa34 X:61 Y:28
08/03/2007 10:45:41 Transporto a Smud hacia Mapa34 X:61 Y:30
08/03/2007 10:45:41 Transporto a Smud hacia Mapa34 X:60 Y:33
08/03/2007 10:45:41 Transporto a Smud hacia Mapa34 X:55 Y:35
08/03/2007 10:45:41 Transporto a Smud hacia Mapa34 X:50 Y:34
08/03/2007 10:45:41 Transporto a Smud hacia Mapa34 X:50 Y:36
08/03/2007 10:45:42 Transporto a Smud hacia Mapa34 X:47 Y:41
08/03/2007 10:45:42 Transporto a Smud hacia Mapa34 X:45 Y:46
08/03/2007 10:45:42 Transporto a Smud hacia Mapa34 X:44 Y:50
08/03/2007 10:45:42 Transporto a Smud hacia Mapa34 X:37 Y:52
08/03/2007 10:45:42 Transporto a Smud hacia Mapa34 X:37 Y:57
08/03/2007 10:45:43 Transporto a Smud hacia Mapa34 X:37 Y:64
08/03/2007 10:45:43 Transporto a Smud hacia Mapa34 X:39 Y:68
08/03/2007 10:45:43 Transporto a Smud hacia Mapa34 X:42 Y:69
08/03/2007 10:45:43 Transporto a Smud hacia Mapa34 X:45 Y:68
08/03/2007 10:45:44 Transporto a Smud hacia Mapa34 X:46 Y:70
08/03/2007 10:45:44 Transporto a Smud hacia Mapa34 X:41 Y:73
08/03/2007 10:45:44 Transporto a Smud hacia Mapa34 X:34 Y:76
08/03/2007 10:45:45 Transporto a Smud hacia Mapa34 X:39 Y:74
08/03/2007 10:46:33 Transporto a Smud hacia Mapa34 X:33 Y:71
