06/03/2007 13:29:01 Se conecto con ip:201.235.230.197
06/03/2007 13:29:31 /IRA pool Mapa:207 X:40 Y:42
06/03/2007 13:31:08 Se conecto con ip:201.235.230.197
06/03/2007 13:31:16 /IRA Smud Mapa:207 X:27 Y:45
06/03/2007 13:32:07 Se conecto con ip:201.235.230.197
06/03/2007 13:32:11 /IRA Smud Mapa:207 X:29 Y:46
06/03/2007 13:33:24 Transporto a SyY hacia Mapa207 X:38 Y:47
06/03/2007 13:33:26 Transporto a SyY hacia Mapa207 X:36 Y:46
06/03/2007 13:33:27 Transporto a SyY hacia Mapa207 X:34 Y:45
06/03/2007 13:33:47 Transporto a SyY hacia Mapa207 X:30 Y:44
06/03/2007 13:33:48 Transporto a SyY hacia Mapa207 X:25 Y:42
06/03/2007 13:33:49 Transporto a SyY hacia Mapa207 X:30 Y:43
06/03/2007 13:33:52 Transporto a SyY hacia Mapa207 X:33 Y:41
06/03/2007 13:34:06 Transporto a SyY hacia Mapa207 X:34 Y:43
06/03/2007 13:34:21 Transporto a SyY hacia Mapa207 X:31 Y:43
06/03/2007 13:34:25 Transporto a SyY hacia Mapa207 X:31 Y:47
06/03/2007 13:34:26 Transporto a SyY hacia Mapa207 X:30 Y:50
06/03/2007 13:34:40 Transporto a SyY hacia Mapa207 X:35 Y:46
06/03/2007 13:34:41 Transporto a SyY hacia Mapa207 X:40 Y:42
06/03/2007 13:34:42 Transporto a SyY hacia Mapa207 X:39 Y:37
06/03/2007 13:34:43 Transporto a SyY hacia Mapa207 X:33 Y:33
06/03/2007 13:34:44 Transporto a SyY hacia Mapa207 X:26 Y:30
06/03/2007 13:34:44 Transporto a SyY hacia Mapa207 X:23 Y:33
06/03/2007 13:34:45 Transporto a SyY hacia Mapa207 X:24 Y:38
06/03/2007 13:34:46 Transporto a SyY hacia Mapa207 X:28 Y:42
06/03/2007 13:34:46 Transporto a SyY hacia Mapa207 X:31 Y:46
06/03/2007 13:34:52 Transporto a SyY hacia Mapa207 X:33 Y:50
06/03/2007 13:35:24 Resucitó a MesiaS
06/03/2007 13:35:31 Transporto a SyY hacia Mapa207 X:30 Y:40
06/03/2007 13:35:32 Transporto a SyY hacia Mapa207 X:30 Y:44
06/03/2007 13:35:36 Transporto a SyY hacia Mapa207 X:30 Y:47
06/03/2007 13:35:38 Transporto a SyY hacia Mapa207 X:29 Y:46
06/03/2007 13:36:02 Transporto a SyY hacia Mapa207 X:33 Y:42
06/03/2007 13:36:05 Transporto a SyY hacia Mapa207 X:33 Y:45
06/03/2007 13:36:22 Transporto a SyY hacia Mapa207 X:26 Y:43
06/03/2007 13:36:22 Transporto a SyY hacia Mapa207 X:19 Y:41
06/03/2007 13:36:23 Transporto a SyY hacia Mapa207 X:16 Y:37
06/03/2007 13:36:23 Transporto a SyY hacia Mapa207 X:17 Y:37
06/03/2007 13:36:23 Transporto a SyY hacia Mapa207 X:17 Y:32
06/03/2007 13:36:24 Transporto a SyY hacia Mapa207 X:21 Y:27
06/03/2007 13:36:24 Transporto a SyY hacia Mapa207 X:21 Y:27
06/03/2007 13:36:24 Transporto a SyY hacia Mapa207 X:26 Y:22
06/03/2007 13:36:28 Transporto a SyY hacia Mapa207 X:31 Y:25
06/03/2007 13:36:29 Transporto a SyY hacia Mapa207 X:33 Y:27
06/03/2007 13:36:31 Transporto a SyY hacia Mapa207 X:33 Y:28
06/03/2007 13:36:32 Transporto a SyY hacia Mapa207 X:34 Y:29
06/03/2007 13:36:33 Transporto a SyY hacia Mapa207 X:34 Y:30
06/03/2007 13:36:33 Transporto a SyY hacia Mapa207 X:34 Y:33
06/03/2007 13:36:36 Transporto a SyY hacia Mapa207 X:36 Y:37
06/03/2007 13:36:41 Transporto a SyY hacia Mapa207 X:42 Y:39
06/03/2007 13:36:42 Transporto a SyY hacia Mapa207 X:47 Y:41
06/03/2007 13:36:43 Transporto a SyY hacia Mapa207 X:53 Y:43
06/03/2007 13:36:43 Transporto a SyY hacia Mapa207 X:59 Y:44
06/03/2007 13:36:45 Transporto a SyY hacia Mapa207 X:59 Y:46
06/03/2007 13:36:47 Transporto a SyY hacia Mapa207 X:59 Y:50
06/03/2007 13:36:47 Transporto a SyY hacia Mapa207 X:59 Y:54
06/03/2007 13:36:48 Transporto a SyY hacia Mapa207 X:59 Y:58
06/03/2007 13:36:48 Transporto a SyY hacia Mapa207 X:59 Y:63
06/03/2007 13:36:49 Transporto a SyY hacia Mapa207 X:60 Y:67
06/03/2007 13:36:52 Transporto a SyY hacia Mapa207 X:60 Y:63
06/03/2007 13:36:53 Transporto a SyY hacia Mapa207 X:58 Y:62
06/03/2007 13:36:54 Transporto a SyY hacia Mapa207 X:55 Y:62
06/03/2007 13:36:55 Transporto a SyY hacia Mapa207 X:58 Y:66
06/03/2007 13:36:57 Transporto a SyY hacia Mapa207 X:58 Y:71
06/03/2007 13:36:58 Transporto a SyY hacia Mapa207 X:58 Y:74
06/03/2007 13:36:59 Transporto a SyY hacia Mapa207 X:59 Y:71
06/03/2007 13:36:59 Transporto a SyY hacia Mapa207 X:60 Y:68
06/03/2007 13:37:01 Transporto a SyY hacia Mapa207 X:59 Y:72
06/03/2007 13:37:01 Transporto a SyY hacia Mapa207 X:58 Y:76
06/03/2007 13:37:02 Transporto a SyY hacia Mapa207 X:59 Y:78
06/03/2007 13:37:03 Transporto a SyY hacia Mapa207 X:60 Y:82
06/03/2007 13:37:04 Transporto a SyY hacia Mapa207 X:59 Y:85
06/03/2007 13:37:04 Transporto a SyY hacia Mapa207 X:59 Y:81
06/03/2007 13:37:05 Transporto a SyY hacia Mapa207 X:59 Y:77
06/03/2007 13:37:06 Transporto a SyY hacia Mapa207 X:59 Y:73
06/03/2007 13:37:07 Transporto a SyY hacia Mapa207 X:59 Y:69
06/03/2007 13:37:07 Transporto a SyY hacia Mapa207 X:59 Y:65
06/03/2007 13:37:08 Transporto a SyY hacia Mapa207 X:59 Y:61
06/03/2007 13:37:08 Transporto a SyY hacia Mapa207 X:59 Y:61
06/03/2007 13:37:09 Transporto a SyY hacia Mapa207 X:59 Y:57
06/03/2007 13:37:09 Transporto a SyY hacia Mapa207 X:59 Y:53
06/03/2007 13:37:11 Transporto a SyY hacia Mapa207 X:57 Y:52
06/03/2007 13:37:12 Transporto a SyY hacia Mapa207 X:59 Y:56
06/03/2007 13:37:13 Transporto a SyY hacia Mapa207 X:59 Y:60
06/03/2007 13:37:16 Transporto a SyY hacia Mapa207 X:61 Y:65
06/03/2007 13:37:16 Transporto a SyY hacia Mapa207 X:62 Y:70
06/03/2007 13:37:16 Transporto a SyY hacia Mapa207 X:63 Y:75
06/03/2007 13:37:16 Transporto a SyY hacia Mapa207 X:63 Y:75
06/03/2007 13:37:17 Transporto a SyY hacia Mapa207 X:64 Y:80
06/03/2007 13:37:17 Transporto a SyY hacia Mapa207 X:65 Y:85
06/03/2007 13:37:17 Transporto a SyY hacia Mapa207 X:64 Y:85
06/03/2007 13:37:18 Transporto a SyY hacia Mapa207 X:68 Y:90
06/03/2007 13:37:18 Transporto a SyY hacia Mapa207 X:69 Y:89
06/03/2007 13:37:18 Transporto a SyY hacia Mapa207 X:74 Y:93
06/03/2007 13:37:19 Transporto a SyY hacia Mapa207 X:80 Y:92
06/03/2007 13:37:19 Transporto a SyY hacia Mapa207 X:86 Y:91
06/03/2007 13:37:20 Transporto a SyY hacia Mapa207 X:78 Y:91
06/03/2007 13:37:20 Transporto a SyY hacia Mapa207 X:70 Y:90
06/03/2007 13:37:21 Transporto a SyY hacia Mapa207 X:66 Y:88
06/03/2007 13:37:22 Transporto a SyY hacia Mapa207 X:62 Y:84
06/03/2007 13:37:23 Transporto a SyY hacia Mapa207 X:62 Y:81
06/03/2007 13:37:24 Transporto a SyY hacia Mapa207 X:61 Y:75
06/03/2007 13:37:25 Transporto a SyY hacia Mapa207 X:61 Y:69
06/03/2007 13:37:25 Transporto a SyY hacia Mapa207 X:61 Y:69
06/03/2007 13:37:25 Transporto a SyY hacia Mapa207 X:61 Y:63
06/03/2007 13:37:28 Transporto a SyY hacia Mapa207 X:61 Y:57
06/03/2007 13:37:29 Transporto a SyY hacia Mapa207 X:61 Y:51
06/03/2007 13:37:31 Transporto a SyY hacia Mapa207 X:57 Y:45
06/03/2007 13:37:32 Transporto a SyY hacia Mapa207 X:52 Y:40
06/03/2007 13:37:32 Transporto a SyY hacia Mapa207 X:49 Y:41
06/03/2007 13:37:32 Transporto a SyY hacia Mapa207 X:44 Y:36
06/03/2007 13:37:35 Transporto a SyY hacia Mapa207 X:50 Y:39
06/03/2007 13:37:53 Transporto a SyY hacia Mapa207 X:42 Y:40
06/03/2007 13:37:53 Transporto a SyY hacia Mapa207 X:35 Y:41
06/03/2007 13:37:55 Transporto a SyY hacia Mapa207 X:35 Y:44
06/03/2007 13:38:18 Transporto a SyY hacia Mapa207 X:31 Y:46
06/03/2007 13:38:24 Resucitó a arumherl
06/03/2007 13:38:32 Transporto a SyY hacia Mapa207 X:27 Y:45
06/03/2007 13:38:33 Transporto a SyY hacia Mapa207 X:22 Y:43
06/03/2007 13:38:36 Agarro:893 Objeto:Poción Azul
06/03/2007 13:38:46 Agarro:1 Objeto:Casco vikingo
06/03/2007 13:38:48 Tiro cantidad:1 Objeto:Casco vikingo
06/03/2007 13:40:01 Agarro:1 Objeto:Espada Argentum
06/03/2007 13:40:07 Tiro cantidad:1 Objeto:Espada Argentum
06/03/2007 13:40:08 Agarro:1 Objeto:Espada Argentum
06/03/2007 13:40:21 Agarro:1 Objeto:Escudo de torre +1
06/03/2007 13:40:29 Agarro:1 Objeto:Armadura de Dragón Azul (Enano/Enana)
06/03/2007 13:40:32 Tiro cantidad:1 Objeto:Armadura de Dragón Azul (Enano/Enana)
06/03/2007 13:40:33 Agarro:1 Objeto:Armadura de Dragón Blanco (Enano/Enana)
06/03/2007 13:40:34 Tiro cantidad:1 Objeto:Armadura de Dragón Blanco (Enano/Enana)
06/03/2007 13:40:53 Resucitó a Arumherl
06/03/2007 13:41:55 /IRA yoe Mapa:34 X:47 Y:66
06/03/2007 13:42:06 Transporto a SyY hacia Mapa34 X:39 Y:69
06/03/2007 13:42:06 Transporto a SyY hacia Mapa34 X:39 Y:69
06/03/2007 13:42:07 Transporto a SyY hacia Mapa34 X:31 Y:70
06/03/2007 13:42:07 Transporto a SyY hacia Mapa34 X:24 Y:70
06/03/2007 13:42:07 Transporto a SyY hacia Mapa34 X:24 Y:71
06/03/2007 13:42:08 Transporto a SyY hacia Mapa34 X:17 Y:73
06/03/2007 13:42:09 Transporto a SyY hacia Mapa34 X:21 Y:72
06/03/2007 13:42:10 Transporto a SyY hacia Mapa34 X:24 Y:71
06/03/2007 13:42:18 Transporto a SyY hacia Mapa34 X:18 Y:74
06/03/2007 13:42:18 Transporto a SyY hacia Mapa34 X:13 Y:78
06/03/2007 13:42:18 Transporto a SyY hacia Mapa34 X:10 Y:82
06/03/2007 13:42:19 Transporto a SyY hacia Mapa34 X:10 Y:87
06/03/2007 13:42:20 Transporto a SyY hacia Mapa34 X:16 Y:91
06/03/2007 13:42:20 Transporto a SyY hacia Mapa34 X:22 Y:92
06/03/2007 13:42:20 Transporto a SyY hacia Mapa34 X:22 Y:91
06/03/2007 13:42:20 Transporto a SyY hacia Mapa34 X:26 Y:88
06/03/2007 13:42:21 Transporto a SyY hacia Mapa34 X:27 Y:84
06/03/2007 13:42:21 Transporto a SyY hacia Mapa34 X:27 Y:79
06/03/2007 13:42:22 Transporto a SyY hacia Mapa34 X:25 Y:74
06/03/2007 13:43:01 Creo item: -
06/03/2007 13:43:02 Agarro:1 Objeto:Montura
06/03/2007 13:44:49 Sumoneo Leviatán respawn: 0
06/03/2007 13:44:49 Sumoneo Leviatán respawn: 0
06/03/2007 13:44:50 Sumoneo Leviatán respawn: 0
06/03/2007 13:44:50 Sumoneo Leviatán respawn: 0
06/03/2007 13:44:50 Sumoneo Leviatán respawn: 0
06/03/2007 13:44:50 Sumoneo Leviatán respawn: 0
06/03/2007 13:44:50 Sumoneo Leviatán respawn: 0
06/03/2007 13:44:51 Sumoneo Leviatán respawn: 0
06/03/2007 13:44:51 Sumoneo Leviatán respawn: 0
06/03/2007 13:44:52 Sumoneo Leviatán respawn: 0
06/03/2007 13:44:52 Sumoneo Leviatán respawn: 0
06/03/2007 13:45:11 Sumoneo Sacerdote respawn: 0
06/03/2007 13:46:00 /SUM pool Map:34 X:23 Y:74
06/03/2007 13:46:13 Resucitó a pool
06/03/2007 13:49:53 Sumoneo Leviatán respawn: 0
06/03/2007 13:49:53 Sumoneo Leviatán respawn: 0
06/03/2007 13:49:53 Sumoneo Leviatán respawn: 0
06/03/2007 13:49:53 Sumoneo Leviatán respawn: 0
06/03/2007 13:49:53 Sumoneo Leviatán respawn: 0
06/03/2007 13:49:53 Sumoneo Leviatán respawn: 0
06/03/2007 13:49:54 Sumoneo Leviatán respawn: 0
06/03/2007 13:49:54 Sumoneo Leviatán respawn: 0
06/03/2007 13:49:54 Sumoneo Leviatán respawn: 0
06/03/2007 13:49:54 Sumoneo Leviatán respawn: 0
06/03/2007 13:49:54 Sumoneo Leviatán respawn: 0
06/03/2007 13:49:55 Sumoneo Leviatán respawn: 0
06/03/2007 13:49:55 Sumoneo Leviatán respawn: 0
06/03/2007 13:49:55 Sumoneo Leviatán respawn: 0
06/03/2007 13:49:55 Sumoneo Leviatán respawn: 0
06/03/2007 13:49:55 Sumoneo Leviatán respawn: 0
06/03/2007 13:49:55 Sumoneo Leviatán respawn: 0
06/03/2007 13:50:04 Transporto a SyY hacia Mapa34 X:27 Y:68
06/03/2007 13:50:05 Transporto a SyY hacia Mapa34 X:32 Y:65
06/03/2007 13:50:05 Transporto a SyY hacia Mapa34 X:32 Y:64
06/03/2007 13:50:05 Transporto a SyY hacia Mapa34 X:38 Y:60
06/03/2007 13:50:06 Transporto a SyY hacia Mapa34 X:38 Y:60
06/03/2007 13:50:06 Transporto a SyY hacia Mapa34 X:44 Y:56
06/03/2007 13:50:06 Transporto a SyY hacia Mapa34 X:48 Y:51
06/03/2007 13:50:07 Transporto a SyY hacia Mapa34 X:53 Y:49
