20/07/2009 23:49:40 Se conecto con ip:190.48.89.220
20/07/2009 23:49:44 Transporto a XXXcheleXXX hacia Mapa60 X:42 Y:17
20/07/2009 23:49:44 Transporto a XXXcheleXXX hacia Mapa60 X:43 Y:17
20/07/2009 23:49:45 Transporto a XXXcheleXXX hacia Mapa60 X:34 Y:14
20/07/2009 23:49:45 Transporto a XXXcheleXXX hacia Mapa60 X:35 Y:13
20/07/2009 23:49:45 Transporto a XXXcheleXXX hacia Mapa60 X:36 Y:13
20/07/2009 23:49:45 Transporto a XXXcheleXXX hacia Mapa60 X:38 Y:14
20/07/2009 23:49:45 Transporto a XXXcheleXXX hacia Mapa60 X:40 Y:16
20/07/2009 23:49:46 Transporto a XXXcheleXXX hacia Mapa60 X:43 Y:17
20/07/2009 23:49:46 Transporto a XXXcheleXXX hacia Mapa60 X:45 Y:19
20/07/2009 23:49:46 Transporto a XXXcheleXXX hacia Mapa60 X:48 Y:20
20/07/2009 23:49:46 Transporto a XXXcheleXXX hacia Mapa60 X:50 Y:21
20/07/2009 23:49:47 Transporto a XXXcheleXXX hacia Mapa60 X:47 Y:18
20/07/2009 23:49:56 Transporto a XXXcheleXXX hacia Mapa60 X:46 Y:12
20/07/2009 23:49:57 Transporto a XXXcheleXXX hacia Mapa60 X:45 Y:12
20/07/2009 23:49:58 Transporto a XXXcheleXXX hacia Mapa60 X:44 Y:12
20/07/2009 23:49:58 Transporto a XXXcheleXXX hacia Mapa60 X:43 Y:12
20/07/2009 23:49:58 Transporto a XXXcheleXXX hacia Mapa60 X:41 Y:12
20/07/2009 23:49:58 Transporto a XXXcheleXXX hacia Mapa60 X:40 Y:12
20/07/2009 23:49:59 Transporto a XXXcheleXXX hacia Mapa60 X:43 Y:12
20/07/2009 23:49:59 Transporto a XXXcheleXXX hacia Mapa60 X:43 Y:11
20/07/2009 23:49:59 Transporto a XXXcheleXXX hacia Mapa60 X:46 Y:12
20/07/2009 23:49:59 Transporto a XXXcheleXXX hacia Mapa60 X:47 Y:11
20/07/2009 23:49:59 Transporto a XXXcheleXXX hacia Mapa60 X:48 Y:11
20/07/2009 23:50:00 Transporto a XXXcheleXXX hacia Mapa60 X:49 Y:12
20/07/2009 23:50:00 Transporto a XXXcheleXXX hacia Mapa60 X:45 Y:12
20/07/2009 23:50:00 Transporto a XXXcheleXXX hacia Mapa60 X:42 Y:13
20/07/2009 23:50:01 Transporto a XXXcheleXXX hacia Mapa60 X:46 Y:16
20/07/2009 23:50:28 /IRA Matii Mapa:1 X:63 Y:49
20/07/2009 23:51:04 Transporto a XXXcheleXXX hacia Mapa1 X:55 Y:46
20/07/2009 23:51:05 Transporto a XXXcheleXXX hacia Mapa1 X:52 Y:47
20/07/2009 23:51:05 Transporto a XXXcheleXXX hacia Mapa1 X:51 Y:50
20/07/2009 23:51:05 Transporto a XXXcheleXXX hacia Mapa1 X:49 Y:51
20/07/2009 23:51:05 Transporto a XXXcheleXXX hacia Mapa1 X:49 Y:54
20/07/2009 23:51:06 Transporto a XXXcheleXXX hacia Mapa1 X:46 Y:55
20/07/2009 23:51:06 Transporto a XXXcheleXXX hacia Mapa1 X:41 Y:55
20/07/2009 23:51:22 Creo item: -
20/07/2009 23:51:25 Agarro:1 Objeto:Pase: Nix a Banderbille
20/07/2009 23:51:30 Tiro cantidad:1 Objeto:Pase: Nix a Banderbille
20/07/2009 23:51:52 Sumoneo Guerrero Pirata respawn: 0
20/07/2009 23:52:25 /MATAGuerrero Pirata
20/07/2009 23:52:33 Agarro:7200 Objeto:Monedas de oro
20/07/2009 23:52:39 Agarro:1 Objeto:Pollo
20/07/2009 23:52:47 Agarro:7200 Objeto:Monedas de oro
20/07/2009 23:53:05 Agarro:7200 Objeto:Monedas de oro
20/07/2009 23:53:07 Agarro:7200 Objeto:Monedas de oro
20/07/2009 23:53:31 Agarro:1 Objeto:Pollo
20/07/2009 23:53:36 Agarro:7200 Objeto:Monedas de oro
20/07/2009 23:54:35 /IRA Matii Mapa:1 X:63 Y:64
20/07/2009 23:56:04 /mod XXXcheleXXX oro 100000
20/07/2009 23:56:17 /mod xxxchelexxx oro 1000
20/07/2009 23:56:36 /mod xxxchelexxx oro 100000
20/07/2009 23:57:02 /mod xxxchelexxx oro 100000
20/07/2009 23:57:20 /mod XXXcheleXXX oro 100000
20/07/2009 23:58:18 /mod xxxchelexxx oro 100000
20/07/2009 23:58:21 /mod xxxchelexxx oro 10000
20/07/2009 23:58:25 /mod xxxchelexxx oro 100000
20/07/2009 23:58:30 /mod xxxchelexxx oro 10000
20/07/2009 23:58:51 /mod xxxchelexxx oro 99999
20/07/2009 23:59:18 /mod xxxchelexxx oro 99999
21/07/2009 0:00:33 Transporto a XXXcheleXXX hacia Mapa1 X:57 Y:76
21/07/2009 0:00:33 Transporto a XXXcheleXXX hacia Mapa1 X:58 Y:76
21/07/2009 0:00:34 Transporto a XXXcheleXXX hacia Mapa1 X:52 Y:81
21/07/2009 0:00:34 Transporto a XXXcheleXXX hacia Mapa1 X:53 Y:81
21/07/2009 0:00:34 Transporto a XXXcheleXXX hacia Mapa1 X:49 Y:85
21/07/2009 0:00:34 Transporto a XXXcheleXXX hacia Mapa1 X:50 Y:85
21/07/2009 0:00:34 Transporto a XXXcheleXXX hacia Mapa1 X:46 Y:89
21/07/2009 0:00:35 Transporto a XXXcheleXXX hacia Mapa1 X:48 Y:92
21/07/2009 0:00:35 Transporto a XXXcheleXXX hacia Mapa1 X:48 Y:92
21/07/2009 0:00:58 Se conecto con ip:190.48.89.220
21/07/2009 0:01:03 Sumoneo Guerrero Pirata respawn: 0
21/07/2009 0:02:26 /MATAGuerrero Pirata
21/07/2009 0:03:29 Transporto a xxxchelexxx hacia Mapa1 X:68 Y:64
21/07/2009 0:03:30 Transporto a xxxchelexxx hacia Mapa1 X:67 Y:60
21/07/2009 0:03:30 Transporto a xxxchelexxx hacia Mapa1 X:65 Y:56
21/07/2009 0:03:31 Transporto a xxxchelexxx hacia Mapa1 X:62 Y:53
21/07/2009 0:03:31 Transporto a xxxchelexxx hacia Mapa1 X:61 Y:49
21/07/2009 0:03:33 Transporto a xxxchelexxx hacia Mapa1 X:65 Y:47
21/07/2009 0:04:50 Transporto a xxxchelexxx hacia Mapa60 X:27 Y:74
21/07/2009 0:04:52 Agarro:10000 Objeto:Monedas de oro
21/07/2009 0:04:57 Transporto a xxxchelexxx hacia Mapa60 X:19 Y:79
21/07/2009 0:05:47 Transporto a xxxchelexxx hacia Mapa60 X:18 Y:81
21/07/2009 0:07:14 Transporto a xxxchelexxx hacia Mapa1 X:51 Y:42
21/07/2009 0:07:14 Transporto a xxxchelexxx hacia Mapa1 X:51 Y:42
21/07/2009 0:07:14 Transporto a xxxchelexxx hacia Mapa1 X:44 Y:39
21/07/2009 0:07:15 Transporto a xxxchelexxx hacia Mapa1 X:37 Y:36
21/07/2009 0:07:15 Transporto a xxxchelexxx hacia Mapa1 X:37 Y:36
21/07/2009 0:07:15 Transporto a xxxchelexxx hacia Mapa1 X:30 Y:33
21/07/2009 0:07:15 Transporto a xxxchelexxx hacia Mapa1 X:23 Y:30
21/07/2009 0:07:15 Transporto a xxxchelexxx hacia Mapa1 X:23 Y:30
21/07/2009 0:07:24 Tiro cantidad:10000 Objeto:Monedas de oro
21/07/2009 0:07:24 Tiro cantidad:1032 Objeto:Monedas de oro
21/07/2009 0:07:30 /mod xxxchelexxx oro 99999
21/07/2009 0:07:32 Agarro:1032 Objeto:Monedas de oro
21/07/2009 0:07:33 Agarro:10000 Objeto:Monedas de oro
21/07/2009 0:07:51 Transporto a xxxchelexxx hacia Mapa1 X:38 Y:11
21/07/2009 0:07:54 Transporto a xxxchelexxx hacia Mapa1 X:40 Y:7
21/07/2009 0:07:55 Transporto a xxxchelexxx hacia Mapa5 X:42 Y:89
21/07/2009 0:07:56 Transporto a xxxchelexxx hacia Mapa5 X:43 Y:92
21/07/2009 0:08:14 Tiro cantidad:10000 Objeto:Monedas de oro
21/07/2009 0:08:42 Tiro cantidad:10000 Objeto:Monedas de oro
21/07/2009 0:08:42 Tiro cantidad:10000 Objeto:Monedas de oro
21/07/2009 0:08:42 Tiro cantidad:10000 Objeto:Monedas de oro
21/07/2009 0:08:42 Tiro cantidad:10000 Objeto:Monedas de oro
21/07/2009 0:08:42 Tiro cantidad:10000 Objeto:Monedas de oro
21/07/2009 0:08:42 Tiro cantidad:10000 Objeto:Monedas de oro
21/07/2009 0:08:42 Tiro cantidad:10000 Objeto:Monedas de oro
21/07/2009 0:08:42 Tiro cantidad:10000 Objeto:Monedas de oro
21/07/2009 0:08:42 Tiro cantidad:10000 Objeto:Monedas de oro
21/07/2009 0:08:42 Tiro cantidad:10000 Objeto:Monedas de oro
21/07/2009 0:08:47 /mod xxxchelexxx oro 99999
21/07/2009 0:08:49 Agarro:10000 Objeto:Monedas de oro
21/07/2009 0:08:49 Agarro:10000 Objeto:Monedas de oro
21/07/2009 0:08:50 Agarro:10000 Objeto:Monedas de oro
21/07/2009 0:08:50 Agarro:10000 Objeto:Monedas de oro
21/07/2009 0:08:50 Agarro:10000 Objeto:Monedas de oro
21/07/2009 0:08:51 Agarro:10000 Objeto:Monedas de oro
21/07/2009 0:08:52 Agarro:10000 Objeto:Monedas de oro
21/07/2009 0:08:52 Agarro:10000 Objeto:Monedas de oro
21/07/2009 0:08:53 Agarro:10000 Objeto:Monedas de oro
21/07/2009 0:08:53 Agarro:10000 Objeto:Monedas de oro
21/07/2009 0:08:54 Agarro:10000 Objeto:Monedas de oro
21/07/2009 0:09:22 Transporto a xxxchelexxx hacia Mapa1 X:44 Y:37
21/07/2009 0:09:25 Transporto a xxxchelexxx hacia Mapa1 X:51 Y:32
21/07/2009 0:09:26 Transporto a xxxchelexxx hacia Mapa1 X:51 Y:28
21/07/2009 0:09:27 Transporto a xxxchelexxx hacia Mapa1 X:56 Y:28
21/07/2009 0:09:28 Transporto a xxxchelexxx hacia Mapa1 X:62 Y:28
21/07/2009 0:09:28 Transporto a xxxchelexxx hacia Mapa1 X:67 Y:25
21/07/2009 0:09:28 Transporto a xxxchelexxx hacia Mapa1 X:68 Y:28
21/07/2009 0:09:29 Transporto a xxxchelexxx hacia Mapa1 X:66 Y:28
21/07/2009 0:09:29 Transporto a xxxchelexxx hacia Mapa1 X:66 Y:33
21/07/2009 0:09:29 Transporto a xxxchelexxx hacia Mapa1 X:63 Y:33
21/07/2009 0:09:29 Transporto a xxxchelexxx hacia Mapa1 X:60 Y:38
21/07/2009 0:09:30 Transporto a xxxchelexxx hacia Mapa1 X:59 Y:43
21/07/2009 0:09:30 Transporto a xxxchelexxx hacia Mapa1 X:59 Y:43
21/07/2009 0:09:30 Transporto a xxxchelexxx hacia Mapa1 X:59 Y:47
21/07/2009 0:09:58 /mod xxxchelexxx exp 50
21/07/2009 0:12:51 Se conecto con ip:190.48.89.220
21/07/2009 0:13:37 /mod xxxchelexxx level 50
21/07/2009 0:14:34 /mod xxxchelexxx skillslibres 100
21/07/2009 0:14:53 Transporto a xxxchelexxx hacia Mapa1 X:65 Y:47
21/07/2009 0:15:14 Transporto a xxxchelexxx hacia Mapa60 X:15 Y:88
21/07/2009 0:15:39 Transporto a xxxchelexxx hacia Mapa160 X:40 Y:24
21/07/2009 0:15:42 Transporto a xxxchelexxx hacia Mapa160 X:38 Y:31
21/07/2009 0:15:42 Transporto a xxxchelexxx hacia Mapa160 X:39 Y:31
21/07/2009 0:15:43 Transporto a xxxchelexxx hacia Mapa160 X:37 Y:35
21/07/2009 0:15:43 Transporto a xxxchelexxx hacia Mapa160 X:38 Y:35
21/07/2009 0:15:43 Transporto a xxxchelexxx hacia Mapa160 X:39 Y:39
21/07/2009 0:15:43 Transporto a xxxchelexxx hacia Mapa160 X:39 Y:39
21/07/2009 0:15:43 Transporto a xxxchelexxx hacia Mapa160 X:38 Y:43
21/07/2009 0:15:44 Transporto a xxxchelexxx hacia Mapa160 X:39 Y:43
21/07/2009 0:15:44 Transporto a xxxchelexxx hacia Mapa160 X:38 Y:47
21/07/2009 0:15:47 Transporto a xxxchelexxx hacia Mapa160 X:36 Y:43
21/07/2009 0:15:47 Transporto a xxxchelexxx hacia Mapa160 X:36 Y:43
21/07/2009 0:15:47 Transporto a xxxchelexxx hacia Mapa160 X:34 Y:39
21/07/2009 0:15:47 Transporto a xxxchelexxx hacia Mapa160 X:34 Y:39
21/07/2009 0:15:47 Transporto a xxxchelexxx hacia Mapa160 X:33 Y:35
21/07/2009 0:15:47 Transporto a xxxchelexxx hacia Mapa160 X:33 Y:35
21/07/2009 0:15:47 Transporto a xxxchelexxx hacia Mapa160 X:32 Y:31
21/07/2009 0:15:47 Transporto a xxxchelexxx hacia Mapa160 X:32 Y:31
21/07/2009 0:15:47 Transporto a xxxchelexxx hacia Mapa160 X:32 Y:27
21/07/2009 0:15:47 Transporto a xxxchelexxx hacia Mapa160 X:32 Y:27
21/07/2009 0:15:47 Transporto a xxxchelexxx hacia Mapa160 X:32 Y:23
21/07/2009 0:15:47 Transporto a xxxchelexxx hacia Mapa160 X:32 Y:23
21/07/2009 0:15:48 Transporto a xxxchelexxx hacia Mapa160 X:32 Y:19
21/07/2009 0:15:48 Transporto a xxxchelexxx hacia Mapa160 X:32 Y:19
21/07/2009 0:15:48 Transporto a xxxchelexxx hacia Mapa160 X:32 Y:15
21/07/2009 0:15:48 Transporto a xxxchelexxx hacia Mapa160 X:32 Y:15
21/07/2009 0:16:11 Transporto a xxxchelexxx hacia Mapa100 X:24 Y:32
21/07/2009 0:16:15 Transporto a xxxchelexxx hacia Mapa100 X:26 Y:28
21/07/2009 0:16:15 Transporto a xxxchelexxx hacia Mapa100 X:26 Y:28
21/07/2009 0:16:15 Transporto a xxxchelexxx hacia Mapa100 X:27 Y:24
21/07/2009 0:16:15 Transporto a xxxchelexxx hacia Mapa100 X:27 Y:22
21/07/2009 0:16:16 Transporto a xxxchelexxx hacia Mapa100 X:28 Y:16
21/07/2009 0:16:16 Transporto a xxxchelexxx hacia Mapa100 X:29 Y:10
21/07/2009 0:16:17 Transporto a xxxchelexxx hacia Mapa100 X:36 Y:7
21/07/2009 0:16:18 Transporto a xxxchelexxx hacia Mapa100 X:36 Y:8
21/07/2009 0:16:18 Transporto a xxxchelexxx hacia Mapa101 X:43 Y:91
21/07/2009 0:16:18 Transporto a xxxchelexxx hacia Mapa100 X:43 Y:9
21/07/2009 0:16:18 Transporto a xxxchelexxx hacia Mapa101 X:50 Y:93
21/07/2009 0:16:18 Transporto a xxxchelexxx hacia Mapa100 X:50 Y:10
21/07/2009 0:16:18 Transporto a xxxchelexxx hacia Mapa101 X:57 Y:94
21/07/2009 0:16:19 Transporto a xxxchelexxx hacia Mapa100 X:58 Y:11
21/07/2009 0:16:19 Transporto a xxxchelexxx hacia Mapa100 X:66 Y:12
21/07/2009 0:16:19 Transporto a xxxchelexxx hacia Mapa100 X:66 Y:12
21/07/2009 0:16:19 Transporto a xxxchelexxx hacia Mapa100 X:74 Y:13
21/07/2009 0:16:19 Transporto a xxxchelexxx hacia Mapa100 X:74 Y:13
21/07/2009 0:16:20 Transporto a xxxchelexxx hacia Mapa100 X:82 Y:14
21/07/2009 0:16:20 Transporto a xxxchelexxx hacia Mapa100 X:81 Y:14
21/07/2009 0:16:20 Transporto a xxxchelexxx hacia Mapa100 X:88 Y:15
21/07/2009 0:16:24 Transporto a xxxchelexxx hacia Mapa100 X:92 Y:20
21/07/2009 0:16:25 Transporto a xxxchelexxx hacia Mapa100 X:88 Y:20
21/07/2009 0:16:25 Transporto a xxxchelexxx hacia Mapa100 X:92 Y:25
21/07/2009 0:16:37 Transporto a xxxchelexxx hacia Mapa120 X:20 Y:20
21/07/2009 0:16:41 Transporto a xxxchelexxx hacia Mapa120 X:19 Y:25
21/07/2009 0:16:41 Transporto a xxxchelexxx hacia Mapa120 X:19 Y:25
21/07/2009 0:16:41 Transporto a xxxchelexxx hacia Mapa120 X:18 Y:30
21/07/2009 0:16:41 Transporto a xxxchelexxx hacia Mapa120 X:18 Y:29
21/07/2009 0:16:42 Transporto a xxxchelexxx hacia Mapa120 X:17 Y:34
21/07/2009 0:16:42 Transporto a xxxchelexxx hacia Mapa120 X:17 Y:33
21/07/2009 0:16:42 Transporto a xxxchelexxx hacia Mapa120 X:16 Y:39
21/07/2009 0:16:42 Transporto a xxxchelexxx hacia Mapa120 X:16 Y:38
21/07/2009 0:16:42 Transporto a xxxchelexxx hacia Mapa120 X:15 Y:44
21/07/2009 0:16:42 Transporto a xxxchelexxx hacia Mapa120 X:14 Y:43
21/07/2009 0:16:43 Transporto a xxxchelexxx hacia Mapa120 X:12 Y:48
21/07/2009 0:16:43 Transporto a xxxchelexxx hacia Mapa120 X:10 Y:53
21/07/2009 0:16:43 Transporto a xxxchelexxx hacia Mapa120 X:10 Y:54
21/07/2009 0:16:45 Transporto a xxxchelexxx hacia Mapa120 X:9 Y:59
21/07/2009 0:16:45 Transporto a xxxchelexxx hacia Mapa120 X:9 Y:59
21/07/2009 0:16:45 Transporto a xxxchelexxx hacia Mapa120 X:10 Y:63
21/07/2009 0:16:47 Transporto a xxxchelexxx hacia Mapa120 X:9 Y:68
21/07/2009 0:16:47 Transporto a xxxchelexxx hacia Mapa120 X:11 Y:68
21/07/2009 0:16:47 Transporto a xxxchelexxx hacia Mapa120 X:9 Y:74
21/07/2009 0:16:47 Transporto a xxxchelexxx hacia Mapa120 X:9 Y:73
21/07/2009 0:17:12 Transporto a xxxchelexxx hacia Mapa150 X:50 Y:50
21/07/2009 0:17:37 Transporto a xxxchelexxx hacia Mapa129 X:50 Y:50
21/07/2009 0:17:49 Transporto a xxxchelexxx hacia Mapa150 X:50 Y:50
21/07/2009 0:17:52 Transporto a xxxchelexxx hacia Mapa150 X:50 Y:55
21/07/2009 0:17:52 Transporto a xxxchelexxx hacia Mapa150 X:50 Y:55
21/07/2009 0:17:52 Transporto a xxxchelexxx hacia Mapa150 X:50 Y:61
21/07/2009 0:17:52 Transporto a xxxchelexxx hacia Mapa150 X:50 Y:67
21/07/2009 0:17:53 Transporto a xxxchelexxx hacia Mapa150 X:50 Y:73
21/07/2009 0:17:53 Transporto a xxxchelexxx hacia Mapa150 X:50 Y:73
21/07/2009 0:17:53 Transporto a xxxchelexxx hacia Mapa150 X:49 Y:79
21/07/2009 0:17:53 Transporto a xxxchelexxx hacia Mapa150 X:48 Y:85
21/07/2009 0:17:54 Transporto a xxxchelexxx hacia Mapa150 X:48 Y:85
21/07/2009 0:17:54 Transporto a xxxchelexxx hacia Mapa150 X:46 Y:90
21/07/2009 0:17:54 Transporto a xxxchelexxx hacia Mapa150 X:45 Y:89
21/07/2009 0:17:54 Transporto a xxxchelexxx hacia Mapa150 X:43 Y:94
21/07/2009 0:18:08 /IRA Matii Mapa:34 X:19 Y:64
21/07/2009 0:18:14 Transporto a xxxchelexxx hacia Mapa34 X:19 Y:68
21/07/2009 0:18:22 Transporto a xxxchelexxx hacia Mapa34 X:19 Y:64
21/07/2009 0:18:39 Transporto a xxxchelexxx hacia Mapa34 X:19 Y:70
21/07/2009 0:18:43 Transporto a xxxchelexxx hacia Mapa34 X:25 Y:71
21/07/2009 0:18:44 Transporto a xxxchelexxx hacia Mapa34 X:31 Y:72
21/07/2009 0:18:57 Transporto a xxxchelexxx hacia Mapa34 X:26 Y:71
21/07/2009 0:18:58 Transporto a xxxchelexxx hacia Mapa34 X:26 Y:71
21/07/2009 0:18:59 Transporto a xxxchelexxx hacia Mapa34 X:31 Y:67
21/07/2009 0:19:00 Transporto a xxxchelexxx hacia Mapa34 X:36 Y:63
21/07/2009 0:19:00 Transporto a xxxchelexxx hacia Mapa34 X:34 Y:63
21/07/2009 0:19:01 Transporto a xxxchelexxx hacia Mapa34 X:37 Y:59
21/07/2009 0:19:01 Transporto a xxxchelexxx hacia Mapa34 X:36 Y:58
21/07/2009 0:19:01 Transporto a xxxchelexxx hacia Mapa34 X:37 Y:53
21/07/2009 0:19:02 Transporto a xxxchelexxx hacia Mapa34 X:38 Y:48
21/07/2009 0:19:02 Transporto a xxxchelexxx hacia Mapa34 X:37 Y:49
21/07/2009 0:19:02 Transporto a xxxchelexxx hacia Mapa34 X:37 Y:44
21/07/2009 0:19:02 Transporto a xxxchelexxx hacia Mapa34 X:36 Y:45
21/07/2009 0:19:02 Transporto a xxxchelexxx hacia Mapa34 X:34 Y:46
21/07/2009 0:19:03 Transporto a xxxchelexxx hacia Mapa34 X:33 Y:42
21/07/2009 0:19:03 Transporto a xxxchelexxx hacia Mapa34 X:38 Y:44
21/07/2009 0:19:04 Transporto a xxxchelexxx hacia Mapa34 X:39 Y:41
21/07/2009 0:19:04 Transporto a xxxchelexxx hacia Mapa34 X:37 Y:41
21/07/2009 0:19:04 Transporto a xxxchelexxx hacia Mapa34 X:36 Y:41
21/07/2009 0:19:05 Transporto a xxxchelexxx hacia Mapa34 X:36 Y:38
21/07/2009 0:19:05 Transporto a xxxchelexxx hacia Mapa34 X:33 Y:38
21/07/2009 0:19:05 Transporto a xxxchelexxx hacia Mapa34 X:33 Y:38
21/07/2009 0:19:06 Transporto a xxxchelexxx hacia Mapa34 X:30 Y:35
21/07/2009 0:19:06 Transporto a xxxchelexxx hacia Mapa34 X:31 Y:35
21/07/2009 0:19:06 Transporto a xxxchelexxx hacia Mapa34 X:33 Y:35
21/07/2009 0:19:07 Transporto a xxxchelexxx hacia Mapa34 X:34 Y:34
21/07/2009 0:19:07 Transporto a xxxchelexxx hacia Mapa34 X:34 Y:34
21/07/2009 0:19:07 Transporto a xxxchelexxx hacia Mapa34 X:35 Y:34
21/07/2009 0:19:07 Transporto a xxxchelexxx hacia Mapa34 X:35 Y:31
21/07/2009 0:19:07 Transporto a xxxchelexxx hacia Mapa34 X:37 Y:29
21/07/2009 0:19:08 Transporto a xxxchelexxx hacia Mapa34 X:37 Y:29
21/07/2009 0:19:08 Transporto a xxxchelexxx hacia Mapa34 X:36 Y:26
21/07/2009 0:19:08 Transporto a xxxchelexxx hacia Mapa34 X:38 Y:24
21/07/2009 0:19:09 Transporto a xxxchelexxx hacia Mapa34 X:38 Y:25
21/07/2009 0:19:09 Transporto a xxxchelexxx hacia Mapa34 X:38 Y:22
21/07/2009 0:19:09 Transporto a xxxchelexxx hacia Mapa34 X:37 Y:21
21/07/2009 0:19:09 Transporto a xxxchelexxx hacia Mapa34 X:36 Y:21
21/07/2009 0:19:09 Transporto a xxxchelexxx hacia Mapa34 X:38 Y:19
21/07/2009 0:19:09 Transporto a xxxchelexxx hacia Mapa34 X:37 Y:16
21/07/2009 0:19:10 Transporto a xxxchelexxx hacia Mapa34 X:36 Y:16
21/07/2009 0:19:10 Transporto a xxxchelexxx hacia Mapa34 X:39 Y:15
21/07/2009 0:19:10 Transporto a xxxchelexxx hacia Mapa34 X:38 Y:12
21/07/2009 0:19:10 Transporto a xxxchelexxx hacia Mapa34 X:37 Y:12
21/07/2009 0:19:10 Transporto a xxxchelexxx hacia Mapa34 X:37 Y:8
21/07/2009 0:19:11 Transporto a xxxchelexxx hacia Mapa34 X:42 Y:11
21/07/2009 0:19:11 Transporto a xxxchelexxx hacia Mapa34 X:41 Y:12
21/07/2009 0:19:13 Transporto a xxxchelexxx hacia Mapa34 X:38 Y:16
21/07/2009 0:19:14 Transporto a xxxchelexxx hacia Mapa34 X:38 Y:16
21/07/2009 0:19:14 Transporto a xxxchelexxx hacia Mapa34 X:35 Y:20
21/07/2009 0:19:14 Transporto a xxxchelexxx hacia Mapa34 X:34 Y:21
21/07/2009 0:19:14 Transporto a xxxchelexxx hacia Mapa34 X:35 Y:21
21/07/2009 0:19:15 Transporto a xxxchelexxx hacia Mapa34 X:33 Y:25
21/07/2009 0:19:15 Transporto a xxxchelexxx hacia Mapa34 X:32 Y:26
21/07/2009 0:19:15 Transporto a xxxchelexxx hacia Mapa34 X:34 Y:26
21/07/2009 0:19:15 Transporto a xxxchelexxx hacia Mapa34 X:32 Y:31
21/07/2009 0:19:16 Transporto a xxxchelexxx hacia Mapa34 X:34 Y:31
21/07/2009 0:19:16 Transporto a xxxchelexxx hacia Mapa34 X:33 Y:36
21/07/2009 0:19:16 Transporto a xxxchelexxx hacia Mapa34 X:35 Y:36
21/07/2009 0:19:16 Transporto a xxxchelexxx hacia Mapa34 X:35 Y:41
21/07/2009 0:19:17 Transporto a xxxchelexxx hacia Mapa34 X:34 Y:40
21/07/2009 0:19:17 Transporto a xxxchelexxx hacia Mapa34 X:34 Y:45
21/07/2009 0:19:17 Transporto a xxxchelexxx hacia Mapa34 X:34 Y:45
21/07/2009 0:19:17 Transporto a xxxchelexxx hacia Mapa34 X:34 Y:45
21/07/2009 0:19:18 Transporto a xxxchelexxx hacia Mapa34 X:34 Y:50
21/07/2009 0:19:18 Transporto a xxxchelexxx hacia Mapa34 X:34 Y:50
21/07/2009 0:19:18 Transporto a xxxchelexxx hacia Mapa34 X:33 Y:54
21/07/2009 0:19:18 Transporto a xxxchelexxx hacia Mapa34 X:32 Y:54
21/07/2009 0:19:19 Transporto a xxxchelexxx hacia Mapa34 X:31 Y:58
21/07/2009 0:19:19 Transporto a xxxchelexxx hacia Mapa34 X:31 Y:58
21/07/2009 0:19:19 Transporto a xxxchelexxx hacia Mapa34 X:31 Y:58
21/07/2009 0:19:19 Transporto a xxxchelexxx hacia Mapa34 X:31 Y:62
21/07/2009 0:19:19 Transporto a xxxchelexxx hacia Mapa34 X:31 Y:62
21/07/2009 0:19:20 Transporto a xxxchelexxx hacia Mapa34 X:32 Y:66
21/07/2009 0:19:20 Transporto a xxxchelexxx hacia Mapa34 X:31 Y:66
21/07/2009 0:19:20 Transporto a xxxchelexxx hacia Mapa34 X:32 Y:70
21/07/2009 0:19:20 Transporto a xxxchelexxx hacia Mapa34 X:32 Y:70
21/07/2009 0:19:21 Transporto a xxxchelexxx hacia Mapa34 X:31 Y:70
21/07/2009 0:19:21 Transporto a xxxchelexxx hacia Mapa34 X:31 Y:74
21/07/2009 0:19:30 Agarro:1 Objeto:Envenenar
21/07/2009 0:19:37 Tiro cantidad:1 Objeto:Envenenar
21/07/2009 0:20:20 /IRA MatII Mapa:32 X:49 Y:25
21/07/2009 0:20:57 Transporto a xxxchelexxx hacia Mapa32 X:48 Y:17
21/07/2009 0:20:58 Transporto a xxxchelexxx hacia Mapa32 X:47 Y:12
21/07/2009 0:20:58 Transporto a xxxchelexxx hacia Mapa32 X:46 Y:7
21/07/2009 0:20:58 Transporto a xxxchelexxx hacia Mapa32 X:46 Y:8
21/07/2009 0:20:58 Transporto a xxxchelexxx hacia Mapa4 X:44 Y:88
21/07/2009 0:20:59 Transporto a xxxchelexxx hacia Mapa4 X:44 Y:84
21/07/2009 0:20:59 Transporto a xxxchelexxx hacia Mapa4 X:45 Y:90
21/07/2009 0:21:47 /MOD XXXCHELEXXX LEVEL 12
21/07/2009 0:21:51 Transporto a xxxchelexxx hacia Mapa32 X:44 Y:20
21/07/2009 0:21:51 Transporto a xxxchelexxx hacia Mapa32 X:45 Y:20
21/07/2009 0:21:52 Transporto a xxxchelexxx hacia Mapa32 X:46 Y:24
21/07/2009 0:21:52 Transporto a xxxchelexxx hacia Mapa32 X:47 Y:28
21/07/2009 0:21:52 Transporto a xxxchelexxx hacia Mapa32 X:47 Y:32
21/07/2009 0:21:53 Transporto a xxxchelexxx hacia Mapa32 X:43 Y:35
21/07/2009 0:21:53 Transporto a xxxchelexxx hacia Mapa32 X:43 Y:34
21/07/2009 0:21:54 Transporto a xxxchelexxx hacia Mapa32 X:39 Y:36
21/07/2009 0:21:54 Transporto a xxxchelexxx hacia Mapa32 X:39 Y:34
21/07/2009 0:21:54 Transporto a xxxchelexxx hacia Mapa32 X:35 Y:36
21/07/2009 0:21:54 Transporto a xxxchelexxx hacia Mapa32 X:35 Y:34
21/07/2009 0:21:54 Transporto a xxxchelexxx hacia Mapa32 X:31 Y:36
21/07/2009 0:21:54 Transporto a xxxchelexxx hacia Mapa32 X:32 Y:33
21/07/2009 0:21:55 Transporto a xxxchelexxx hacia Mapa32 X:28 Y:34
21/07/2009 0:21:55 Transporto a xxxchelexxx hacia Mapa32 X:29 Y:31
21/07/2009 0:21:55 Transporto a xxxchelexxx hacia Mapa32 X:25 Y:32
21/07/2009 0:22:14 Transporto a xxxchelexxx hacia Mapa32 X:55 Y:10
21/07/2009 0:22:14 Transporto a xxxchelexxx hacia Mapa32 X:59 Y:9
21/07/2009 0:22:15 Transporto a xxxchelexxx hacia Mapa32 X:63 Y:7
21/07/2009 0:22:16 Transporto a xxxchelexxx hacia Mapa4 X:62 Y:90
21/07/2009 0:22:44 Transporto a xxxchelexxx hacia Mapa32 X:64 Y:24
21/07/2009 0:22:44 Transporto a xxxchelexxx hacia Mapa32 X:65 Y:24
21/07/2009 0:22:44 Transporto a xxxchelexxx hacia Mapa32 X:65 Y:29
21/07/2009 0:22:45 Transporto a xxxchelexxx hacia Mapa32 X:65 Y:34
21/07/2009 0:22:45 Transporto a xxxchelexxx hacia Mapa32 X:66 Y:34
21/07/2009 0:22:45 Transporto a xxxchelexxx hacia Mapa32 X:66 Y:38
21/07/2009 0:22:45 Transporto a xxxchelexxx hacia Mapa32 X:68 Y:38
21/07/2009 0:22:46 Transporto a xxxchelexxx hacia Mapa32 X:69 Y:42
21/07/2009 0:22:46 Transporto a xxxchelexxx hacia Mapa32 X:69 Y:46
21/07/2009 0:22:46 Transporto a xxxchelexxx hacia Mapa32 X:69 Y:46
21/07/2009 0:22:47 Transporto a xxxchelexxx hacia Mapa32 X:68 Y:50
21/07/2009 0:22:47 Transporto a xxxchelexxx hacia Mapa32 X:66 Y:54
21/07/2009 0:22:47 Transporto a xxxchelexxx hacia Mapa32 X:65 Y:59
21/07/2009 0:22:48 Transporto a xxxchelexxx hacia Mapa32 X:64 Y:63
21/07/2009 0:22:48 Transporto a xxxchelexxx hacia Mapa32 X:64 Y:62
