06/03/2007 12:59:08 Se conecto con ip:201.231.148.32
06/03/2007 12:59:58 /SUM metroyd Map:207 X:65 Y:82
06/03/2007 13:00:28 Tiro cantidad:1 Objeto:Armadura de Dragón Blanco (Enano/Enana)
06/03/2007 13:00:30 Agarro:1 Objeto:Armadura de Dragón Blanco (Enano/Enana)
06/03/2007 13:00:46 /SUM neor Map:207 X:66 Y:84
06/03/2007 13:01:28 Transporto a yoe hacia Mapa207 X:72 Y:85
06/03/2007 13:01:29 Transporto a yoe hacia Mapa207 X:72 Y:89
06/03/2007 13:01:31 Transporto a yoe hacia Mapa207 X:73 Y:94
06/03/2007 13:02:11 /IRA POwa Mapa:20 X:78 Y:33
06/03/2007 13:02:34 Transporto a yoe hacia Mapa20 X:81 Y:41
06/03/2007 13:02:49 Transporto a yoe hacia Mapa20 X:76 Y:42
06/03/2007 13:02:51 Transporto a yoe hacia Mapa20 X:77 Y:46
06/03/2007 13:02:54 Transporto a yoe hacia Mapa20 X:75 Y:41
06/03/2007 13:02:54 Transporto a yoe hacia Mapa20 X:74 Y:36
06/03/2007 13:04:28 /IRA freez Mapa:34 X:33 Y:72
06/03/2007 13:05:10 /IRA Smud Mapa:207 X:72 Y:92
06/03/2007 13:07:39 /IRA MesiaS Mapa:34 X:27 Y:77
06/03/2007 13:07:46 /IRA Smud Mapa:207 X:75 Y:92
06/03/2007 13:07:53 Tiro cantidad:1 Objeto:Armadura de Dragón Blanco (Enano/Enana)
06/03/2007 13:07:57 Tiro cantidad:100 Objeto:Gorro mágico (Resistencia mágica +25)
06/03/2007 13:07:58 Agarro:100 Objeto:Gorro mágico (Resistencia mágica +25)
06/03/2007 13:20:17 Se conecto con ip:201.231.148.32
06/03/2007 13:20:36 /IRA freez Mapa:207 X:35 Y:40
06/03/2007 13:23:53 Agarro:1 Objeto:Pendiente del sacrificio
06/03/2007 13:24:02 Tiro cantidad:1 Objeto:Pendiente del sacrificio
06/03/2007 13:29:48 Se conecto con ip:201.231.148.32
06/03/2007 13:30:34 Echó al personaje: 
06/03/2007 13:33:27 Transporto a yoe hacia Mapa207 X:37 Y:47
06/03/2007 13:33:38 /IRA MesiaS Mapa:1 X:57 Y:46
06/03/2007 13:33:48 /IRA Smud Mapa:207 X:33 Y:43
06/03/2007 13:33:53 /SUM MesiaS Map:207 X:33 Y:44
06/03/2007 13:34:39 Transporto a yoe hacia Mapa207 X:38 Y:45
06/03/2007 13:34:40 Transporto a yoe hacia Mapa207 X:45 Y:40
06/03/2007 13:34:41 Transporto a yoe hacia Mapa207 X:52 Y:38
06/03/2007 13:34:53 Transporto a yoe hacia Mapa207 X:60 Y:38
06/03/2007 13:34:53 Transporto a yoe hacia Mapa207 X:67 Y:37
06/03/2007 13:34:54 Transporto a yoe hacia Mapa207 X:67 Y:37
06/03/2007 13:34:57 Transporto a yoe hacia Mapa207 X:61 Y:40
06/03/2007 13:34:58 Transporto a yoe hacia Mapa207 X:53 Y:43
06/03/2007 13:34:58 Transporto a yoe hacia Mapa207 X:45 Y:43
06/03/2007 13:34:59 Transporto a yoe hacia Mapa207 X:38 Y:40
06/03/2007 13:35:00 Transporto a yoe hacia Mapa207 X:30 Y:41
06/03/2007 13:35:01 Transporto a yoe hacia Mapa207 X:32 Y:46
06/03/2007 13:35:19 /IRA IKKI Mapa:37 X:72 Y:85
06/03/2007 13:36:49 /IRA MesiaS Mapa:207 X:31 Y:39
06/03/2007 13:36:55 /SUM IKKI Map:207 X:31 Y:40
06/03/2007 13:37:28 /SUM MesiaS Map:207 X:35 Y:52
06/03/2007 13:38:35 Agarro:9103 Objeto:Poción Azul
06/03/2007 13:38:38 Agarro:1 Objeto:Armadura de Dragón Azul (Enano/Enana)
06/03/2007 13:38:39 Agarro:7236 Objeto:Poción Roja
06/03/2007 13:39:41 Transporto a yoe hacia Mapa34 X:50 Y:50
06/03/2007 13:40:13 /IRA ABULIN Mapa:37 X:59 Y:86
06/03/2007 13:40:18 Transporto a yoe hacia Mapa37 X:54 Y:84
06/03/2007 13:40:44 Tiro cantidad:1 Objeto:Pendiente del sacrificio
06/03/2007 13:41:18 /IRA neor Mapa:207 X:63 Y:74
06/03/2007 13:41:31 Transporto a yoe hacia Mapa34 X:50 Y:50
06/03/2007 13:41:37 /SUM neor Map:34 X:50 Y:50
06/03/2007 13:42:13 Transporto a yoe hacia Mapa34 X:21 Y:76
06/03/2007 13:42:15 Transporto a yoe hacia Mapa34 X:16 Y:78
06/03/2007 13:42:16 Transporto a yoe hacia Mapa34 X:9 Y:78
06/03/2007 13:42:20 Transporto a yoe hacia Mapa78 X:92 Y:72
06/03/2007 13:42:29 /IRA neor Mapa:34 X:55 Y:51
06/03/2007 13:42:41 /IRA neor Mapa:34 X:60 Y:37
06/03/2007 13:43:04 /SUM neor Map:34 X:51 Y:39
06/03/2007 13:43:14 /SUM neor Map:34 X:40 Y:40
06/03/2007 13:43:34 Agarro:9999 Objeto:Pendiente del sacrificio
06/03/2007 13:43:46 Agarro:198 Objeto:Pendiente del sacrificio
06/03/2007 13:44:40 /IRA palad Mapa:63 X:57 Y:43
06/03/2007 13:44:45 /SUM freez Map:63 X:57 Y:44
06/03/2007 13:45:10 /IRA MesiaS Mapa:34 X:30 Y:72
06/03/2007 13:45:25 /IRA MesiaS Mapa:34 X:26 Y:72
